#
# There is insufficient memory for the Java Runtime Environment to continue.
# Native memory allocation (malloc) failed to allocate 32744 bytes for ChunkPool::allocate
# Possible reasons:
#   The system is out of physical RAM or swap space
#   The process is running with CompressedOops enabled, and the Java Heap may be blocking the growth of the native heap
# Possible solutions:
#   Reduce memory load on the system
#   Increase physical memory or swap space
#   Check if swap backing store is full
#   Decrease Java heap size (-Xmx/-Xms)
#   Decrease number of Java threads
#   Decrease Java thread stack sizes (-Xss)
#   Set larger code cache with -XX:ReservedCodeCacheSize=
#   JVM is running with Zero Based Compressed Oops mode in which the Java heap is
#     placed in the first 32GB address space. The Java Heap base address is the
#     maximum limit for the native heap growth. Please use -XX:HeapBaseMinAddress
#     to set the Java Heap base and to place the Java Heap above 32GB virtual address.
# This output file may be truncated or incomplete.
#
#  Out of Memory Error (./open/src/hotspot/share/memory/arena.cpp:79), pid=18560, tid=18480
#
# JRE version: Java(TM) SE Runtime Environment (14.0.2+12) (build 14.0.2+12-46)
# Java VM: Java HotSpot(TM) 64-Bit Server VM (14.0.2+12-46, mixed mode, sharing, tiered, compressed oops, g1 gc, windows-amd64)
# No core dump will be written. Minidumps are not enabled by default on client versions of Windows
#

---------------  S U M M A R Y ------------

Command Line: -Dfile.encoding=UTF-8 C:\Users\vvaidya\AppData\Local\Temp\surefire9517129831705016641\surefirebooter8264984595994073150.jar C:\Users\vvaidya\AppData\Local\Temp\surefire9517129831705016641 2022-09-27T19-46-57_350-jvmRun1 surefire2752812917409066246tmp surefire_013309090169907848292tmp

Host: Intel(R) Xeon(R) Silver 4116 CPU @ 2.10GHz, 4 cores, 15G,  Windows 10 , 64 bit Build 19041 (10.0.19041.1889)
Time: Tue Sep 27 19:48:35 2022 Mountain Daylight Time elapsed time: 97 seconds (0d 0h 1m 37s)

---------------  T H R E A D  ---------------

Current thread (0x0000029168bd9800):  JavaThread "C2 CompilerThread0" daemon [_thread_in_native, id=18480, stack(0x0000009d24600000,0x0000009d24700000)]


Current CompileTask:
C2:  97013 6163 %     4       sun.nio.cs.UTF_8$Encoder::encodeArrayLoop @ 73 (489 bytes)

Stack: [0x0000009d24600000,0x0000009d24700000]
Native frames: (J=compiled Java code, j=interpreted, Vv=VM code, C=native code)
V  [jvm.dll+0x5f8a9a]
V  [jvm.dll+0x74247a]
V  [jvm.dll+0x743c2f]
V  [jvm.dll+0x744273]
V  [jvm.dll+0x20d288]
V  [jvm.dll+0xabea6]
V  [jvm.dll+0xac1fc]
V  [jvm.dll+0xfee85]
V  [jvm.dll+0x1ee1a7]
V  [jvm.dll+0x1e7cfb]
V  [jvm.dll+0x1e4f98]
V  [jvm.dll+0x1779cc]
V  [jvm.dll+0x1f4105]
V  [jvm.dll+0x1f22eb]
V  [jvm.dll+0x7070cd]
V  [jvm.dll+0x6ffeda]
V  [jvm.dll+0x5f78f6]
C  [ucrtbase.dll+0x21bb2]
C  [kernel32.dll+0x17034]
C  [ntdll.dll+0x52651]


---------------  P R O C E S S  ---------------

Threads class SMR info:
_java_thread_list=0x000002916b3958b0, length=28, elements={
0x0000029144e55000, 0x000002916832e000, 0x0000029168bb7800, 0x0000029168bcf000,
0x0000029168bd2800, 0x0000029168bd4800, 0x0000029168bd9800, 0x0000029168bda800,
0x0000029168bf0800, 0x0000029168d44800, 0x0000029168d45800, 0x0000029168d4b000,
0x0000029168d46000, 0x0000029168d47000, 0x0000029168d48000, 0x0000029168d48800,
0x0000029168d49800, 0x0000029168d4a800, 0x000002916a658000, 0x000002916a654800,
0x000002916a656800, 0x000002916a657000, 0x000002916a655800, 0x000002916a658800,
0x000002916a653000, 0x000002916a654000, 0x000002916bf8a800, 0x0000029168c79800
}

Java Threads: ( => current thread )
  0x0000029144e55000 JavaThread "main" [_thread_blocked, id=5884, stack(0x0000009d23a00000,0x0000009d23b00000)]
  0x000002916832e000 JavaThread "Reference Handler" daemon [_thread_blocked, id=1624, stack(0x0000009d24100000,0x0000009d24200000)]
  0x0000029168bb7800 JavaThread "Finalizer" daemon [_thread_blocked, id=4600, stack(0x0000009d24200000,0x0000009d24300000)]
  0x0000029168bcf000 JavaThread "Signal Dispatcher" daemon [_thread_blocked, id=24676, stack(0x0000009d24300000,0x0000009d24400000)]
  0x0000029168bd2800 JavaThread "Attach Listener" daemon [_thread_blocked, id=18060, stack(0x0000009d24400000,0x0000009d24500000)]
  0x0000029168bd4800 JavaThread "Service Thread" daemon [_thread_blocked, id=7896, stack(0x0000009d24500000,0x0000009d24600000)]
=>0x0000029168bd9800 JavaThread "C2 CompilerThread0" daemon [_thread_in_native, id=18480, stack(0x0000009d24600000,0x0000009d24700000)]
  0x0000029168bda800 JavaThread "C1 CompilerThread0" daemon [_thread_in_vm, id=25240, stack(0x0000009d24700000,0x0000009d24800000)]
  0x0000029168bf0800 JavaThread "Sweeper thread" daemon [_thread_blocked, id=13888, stack(0x0000009d24800000,0x0000009d24900000)]
  0x0000029168d44800 JavaThread "Notification Thread" daemon [_thread_blocked, id=24788, stack(0x0000009d24900000,0x0000009d24a00000)]
  0x0000029168d45800 JavaThread "Common-Cleaner" daemon [_thread_blocked, id=13640, stack(0x0000009d24b00000,0x0000009d24c00000)]
  0x0000029168d4b000 JavaThread "surefire-forkedjvm-command-thread" daemon [_thread_in_native, id=12252, stack(0x0000009d25000000,0x0000009d25100000)]
  0x0000029168d46000 JavaThread "surefire-forkedjvm-ping-30s" daemon [_thread_blocked, id=4084, stack(0x0000009d25100000,0x0000009d25200000)]
  0x0000029168d47000 JavaThread "AsyncAppender-Worker-ASYNC_CONSOLE" daemon [_thread_blocked, id=19152, stack(0x0000009d25300000,0x0000009d25400000)]
  0x0000029168d48000 JavaThread "pool-1-thread-1" daemon [_thread_in_Java, id=20960, stack(0x0000009d25400000,0x0000009d25500000)]
  0x0000029168d48800 JavaThread "Exec Default Executor" daemon [_thread_in_native, id=25216, stack(0x0000009d24f00000,0x0000009d25000000)]
  0x0000029168d49800 JavaThread "UrlChecker-2" daemon [_thread_blocked, id=8340, stack(0x0000009d25500000,0x0000009d25600000)]
  0x0000029168d4a800 JavaThread "Exec Stream Pumper" daemon [_thread_in_native, id=7348, stack(0x0000009d25700000,0x0000009d25800000)]
  0x000002916a658000 JavaThread "Exec Stream Pumper" daemon [_thread_in_native, id=1680, stack(0x0000009d25800000,0x0000009d25900000)]
  0x000002916a654800 JavaThread "ForkJoinPool.commonPool-worker-3" daemon [_thread_blocked, id=14364, stack(0x0000009d25b00000,0x0000009d25c00000)]
  0x000002916a656800 JavaThread "ForkJoinPool.commonPool-worker-7" daemon [_thread_blocked, id=21860, stack(0x0000009d25d00000,0x0000009d25e00000)]
  0x000002916a657000 JavaThread "OkHttp ConnectionPool" daemon [_thread_blocked, id=13368, stack(0x0000009d25e00000,0x0000009d25f00000)]
  0x000002916a655800 JavaThread "Okio Watchdog" daemon [_thread_blocked, id=9952, stack(0x0000009d25f00000,0x0000009d26000000)]
  0x000002916a658800 JavaThread "Exec Default Executor" daemon [_thread_in_native, id=21520, stack(0x0000009d26100000,0x0000009d26200000)]
  0x000002916a653000 JavaThread "Exec Stream Pumper" daemon [_thread_in_native, id=19168, stack(0x0000009d26200000,0x0000009d26300000)]
  0x000002916a654000 JavaThread "Exec Stream Pumper" daemon [_thread_in_native, id=19500, stack(0x0000009d26300000,0x0000009d26400000)]
  0x000002916bf8a800 JavaThread "ForkJoinPool.commonPool-worker-1" daemon [_thread_blocked, id=13016, stack(0x0000009d26000000,0x0000009d26100000)]
  0x0000029168c79800 JavaThread "C2 CompilerThread1" daemon [_thread_in_native, id=21232, stack(0x0000009d25c00000,0x0000009d25d00000)]

Other Threads:
  0x0000029168bb6000 VMThread "VM Thread" [stack: 0x0000009d24000000,0x0000009d24100000] [id=21516]
  0x0000029168d4c800 WatcherThread [stack: 0x0000009d24a00000,0x0000009d24b00000] [id=16308]
  0x0000029144eba800 GCTaskThread "GC Thread#0" [stack: 0x0000009d23b00000,0x0000009d23c00000] [id=7644]
  0x0000029168d65800 GCTaskThread "GC Thread#1" [stack: 0x0000009d24c00000,0x0000009d24d00000] [id=19796]
  0x0000029168d6a800 GCTaskThread "GC Thread#2" [stack: 0x0000009d24d00000,0x0000009d24e00000] [id=11728]
  0x0000029168d6c800 GCTaskThread "GC Thread#3" [stack: 0x0000009d24e00000,0x0000009d24f00000] [id=16372]
  0x0000029144edd800 ConcurrentGCThread "G1 Main Marker" [stack: 0x0000009d23c00000,0x0000009d23d00000] [id=1620]
  0x0000029144edf800 ConcurrentGCThread "G1 Conc#0" [stack: 0x0000009d23d00000,0x0000009d23e00000] [id=17812]
  0x000002916821f000 ConcurrentGCThread "G1 Refine#0" [stack: 0x0000009d23e00000,0x0000009d23f00000] [id=15252]
  0x000002916a6e8000 ConcurrentGCThread "G1 Refine#1" [stack: 0x0000009d25200000,0x0000009d25300000] [id=14692]
  0x0000029168220000 ConcurrentGCThread "G1 Young RemSet Sampling" [stack: 0x0000009d23f00000,0x0000009d24000000] [id=26168]

Threads with active compile tasks:
C2 CompilerThread0    97060 6163 %     4       sun.nio.cs.UTF_8$Encoder::encodeArrayLoop @ 73 (489 bytes)
C1 CompilerThread0    97060 6180       3       io.cucumber.core.runner.CoreStepDefinition::getLocation (10 bytes)
C2 CompilerThread1    97060 6164       4       io.cucumber.messages.internal.com.google.gson.stream.JsonWriter::string (169 bytes)

VM state:not at safepoint (normal execution)

VM Mutex/Monitor currently owned by a thread: None

Heap address: 0x0000000700000000, size: 4096 MB, Compressed Oops mode: Zero based, Oop shift amount: 3
Narrow klass base: 0x0000000800000000, Narrow klass shift: 3
Compressed class space size: 1073741824 Address: 0x0000000800b30000

Heap:
 garbage-first heap   total 167936K, used 99093K [0x0000000700000000, 0x0000000800000000)
  region size 1024K, 60 young (61440K), 7 survivors (7168K)
 Metaspace       used 34988K, capacity 36188K, committed 36428K, reserved 1081344K
  class space    used 4037K, capacity 4495K, committed 4608K, reserved 1048576K
Heap Regions: E=young(eden), S=young(survivor), O=old, HS=humongous(starts), HC=humongous(continues), CS=collection set, F=free, OA=open archive, CA=closed archive, TAMS=top-at-mark-start (previous, next)
|   0|0x0000000700000000, 0x0000000700100000, 0x0000000700100000|100%|HS|  |TAMS 0x0000000700100000, 0x0000000700000000| Complete 
|   1|0x0000000700100000, 0x0000000700200000, 0x0000000700200000|100%| O|  |TAMS 0x0000000700200000, 0x0000000700100000| Untracked 
|   2|0x0000000700200000, 0x0000000700300000, 0x0000000700300000|100%| O|  |TAMS 0x0000000700300000, 0x0000000700200000| Untracked 
|   3|0x0000000700300000, 0x0000000700400000, 0x0000000700400000|100%| O|  |TAMS 0x0000000700400000, 0x0000000700300000| Untracked 
|   4|0x0000000700400000, 0x0000000700500000, 0x0000000700500000|100%|HS|  |TAMS 0x0000000700500000, 0x0000000700400000| Complete 
|   5|0x0000000700500000, 0x0000000700600000, 0x0000000700600000|100%|HC|  |TAMS 0x0000000700600000, 0x0000000700500000| Complete 
|   6|0x0000000700600000, 0x0000000700700000, 0x0000000700700000|100%|HS|  |TAMS 0x0000000700700000, 0x0000000700600000| Complete 
|   7|0x0000000700700000, 0x0000000700800000, 0x0000000700800000|100%|HS|  |TAMS 0x0000000700800000, 0x0000000700700000| Complete 
|   8|0x0000000700800000, 0x0000000700900000, 0x0000000700900000|100%| O|  |TAMS 0x0000000700900000, 0x0000000700800000| Untracked 
|   9|0x0000000700900000, 0x0000000700a00000, 0x0000000700a00000|100%| O|  |TAMS 0x0000000700a00000, 0x0000000700900000| Untracked 
|  10|0x0000000700a00000, 0x0000000700b00000, 0x0000000700b00000|100%| O|  |TAMS 0x0000000700b00000, 0x0000000700a00000| Untracked 
|  11|0x0000000700b00000, 0x0000000700c00000, 0x0000000700c00000|100%| O|  |TAMS 0x0000000700c00000, 0x0000000700b00000| Untracked 
|  12|0x0000000700c00000, 0x0000000700d00000, 0x0000000700d00000|100%| O|  |TAMS 0x0000000700d00000, 0x0000000700c00000| Untracked 
|  13|0x0000000700d00000, 0x0000000700e00000, 0x0000000700e00000|100%| O|  |TAMS 0x0000000700e00000, 0x0000000700d00000| Untracked 
|  14|0x0000000700e00000, 0x0000000700f00000, 0x0000000700f00000|100%| O|  |TAMS 0x0000000700f00000, 0x0000000700e00000| Untracked 
|  15|0x0000000700f00000, 0x0000000701000000, 0x0000000701000000|100%| O|  |TAMS 0x0000000701000000, 0x0000000700f00000| Untracked 
|  16|0x0000000701000000, 0x0000000701100000, 0x0000000701100000|100%| O|  |TAMS 0x0000000701100000, 0x0000000701000000| Untracked 
|  17|0x0000000701100000, 0x0000000701200000, 0x0000000701200000|100%| O|  |TAMS 0x0000000701200000, 0x0000000701100000| Untracked 
|  18|0x0000000701200000, 0x0000000701300000, 0x0000000701300000|100%| O|  |TAMS 0x0000000701300000, 0x0000000701200000| Untracked 
|  19|0x0000000701300000, 0x0000000701400000, 0x0000000701400000|100%| O|  |TAMS 0x0000000701400000, 0x0000000701300000| Untracked 
|  20|0x0000000701400000, 0x0000000701500000, 0x0000000701500000|100%| O|  |TAMS 0x0000000701500000, 0x0000000701400000| Untracked 
|  21|0x0000000701500000, 0x0000000701600000, 0x0000000701600000|100%| O|  |TAMS 0x0000000701600000, 0x0000000701500000| Untracked 
|  22|0x0000000701600000, 0x0000000701700000, 0x0000000701700000|100%| O|  |TAMS 0x0000000701700000, 0x0000000701600000| Untracked 
|  23|0x0000000701700000, 0x0000000701800000, 0x0000000701800000|100%| O|  |TAMS 0x0000000701800000, 0x0000000701700000| Untracked 
|  24|0x0000000701800000, 0x0000000701900000, 0x0000000701900000|100%| O|  |TAMS 0x0000000701900000, 0x0000000701800000| Untracked 
|  25|0x0000000701900000, 0x0000000701a00000, 0x0000000701a00000|100%| O|  |TAMS 0x0000000701a00000, 0x0000000701900000| Untracked 
|  26|0x0000000701a00000, 0x0000000701b00000, 0x0000000701b00000|100%| O|  |TAMS 0x0000000701b00000, 0x0000000701a00000| Untracked 
|  27|0x0000000701b00000, 0x0000000701c00000, 0x0000000701c00000|100%| O|  |TAMS 0x0000000701c00000, 0x0000000701b00000| Untracked 
|  28|0x0000000701c00000, 0x0000000701d00000, 0x0000000701d00000|100%| O|  |TAMS 0x0000000701d00000, 0x0000000701c00000| Untracked 
|  29|0x0000000701d00000, 0x0000000701e00000, 0x0000000701e00000|100%| O|  |TAMS 0x0000000701e00000, 0x0000000701d00000| Untracked 
|  30|0x0000000701e00000, 0x0000000701f00000, 0x0000000701f00000|100%| O|  |TAMS 0x0000000701f00000, 0x0000000701e00000| Untracked 
|  31|0x0000000701f00000, 0x0000000702000000, 0x0000000702000000|100%| O|  |TAMS 0x0000000702000000, 0x0000000701f00000| Untracked 
|  32|0x0000000702000000, 0x0000000702100000, 0x0000000702100000|100%| O|  |TAMS 0x0000000702100000, 0x0000000702000000| Untracked 
|  33|0x0000000702100000, 0x0000000702200000, 0x0000000702200000|100%| O|  |TAMS 0x0000000702200000, 0x0000000702100000| Untracked 
|  34|0x0000000702200000, 0x0000000702300000, 0x0000000702300000|100%| O|  |TAMS 0x0000000702300000, 0x0000000702200000| Untracked 
|  35|0x0000000702300000, 0x0000000702400000, 0x0000000702400000|100%| O|  |TAMS 0x0000000702400000, 0x0000000702300000| Untracked 
|  36|0x0000000702400000, 0x0000000702500000, 0x0000000702500000|100%| O|  |TAMS 0x0000000702500000, 0x0000000702400000| Untracked 
|  37|0x0000000702500000, 0x00000007025c5400, 0x0000000702600000| 77%| O|  |TAMS 0x00000007025c5400, 0x0000000702500000| Untracked 
|  38|0x0000000702600000, 0x0000000702600000, 0x0000000702700000|  0%| F|  |TAMS 0x0000000702600000, 0x0000000702600000| Untracked 
|  39|0x0000000702700000, 0x0000000702700000, 0x0000000702800000|  0%| F|  |TAMS 0x0000000702700000, 0x0000000702700000| Untracked 
|  40|0x0000000702800000, 0x0000000702800000, 0x0000000702900000|  0%| F|  |TAMS 0x0000000702800000, 0x0000000702800000| Untracked 
|  41|0x0000000702900000, 0x0000000702900000, 0x0000000702a00000|  0%| F|  |TAMS 0x0000000702900000, 0x0000000702900000| Untracked 
|  42|0x0000000702a00000, 0x0000000702a00000, 0x0000000702b00000|  0%| F|  |TAMS 0x0000000702a00000, 0x0000000702a00000| Untracked 
|  43|0x0000000702b00000, 0x0000000702b00000, 0x0000000702c00000|  0%| F|  |TAMS 0x0000000702b00000, 0x0000000702b00000| Untracked 
|  44|0x0000000702c00000, 0x0000000702c00000, 0x0000000702d00000|  0%| F|  |TAMS 0x0000000702c00000, 0x0000000702c00000| Untracked 
|  45|0x0000000702d00000, 0x0000000702d00000, 0x0000000702e00000|  0%| F|  |TAMS 0x0000000702d00000, 0x0000000702d00000| Untracked 
|  46|0x0000000702e00000, 0x0000000702e00000, 0x0000000702f00000|  0%| F|  |TAMS 0x0000000702e00000, 0x0000000702e00000| Untracked 
|  47|0x0000000702f00000, 0x0000000702f00000, 0x0000000703000000|  0%| F|  |TAMS 0x0000000702f00000, 0x0000000702f00000| Untracked 
|  48|0x0000000703000000, 0x0000000703000000, 0x0000000703100000|  0%| F|  |TAMS 0x0000000703000000, 0x0000000703000000| Untracked 
|  49|0x0000000703100000, 0x0000000703100000, 0x0000000703200000|  0%| F|  |TAMS 0x0000000703100000, 0x0000000703100000| Untracked 
|  50|0x0000000703200000, 0x0000000703200000, 0x0000000703300000|  0%| F|  |TAMS 0x0000000703200000, 0x0000000703200000| Untracked 
|  51|0x0000000703300000, 0x0000000703300000, 0x0000000703400000|  0%| F|  |TAMS 0x0000000703300000, 0x0000000703300000| Untracked 
|  52|0x0000000703400000, 0x0000000703400000, 0x0000000703500000|  0%| F|  |TAMS 0x0000000703400000, 0x0000000703400000| Untracked 
|  53|0x0000000703500000, 0x0000000703500000, 0x0000000703600000|  0%| F|  |TAMS 0x0000000703500000, 0x0000000703500000| Untracked 
|  54|0x0000000703600000, 0x0000000703600000, 0x0000000703700000|  0%| F|  |TAMS 0x0000000703600000, 0x0000000703600000| Untracked 
|  55|0x0000000703700000, 0x0000000703700000, 0x0000000703800000|  0%| F|  |TAMS 0x0000000703700000, 0x0000000703700000| Untracked 
|  56|0x0000000703800000, 0x0000000703800000, 0x0000000703900000|  0%| F|  |TAMS 0x0000000703800000, 0x0000000703800000| Untracked 
|  57|0x0000000703900000, 0x0000000703900000, 0x0000000703a00000|  0%| F|  |TAMS 0x0000000703900000, 0x0000000703900000| Untracked 
|  58|0x0000000703a00000, 0x0000000703a00000, 0x0000000703b00000|  0%| F|  |TAMS 0x0000000703a00000, 0x0000000703a00000| Untracked 
|  59|0x0000000703b00000, 0x0000000703c00000, 0x0000000703c00000|100%| S|CS|TAMS 0x0000000703b00000, 0x0000000703b00000| Complete 
|  60|0x0000000703c00000, 0x0000000703d00000, 0x0000000703d00000|100%| S|CS|TAMS 0x0000000703c00000, 0x0000000703c00000| Complete 
|  61|0x0000000703d00000, 0x0000000703e00000, 0x0000000703e00000|100%| S|CS|TAMS 0x0000000703d00000, 0x0000000703d00000| Complete 
|  62|0x0000000703e00000, 0x0000000703f00000, 0x0000000703f00000|100%| S|CS|TAMS 0x0000000703e00000, 0x0000000703e00000| Complete 
|  63|0x0000000703f00000, 0x0000000704000000, 0x0000000704000000|100%| S|CS|TAMS 0x0000000703f00000, 0x0000000703f00000| Complete 
|  64|0x0000000704000000, 0x0000000704100000, 0x0000000704100000|100%| S|CS|TAMS 0x0000000704000000, 0x0000000704000000| Complete 
|  65|0x0000000704100000, 0x0000000704200000, 0x0000000704200000|100%| S|CS|TAMS 0x0000000704100000, 0x0000000704100000| Complete 
|  66|0x0000000704200000, 0x0000000704200000, 0x0000000704300000|  0%| F|  |TAMS 0x0000000704200000, 0x0000000704200000| Untracked 
|  67|0x0000000704300000, 0x0000000704300000, 0x0000000704400000|  0%| F|  |TAMS 0x0000000704300000, 0x0000000704300000| Untracked 
|  68|0x0000000704400000, 0x0000000704400000, 0x0000000704500000|  0%| F|  |TAMS 0x0000000704400000, 0x0000000704400000| Untracked 
|  69|0x0000000704500000, 0x0000000704500000, 0x0000000704600000|  0%| F|  |TAMS 0x0000000704500000, 0x0000000704500000| Untracked 
|  70|0x0000000704600000, 0x0000000704600000, 0x0000000704700000|  0%| F|  |TAMS 0x0000000704600000, 0x0000000704600000| Untracked 
|  71|0x0000000704700000, 0x0000000704700000, 0x0000000704800000|  0%| F|  |TAMS 0x0000000704700000, 0x0000000704700000| Untracked 
|  72|0x0000000704800000, 0x0000000704800000, 0x0000000704900000|  0%| F|  |TAMS 0x0000000704800000, 0x0000000704800000| Untracked 
|  73|0x0000000704900000, 0x0000000704900000, 0x0000000704a00000|  0%| F|  |TAMS 0x0000000704900000, 0x0000000704900000| Untracked 
|  74|0x0000000704a00000, 0x0000000704a00000, 0x0000000704b00000|  0%| F|  |TAMS 0x0000000704a00000, 0x0000000704a00000| Untracked 
|  75|0x0000000704b00000, 0x0000000704b00000, 0x0000000704c00000|  0%| F|  |TAMS 0x0000000704b00000, 0x0000000704b00000| Untracked 
|  76|0x0000000704c00000, 0x0000000704c00000, 0x0000000704d00000|  0%| F|  |TAMS 0x0000000704c00000, 0x0000000704c00000| Untracked 
|  77|0x0000000704d00000, 0x0000000704d00000, 0x0000000704e00000|  0%| F|  |TAMS 0x0000000704d00000, 0x0000000704d00000| Untracked 
|  78|0x0000000704e00000, 0x0000000704e00000, 0x0000000704f00000|  0%| F|  |TAMS 0x0000000704e00000, 0x0000000704e00000| Untracked 
|  79|0x0000000704f00000, 0x0000000704f00000, 0x0000000705000000|  0%| F|  |TAMS 0x0000000704f00000, 0x0000000704f00000| Untracked 
|  80|0x0000000705000000, 0x0000000705000000, 0x0000000705100000|  0%| F|  |TAMS 0x0000000705000000, 0x0000000705000000| Untracked 
|  81|0x0000000705100000, 0x0000000705100000, 0x0000000705200000|  0%| F|  |TAMS 0x0000000705100000, 0x0000000705100000| Untracked 
|  82|0x0000000705200000, 0x0000000705200000, 0x0000000705300000|  0%| F|  |TAMS 0x0000000705200000, 0x0000000705200000| Untracked 
|  83|0x0000000705300000, 0x0000000705300000, 0x0000000705400000|  0%| F|  |TAMS 0x0000000705300000, 0x0000000705300000| Untracked 
|  84|0x0000000705400000, 0x0000000705400000, 0x0000000705500000|  0%| F|  |TAMS 0x0000000705400000, 0x0000000705400000| Untracked 
|  85|0x0000000705500000, 0x0000000705500000, 0x0000000705600000|  0%| F|  |TAMS 0x0000000705500000, 0x0000000705500000| Untracked 
|  86|0x0000000705600000, 0x0000000705600000, 0x0000000705700000|  0%| F|  |TAMS 0x0000000705600000, 0x0000000705600000| Untracked 
|  87|0x0000000705700000, 0x0000000705700000, 0x0000000705800000|  0%| F|  |TAMS 0x0000000705700000, 0x0000000705700000| Untracked 
|  88|0x0000000705800000, 0x0000000705800000, 0x0000000705900000|  0%| F|  |TAMS 0x0000000705800000, 0x0000000705800000| Untracked 
|  89|0x0000000705900000, 0x0000000705900000, 0x0000000705a00000|  0%| F|  |TAMS 0x0000000705900000, 0x0000000705900000| Untracked 
|  90|0x0000000705a00000, 0x0000000705a00000, 0x0000000705b00000|  0%| F|  |TAMS 0x0000000705a00000, 0x0000000705a00000| Untracked 
|  91|0x0000000705b00000, 0x0000000705b00000, 0x0000000705c00000|  0%| F|  |TAMS 0x0000000705b00000, 0x0000000705b00000| Untracked 
|  92|0x0000000705c00000, 0x0000000705c00000, 0x0000000705d00000|  0%| F|  |TAMS 0x0000000705c00000, 0x0000000705c00000| Untracked 
|  93|0x0000000705d00000, 0x0000000705d00000, 0x0000000705e00000|  0%| F|  |TAMS 0x0000000705d00000, 0x0000000705d00000| Untracked 
|  94|0x0000000705e00000, 0x0000000705e00000, 0x0000000705f00000|  0%| F|  |TAMS 0x0000000705e00000, 0x0000000705e00000| Untracked 
|  95|0x0000000705f00000, 0x0000000705f00000, 0x0000000706000000|  0%| F|  |TAMS 0x0000000705f00000, 0x0000000705f00000| Untracked 
|  96|0x0000000706000000, 0x0000000706000000, 0x0000000706100000|  0%| F|  |TAMS 0x0000000706000000, 0x0000000706000000| Untracked 
|  97|0x0000000706100000, 0x0000000706100000, 0x0000000706200000|  0%| F|  |TAMS 0x0000000706100000, 0x0000000706100000| Untracked 
|  98|0x0000000706200000, 0x0000000706200000, 0x0000000706300000|  0%| F|  |TAMS 0x0000000706200000, 0x0000000706200000| Untracked 
|  99|0x0000000706300000, 0x0000000706300000, 0x0000000706400000|  0%| F|  |TAMS 0x0000000706300000, 0x0000000706300000| Untracked 
| 100|0x0000000706400000, 0x0000000706400000, 0x0000000706500000|  0%| F|  |TAMS 0x0000000706400000, 0x0000000706400000| Untracked 
| 101|0x0000000706500000, 0x0000000706500000, 0x0000000706600000|  0%| F|  |TAMS 0x0000000706500000, 0x0000000706500000| Untracked 
| 102|0x0000000706600000, 0x0000000706600000, 0x0000000706700000|  0%| F|  |TAMS 0x0000000706600000, 0x0000000706600000| Untracked 
| 103|0x0000000706700000, 0x0000000706700000, 0x0000000706800000|  0%| F|  |TAMS 0x0000000706700000, 0x0000000706700000| Untracked 
| 104|0x0000000706800000, 0x0000000706800000, 0x0000000706900000|  0%| F|  |TAMS 0x0000000706800000, 0x0000000706800000| Untracked 
| 105|0x0000000706900000, 0x0000000706900000, 0x0000000706a00000|  0%| F|  |TAMS 0x0000000706900000, 0x0000000706900000| Untracked 
| 106|0x0000000706a00000, 0x0000000706a00000, 0x0000000706b00000|  0%| F|  |TAMS 0x0000000706a00000, 0x0000000706a00000| Untracked 
| 107|0x0000000706b00000, 0x0000000706b00000, 0x0000000706c00000|  0%| F|  |TAMS 0x0000000706b00000, 0x0000000706b00000| Untracked 
| 108|0x0000000706c00000, 0x0000000706c00000, 0x0000000706d00000|  0%| F|  |TAMS 0x0000000706c00000, 0x0000000706c00000| Untracked 
| 109|0x0000000706d00000, 0x0000000706e00000, 0x0000000706e00000|100%| E|  |TAMS 0x0000000706d00000, 0x0000000706d00000| Complete 
| 110|0x0000000706e00000, 0x0000000706f00000, 0x0000000706f00000|100%| E|CS|TAMS 0x0000000706e00000, 0x0000000706e00000| Complete 
| 111|0x0000000706f00000, 0x0000000707000000, 0x0000000707000000|100%| E|CS|TAMS 0x0000000706f00000, 0x0000000706f00000| Complete 
| 112|0x0000000707000000, 0x0000000707100000, 0x0000000707100000|100%| E|CS|TAMS 0x0000000707000000, 0x0000000707000000| Complete 
| 113|0x0000000707100000, 0x0000000707200000, 0x0000000707200000|100%| E|CS|TAMS 0x0000000707100000, 0x0000000707100000| Complete 
| 114|0x0000000707200000, 0x0000000707300000, 0x0000000707300000|100%| E|CS|TAMS 0x0000000707200000, 0x0000000707200000| Complete 
| 115|0x0000000707300000, 0x0000000707400000, 0x0000000707400000|100%| E|CS|TAMS 0x0000000707300000, 0x0000000707300000| Complete 
| 116|0x0000000707400000, 0x0000000707500000, 0x0000000707500000|100%| E|CS|TAMS 0x0000000707400000, 0x0000000707400000| Complete 
| 117|0x0000000707500000, 0x0000000707600000, 0x0000000707600000|100%| E|CS|TAMS 0x0000000707500000, 0x0000000707500000| Complete 
| 118|0x0000000707600000, 0x0000000707700000, 0x0000000707700000|100%| E|CS|TAMS 0x0000000707600000, 0x0000000707600000| Complete 
| 119|0x0000000707700000, 0x0000000707800000, 0x0000000707800000|100%| E|CS|TAMS 0x0000000707700000, 0x0000000707700000| Complete 
| 120|0x0000000707800000, 0x0000000707900000, 0x0000000707900000|100%| E|CS|TAMS 0x0000000707800000, 0x0000000707800000| Complete 
| 121|0x0000000707900000, 0x0000000707a00000, 0x0000000707a00000|100%| E|CS|TAMS 0x0000000707900000, 0x0000000707900000| Complete 
| 122|0x0000000707a00000, 0x0000000707b00000, 0x0000000707b00000|100%| E|CS|TAMS 0x0000000707a00000, 0x0000000707a00000| Complete 
| 123|0x0000000707b00000, 0x0000000707c00000, 0x0000000707c00000|100%| E|CS|TAMS 0x0000000707b00000, 0x0000000707b00000| Complete 
| 124|0x0000000707c00000, 0x0000000707d00000, 0x0000000707d00000|100%| E|CS|TAMS 0x0000000707c00000, 0x0000000707c00000| Complete 
| 125|0x0000000707d00000, 0x0000000707e00000, 0x0000000707e00000|100%| E|CS|TAMS 0x0000000707d00000, 0x0000000707d00000| Complete 
| 126|0x0000000707e00000, 0x0000000707f00000, 0x0000000707f00000|100%| E|CS|TAMS 0x0000000707e00000, 0x0000000707e00000| Complete 
| 127|0x0000000707f00000, 0x0000000708000000, 0x0000000708000000|100%| E|CS|TAMS 0x0000000707f00000, 0x0000000707f00000| Complete 
| 128|0x0000000708000000, 0x0000000708100000, 0x0000000708100000|100%| E|CS|TAMS 0x0000000708000000, 0x0000000708000000| Complete 
| 129|0x0000000708100000, 0x0000000708200000, 0x0000000708200000|100%| E|CS|TAMS 0x0000000708100000, 0x0000000708100000| Complete 
| 130|0x0000000708200000, 0x0000000708300000, 0x0000000708300000|100%| E|CS|TAMS 0x0000000708200000, 0x0000000708200000| Complete 
| 131|0x0000000708300000, 0x0000000708400000, 0x0000000708400000|100%| E|CS|TAMS 0x0000000708300000, 0x0000000708300000| Complete 
| 132|0x0000000708400000, 0x0000000708500000, 0x0000000708500000|100%| E|CS|TAMS 0x0000000708400000, 0x0000000708400000| Complete 
| 133|0x0000000708500000, 0x0000000708600000, 0x0000000708600000|100%| E|CS|TAMS 0x0000000708500000, 0x0000000708500000| Complete 
| 134|0x0000000708600000, 0x0000000708700000, 0x0000000708700000|100%| E|CS|TAMS 0x0000000708600000, 0x0000000708600000| Complete 
| 135|0x0000000708700000, 0x0000000708800000, 0x0000000708800000|100%| E|CS|TAMS 0x0000000708700000, 0x0000000708700000| Complete 
| 136|0x0000000708800000, 0x0000000708900000, 0x0000000708900000|100%| E|CS|TAMS 0x0000000708800000, 0x0000000708800000| Complete 
| 137|0x0000000708900000, 0x0000000708a00000, 0x0000000708a00000|100%| E|CS|TAMS 0x0000000708900000, 0x0000000708900000| Complete 
| 138|0x0000000708a00000, 0x0000000708b00000, 0x0000000708b00000|100%| E|CS|TAMS 0x0000000708a00000, 0x0000000708a00000| Complete 
| 139|0x0000000708b00000, 0x0000000708c00000, 0x0000000708c00000|100%| E|CS|TAMS 0x0000000708b00000, 0x0000000708b00000| Complete 
| 140|0x0000000708c00000, 0x0000000708d00000, 0x0000000708d00000|100%| E|CS|TAMS 0x0000000708c00000, 0x0000000708c00000| Complete 
| 141|0x0000000708d00000, 0x0000000708e00000, 0x0000000708e00000|100%| E|CS|TAMS 0x0000000708d00000, 0x0000000708d00000| Complete 
| 142|0x0000000708e00000, 0x0000000708f00000, 0x0000000708f00000|100%| E|CS|TAMS 0x0000000708e00000, 0x0000000708e00000| Complete 
| 143|0x0000000708f00000, 0x0000000709000000, 0x0000000709000000|100%| E|CS|TAMS 0x0000000708f00000, 0x0000000708f00000| Complete 
| 144|0x0000000709000000, 0x0000000709100000, 0x0000000709100000|100%| E|CS|TAMS 0x0000000709000000, 0x0000000709000000| Complete 
| 145|0x0000000709100000, 0x0000000709200000, 0x0000000709200000|100%| E|CS|TAMS 0x0000000709100000, 0x0000000709100000| Complete 
| 146|0x0000000709200000, 0x0000000709300000, 0x0000000709300000|100%| E|CS|TAMS 0x0000000709200000, 0x0000000709200000| Complete 
| 147|0x0000000709300000, 0x0000000709400000, 0x0000000709400000|100%| E|CS|TAMS 0x0000000709300000, 0x0000000709300000| Complete 
| 148|0x0000000709400000, 0x0000000709500000, 0x0000000709500000|100%| E|CS|TAMS 0x0000000709400000, 0x0000000709400000| Complete 
| 149|0x0000000709500000, 0x0000000709600000, 0x0000000709600000|100%| E|CS|TAMS 0x0000000709500000, 0x0000000709500000| Complete 
| 150|0x0000000709600000, 0x0000000709700000, 0x0000000709700000|100%| E|CS|TAMS 0x0000000709600000, 0x0000000709600000| Complete 
| 151|0x0000000709700000, 0x0000000709800000, 0x0000000709800000|100%| E|CS|TAMS 0x0000000709700000, 0x0000000709700000| Complete 
| 152|0x0000000709800000, 0x0000000709900000, 0x0000000709900000|100%| E|CS|TAMS 0x0000000709800000, 0x0000000709800000| Complete 
| 153|0x0000000709900000, 0x0000000709a00000, 0x0000000709a00000|100%| E|CS|TAMS 0x0000000709900000, 0x0000000709900000| Complete 
| 154|0x0000000709a00000, 0x0000000709b00000, 0x0000000709b00000|100%| E|CS|TAMS 0x0000000709a00000, 0x0000000709a00000| Complete 
| 155|0x0000000709b00000, 0x0000000709c00000, 0x0000000709c00000|100%| E|CS|TAMS 0x0000000709b00000, 0x0000000709b00000| Complete 
| 221|0x000000070dd00000, 0x000000070de00000, 0x000000070de00000|100%| E|CS|TAMS 0x000000070dd00000, 0x000000070dd00000| Complete 
| 222|0x000000070de00000, 0x000000070df00000, 0x000000070df00000|100%| E|CS|TAMS 0x000000070de00000, 0x000000070de00000| Complete 
| 223|0x000000070df00000, 0x000000070e000000, 0x000000070e000000|100%| E|CS|TAMS 0x000000070df00000, 0x000000070df00000| Complete 
| 224|0x000000070e000000, 0x000000070e100000, 0x000000070e100000|100%| E|CS|TAMS 0x000000070e000000, 0x000000070e000000| Complete 
| 229|0x000000070e500000, 0x000000070e600000, 0x000000070e600000|100%| E|CS|TAMS 0x000000070e500000, 0x000000070e500000| Complete 
| 230|0x000000070e600000, 0x000000070e700000, 0x000000070e700000|100%| E|CS|TAMS 0x000000070e600000, 0x000000070e600000| Complete 
| 231|0x000000070e700000, 0x000000070e800000, 0x000000070e800000|100%| E|CS|TAMS 0x000000070e700000, 0x000000070e700000| Complete 
| 311|0x0000000713700000, 0x0000000713800000, 0x0000000713800000|100%| E|CS|TAMS 0x0000000713700000, 0x0000000713700000| Complete 

Card table byte_map: [0x000002915ce00000,0x000002915d600000] _byte_map_base: 0x0000029159600000

Marking Bits (Prev, Next): (CMBitMap*) 0x0000029144ebb7c8, (CMBitMap*) 0x0000029144ebb808
 Prev Bits: [0x000002915de00000, 0x0000029161e00000)
 Next Bits: [0x0000029161e00000, 0x0000029165e00000)

Polling page: 0x0000029142e00000

Metaspace:

Usage:
  Non-class:     30.95 MB capacity,    30.23 MB ( 98%) used,   603.98 KB (  2%) free+waste,   138.06 KB ( <1%) overhead. 
      Class:      4.39 MB capacity,     3.94 MB ( 90%) used,   395.45 KB (  9%) free+waste,    62.50 KB (  1%) overhead. 
       Both:     35.34 MB capacity,    34.17 MB ( 97%) used,   999.44 KB (  3%) free+waste,   200.56 KB ( <1%) overhead. 

Virtual space:
  Non-class space:       32.00 MB reserved,      31.07 MB ( 97%) committed 
      Class space:        1.00 GB reserved,       4.50 MB ( <1%) committed 
             Both:        1.03 GB reserved,      35.57 MB (  3%) committed 

Chunk freelists:
   Non-Class:  51.00 KB
       Class:  17.00 KB
        Both:  68.00 KB

MaxMetaspaceSize: 17179869184.00 GB
CompressedClassSpaceSize: 1.00 GB

CodeHeap 'non-profiled nmethods': size=120000Kb used=3357Kb max_used=3357Kb free=116643Kb
 bounds [0x00000291550d0000, 0x0000029155420000, 0x000002915c600000]
CodeHeap 'profiled nmethods': size=120000Kb used=11537Kb max_used=11537Kb free=108462Kb
 bounds [0x000002914dba0000, 0x000002914e6f0000, 0x00000291550d0000]
CodeHeap 'non-nmethods': size=5760Kb used=1265Kb max_used=1317Kb free=4495Kb
 bounds [0x000002914d600000, 0x000002914d870000, 0x000002914dba0000]
 total_blobs=5833 nmethods=5295 adapters=450
 compilation: enabled
              stopped_count=0, restarted_count=0
 full_count=0

Compilation events (20 events):
Event: 96.995 Thread 0x0000029168bda800 nmethod 6151 0x000002914e6cf490 code [0x000002914e6cf6c0, 0x000002914e6cfec8]
Event: 96.995 Thread 0x0000029168bda800 6152   !   3       jdk.internal.reflect.GeneratedMethodAccessor93::invoke (61 bytes)
Event: 96.996 Thread 0x0000029168bda800 nmethod 6152 0x000002914e6d0210 code [0x000002914e6d0420, 0x000002914e6d0aa8]
Event: 96.996 Thread 0x0000029168bda800 6156       3       io.cucumber.core.stepexpression.StepExpressionFactory::createExpression (83 bytes)
Event: 96.997 Thread 0x0000029168bda800 nmethod 6156 0x000002914e6d0d90 code [0x000002914e6d10c0, 0x000002914e6d2698]
Event: 96.997 Thread 0x0000029168bda800 6154       3       io.cucumber.core.runner.CachingGlue$$Lambda$283/0x0000000800dc5840::accept (16 bytes)
Event: 96.998 Thread 0x0000029168bda800 nmethod 6154 0x000002914e6d2d10 code [0x000002914e6d2ec0, 0x000002914e6d3148]
Event: 96.998 Thread 0x0000029168bda800 6162       3       io.cucumber.messages.Messages$SourceReference$JavaMethod$Builder::buildPartial (90 bytes)
Event: 96.998 Thread 0x0000029168bda800 nmethod 6162 0x000002914e6d3210 code [0x000002914e6d3440, 0x000002914e6d3f28]
Event: 96.998 Thread 0x0000029168bda800 6157       3       io.cucumber.core.stepexpression.StepExpressionFactory::createExpression (54 bytes)
Event: 97.000 Thread 0x0000029168bda800 nmethod 6157 0x000002914e6d4290 code [0x000002914e6d4520, 0x000002914e6d5448]
Event: 97.000 Thread 0x0000029168bd9800 nmethod 6137 0x0000029155416290 code [0x00000291554164a0, 0x0000029155416dd8]
Event: 97.000 Thread 0x0000029168bd9800 6163 %     4       sun.nio.cs.UTF_8$Encoder::encodeArrayLoop @ 73 (489 bytes)
Event: 97.000 Thread 0x0000029168bda800 6155       3       io.cucumber.core.runner.CachingGlue::lambda$prepareGlue$3 (89 bytes)
Event: 97.001 Thread 0x0000029168bda800 nmethod 6155 0x000002914e6d5990 code [0x000002914e6d5be0, 0x000002914e6d6548]
Event: 97.001 Thread 0x0000029168bda800 6158   !   3       io.cucumber.core.stepexpression.StepExpressionFactory::crateExpression (54 bytes)
Event: 97.003 Thread 0x0000029168bda800 nmethod 6158 0x000002914e6d6890 code [0x000002914e6d6c40, 0x000002914e6d85a8]
Event: 97.003 Thread 0x0000029168bda800 6159       3       io.cucumber.cucumberexpressions.ExpressionFactory::createExpression (80 bytes)
Event: 97.004 Thread 0x0000029168bda800 nmethod 6159 0x000002914e6d8f10 code [0x000002914e6d91a0, 0x000002914e6d9c08]
Event: 97.004 Thread 0x0000029168bda800 6172       3       io.cucumber.cucumberexpressions.TreeRegexp::createGroupBuilder (290 bytes)

GC Heap History (20 events):
Event: 0.888 GC heap before
{Heap before GC invocations=1 (full 0):
 garbage-first heap   total 262144K, used 20086K [0x0000000700000000, 0x0000000800000000)
  region size 1024K, 20 young (20480K), 1 survivors (1024K)
 Metaspace       used 2183K, capacity 5172K, committed 5504K, reserved 1056768K
  class space    used 224K, capacity 519K, committed 640K, reserved 1048576K
}
Event: 0.897 GC heap after
{Heap after GC invocations=2 (full 0):
 garbage-first heap   total 262144K, used 6280K [0x0000000700000000, 0x0000000800000000)
  region size 1024K, 3 young (3072K), 3 survivors (3072K)
 Metaspace       used 2183K, capacity 5172K, committed 5504K, reserved 1056768K
  class space    used 224K, capacity 519K, committed 640K, reserved 1048576K
}
Event: 4.322 GC heap before
{Heap before GC invocations=2 (full 0):
 garbage-first heap   total 262144K, used 162952K [0x0000000700000000, 0x0000000800000000)
  region size 1024K, 153 young (156672K), 3 survivors (3072K)
 Metaspace       used 8616K, capacity 9617K, committed 9728K, reserved 1058816K
  class space    used 858K, capacity 1024K, committed 1024K, reserved 1048576K
}
Event: 4.353 GC heap after
{Heap after GC invocations=3 (full 0):
 garbage-first heap   total 262144K, used 32199K [0x0000000700000000, 0x0000000800000000)
  region size 1024K, 20 young (20480K), 20 survivors (20480K)
 Metaspace       used 8616K, capacity 9617K, committed 9728K, reserved 1058816K
  class space    used 858K, capacity 1024K, committed 1024K, reserved 1048576K
}
Event: 5.300 GC heap before
{Heap before GC invocations=3 (full 0):
 garbage-first heap   total 262144K, used 105927K [0x0000000700000000, 0x0000000800000000)
  region size 1024K, 92 young (94208K), 20 survivors (20480K)
 Metaspace       used 11278K, capacity 11641K, committed 11904K, reserved 1060864K
  class space    used 1202K, capacity 1314K, committed 1408K, reserved 1048576K
}
Event: 5.327 GC heap after
{Heap after GC invocations=4 (full 0):
 garbage-first heap   total 262144K, used 35359K [0x0000000700000000, 0x0000000800000000)
  region size 1024K, 4 young (4096K), 4 survivors (4096K)
 Metaspace       used 11278K, capacity 11641K, committed 11904K, reserved 1060864K
  class space    used 1202K, capacity 1314K, committed 1408K, reserved 1048576K
}
Event: 6.650 GC heap before
{Heap before GC invocations=4 (full 0):
 garbage-first heap   total 262144K, used 177695K [0x0000000700000000, 0x0000000800000000)
  region size 1024K, 143 young (146432K), 4 survivors (4096K)
 Metaspace       used 15525K, capacity 15983K, committed 16000K, reserved 1062912K
  class space    used 1716K, capacity 1908K, committed 1920K, reserved 1048576K
}
Event: 6.659 GC heap after
{Heap after GC invocations=5 (full 0):
 garbage-first heap   total 319488K, used 36755K [0x0000000700000000, 0x0000000800000000)
  region size 1024K, 5 young (5120K), 5 survivors (5120K)
 Metaspace       used 15525K, capacity 15983K, committed 16000K, reserved 1062912K
  class space    used 1716K, capacity 1908K, committed 1920K, reserved 1048576K
}
Event: 8.018 GC heap before
{Heap before GC invocations=5 (full 0):
 garbage-first heap   total 319488K, used 121747K [0x0000000700000000, 0x0000000800000000)
  region size 1024K, 85 young (87040K), 5 survivors (5120K)
 Metaspace       used 20618K, capacity 21195K, committed 21248K, reserved 1069056K
  class space    used 2324K, capacity 2550K, committed 2560K, reserved 1048576K
}
Event: 8.031 GC heap after
{Heap after GC invocations=6 (full 0):
 garbage-first heap   total 319488K, used 47104K [0x0000000700000000, 0x0000000800000000)
  region size 1024K, 11 young (11264K), 11 survivors (11264K)
 Metaspace       used 20618K, capacity 21195K, committed 21248K, reserved 1069056K
  class space    used 2324K, capacity 2550K, committed 2560K, reserved 1048576K
}
Event: 10.153 GC heap before
{Heap before GC invocations=7 (full 0):
 garbage-first heap   total 160768K, used 160768K [0x0000000700000000, 0x0000000800000000)
  region size 1024K, 122 young (124928K), 11 survivors (11264K)
 Metaspace       used 28149K, capacity 29013K, committed 29184K, reserved 1075200K
  class space    used 3193K, capacity 3525K, committed 3584K, reserved 1048576K
}
Event: 10.181 GC heap after
{Heap after GC invocations=8 (full 0):
 garbage-first heap   total 172032K, used 42496K [0x0000000700000000, 0x0000000800000000)
  region size 1024K, 11 young (11264K), 11 survivors (11264K)
 Metaspace       used 28149K, capacity 29013K, committed 29184K, reserved 1075200K
  class space    used 3193K, capacity 3525K, committed 3584K, reserved 1048576K
}
Event: 17.224 GC heap before
{Heap before GC invocations=8 (full 0):
 garbage-first heap   total 172032K, used 133632K [0x0000000700000000, 0x0000000800000000)
  region size 1024K, 100 young (102400K), 11 survivors (11264K)
 Metaspace       used 33893K, capacity 35063K, committed 35200K, reserved 1079296K
  class space    used 4000K, capacity 4439K, committed 4480K, reserved 1048576K
}
Event: 17.242 GC heap after
{Heap after GC invocations=9 (full 0):
 garbage-first heap   total 172032K, used 45941K [0x0000000700000000, 0x0000000800000000)
  region size 1024K, 10 young (10240K), 10 survivors (10240K)
 Metaspace       used 33893K, capacity 35063K, committed 35200K, reserved 1079296K
  class space    used 4000K, capacity 4439K, committed 4480K, reserved 1048576K
}
Event: 65.646 GC heap before
{Heap before GC invocations=9 (full 0):
 garbage-first heap   total 172032K, used 138101K [0x0000000700000000, 0x0000000800000000)
  region size 1024K, 100 young (102400K), 10 survivors (10240K)
 Metaspace       used 34435K, capacity 35557K, committed 35712K, reserved 1081344K
  class space    used 4017K, capacity 4455K, committed 4480K, reserved 1048576K
}
Event: 65.659 GC heap after
{Heap after GC invocations=10 (full 0):
 garbage-first heap   total 172032K, used 45719K [0x0000000700000000, 0x0000000800000000)
  region size 1024K, 7 young (7168K), 7 survivors (7168K)
 Metaspace       used 34435K, capacity 35557K, committed 35712K, reserved 1081344K
  class space    used 4017K, capacity 4455K, committed 4480K, reserved 1048576K
}
Event: 72.117 GC heap before
{Heap before GC invocations=10 (full 0):
 garbage-first heap   total 172032K, used 123543K [0x0000000700000000, 0x0000000800000000)
  region size 1024K, 84 young (86016K), 7 survivors (7168K)
 Metaspace       used 34692K, capacity 35795K, committed 35840K, reserved 1081344K
  class space    used 4023K, capacity 4457K, committed 4480K, reserved 1048576K
}
Event: 72.127 GC heap after
{Heap after GC invocations=11 (full 0):
 garbage-first heap   total 172032K, used 45845K [0x0000000700000000, 0x0000000800000000)
  region size 1024K, 7 young (7168K), 7 survivors (7168K)
 Metaspace       used 34692K, capacity 35795K, committed 35840K, reserved 1081344K
  class space    used 4023K, capacity 4457K, committed 4480K, reserved 1048576K
}
Event: 89.526 GC heap before
{Heap before GC invocations=12 (full 0):
 garbage-first heap   total 167936K, used 139029K [0x0000000700000000, 0x0000000800000000)
  region size 1024K, 98 young (100352K), 7 survivors (7168K)
 Metaspace       used 34858K, capacity 36107K, committed 36428K, reserved 1081344K
  class space    used 4026K, capacity 4493K, committed 4608K, reserved 1048576K
}
Event: 89.539 GC heap after
{Heap after GC invocations=13 (full 0):
 garbage-first heap   total 167936K, used 45845K [0x0000000700000000, 0x0000000800000000)
  region size 1024K, 7 young (7168K), 7 survivors (7168K)
 Metaspace       used 34858K, capacity 36107K, committed 36428K, reserved 1081344K
  class space    used 4026K, capacity 4493K, committed 4608K, reserved 1048576K
}

Deoptimization events (20 events):
Event: 96.972 Thread 0x0000029168d48000 Uncommon trap: trap_request=0xffffff45 fr.pc=0x0000029155256920 relative=0x00000000000013a0
Event: 96.972 Thread 0x0000029168d48000 Uncommon trap: reason=unstable_if action=reinterpret pc=0x0000029155256920 method=io.cucumber.messages.internal.com.google.gson.stream.JsonWriter.string(Ljava/lang/String;)V @ 57 c2
Event: 96.972 Thread 0x0000029168d48000 DEOPT PACKING pc=0x0000029155256920 sp=0x0000009d254fde60
Event: 96.972 Thread 0x0000029168d48000 DEOPT UNPACKING pc=0x000002914d64912f sp=0x0000009d254fde58 mode 2
Event: 96.974 Thread 0x0000029168d48000 Uncommon trap: trap_request=0xffffff45 fr.pc=0x00000291551a3890 relative=0x0000000000000450
Event: 96.974 Thread 0x0000029168d48000 Uncommon trap: reason=unstable_if action=reinterpret pc=0x00000291551a3890 method=sun.nio.cs.UTF_8$Encoder.encodeArrayLoop(Ljava/nio/CharBuffer;Ljava/nio/ByteBuffer;)Ljava/nio/charset/CoderResult; @ 87 c2
Event: 96.974 Thread 0x0000029168d48000 DEOPT PACKING pc=0x00000291551a3890 sp=0x0000009d254fe240
Event: 96.974 Thread 0x0000029168d48000 DEOPT UNPACKING pc=0x000002914d64912f sp=0x0000009d254fe1d8 mode 2
Event: 96.989 Thread 0x0000029168d48000 DEOPT PACKING pc=0x000002914e6c44e7 sp=0x0000009d254fdc10
Event: 96.989 Thread 0x0000029168d48000 DEOPT UNPACKING pc=0x000002914d64964e sp=0x0000009d254fd128 mode 0
Event: 96.992 Thread 0x0000029168d48000 DEOPT PACKING pc=0x000002914e6c44e7 sp=0x0000009d254fde40
Event: 96.992 Thread 0x0000029168d48000 DEOPT UNPACKING pc=0x000002914d64964e sp=0x0000009d254fd358 mode 0
Event: 96.998 Thread 0x0000029168d48000 DEOPT PACKING pc=0x000002914e6c44e7 sp=0x0000009d254fdc40
Event: 96.998 Thread 0x0000029168d48000 DEOPT UNPACKING pc=0x000002914d64964e sp=0x0000009d254fd158 mode 0
Event: 97.002 Thread 0x0000029168d48000 DEOPT PACKING pc=0x000002914e6c44e7 sp=0x0000009d254fdc30
Event: 97.002 Thread 0x0000029168d48000 DEOPT UNPACKING pc=0x000002914d64964e sp=0x0000009d254fd148 mode 0
Event: 97.003 Thread 0x0000029168d48000 DEOPT PACKING pc=0x000002914e3389c3 sp=0x0000009d254fe370
Event: 97.003 Thread 0x0000029168d48000 DEOPT UNPACKING pc=0x000002914d64964e sp=0x0000009d254fd8d0 mode 0
Event: 97.006 Thread 0x0000029168d48000 DEOPT PACKING pc=0x000002914e6c44e7 sp=0x0000009d254fdc30
Event: 97.006 Thread 0x0000029168d48000 DEOPT UNPACKING pc=0x000002914d64964e sp=0x0000009d254fd148 mode 0

Classes unloaded (0 events):
No events

Classes redefined (0 events):
No events

Internal exceptions (20 events):
Event: 71.924 Thread 0x0000029168d48000 Implicit null exception at 0x0000029155389e68 to 0x000002915538acf0
Event: 72.447 Thread 0x0000029168d48000 Exception <a 'java/net/SocketException'{0x00000007076e2920}: Socket is not connected: shutdown> (0x00000007076e2920) 
thrown [./open/src/hotspot/share/prims/jni.cpp, line 620]
Event: 72.953 Thread 0x0000029168d49800 Exception <a 'java/net/SocketException'{0x0000000707501230}: Socket is not connected: shutdown> (0x0000000707501230) 
thrown [./open/src/hotspot/share/prims/jni.cpp, line 620]
Event: 75.237 Thread 0x0000029168d48000 Exception <a 'java/lang/NullPointerException'{0x00000007072d5d40}> (0x00000007072d5d40) 
thrown [./open/src/hotspot/share/interpreter/linkResolver.cpp, line 1348]
Event: 75.744 Thread 0x0000029168d48000 Exception <a 'java/lang/NullPointerException'{0x0000000706d37718}> (0x0000000706d37718) 
thrown [./open/src/hotspot/share/interpreter/linkResolver.cpp, line 1348]
Event: 76.267 Thread 0x0000029168d48000 Exception <a 'java/lang/NullPointerException'{0x000000070699e248}> (0x000000070699e248) 
thrown [./open/src/hotspot/share/interpreter/linkResolver.cpp, line 1348]
Event: 84.970 Thread 0x0000029168d48000 Exception <a 'java/lang/NullPointerException'{0x0000000705d6d150}> (0x0000000705d6d150) 
thrown [./open/src/hotspot/share/interpreter/linkResolver.cpp, line 1348]
Event: 85.512 Thread 0x0000029168d48000 Exception <a 'java/lang/NullPointerException'{0x0000000704e701b8}> (0x0000000704e701b8) 
thrown [./open/src/hotspot/share/interpreter/linkResolver.cpp, line 1348]
Event: 85.676 Thread 0x0000029168d48000 Exception <a 'java/lang/NullPointerException'{0x0000000704a01988}> (0x0000000704a01988) 
thrown [./open/src/hotspot/share/interpreter/linkResolver.cpp, line 1348]
Event: 89.134 Thread 0x0000029168d48000 Exception <a 'java/lang/NullPointerException'{0x0000000704366120}> (0x0000000704366120) 
thrown [./open/src/hotspot/share/interpreter/linkResolver.cpp, line 1348]
Event: 89.264 Thread 0x0000029168d48000 Exception <a 'java/lang/NullPointerException'{0x00000007043b0128}> (0x00000007043b0128) 
thrown [./open/src/hotspot/share/interpreter/linkResolver.cpp, line 1348]
Event: 89.489 Thread 0x0000029168d48000 Exception <a 'java/lang/NullPointerException'{0x0000000704266258}> (0x0000000704266258) 
thrown [./open/src/hotspot/share/interpreter/linkResolver.cpp, line 1348]
Event: 89.950 Thread 0x0000029168d48000 Exception <a 'java/lang/NullPointerException'{0x000000070dd93fd8}> (0x000000070dd93fd8) 
thrown [./open/src/hotspot/share/interpreter/linkResolver.cpp, line 1348]
Event: 90.642 Thread 0x0000029168d48000 Exception <a 'java/lang/NullPointerException'{0x000000070983bee8}> (0x000000070983bee8) 
thrown [./open/src/hotspot/share/interpreter/linkResolver.cpp, line 1348]
Event: 91.081 Thread 0x0000029168d48000 Exception <a 'java/lang/NullPointerException'{0x00000007091ab910}> (0x00000007091ab910) 
thrown [./open/src/hotspot/share/interpreter/linkResolver.cpp, line 1348]
Event: 91.501 Thread 0x0000029168d48000 Exception <a 'java/lang/NullPointerException'{0x00000007089c71c0}> (0x00000007089c71c0) 
thrown [./open/src/hotspot/share/interpreter/linkResolver.cpp, line 1348]
Event: 95.120 Thread 0x0000029168d48000 Exception <a 'java/lang/NullPointerException'{0x0000000708139808}> (0x0000000708139808) 
thrown [./open/src/hotspot/share/interpreter/linkResolver.cpp, line 1348]
Event: 96.831 Thread 0x0000029168d48000 Exception <a 'java/lang/NullPointerException'{0x00000007081667f0}> (0x00000007081667f0) 
thrown [./open/src/hotspot/share/interpreter/linkResolver.cpp, line 1348]
Event: 96.961 Thread 0x0000029168d48000 Implicit null exception at 0x000002915515e0fc to 0x000002915515e970
Event: 96.961 Thread 0x0000029168d48000 Exception <a 'java/lang/reflect/InvocationTargetException'{0x00000007081e6f90}> (0x00000007081e6f90) 
thrown [./open/src/hotspot/share/runtime/reflection.cpp, line 1188]

Events (20 events):
Event: 73.485 Executing VM operation: HandshakeOneThread
Event: 73.485 Executing VM operation: HandshakeOneThread done
Event: 73.485 Executing VM operation: HandshakeOneThread
Event: 73.485 Executing VM operation: HandshakeOneThread done
Event: 73.486 Executing VM operation: HandshakeOneThread
Event: 73.486 Executing VM operation: HandshakeOneThread done
Event: 78.493 Executing VM operation: HandshakeOneThread
Event: 78.493 Executing VM operation: HandshakeOneThread done
Event: 78.493 Executing VM operation: HandshakeOneThread
Event: 78.494 Executing VM operation: HandshakeOneThread done
Event: 78.494 Thread 0x000002916a652000 Thread exited: 0x000002916a652000
Event: 89.526 Executing VM operation: G1CollectForAllocation
Event: 89.539 Executing VM operation: G1CollectForAllocation done
Event: 96.963 loading class java/lang/StackTraceElement$HashedModules
Event: 96.964 loading class java/lang/StackTraceElement$HashedModules done
Event: 96.966 loading class java/lang/Throwable$WrappedPrintWriter
Event: 96.966 loading class java/lang/Throwable$WrappedPrintWriter done
Event: 96.969 loading class java/lang/Throwable$WrappedPrintStream
Event: 96.969 loading class java/lang/Throwable$WrappedPrintStream done
Event: 97.000 Thread 0x0000029168c79800 Thread added: 0x0000029168c79800


Dynamic libraries:
0x00007ff624b50000 - 0x00007ff624b5f000 	C:\Program Files\Java\jdk-14.0.2\bin\java.exe
0x00007ffa05bf0000 - 0x00007ffa05de8000 	C:\WINDOWS\SYSTEM32\ntdll.dll
0x00007ff9e1fa0000 - 0x00007ff9e2014000 	C:\WINDOWS\System32\verifier.dll
0x00007ff9d8d60000 - 0x00007ff9d8e54000 	C:\WINDOWS\SYSTEM32\PayloadRestrictions.dll
0x00007ffa03650000 - 0x00007ffa03750000 	C:\WINDOWS\System32\ucrtbase.dll
0x00007ffa037f0000 - 0x00007ffa03abe000 	C:\WINDOWS\System32\kernelbase.dll
0x00007ffa03fd0000 - 0x00007ffa0408d000 	C:\WINDOWS\System32\kernel32.dll
0x00007ff9fbb10000 - 0x00007ff9fbb28000 	C:\Program Files\Java\jdk-14.0.2\bin\jli.dll
0x00007ffa03e20000 - 0x00007ffa03ece000 	C:\WINDOWS\System32\ADVAPI32.dll
0x00007ffa04be0000 - 0x00007ffa04c7e000 	C:\WINDOWS\System32\msvcrt.dll
0x00007ffa04e30000 - 0x00007ffa04ecc000 	C:\WINDOWS\System32\sechost.dll
0x00007ffa05950000 - 0x00007ffa05a75000 	C:\WINDOWS\System32\RPCRT4.dll
0x00007ffa05740000 - 0x00007ffa058e0000 	C:\WINDOWS\System32\USER32.dll
0x00007ffa03570000 - 0x00007ffa03592000 	C:\WINDOWS\System32\win32u.dll
0x00007ffa05700000 - 0x00007ffa0572a000 	C:\WINDOWS\System32\GDI32.dll
0x00007ffa03b10000 - 0x00007ffa03c1b000 	C:\WINDOWS\System32\gdi32full.dll
0x00007ffa03750000 - 0x00007ffa037ed000 	C:\WINDOWS\System32\msvcp_win.dll
0x00007ff9f9080000 - 0x00007ff9f9095000 	C:\Program Files\Java\jdk-14.0.2\bin\VCRUNTIME140.dll
0x00007ff9edc30000 - 0x00007ff9edeca000 	C:\WINDOWS\WinSxS\amd64_microsoft.windows.common-controls_6595b64144ccf1df_6.0.19041.1110_none_60b5254171f9507e\COMCTL32.dll
0x00007ff9fc950000 - 0x00007ff9fc95a000 	C:\WINDOWS\SYSTEM32\VERSION.dll
0x00007ffa04090000 - 0x00007ffa040c0000 	C:\WINDOWS\System32\IMM32.DLL
0x00007ff9ecf00000 - 0x00007ff9ecf9b000 	C:\Program Files\Java\jdk-14.0.2\bin\msvcp140.dll
0x00007ff9d1e70000 - 0x00007ff9d298e000 	C:\Program Files\Java\jdk-14.0.2\bin\server\jvm.dll
0x00007ffa04480000 - 0x00007ffa04488000 	C:\WINDOWS\System32\PSAPI.DLL
0x00007ff9fc340000 - 0x00007ff9fc349000 	C:\WINDOWS\SYSTEM32\WSOCK32.dll
0x00007ffa05050000 - 0x00007ffa050bb000 	C:\WINDOWS\System32\WS2_32.dll
0x00007ff9f7f70000 - 0x00007ff9f7f97000 	C:\WINDOWS\SYSTEM32\WINMM.dll
0x00007ffa01230000 - 0x00007ffa01242000 	C:\WINDOWS\SYSTEM32\kernel.appcore.dll
0x00007ff9fcc50000 - 0x00007ff9fcc5a000 	C:\Program Files\Java\jdk-14.0.2\bin\jimage.dll
0x00007ff9f7fa0000 - 0x00007ff9f8184000 	C:\WINDOWS\SYSTEM32\DBGHELP.DLL
0x00007ff9f7f40000 - 0x00007ff9f7f6c000 	C:\WINDOWS\SYSTEM32\dbgcore.DLL
0x00007ffa034e0000 - 0x00007ffa03562000 	C:\WINDOWS\System32\bcryptPrimitives.dll
0x00007ff9f8fd0000 - 0x00007ff9f8ff5000 	C:\Program Files\Java\jdk-14.0.2\bin\java.dll
0x00007ff9f8f60000 - 0x00007ff9f8f76000 	C:\Program Files\Java\jdk-14.0.2\bin\zip.dll
0x00007ffa04490000 - 0x00007ffa04bd4000 	C:\WINDOWS\System32\SHELL32.dll
0x00007ffa01430000 - 0x00007ffa01bc4000 	C:\WINDOWS\SYSTEM32\windows.storage.dll
0x00007ffa04120000 - 0x00007ffa04474000 	C:\WINDOWS\System32\combase.dll
0x00007ffa02d00000 - 0x00007ffa02d30000 	C:\WINDOWS\SYSTEM32\Wldp.dll
0x00007ffa04ed0000 - 0x00007ffa04f7d000 	C:\WINDOWS\System32\SHCORE.dll
0x00007ffa040c0000 - 0x00007ffa04115000 	C:\WINDOWS\System32\shlwapi.dll
0x00007ffa03250000 - 0x00007ffa0326f000 	C:\WINDOWS\SYSTEM32\profapi.dll
0x00007ff9f7850000 - 0x00007ff9f7869000 	C:\Program Files\Java\jdk-14.0.2\bin\net.dll
0x00007ff9fcb40000 - 0x00007ff9fcc4a000 	C:\WINDOWS\SYSTEM32\WINHTTP.dll
0x00007ffa02a60000 - 0x00007ffa02aca000 	C:\WINDOWS\system32\mswsock.dll
0x00007ff9f69a0000 - 0x00007ff9f69b2000 	C:\Program Files\Java\jdk-14.0.2\bin\nio.dll
0x00007ff9f8ec0000 - 0x00007ff9f8ec9000 	C:\Program Files\Java\jdk-14.0.2\bin\management.dll
0x00007ff9f8d90000 - 0x00007ff9f8d9b000 	C:\Program Files\Java\jdk-14.0.2\bin\management_ext.dll
0x00007ff9f9040000 - 0x00007ff9f9050000 	C:\Program Files\Java\jdk-14.0.2\bin\verify.dll
0x00007ffa02c50000 - 0x00007ffa02c68000 	C:\WINDOWS\SYSTEM32\CRYPTSP.dll
0x00007ffa023e0000 - 0x00007ffa02414000 	C:\WINDOWS\system32\rsaenh.dll
0x00007ffa03c20000 - 0x00007ffa03c47000 	C:\WINDOWS\System32\bcrypt.dll
0x00007ffa031d0000 - 0x00007ffa031fe000 	C:\WINDOWS\SYSTEM32\USERENV.dll
0x00007ffa02c70000 - 0x00007ffa02c7c000 	C:\WINDOWS\SYSTEM32\CRYPTBASE.dll
0x00007ffa02750000 - 0x00007ffa0278b000 	C:\WINDOWS\SYSTEM32\IPHLPAPI.DLL
0x00007ffa058e0000 - 0x00007ffa058e8000 	C:\WINDOWS\System32\NSI.dll
0x00007ff9fe110000 - 0x00007ff9fe127000 	C:\WINDOWS\SYSTEM32\dhcpcsvc6.DLL
0x00007ff9fe0f0000 - 0x00007ff9fe10d000 	C:\WINDOWS\SYSTEM32\dhcpcsvc.DLL
0x00007ffa02790000 - 0x00007ffa0285a000 	C:\WINDOWS\SYSTEM32\DNSAPI.dll
0x00007ff9e0570000 - 0x00007ff9e0595000 	C:\Program Files\Java\jdk-14.0.2\bin\sunec.dll
0x00007ff9fdc80000 - 0x00007ff9fdc8a000 	C:\Windows\System32\rasadhlp.dll
0x00007ff9fdf70000 - 0x00007ff9fdff0000 	C:\WINDOWS\System32\fwpuclnt.dll
0x00007ff9ed7a0000 - 0x00007ff9ed7ae000 	C:\Program Files\Java\jdk-14.0.2\bin\sunmscapi.dll
0x00007ffa03380000 - 0x00007ffa034d6000 	C:\WINDOWS\System32\CRYPT32.dll
0x00007ffa02d70000 - 0x00007ffa02d97000 	C:\WINDOWS\SYSTEM32\ncrypt.dll
0x00007ffa02d30000 - 0x00007ffa02d6b000 	C:\WINDOWS\SYSTEM32\NTASN1.dll
0x00007ff9fc740000 - 0x00007ff9fc757000 	C:\WINDOWS\system32\napinsp.dll
0x00007ff9fc760000 - 0x00007ff9fc77b000 	C:\WINDOWS\system32\pnrpnsp.dll
0x00007ff9fc780000 - 0x00007ff9fc795000 	C:\WINDOWS\system32\wshbth.dll
0x00007ff9fef40000 - 0x00007ff9fef5d000 	C:\WINDOWS\system32\NLAapi.dll
0x00007ff9fc930000 - 0x00007ff9fc942000 	C:\WINDOWS\System32\winrnr.dll

dbghelp: loaded successfully - version: 4.0.5 - missing functions: none
symbol engine: initialized successfully - sym options: 0x614 - pdb path: .;C:\Program Files\Java\jdk-14.0.2\bin;C:\WINDOWS\SYSTEM32;C:\WINDOWS\WinSxS\amd64_microsoft.windows.common-controls_6595b64144ccf1df_6.0.19041.1110_none_60b5254171f9507e;C:\Program Files\Java\jdk-14.0.2\bin\server

VM Arguments:
jvm_args: -Dfile.encoding=UTF-8 
java_command: C:\Users\vvaidya\AppData\Local\Temp\surefire9517129831705016641\surefirebooter8264984595994073150.jar C:\Users\vvaidya\AppData\Local\Temp\surefire9517129831705016641 2022-09-27T19-46-57_350-jvmRun1 surefire2752812917409066246tmp surefire_013309090169907848292tmp
java_class_path (initial): C:\Users\vvaidya\AppData\Local\Temp\surefire9517129831705016641\surefirebooter8264984595994073150.jar
Launcher Type: SUN_STANDARD

[Global flags]
     intx CICompilerCount                          = 3                                         {product} {ergonomic}
     uint ConcGCThreads                            = 1                                         {product} {ergonomic}
     uint G1ConcRefinementThreads                  = 4                                         {product} {ergonomic}
   size_t G1HeapRegionSize                         = 1048576                                   {product} {ergonomic}
    uintx GCDrainStackTargetSize                   = 64                                        {product} {ergonomic}
   size_t InitialHeapSize                          = 268435456                                 {product} {ergonomic}
   size_t MarkStackSize                            = 4194304                                   {product} {ergonomic}
   size_t MaxHeapSize                              = 4294967296                                {product} {ergonomic}
   size_t MaxNewSize                               = 2576351232                                {product} {ergonomic}
   size_t MinHeapDeltaBytes                        = 1048576                                   {product} {ergonomic}
   size_t MinHeapSize                              = 8388608                                   {product} {ergonomic}
    uintx NonNMethodCodeHeapSize                   = 5832780                                {pd product} {ergonomic}
    uintx NonProfiledCodeHeapSize                  = 122912730                              {pd product} {ergonomic}
    uintx ProfiledCodeHeapSize                     = 122912730                              {pd product} {ergonomic}
    uintx ReservedCodeCacheSize                    = 251658240                              {pd product} {ergonomic}
     bool SegmentedCodeCache                       = true                                      {product} {ergonomic}
   size_t SoftMaxHeapSize                          = 4294967296                             {manageable} {ergonomic}
     bool UseCompressedClassPointers               = true                                 {lp64_product} {ergonomic}
     bool UseCompressedOops                        = true                                 {lp64_product} {ergonomic}
     bool UseG1GC                                  = true                                      {product} {ergonomic}
     bool UseLargePagesIndividualAllocation        = false                                  {pd product} {ergonomic}

Logging:
Log output configuration:
 #0: stdout all=warning uptime,level,tags
 #1: stderr all=off uptime,level,tags

Environment Variables:
PATH=%JAVA_HOME%\bin;C:\WINDOWS\system32;C:\WINDOWS;C:\WINDOWS\System32\Wbem;C:\WINDOWS\System32\WindowsPowerShell\v1.0\;C:\WINDOWS\System32\OpenSSH\;%MAVEN_HOME%\bin;C:\Program Files\TortoiseSVN\bin;C:\Program Files\Git\cmd;C:\Users\vvaidya\AppData\Local\Microsoft\WindowsApps;C:\Program Files\Java\jdk-14.0.2\bin;C:\Program Files\Maven\apache-maven-3.8.4\bin;
USERNAME=vvaidya



---------------  S Y S T E M  ---------------

OS: Windows 10 , 64 bit Build 19041 (10.0.19041.1889)
OS uptime: 36 days 5:15 hours
VMWare virtualization detected

CPU:total 4 (initial active 4) (2 cores per cpu, 1 threads per core) family 6 model 79 stepping 0, cmov, cx8, fxsr, mmx, sse, sse2, sse3, ssse3, sse4.1, sse4.2, popcnt, avx, avx2, aes, clmul, erms, 3dnowpref, lzcnt, tsc, tscinvbit, bmi1, bmi2, adx, fma

Memory: 4k page, system-wide physical 16383M (6105M free)
TotalPageFile size 29110M (AvailPageFile size 3M)
current process WorkingSet (physical memory assigned to process): 292M, peak: 374M
current process commit charge ("private bytes"): 329M, peak: 473M

vm_info: Java HotSpot(TM) 64-Bit Server VM (14.0.2+12-46) for windows-amd64 JRE (14.0.2+12-46), built on Jul  9 2020 00:35:52 by "mach5one" with MS VC++ 15.9 (VS2017)

END.
