#
# There is insufficient memory for the Java Runtime Environment to continue.
# Native memory allocation (malloc) failed to allocate 61376 bytes for Chunk::new
# Possible reasons:
#   The system is out of physical RAM or swap space
#   The process is running with CompressedOops enabled, and the Java Heap may be blocking the growth of the native heap
# Possible solutions:
#   Reduce memory load on the system
#   Increase physical memory or swap space
#   Check if swap backing store is full
#   Decrease Java heap size (-Xmx/-Xms)
#   Decrease number of Java threads
#   Decrease Java thread stack sizes (-Xss)
#   Set larger code cache with -XX:ReservedCodeCacheSize=
#   JVM is running with Zero Based Compressed Oops mode in which the Java heap is
#     placed in the first 32GB address space. The Java Heap base address is the
#     maximum limit for the native heap growth. Please use -XX:HeapBaseMinAddress
#     to set the Java Heap base and to place the Java Heap above 32GB virtual address.
# This output file may be truncated or incomplete.
#
#  Out of Memory Error (./open/src/hotspot/share/memory/arena.cpp:195), pid=23616, tid=13064
#
# JRE version: Java(TM) SE Runtime Environment (14.0.2+12) (build 14.0.2+12-46)
# Java VM: Java HotSpot(TM) 64-Bit Server VM (14.0.2+12-46, mixed mode, sharing, tiered, compressed oops, g1 gc, windows-amd64)
# No core dump will be written. Minidumps are not enabled by default on client versions of Windows
#

---------------  S U M M A R Y ------------

Command Line: -Dclassworlds.conf=C:\Program Files\Maven\apache-maven-3.8.4\bin\m2.conf -Dmaven.home=C:\Program Files\Maven\apache-maven-3.8.4 -Dlibrary.jansi.path=C:\Program Files\Maven\apache-maven-3.8.4\lib\jansi-native -Dmaven.multiModuleProjectDirectory=D:\ngtp-official315 org.codehaus.plexus.classworlds.launcher.Launcher clean install -Dsource.feature=D:/ngtp-official315/src/test/resources/C2M_EYDemo/features/C2M_EYDemo_temp -Dapplication=C2M_EYDemo -Daccessibility=false -Daccessibility_report_type=JSON -Ddefault_select_by_type=Text -DallowDynamicData=true -DparallelDataInjection=false -Dinput_data_type=YAML -Dpage_object_format=YAML -Dheadless=false -Dflashfill=false -Dimplicit_wait_duration_sec=100 -Ddefault_wait_duration_sec=30 -Dgrid=false -DgridURL=http://localhost:4444/wd/hub -DUpdate_Historical_Properties=false -DDeploy_Self-Healing=false -DWait_For_Element_Before_Calling_SH=1 -Dtakes_screenshot=true -Drecord_test_video=false -Dbrowser=chrome -Ddefault_assertion=soft -Denvironment=C2MTEST -DLICENSE_PATH=C:\Users\licenses\NGTP\license.bin -Dcucumber.filter.tags=@DM005_NGTPUI or @regression_NGTPUI or @DM004_NGTPUI or @DM007_NGTPUI or @DM008_NGTPUI or @DM009_NGTPUI or @DM010_NGTPUI -DtestType=Feature -DforkCount=1

Host: Intel(R) Xeon(R) Silver 4116 CPU @ 2.10GHz, 4 cores, 15G,  Windows 10 , 64 bit Build 19041 (10.0.19041.1889)
Time: Sat Oct  1 09:51:35 2022 Mountain Daylight Time elapsed time: 1576 seconds (0d 0h 26m 16s)

---------------  T H R E A D  ---------------

Current thread (0x0000014449c08800):  JavaThread "C2 CompilerThread0" daemon [_thread_in_native, id=13064, stack(0x0000000f95400000,0x0000000f95500000)]


Current CompileTask:
C2:1576483 9063       4       sun.nio.cs.UTF_8::updatePositions (23 bytes)

Stack: [0x0000000f95400000,0x0000000f95500000]
Native frames: (J=compiled Java code, j=interpreted, Vv=VM code, C=native code)
V  [jvm.dll+0x5f8a9a]
V  [jvm.dll+0x74247a]
V  [jvm.dll+0x743c2f]
V  [jvm.dll+0x744273]
V  [jvm.dll+0x20d288]
V  [jvm.dll+0xabb07]
V  [jvm.dll+0xac1fc]
V  [jvm.dll+0x276db4]
V  [jvm.dll+0x50cffa]
V  [jvm.dll+0x1ee036]
V  [jvm.dll+0x1e7716]
V  [jvm.dll+0x1e4f98]
V  [jvm.dll+0x1779cc]
V  [jvm.dll+0x1f4105]
V  [jvm.dll+0x1f22eb]
V  [jvm.dll+0x7070cd]
V  [jvm.dll+0x6ffeda]
V  [jvm.dll+0x5f78f6]
C  [ucrtbase.dll+0x21bb2]
C  [kernel32.dll+0x17034]
C  [ntdll.dll+0x52651]


---------------  P R O C E S S  ---------------

Threads class SMR info:
_java_thread_list=0x0000014450ccaaa0, length=22, elements={
0x000001442472b000, 0x0000014449be4000, 0x0000014449be6000, 0x0000014449c02800,
0x0000014449c03800, 0x0000014449c07800, 0x0000014449c08800, 0x0000014449c09800,
0x000001444a506000, 0x000001444a5d4000, 0x000001444a5d6800, 0x000001444ce6c800,
0x000001444ce6d800, 0x000001444af03800, 0x000001444d45f800, 0x000001444d460800,
0x0000014451d12800, 0x0000014451d13000, 0x0000014451d11800, 0x00000144517b6000,
0x00000144517b5800, 0x00000144517b1800
}

Java Threads: ( => current thread )
  0x000001442472b000 JavaThread "main" [_thread_in_native, id=25844, stack(0x0000000f94800000,0x0000000f94900000)]
  0x0000014449be4000 JavaThread "Reference Handler" daemon [_thread_blocked, id=21692, stack(0x0000000f94f00000,0x0000000f95000000)]
  0x0000014449be6000 JavaThread "Finalizer" daemon [_thread_blocked, id=18752, stack(0x0000000f95000000,0x0000000f95100000)]
  0x0000014449c02800 JavaThread "Signal Dispatcher" daemon [_thread_blocked, id=568, stack(0x0000000f95100000,0x0000000f95200000)]
  0x0000014449c03800 JavaThread "Attach Listener" daemon [_thread_blocked, id=19604, stack(0x0000000f95200000,0x0000000f95300000)]
  0x0000014449c07800 JavaThread "Service Thread" daemon [_thread_blocked, id=23592, stack(0x0000000f95300000,0x0000000f95400000)]
=>0x0000014449c08800 JavaThread "C2 CompilerThread0" daemon [_thread_in_native, id=13064, stack(0x0000000f95400000,0x0000000f95500000)]
  0x0000014449c09800 JavaThread "C1 CompilerThread0" daemon [_thread_blocked, id=17688, stack(0x0000000f95500000,0x0000000f95600000)]
  0x000001444a506000 JavaThread "Sweeper thread" daemon [_thread_blocked, id=1524, stack(0x0000000f95600000,0x0000000f95700000)]
  0x000001444a5d4000 JavaThread "Notification Thread" daemon [_thread_blocked, id=23416, stack(0x0000000f95700000,0x0000000f95800000)]
  0x000001444a5d6800 JavaThread "Common-Cleaner" daemon [_thread_blocked, id=23276, stack(0x0000000f95900000,0x0000000f95a00000)]
  0x000001444ce6c800 JavaThread "resolver-1" daemon [_thread_blocked, id=19796, stack(0x0000000f96000000,0x0000000f96100000)]
  0x000001444ce6d800 JavaThread "resolver-2" daemon [_thread_blocked, id=12844, stack(0x0000000f96100000,0x0000000f96200000)]
  0x000001444af03800 JavaThread "resolver-3" daemon [_thread_blocked, id=21484, stack(0x0000000f96200000,0x0000000f96300000)]
  0x000001444d45f800 JavaThread "resolver-4" daemon [_thread_blocked, id=23404, stack(0x0000000f96300000,0x0000000f96400000)]
  0x000001444d460800 JavaThread "resolver-5" daemon [_thread_blocked, id=21272, stack(0x0000000f96400000,0x0000000f96500000)]
  0x0000014451d12800 JavaThread "timeout-check-timer" daemon [_thread_blocked, id=23864, stack(0x0000000f96500000,0x0000000f96600000)]
  0x0000014451d13000 JavaThread "ping-timer-10s" daemon [_thread_blocked, id=2080, stack(0x0000000f96600000,0x0000000f96700000)]
  0x0000014451d11800 JavaThread "ThreadedStreamConsumer" daemon [_thread_blocked, id=1100, stack(0x0000000f96700000,0x0000000f96800000)]
  0x00000144517b6000 JavaThread "Thread-3" [_thread_blocked, id=14216, stack(0x0000000f96800000,0x0000000f96900000)]
  0x00000144517b5800 JavaThread "Thread-4" [_thread_in_native, id=23688, stack(0x0000000f96900000,0x0000000f96a00000)]
  0x00000144517b1800 JavaThread "Thread-5" [_thread_in_native, id=6336, stack(0x0000000f96a00000,0x0000000f96b00000)]

Other Threads:
  0x0000014449be1800 VMThread "VM Thread" [stack: 0x0000000f94e00000,0x0000000f94f00000] [id=6488]
  0x000001444a5d6000 WatcherThread [stack: 0x0000000f95800000,0x0000000f95900000] [id=16676]
  0x0000014424791000 GCTaskThread "GC Thread#0" [stack: 0x0000000f94900000,0x0000000f94a00000] [id=21532]
  0x000001444b013000 GCTaskThread "GC Thread#1" [stack: 0x0000000f95a00000,0x0000000f95b00000] [id=17956]
  0x000001444ad53000 GCTaskThread "GC Thread#2" [stack: 0x0000000f95b00000,0x0000000f95c00000] [id=11712]
  0x000001444b01a000 GCTaskThread "GC Thread#3" [stack: 0x0000000f95c00000,0x0000000f95d00000] [id=21808]
  0x00000144247b4800 ConcurrentGCThread "G1 Main Marker" [stack: 0x0000000f94a00000,0x0000000f94b00000] [id=13140]
  0x00000144247b6000 ConcurrentGCThread "G1 Conc#0" [stack: 0x0000000f94b00000,0x0000000f94c00000] [id=11408]
  0x0000014449acf800 ConcurrentGCThread "G1 Refine#0" [stack: 0x0000000f94c00000,0x0000000f94d00000] [id=9920]
  0x000001444de15000 ConcurrentGCThread "G1 Refine#1" [stack: 0x0000000f95e00000,0x0000000f95f00000] [id=20284]
  0x000001444de09000 ConcurrentGCThread "G1 Refine#2" [stack: 0x0000000f95d00000,0x0000000f95e00000] [id=21180]
  0x0000014449ad0800 ConcurrentGCThread "G1 Young RemSet Sampling" [stack: 0x0000000f94d00000,0x0000000f94e00000] [id=20144]

Threads with active compile tasks:
C2 CompilerThread0  1576523 9063       4       sun.nio.cs.UTF_8::updatePositions (23 bytes)

VM state:not at safepoint (normal execution)

VM Mutex/Monitor currently owned by a thread: None

Heap address: 0x0000000700000000, size: 4096 MB, Compressed Oops mode: Zero based, Oop shift amount: 3
Narrow klass base: 0x0000000800000000, Narrow klass shift: 3
Compressed class space size: 1073741824 Address: 0x0000000800b30000

Heap:
 garbage-first heap   total 291840K, used 173426K [0x0000000700000000, 0x0000000800000000)
  region size 1024K, 56 young (57344K), 5 survivors (5120K)
 Metaspace       used 32205K, capacity 33176K, committed 33480K, reserved 1079296K
  class space    used 3388K, capacity 3719K, committed 3840K, reserved 1048576K
Heap Regions: E=young(eden), S=young(survivor), O=old, HS=humongous(starts), HC=humongous(continues), CS=collection set, F=free, OA=open archive, CA=closed archive, TAMS=top-at-mark-start (previous, next)
|   0|0x0000000700000000, 0x0000000700100000, 0x0000000700100000|100%| O|  |TAMS 0x0000000700100000, 0x0000000700000000| Untracked 
|   1|0x0000000700100000, 0x0000000700200000, 0x0000000700200000|100%| O|  |TAMS 0x0000000700200000, 0x0000000700100000| Untracked 
|   2|0x0000000700200000, 0x0000000700300000, 0x0000000700300000|100%| O|  |TAMS 0x0000000700300000, 0x0000000700200000| Untracked 
|   3|0x0000000700300000, 0x0000000700400000, 0x0000000700400000|100%| O|  |TAMS 0x0000000700400000, 0x0000000700300000| Untracked 
|   4|0x0000000700400000, 0x0000000700500000, 0x0000000700500000|100%| O|  |TAMS 0x0000000700500000, 0x0000000700400000| Untracked 
|   5|0x0000000700500000, 0x0000000700600000, 0x0000000700600000|100%| O|  |TAMS 0x0000000700600000, 0x0000000700500000| Untracked 
|   6|0x0000000700600000, 0x0000000700700000, 0x0000000700700000|100%| O|  |TAMS 0x0000000700600000, 0x0000000700600000| Untracked 
|   7|0x0000000700700000, 0x0000000700800000, 0x0000000700800000|100%|HS|  |TAMS 0x0000000700700000, 0x0000000700700000| Complete 
|   8|0x0000000700800000, 0x0000000700900000, 0x0000000700900000|100%| O|  |TAMS 0x0000000700900000, 0x0000000700800000| Untracked 
|   9|0x0000000700900000, 0x0000000700a00000, 0x0000000700a00000|100%| O|  |TAMS 0x0000000700900000, 0x0000000700900000| Untracked 
|  10|0x0000000700a00000, 0x0000000700b00000, 0x0000000700b00000|100%| O|  |TAMS 0x0000000700b00000, 0x0000000700a00000| Untracked 
|  11|0x0000000700b00000, 0x0000000700c00000, 0x0000000700c00000|100%| O|  |TAMS 0x0000000700c00000, 0x0000000700b00000| Untracked 
|  12|0x0000000700c00000, 0x0000000700d00000, 0x0000000700d00000|100%| O|  |TAMS 0x0000000700d00000, 0x0000000700c00000| Untracked 
|  13|0x0000000700d00000, 0x0000000700e00000, 0x0000000700e00000|100%| O|  |TAMS 0x0000000700e00000, 0x0000000700d00000| Untracked 
|  14|0x0000000700e00000, 0x0000000700f00000, 0x0000000700f00000|100%| O|  |TAMS 0x0000000700f00000, 0x0000000700e00000| Untracked 
|  15|0x0000000700f00000, 0x0000000701000000, 0x0000000701000000|100%| O|  |TAMS 0x0000000701000000, 0x0000000700f00000| Untracked 
|  16|0x0000000701000000, 0x0000000701100000, 0x0000000701100000|100%| O|  |TAMS 0x0000000701100000, 0x0000000701000000| Untracked 
|  17|0x0000000701100000, 0x0000000701200000, 0x0000000701200000|100%| O|  |TAMS 0x0000000701200000, 0x0000000701100000| Untracked 
|  18|0x0000000701200000, 0x0000000701300000, 0x0000000701300000|100%| O|  |TAMS 0x0000000701200000, 0x0000000701200000| Untracked 
|  19|0x0000000701300000, 0x0000000701400000, 0x0000000701400000|100%|HS|  |TAMS 0x0000000701300000, 0x0000000701300000| Complete 
|  20|0x0000000701400000, 0x0000000701500000, 0x0000000701500000|100%| O|  |TAMS 0x0000000701400000, 0x0000000701400000| Untracked 
|  21|0x0000000701500000, 0x0000000701600000, 0x0000000701600000|100%| O|  |TAMS 0x0000000701500000, 0x0000000701500000| Untracked 
|  22|0x0000000701600000, 0x0000000701700000, 0x0000000701700000|100%| O|  |TAMS 0x0000000701600000, 0x0000000701600000| Untracked 
|  23|0x0000000701700000, 0x0000000701700000, 0x0000000701800000|  0%| F|  |TAMS 0x0000000701700000, 0x0000000701700000| Untracked 
|  24|0x0000000701800000, 0x0000000701900000, 0x0000000701900000|100%| O|  |TAMS 0x0000000701800000, 0x0000000701800000| Untracked 
|  25|0x0000000701900000, 0x0000000701900000, 0x0000000701a00000|  0%| F|  |TAMS 0x0000000701900000, 0x0000000701900000| Untracked 
|  26|0x0000000701a00000, 0x0000000701a00000, 0x0000000701b00000|  0%| F|  |TAMS 0x0000000701a00000, 0x0000000701a00000| Untracked 
|  27|0x0000000701b00000, 0x0000000701b00000, 0x0000000701c00000|  0%| F|  |TAMS 0x0000000701b00000, 0x0000000701b00000| Untracked 
|  28|0x0000000701c00000, 0x0000000701d00000, 0x0000000701d00000|100%|HS|  |TAMS 0x0000000701d00000, 0x0000000701c00000| Complete 
|  29|0x0000000701d00000, 0x0000000701e00000, 0x0000000701e00000|100%| O|  |TAMS 0x0000000701e00000, 0x0000000701d00000| Untracked 
|  30|0x0000000701e00000, 0x0000000701f00000, 0x0000000701f00000|100%| O|  |TAMS 0x0000000701f00000, 0x0000000701e00000| Untracked 
|  31|0x0000000701f00000, 0x0000000702000000, 0x0000000702000000|100%| O|  |TAMS 0x0000000701f00000, 0x0000000701f00000| Untracked 
|  32|0x0000000702000000, 0x0000000702100000, 0x0000000702100000|100%| O|  |TAMS 0x0000000702000000, 0x0000000702000000| Untracked 
|  33|0x0000000702100000, 0x0000000702200000, 0x0000000702200000|100%| O|  |TAMS 0x0000000702100000, 0x0000000702100000| Untracked 
|  34|0x0000000702200000, 0x0000000702300000, 0x0000000702300000|100%| O|  |TAMS 0x0000000702200000, 0x0000000702200000| Untracked 
|  35|0x0000000702300000, 0x0000000702400000, 0x0000000702400000|100%| O|  |TAMS 0x0000000702300000, 0x0000000702300000| Untracked 
|  36|0x0000000702400000, 0x0000000702500000, 0x0000000702500000|100%| O|  |TAMS 0x0000000702400000, 0x0000000702400000| Untracked 
|  37|0x0000000702500000, 0x0000000702600000, 0x0000000702600000|100%| O|  |TAMS 0x0000000702500000, 0x0000000702500000| Untracked 
|  38|0x0000000702600000, 0x0000000702700000, 0x0000000702700000|100%| O|  |TAMS 0x0000000702600000, 0x0000000702600000| Untracked 
|  39|0x0000000702700000, 0x0000000702800000, 0x0000000702800000|100%| O|  |TAMS 0x0000000702800000, 0x0000000702700000| Untracked 
|  40|0x0000000702800000, 0x0000000702900000, 0x0000000702900000|100%| O|  |TAMS 0x0000000702900000, 0x0000000702800000| Untracked 
|  41|0x0000000702900000, 0x0000000702a00000, 0x0000000702a00000|100%| O|  |TAMS 0x0000000702a00000, 0x0000000702900000| Untracked 
|  42|0x0000000702a00000, 0x0000000702b00000, 0x0000000702b00000|100%| O|  |TAMS 0x0000000702b00000, 0x0000000702a00000| Untracked 
|  43|0x0000000702b00000, 0x0000000702c00000, 0x0000000702c00000|100%| O|  |TAMS 0x0000000702b00000, 0x0000000702b00000| Untracked 
|  44|0x0000000702c00000, 0x0000000702d00000, 0x0000000702d00000|100%| O|  |TAMS 0x0000000702c00000, 0x0000000702c00000| Untracked 
|  45|0x0000000702d00000, 0x0000000702e00000, 0x0000000702e00000|100%| O|  |TAMS 0x0000000702d00000, 0x0000000702d00000| Untracked 
|  46|0x0000000702e00000, 0x0000000702f00000, 0x0000000702f00000|100%| O|  |TAMS 0x0000000702e00000, 0x0000000702e00000| Untracked 
|  47|0x0000000702f00000, 0x0000000703000000, 0x0000000703000000|100%| O|  |TAMS 0x0000000702f00000, 0x0000000702f00000| Untracked 
|  48|0x0000000703000000, 0x0000000703100000, 0x0000000703100000|100%| O|  |TAMS 0x0000000703000000, 0x0000000703000000| Untracked 
|  49|0x0000000703100000, 0x0000000703200000, 0x0000000703200000|100%| O|  |TAMS 0x0000000703200000, 0x0000000703100000| Untracked 
|  50|0x0000000703200000, 0x0000000703300000, 0x0000000703300000|100%| O|  |TAMS 0x0000000703200000, 0x0000000703200000| Untracked 
|  51|0x0000000703300000, 0x0000000703400000, 0x0000000703400000|100%| O|  |TAMS 0x0000000703300000, 0x0000000703300000| Untracked 
|  52|0x0000000703400000, 0x0000000703500000, 0x0000000703500000|100%| O|  |TAMS 0x0000000703400000, 0x0000000703400000| Untracked 
|  53|0x0000000703500000, 0x0000000703600000, 0x0000000703600000|100%| O|  |TAMS 0x0000000703500000, 0x0000000703500000| Untracked 
|  54|0x0000000703600000, 0x0000000703700000, 0x0000000703700000|100%| O|  |TAMS 0x0000000703700000, 0x0000000703600000| Untracked 
|  55|0x0000000703700000, 0x0000000703800000, 0x0000000703800000|100%| O|  |TAMS 0x0000000703800000, 0x0000000703700000| Untracked 
|  56|0x0000000703800000, 0x0000000703900000, 0x0000000703900000|100%| O|  |TAMS 0x0000000703800000, 0x0000000703800000| Untracked 
|  57|0x0000000703900000, 0x0000000703a00000, 0x0000000703a00000|100%| O|  |TAMS 0x0000000703900000, 0x0000000703900000| Untracked 
|  58|0x0000000703a00000, 0x0000000703b00000, 0x0000000703b00000|100%| O|  |TAMS 0x0000000703a00000, 0x0000000703a00000| Untracked 
|  59|0x0000000703b00000, 0x0000000703c00000, 0x0000000703c00000|100%| O|  |TAMS 0x0000000703b00000, 0x0000000703b00000| Untracked 
|  60|0x0000000703c00000, 0x0000000703d00000, 0x0000000703d00000|100%| O|  |TAMS 0x0000000703c00000, 0x0000000703c00000| Untracked 
|  61|0x0000000703d00000, 0x0000000703e00000, 0x0000000703e00000|100%| O|  |TAMS 0x0000000703d00000, 0x0000000703d00000| Untracked 
|  62|0x0000000703e00000, 0x0000000703f00000, 0x0000000703f00000|100%| O|  |TAMS 0x0000000703e00000, 0x0000000703e00000| Untracked 
|  63|0x0000000703f00000, 0x0000000704000000, 0x0000000704000000|100%| O|  |TAMS 0x0000000703f00000, 0x0000000703f00000| Untracked 
|  64|0x0000000704000000, 0x0000000704100000, 0x0000000704100000|100%| O|  |TAMS 0x0000000704000000, 0x0000000704000000| Untracked 
|  65|0x0000000704100000, 0x0000000704200000, 0x0000000704200000|100%| O|  |TAMS 0x0000000704100000, 0x0000000704100000| Untracked 
|  66|0x0000000704200000, 0x0000000704300000, 0x0000000704300000|100%| O|  |TAMS 0x0000000704200000, 0x0000000704200000| Untracked 
|  67|0x0000000704300000, 0x0000000704400000, 0x0000000704400000|100%| O|  |TAMS 0x0000000704400000, 0x0000000704300000| Untracked 
|  68|0x0000000704400000, 0x0000000704500000, 0x0000000704500000|100%| O|  |TAMS 0x0000000704400000, 0x0000000704400000| Untracked 
|  69|0x0000000704500000, 0x0000000704600000, 0x0000000704600000|100%| O|  |TAMS 0x0000000704500000, 0x0000000704500000| Untracked 
|  70|0x0000000704600000, 0x0000000704700000, 0x0000000704700000|100%| O|  |TAMS 0x0000000704600000, 0x0000000704600000| Untracked 
|  71|0x0000000704700000, 0x0000000704800000, 0x0000000704800000|100%| O|  |TAMS 0x0000000704700000, 0x0000000704700000| Untracked 
|  72|0x0000000704800000, 0x0000000704900000, 0x0000000704900000|100%| O|  |TAMS 0x0000000704800000, 0x0000000704800000| Untracked 
|  73|0x0000000704900000, 0x0000000704a00000, 0x0000000704a00000|100%| O|  |TAMS 0x0000000704a00000, 0x0000000704900000| Untracked 
|  74|0x0000000704a00000, 0x0000000704b00000, 0x0000000704b00000|100%| O|  |TAMS 0x0000000704a00000, 0x0000000704a00000| Untracked 
|  75|0x0000000704b00000, 0x0000000704c00000, 0x0000000704c00000|100%| O|  |TAMS 0x0000000704b00000, 0x0000000704b00000| Untracked 
|  76|0x0000000704c00000, 0x0000000704d00000, 0x0000000704d00000|100%| O|  |TAMS 0x0000000704c00000, 0x0000000704c00000| Untracked 
|  77|0x0000000704d00000, 0x0000000704e00000, 0x0000000704e00000|100%|HS|  |TAMS 0x0000000704d00000, 0x0000000704d00000| Complete 
|  78|0x0000000704e00000, 0x0000000704f00000, 0x0000000704f00000|100%|HC|  |TAMS 0x0000000704e00000, 0x0000000704e00000| Complete 
|  79|0x0000000704f00000, 0x0000000705000000, 0x0000000705000000|100%| O|  |TAMS 0x0000000704f00000, 0x0000000704f00000| Untracked 
|  80|0x0000000705000000, 0x0000000705100000, 0x0000000705100000|100%| O|  |TAMS 0x0000000705000000, 0x0000000705000000| Untracked 
|  81|0x0000000705100000, 0x0000000705200000, 0x0000000705200000|100%| O|  |TAMS 0x0000000705100000, 0x0000000705100000| Untracked 
|  82|0x0000000705200000, 0x0000000705300000, 0x0000000705300000|100%|HS|  |TAMS 0x0000000705200000, 0x0000000705200000| Complete 
|  83|0x0000000705300000, 0x0000000705400000, 0x0000000705400000|100%|HC|  |TAMS 0x0000000705300000, 0x0000000705300000| Complete 
|  84|0x0000000705400000, 0x0000000705500000, 0x0000000705500000|100%| O|  |TAMS 0x0000000705400000, 0x0000000705400000| Untracked 
|  85|0x0000000705500000, 0x0000000705600000, 0x0000000705600000|100%| O|  |TAMS 0x0000000705500000, 0x0000000705500000| Untracked 
|  86|0x0000000705600000, 0x0000000705700000, 0x0000000705700000|100%| O|  |TAMS 0x0000000705600000, 0x0000000705600000| Untracked 
|  87|0x0000000705700000, 0x0000000705800000, 0x0000000705800000|100%| O|  |TAMS 0x0000000705700000, 0x0000000705700000| Untracked 
|  88|0x0000000705800000, 0x0000000705900000, 0x0000000705900000|100%| O|  |TAMS 0x0000000705800000, 0x0000000705800000| Untracked 
|  89|0x0000000705900000, 0x0000000705a00000, 0x0000000705a00000|100%| O|  |TAMS 0x0000000705900000, 0x0000000705900000| Untracked 
|  90|0x0000000705a00000, 0x0000000705b00000, 0x0000000705b00000|100%| O|  |TAMS 0x0000000705a00000, 0x0000000705a00000| Untracked 
|  91|0x0000000705b00000, 0x0000000705c00000, 0x0000000705c00000|100%| O|  |TAMS 0x0000000705b00000, 0x0000000705b00000| Untracked 
|  92|0x0000000705c00000, 0x0000000705c00000, 0x0000000705d00000|  0%| F|  |TAMS 0x0000000705c00000, 0x0000000705c00000| Untracked 
|  93|0x0000000705d00000, 0x0000000705e00000, 0x0000000705e00000|100%| O|  |TAMS 0x0000000705e00000, 0x0000000705d00000| Untracked 
|  94|0x0000000705e00000, 0x0000000705e6d600, 0x0000000705f00000| 42%| O|  |TAMS 0x0000000705e00000, 0x0000000705e00000| Untracked 
|  95|0x0000000705f00000, 0x0000000705f00000, 0x0000000706000000|  0%| F|  |TAMS 0x0000000705f00000, 0x0000000705f00000| Untracked 
|  96|0x0000000706000000, 0x0000000706100000, 0x0000000706100000|100%| O|  |TAMS 0x0000000706100000, 0x0000000706000000| Untracked 
|  97|0x0000000706100000, 0x0000000706200000, 0x0000000706200000|100%| O|  |TAMS 0x0000000706200000, 0x0000000706100000| Untracked 
|  98|0x0000000706200000, 0x0000000706300000, 0x0000000706300000|100%| O|  |TAMS 0x0000000706300000, 0x0000000706200000| Untracked 
|  99|0x0000000706300000, 0x0000000706300000, 0x0000000706400000|  0%| F|  |TAMS 0x0000000706300000, 0x0000000706300000| Untracked 
| 100|0x0000000706400000, 0x0000000706500000, 0x0000000706500000|100%| O|  |TAMS 0x0000000706500000, 0x0000000706400000| Untracked 
| 101|0x0000000706500000, 0x0000000706600000, 0x0000000706600000|100%| O|  |TAMS 0x0000000706600000, 0x0000000706500000| Untracked 
| 102|0x0000000706600000, 0x0000000706700000, 0x0000000706700000|100%| O|  |TAMS 0x0000000706700000, 0x0000000706600000| Untracked 
| 103|0x0000000706700000, 0x0000000706800000, 0x0000000706800000|100%| O|  |TAMS 0x0000000706800000, 0x0000000706700000| Untracked 
| 104|0x0000000706800000, 0x0000000706900000, 0x0000000706900000|100%| O|  |TAMS 0x0000000706900000, 0x0000000706800000| Untracked 
| 105|0x0000000706900000, 0x0000000706a00000, 0x0000000706a00000|100%| O|  |TAMS 0x0000000706a00000, 0x0000000706900000| Untracked 
| 106|0x0000000706a00000, 0x0000000706b00000, 0x0000000706b00000|100%| O|  |TAMS 0x0000000706b00000, 0x0000000706a00000| Untracked 
| 107|0x0000000706b00000, 0x0000000706c00000, 0x0000000706c00000|100%| O|  |TAMS 0x0000000706c00000, 0x0000000706b00000| Untracked 
| 108|0x0000000706c00000, 0x0000000706d00000, 0x0000000706d00000|100%| O|  |TAMS 0x0000000706d00000, 0x0000000706c00000| Untracked 
| 109|0x0000000706d00000, 0x0000000706e00000, 0x0000000706e00000|100%| O|  |TAMS 0x0000000706e00000, 0x0000000706d00000| Untracked 
| 110|0x0000000706e00000, 0x0000000706f00000, 0x0000000706f00000|100%| O|  |TAMS 0x0000000706f00000, 0x0000000706e00000| Untracked 
| 111|0x0000000706f00000, 0x0000000707000000, 0x0000000707000000|100%| O|  |TAMS 0x0000000707000000, 0x0000000706f00000| Untracked 
| 112|0x0000000707000000, 0x0000000707100000, 0x0000000707100000|100%| O|  |TAMS 0x0000000707100000, 0x0000000707000000| Untracked 
| 113|0x0000000707100000, 0x0000000707100000, 0x0000000707200000|  0%| F|  |TAMS 0x0000000707100000, 0x0000000707100000| Untracked 
| 114|0x0000000707200000, 0x0000000707200000, 0x0000000707300000|  0%| F|  |TAMS 0x0000000707200000, 0x0000000707200000| Untracked 
| 115|0x0000000707300000, 0x0000000707300000, 0x0000000707400000|  0%| F|  |TAMS 0x0000000707300000, 0x0000000707300000| Untracked 
| 116|0x0000000707400000, 0x0000000707400000, 0x0000000707500000|  0%| F|  |TAMS 0x0000000707400000, 0x0000000707400000| Untracked 
| 117|0x0000000707500000, 0x0000000707500000, 0x0000000707600000|  0%| F|  |TAMS 0x0000000707500000, 0x0000000707500000| Untracked 
| 118|0x0000000707600000, 0x0000000707700000, 0x0000000707700000|100%| O|  |TAMS 0x0000000707700000, 0x0000000707600000| Untracked 
| 119|0x0000000707700000, 0x0000000707700000, 0x0000000707800000|  0%| F|  |TAMS 0x0000000707700000, 0x0000000707700000| Untracked 
| 120|0x0000000707800000, 0x0000000707800000, 0x0000000707900000|  0%| F|  |TAMS 0x0000000707800000, 0x0000000707800000| Untracked 
| 121|0x0000000707900000, 0x0000000707900000, 0x0000000707a00000|  0%| F|  |TAMS 0x0000000707900000, 0x0000000707900000| Untracked 
| 122|0x0000000707a00000, 0x0000000707a00000, 0x0000000707b00000|  0%| F|  |TAMS 0x0000000707a00000, 0x0000000707a00000| Untracked 
| 123|0x0000000707b00000, 0x0000000707b00000, 0x0000000707c00000|  0%| F|  |TAMS 0x0000000707b00000, 0x0000000707b00000| Untracked 
| 124|0x0000000707c00000, 0x0000000707c00000, 0x0000000707d00000|  0%| F|  |TAMS 0x0000000707c00000, 0x0000000707c00000| Untracked 
| 125|0x0000000707d00000, 0x0000000707d00000, 0x0000000707e00000|  0%| F|  |TAMS 0x0000000707d00000, 0x0000000707d00000| Untracked 
| 126|0x0000000707e00000, 0x0000000707e00000, 0x0000000707f00000|  0%| F|  |TAMS 0x0000000707e00000, 0x0000000707e00000| Untracked 
| 127|0x0000000707f00000, 0x0000000707f00000, 0x0000000708000000|  0%| F|  |TAMS 0x0000000707f00000, 0x0000000707f00000| Untracked 
| 128|0x0000000708000000, 0x0000000708000000, 0x0000000708100000|  0%| F|  |TAMS 0x0000000708000000, 0x0000000708000000| Untracked 
| 129|0x0000000708100000, 0x0000000708100000, 0x0000000708200000|  0%| F|  |TAMS 0x0000000708100000, 0x0000000708100000| Untracked 
| 130|0x0000000708200000, 0x0000000708200000, 0x0000000708300000|  0%| F|  |TAMS 0x0000000708200000, 0x0000000708200000| Untracked 
| 131|0x0000000708300000, 0x0000000708300000, 0x0000000708400000|  0%| F|  |TAMS 0x0000000708300000, 0x0000000708300000| Untracked 
| 132|0x0000000708400000, 0x0000000708400000, 0x0000000708500000|  0%| F|  |TAMS 0x0000000708400000, 0x0000000708400000| Untracked 
| 133|0x0000000708500000, 0x0000000708500000, 0x0000000708600000|  0%| F|  |TAMS 0x0000000708500000, 0x0000000708500000| Untracked 
| 134|0x0000000708600000, 0x0000000708600000, 0x0000000708700000|  0%| F|  |TAMS 0x0000000708600000, 0x0000000708600000| Untracked 
| 135|0x0000000708700000, 0x0000000708700000, 0x0000000708800000|  0%| F|  |TAMS 0x0000000708700000, 0x0000000708700000| Untracked 
| 136|0x0000000708800000, 0x0000000708800000, 0x0000000708900000|  0%| F|  |TAMS 0x0000000708800000, 0x0000000708800000| Untracked 
| 137|0x0000000708900000, 0x0000000708900000, 0x0000000708a00000|  0%| F|  |TAMS 0x0000000708900000, 0x0000000708900000| Untracked 
| 138|0x0000000708a00000, 0x0000000708a00000, 0x0000000708b00000|  0%| F|  |TAMS 0x0000000708a00000, 0x0000000708a00000| Untracked 
| 139|0x0000000708b00000, 0x0000000708b00000, 0x0000000708c00000|  0%| F|  |TAMS 0x0000000708b00000, 0x0000000708b00000| Untracked 
| 140|0x0000000708c00000, 0x0000000708c00000, 0x0000000708d00000|  0%| F|  |TAMS 0x0000000708c00000, 0x0000000708c00000| Untracked 
| 141|0x0000000708d00000, 0x0000000708d00000, 0x0000000708e00000|  0%| F|  |TAMS 0x0000000708d00000, 0x0000000708d00000| Untracked 
| 142|0x0000000708e00000, 0x0000000708e00000, 0x0000000708f00000|  0%| F|  |TAMS 0x0000000708e00000, 0x0000000708e00000| Untracked 
| 143|0x0000000708f00000, 0x0000000708f00000, 0x0000000709000000|  0%| F|  |TAMS 0x0000000708f00000, 0x0000000708f00000| Untracked 
| 144|0x0000000709000000, 0x0000000709000000, 0x0000000709100000|  0%| F|  |TAMS 0x0000000709000000, 0x0000000709000000| Untracked 
| 145|0x0000000709100000, 0x0000000709100000, 0x0000000709200000|  0%| F|  |TAMS 0x0000000709100000, 0x0000000709100000| Untracked 
| 146|0x0000000709200000, 0x0000000709200000, 0x0000000709300000|  0%| F|  |TAMS 0x0000000709200000, 0x0000000709200000| Untracked 
| 147|0x0000000709300000, 0x0000000709300000, 0x0000000709400000|  0%| F|  |TAMS 0x0000000709300000, 0x0000000709300000| Untracked 
| 148|0x0000000709400000, 0x0000000709400000, 0x0000000709500000|  0%| F|  |TAMS 0x0000000709400000, 0x0000000709400000| Untracked 
| 149|0x0000000709500000, 0x0000000709500000, 0x0000000709600000|  0%| F|  |TAMS 0x0000000709500000, 0x0000000709500000| Untracked 
| 150|0x0000000709600000, 0x0000000709600000, 0x0000000709700000|  0%| F|  |TAMS 0x0000000709600000, 0x0000000709600000| Untracked 
| 151|0x0000000709700000, 0x0000000709700000, 0x0000000709800000|  0%| F|  |TAMS 0x0000000709700000, 0x0000000709700000| Untracked 
| 152|0x0000000709800000, 0x0000000709800000, 0x0000000709900000|  0%| F|  |TAMS 0x0000000709800000, 0x0000000709800000| Untracked 
| 153|0x0000000709900000, 0x0000000709900000, 0x0000000709a00000|  0%| F|  |TAMS 0x0000000709900000, 0x0000000709900000| Untracked 
| 154|0x0000000709a00000, 0x0000000709a00000, 0x0000000709b00000|  0%| F|  |TAMS 0x0000000709a00000, 0x0000000709a00000| Untracked 
| 155|0x0000000709b00000, 0x0000000709b00000, 0x0000000709c00000|  0%| F|  |TAMS 0x0000000709b00000, 0x0000000709b00000| Untracked 
| 156|0x0000000709c00000, 0x0000000709c00000, 0x0000000709d00000|  0%| F|  |TAMS 0x0000000709c00000, 0x0000000709c00000| Untracked 
| 157|0x0000000709d00000, 0x0000000709d00000, 0x0000000709e00000|  0%| F|  |TAMS 0x0000000709d00000, 0x0000000709d00000| Untracked 
| 158|0x0000000709e00000, 0x0000000709e00000, 0x0000000709f00000|  0%| F|  |TAMS 0x0000000709e00000, 0x0000000709e00000| Untracked 
| 159|0x0000000709f00000, 0x0000000709f00000, 0x000000070a000000|  0%| F|  |TAMS 0x0000000709f00000, 0x0000000709f00000| Untracked 
| 160|0x000000070a000000, 0x000000070a000000, 0x000000070a100000|  0%| F|  |TAMS 0x000000070a000000, 0x000000070a000000| Untracked 
| 161|0x000000070a100000, 0x000000070a100000, 0x000000070a200000|  0%| F|  |TAMS 0x000000070a100000, 0x000000070a100000| Untracked 
| 162|0x000000070a200000, 0x000000070a200000, 0x000000070a300000|  0%| F|  |TAMS 0x000000070a200000, 0x000000070a200000| Untracked 
| 163|0x000000070a300000, 0x000000070a300000, 0x000000070a400000|  0%| F|  |TAMS 0x000000070a300000, 0x000000070a300000| Untracked 
| 164|0x000000070a400000, 0x000000070a400000, 0x000000070a500000|  0%| F|  |TAMS 0x000000070a400000, 0x000000070a400000| Untracked 
| 165|0x000000070a500000, 0x000000070a500000, 0x000000070a600000|  0%| F|  |TAMS 0x000000070a500000, 0x000000070a500000| Untracked 
| 166|0x000000070a600000, 0x000000070a600000, 0x000000070a700000|  0%| F|  |TAMS 0x000000070a600000, 0x000000070a600000| Untracked 
| 167|0x000000070a700000, 0x000000070a700000, 0x000000070a800000|  0%| F|  |TAMS 0x000000070a700000, 0x000000070a700000| Untracked 
| 168|0x000000070a800000, 0x000000070a800000, 0x000000070a900000|  0%| F|  |TAMS 0x000000070a800000, 0x000000070a800000| Untracked 
| 169|0x000000070a900000, 0x000000070a900000, 0x000000070aa00000|  0%| F|  |TAMS 0x000000070a900000, 0x000000070a900000| Untracked 
| 170|0x000000070aa00000, 0x000000070aa00000, 0x000000070ab00000|  0%| F|  |TAMS 0x000000070aa00000, 0x000000070aa00000| Untracked 
| 171|0x000000070ab00000, 0x000000070ab00000, 0x000000070ac00000|  0%| F|  |TAMS 0x000000070ab00000, 0x000000070ab00000| Untracked 
| 172|0x000000070ac00000, 0x000000070ac00000, 0x000000070ad00000|  0%| F|  |TAMS 0x000000070ac00000, 0x000000070ac00000| Untracked 
| 173|0x000000070ad00000, 0x000000070ad00000, 0x000000070ae00000|  0%| F|  |TAMS 0x000000070ad00000, 0x000000070ad00000| Untracked 
| 174|0x000000070ae00000, 0x000000070ae00000, 0x000000070af00000|  0%| F|  |TAMS 0x000000070ae00000, 0x000000070ae00000| Untracked 
| 175|0x000000070af00000, 0x000000070af00000, 0x000000070b000000|  0%| F|  |TAMS 0x000000070af00000, 0x000000070af00000| Untracked 
| 176|0x000000070b000000, 0x000000070b000000, 0x000000070b100000|  0%| F|  |TAMS 0x000000070b000000, 0x000000070b000000| Untracked 
| 177|0x000000070b100000, 0x000000070b100000, 0x000000070b200000|  0%| F|  |TAMS 0x000000070b100000, 0x000000070b100000| Untracked 
| 178|0x000000070b200000, 0x000000070b200000, 0x000000070b300000|  0%| F|  |TAMS 0x000000070b200000, 0x000000070b200000| Untracked 
| 179|0x000000070b300000, 0x000000070b300000, 0x000000070b400000|  0%| F|  |TAMS 0x000000070b300000, 0x000000070b300000| Untracked 
| 180|0x000000070b400000, 0x000000070b400000, 0x000000070b500000|  0%| F|  |TAMS 0x000000070b400000, 0x000000070b400000| Untracked 
| 181|0x000000070b500000, 0x000000070b500000, 0x000000070b600000|  0%| F|  |TAMS 0x000000070b500000, 0x000000070b500000| Untracked 
| 182|0x000000070b600000, 0x000000070b600000, 0x000000070b700000|  0%| F|  |TAMS 0x000000070b600000, 0x000000070b600000| Untracked 
| 183|0x000000070b700000, 0x000000070b700000, 0x000000070b800000|  0%| F|  |TAMS 0x000000070b700000, 0x000000070b700000| Untracked 
| 184|0x000000070b800000, 0x000000070b800000, 0x000000070b900000|  0%| F|  |TAMS 0x000000070b800000, 0x000000070b800000| Untracked 
| 185|0x000000070b900000, 0x000000070b900000, 0x000000070ba00000|  0%| F|  |TAMS 0x000000070b900000, 0x000000070b900000| Untracked 
| 186|0x000000070ba00000, 0x000000070ba00000, 0x000000070bb00000|  0%| F|  |TAMS 0x000000070ba00000, 0x000000070ba00000| Untracked 
| 187|0x000000070bb00000, 0x000000070bb00000, 0x000000070bc00000|  0%| F|  |TAMS 0x000000070bb00000, 0x000000070bb00000| Untracked 
| 188|0x000000070bc00000, 0x000000070bc00000, 0x000000070bd00000|  0%| F|  |TAMS 0x000000070bc00000, 0x000000070bc00000| Untracked 
| 189|0x000000070bd00000, 0x000000070bd00000, 0x000000070be00000|  0%| F|  |TAMS 0x000000070bd00000, 0x000000070bd00000| Untracked 
| 190|0x000000070be00000, 0x000000070be00000, 0x000000070bf00000|  0%| F|  |TAMS 0x000000070be00000, 0x000000070be00000| Untracked 
| 191|0x000000070bf00000, 0x000000070bf00000, 0x000000070c000000|  0%| F|  |TAMS 0x000000070bf00000, 0x000000070bf00000| Untracked 
| 192|0x000000070c000000, 0x000000070c000000, 0x000000070c100000|  0%| F|  |TAMS 0x000000070c000000, 0x000000070c000000| Untracked 
| 193|0x000000070c100000, 0x000000070c100000, 0x000000070c200000|  0%| F|  |TAMS 0x000000070c100000, 0x000000070c100000| Untracked 
| 194|0x000000070c200000, 0x000000070c200000, 0x000000070c300000|  0%| F|  |TAMS 0x000000070c200000, 0x000000070c200000| Untracked 
| 195|0x000000070c300000, 0x000000070c300000, 0x000000070c400000|  0%| F|  |TAMS 0x000000070c300000, 0x000000070c300000| Untracked 
| 196|0x000000070c400000, 0x000000070c400000, 0x000000070c500000|  0%| F|  |TAMS 0x000000070c400000, 0x000000070c400000| Untracked 
| 197|0x000000070c500000, 0x000000070c500000, 0x000000070c600000|  0%| F|  |TAMS 0x000000070c500000, 0x000000070c500000| Untracked 
| 198|0x000000070c600000, 0x000000070c600000, 0x000000070c700000|  0%| F|  |TAMS 0x000000070c600000, 0x000000070c600000| Untracked 
| 199|0x000000070c700000, 0x000000070c700000, 0x000000070c800000|  0%| F|  |TAMS 0x000000070c700000, 0x000000070c700000| Untracked 
| 200|0x000000070c800000, 0x000000070c800000, 0x000000070c900000|  0%| F|  |TAMS 0x000000070c800000, 0x000000070c800000| Untracked 
| 201|0x000000070c900000, 0x000000070c900000, 0x000000070ca00000|  0%| F|  |TAMS 0x000000070c900000, 0x000000070c900000| Untracked 
| 202|0x000000070ca00000, 0x000000070ca00000, 0x000000070cb00000|  0%| F|  |TAMS 0x000000070ca00000, 0x000000070ca00000| Untracked 
| 203|0x000000070cb00000, 0x000000070cb00000, 0x000000070cc00000|  0%| F|  |TAMS 0x000000070cb00000, 0x000000070cb00000| Untracked 
| 204|0x000000070cc00000, 0x000000070cc00000, 0x000000070cd00000|  0%| F|  |TAMS 0x000000070cc00000, 0x000000070cc00000| Untracked 
| 205|0x000000070cd00000, 0x000000070cd00000, 0x000000070ce00000|  0%| F|  |TAMS 0x000000070cd00000, 0x000000070cd00000| Untracked 
| 206|0x000000070ce00000, 0x000000070ce00000, 0x000000070cf00000|  0%| F|  |TAMS 0x000000070ce00000, 0x000000070ce00000| Untracked 
| 207|0x000000070cf00000, 0x000000070cfef4d8, 0x000000070d000000| 93%| S|CS|TAMS 0x000000070cf00000, 0x000000070cf00000| Complete 
| 208|0x000000070d000000, 0x000000070d100000, 0x000000070d100000|100%| S|CS|TAMS 0x000000070d000000, 0x000000070d000000| Complete 
| 209|0x000000070d100000, 0x000000070d200000, 0x000000070d200000|100%| S|CS|TAMS 0x000000070d100000, 0x000000070d100000| Complete 
| 210|0x000000070d200000, 0x000000070d300000, 0x000000070d300000|100%| S|CS|TAMS 0x000000070d200000, 0x000000070d200000| Complete 
| 211|0x000000070d300000, 0x000000070d400000, 0x000000070d400000|100%| S|CS|TAMS 0x000000070d300000, 0x000000070d300000| Complete 
| 212|0x000000070d400000, 0x000000070d400000, 0x000000070d500000|  0%| F|  |TAMS 0x000000070d400000, 0x000000070d400000| Untracked 
| 213|0x000000070d500000, 0x000000070d500000, 0x000000070d600000|  0%| F|  |TAMS 0x000000070d500000, 0x000000070d500000| Untracked 
| 214|0x000000070d600000, 0x000000070d600000, 0x000000070d700000|  0%| F|  |TAMS 0x000000070d600000, 0x000000070d600000| Untracked 
| 215|0x000000070d700000, 0x000000070d700000, 0x000000070d800000|  0%| F|  |TAMS 0x000000070d700000, 0x000000070d700000| Untracked 
| 216|0x000000070d800000, 0x000000070d800000, 0x000000070d900000|  0%| F|  |TAMS 0x000000070d800000, 0x000000070d800000| Untracked 
| 217|0x000000070d900000, 0x000000070d900000, 0x000000070da00000|  0%| F|  |TAMS 0x000000070d900000, 0x000000070d900000| Untracked 
| 218|0x000000070da00000, 0x000000070da00000, 0x000000070db00000|  0%| F|  |TAMS 0x000000070da00000, 0x000000070da00000| Untracked 
| 219|0x000000070db00000, 0x000000070db00000, 0x000000070dc00000|  0%| F|  |TAMS 0x000000070db00000, 0x000000070db00000| Untracked 
| 220|0x000000070dc00000, 0x000000070dc00000, 0x000000070dd00000|  0%| F|  |TAMS 0x000000070dc00000, 0x000000070dc00000| Untracked 
| 221|0x000000070dd00000, 0x000000070dd00000, 0x000000070de00000|  0%| F|  |TAMS 0x000000070dd00000, 0x000000070dd00000| Untracked 
| 222|0x000000070de00000, 0x000000070de00000, 0x000000070df00000|  0%| F|  |TAMS 0x000000070de00000, 0x000000070de00000| Untracked 
| 223|0x000000070df00000, 0x000000070df00000, 0x000000070e000000|  0%| F|  |TAMS 0x000000070df00000, 0x000000070df00000| Untracked 
| 224|0x000000070e000000, 0x000000070e000000, 0x000000070e100000|  0%| F|  |TAMS 0x000000070e000000, 0x000000070e000000| Untracked 
| 225|0x000000070e100000, 0x000000070e100000, 0x000000070e200000|  0%| F|  |TAMS 0x000000070e100000, 0x000000070e100000| Untracked 
| 226|0x000000070e200000, 0x000000070e280800, 0x000000070e300000| 50%| E|  |TAMS 0x000000070e200000, 0x000000070e200000| Complete 
| 227|0x000000070e300000, 0x000000070e400000, 0x000000070e400000|100%| E|CS|TAMS 0x000000070e300000, 0x000000070e300000| Complete 
| 228|0x000000070e400000, 0x000000070e500000, 0x000000070e500000|100%| E|CS|TAMS 0x000000070e400000, 0x000000070e400000| Complete 
| 229|0x000000070e500000, 0x000000070e600000, 0x000000070e600000|100%| E|CS|TAMS 0x000000070e500000, 0x000000070e500000| Complete 
| 230|0x000000070e600000, 0x000000070e700000, 0x000000070e700000|100%| E|CS|TAMS 0x000000070e600000, 0x000000070e600000| Complete 
| 231|0x000000070e700000, 0x000000070e800000, 0x000000070e800000|100%| E|CS|TAMS 0x000000070e700000, 0x000000070e700000| Complete 
| 232|0x000000070e800000, 0x000000070e900000, 0x000000070e900000|100%| E|CS|TAMS 0x000000070e800000, 0x000000070e800000| Complete 
| 233|0x000000070e900000, 0x000000070ea00000, 0x000000070ea00000|100%| E|CS|TAMS 0x000000070e900000, 0x000000070e900000| Complete 
| 234|0x000000070ea00000, 0x000000070eb00000, 0x000000070eb00000|100%| E|CS|TAMS 0x000000070ea00000, 0x000000070ea00000| Complete 
| 235|0x000000070eb00000, 0x000000070ec00000, 0x000000070ec00000|100%| E|CS|TAMS 0x000000070eb00000, 0x000000070eb00000| Complete 
| 236|0x000000070ec00000, 0x000000070ed00000, 0x000000070ed00000|100%| E|CS|TAMS 0x000000070ec00000, 0x000000070ec00000| Complete 
| 237|0x000000070ed00000, 0x000000070ee00000, 0x000000070ee00000|100%| E|CS|TAMS 0x000000070ed00000, 0x000000070ed00000| Complete 
| 238|0x000000070ee00000, 0x000000070ef00000, 0x000000070ef00000|100%| E|CS|TAMS 0x000000070ee00000, 0x000000070ee00000| Complete 
| 239|0x000000070ef00000, 0x000000070f000000, 0x000000070f000000|100%| E|CS|TAMS 0x000000070ef00000, 0x000000070ef00000| Complete 
| 240|0x000000070f000000, 0x000000070f100000, 0x000000070f100000|100%| E|CS|TAMS 0x000000070f000000, 0x000000070f000000| Complete 
| 241|0x000000070f100000, 0x000000070f200000, 0x000000070f200000|100%| E|CS|TAMS 0x000000070f100000, 0x000000070f100000| Complete 
| 242|0x000000070f200000, 0x000000070f300000, 0x000000070f300000|100%| E|CS|TAMS 0x000000070f200000, 0x000000070f200000| Complete 
| 243|0x000000070f300000, 0x000000070f400000, 0x000000070f400000|100%| E|CS|TAMS 0x000000070f300000, 0x000000070f300000| Complete 
| 244|0x000000070f400000, 0x000000070f500000, 0x000000070f500000|100%| E|CS|TAMS 0x000000070f400000, 0x000000070f400000| Complete 
| 245|0x000000070f500000, 0x000000070f600000, 0x000000070f600000|100%| E|CS|TAMS 0x000000070f500000, 0x000000070f500000| Complete 
| 246|0x000000070f600000, 0x000000070f700000, 0x000000070f700000|100%| E|CS|TAMS 0x000000070f600000, 0x000000070f600000| Complete 
| 247|0x000000070f700000, 0x000000070f800000, 0x000000070f800000|100%| E|CS|TAMS 0x000000070f700000, 0x000000070f700000| Complete 
| 248|0x000000070f800000, 0x000000070f900000, 0x000000070f900000|100%| E|CS|TAMS 0x000000070f800000, 0x000000070f800000| Complete 
| 249|0x000000070f900000, 0x000000070fa00000, 0x000000070fa00000|100%| E|CS|TAMS 0x000000070f900000, 0x000000070f900000| Complete 
| 250|0x000000070fa00000, 0x000000070fb00000, 0x000000070fb00000|100%| E|CS|TAMS 0x000000070fa00000, 0x000000070fa00000| Complete 
| 251|0x000000070fb00000, 0x000000070fc00000, 0x000000070fc00000|100%| E|CS|TAMS 0x000000070fb00000, 0x000000070fb00000| Complete 
| 252|0x000000070fc00000, 0x000000070fd00000, 0x000000070fd00000|100%| E|CS|TAMS 0x000000070fc00000, 0x000000070fc00000| Complete 
| 253|0x000000070fd00000, 0x000000070fe00000, 0x000000070fe00000|100%| E|CS|TAMS 0x000000070fd00000, 0x000000070fd00000| Complete 
| 254|0x000000070fe00000, 0x000000070ff00000, 0x000000070ff00000|100%| E|CS|TAMS 0x000000070fe00000, 0x000000070fe00000| Complete 
| 255|0x000000070ff00000, 0x0000000710000000, 0x0000000710000000|100%| E|CS|TAMS 0x000000070ff00000, 0x000000070ff00000| Complete 
| 256|0x0000000710000000, 0x0000000710100000, 0x0000000710100000|100%| E|CS|TAMS 0x0000000710000000, 0x0000000710000000| Complete 
| 257|0x0000000710100000, 0x0000000710200000, 0x0000000710200000|100%| E|CS|TAMS 0x0000000710100000, 0x0000000710100000| Complete 
| 258|0x0000000710200000, 0x0000000710300000, 0x0000000710300000|100%| E|CS|TAMS 0x0000000710200000, 0x0000000710200000| Complete 
| 259|0x0000000710300000, 0x0000000710400000, 0x0000000710400000|100%| E|CS|TAMS 0x0000000710300000, 0x0000000710300000| Complete 
| 260|0x0000000710400000, 0x0000000710500000, 0x0000000710500000|100%| E|CS|TAMS 0x0000000710400000, 0x0000000710400000| Complete 
| 261|0x0000000710500000, 0x0000000710600000, 0x0000000710600000|100%| E|CS|TAMS 0x0000000710500000, 0x0000000710500000| Complete 
| 262|0x0000000710600000, 0x0000000710700000, 0x0000000710700000|100%| E|CS|TAMS 0x0000000710600000, 0x0000000710600000| Complete 
| 263|0x0000000710700000, 0x0000000710800000, 0x0000000710800000|100%| E|CS|TAMS 0x0000000710700000, 0x0000000710700000| Complete 
| 264|0x0000000710800000, 0x0000000710900000, 0x0000000710900000|100%| E|CS|TAMS 0x0000000710800000, 0x0000000710800000| Complete 
| 265|0x0000000710900000, 0x0000000710a00000, 0x0000000710a00000|100%| E|CS|TAMS 0x0000000710900000, 0x0000000710900000| Complete 
| 307|0x0000000713300000, 0x0000000713400000, 0x0000000713400000|100%| E|CS|TAMS 0x0000000713300000, 0x0000000713300000| Complete 
|4078|0x00000007fee00000, 0x00000007fef00000, 0x00000007fef00000|100%| E|CS|TAMS 0x00000007fee00000, 0x00000007fee00000| Complete 
|4079|0x00000007fef00000, 0x00000007ff000000, 0x00000007ff000000|100%| O|  |TAMS 0x00000007ff000000, 0x00000007fef00000| Untracked 
|4080|0x00000007ff000000, 0x00000007ff100000, 0x00000007ff100000|100%| O|  |TAMS 0x00000007ff100000, 0x00000007ff000000| Untracked 
|4081|0x00000007ff100000, 0x00000007ff200000, 0x00000007ff200000|100%| O|  |TAMS 0x00000007ff200000, 0x00000007ff100000| Untracked 
|4082|0x00000007ff200000, 0x00000007ff300000, 0x00000007ff300000|100%| O|  |TAMS 0x00000007ff300000, 0x00000007ff200000| Untracked 
|4083|0x00000007ff300000, 0x00000007ff400000, 0x00000007ff400000|100%| E|CS|TAMS 0x00000007ff300000, 0x00000007ff300000| Complete 
|4084|0x00000007ff400000, 0x00000007ff500000, 0x00000007ff500000|100%| O|  |TAMS 0x00000007ff500000, 0x00000007ff400000| Untracked 
|4085|0x00000007ff500000, 0x00000007ff600000, 0x00000007ff600000|100%| O|  |TAMS 0x00000007ff600000, 0x00000007ff500000| Untracked 
|4086|0x00000007ff600000, 0x00000007ff700000, 0x00000007ff700000|100%| O|  |TAMS 0x00000007ff700000, 0x00000007ff600000| Untracked 
|4087|0x00000007ff700000, 0x00000007ff800000, 0x00000007ff800000|100%| O|  |TAMS 0x00000007ff800000, 0x00000007ff700000| Untracked 
|4088|0x00000007ff800000, 0x00000007ff900000, 0x00000007ff900000|100%| E|CS|TAMS 0x00000007ff800000, 0x00000007ff800000| Complete 
|4089|0x00000007ff900000, 0x00000007ffa00000, 0x00000007ffa00000|100%| E|CS|TAMS 0x00000007ff900000, 0x00000007ff900000| Complete 
|4090|0x00000007ffa00000, 0x00000007ffb00000, 0x00000007ffb00000|100%| E|CS|TAMS 0x00000007ffa00000, 0x00000007ffa00000| Complete 
|4091|0x00000007ffb00000, 0x00000007ffc00000, 0x00000007ffc00000|100%| E|CS|TAMS 0x00000007ffb00000, 0x00000007ffb00000| Complete 
|4092|0x00000007ffc00000, 0x00000007ffd00000, 0x00000007ffd00000|100%| E|CS|TAMS 0x00000007ffc00000, 0x00000007ffc00000| Complete 
|4093|0x00000007ffd00000, 0x00000007ffe00000, 0x00000007ffe00000|100%| E|CS|TAMS 0x00000007ffd00000, 0x00000007ffd00000| Complete 
|4094|0x00000007ffe00000, 0x00000007fff00000, 0x00000007fff00000|100%| E|CS|TAMS 0x00000007ffe00000, 0x00000007ffe00000| Complete 
|4095|0x00000007fff00000, 0x0000000800000000, 0x0000000800000000|100%| E|CS|TAMS 0x00000007fff00000, 0x00000007fff00000| Complete 

Card table byte_map: [0x000001443e540000,0x000001443ed40000] _byte_map_base: 0x000001443ad40000

Marking Bits (Prev, Next): (CMBitMap*) 0x0000014424793cc8, (CMBitMap*) 0x0000014424793d08
 Prev Bits: [0x000001443f540000, 0x0000014443540000)
 Next Bits: [0x0000014443540000, 0x0000014447540000)

Polling page: 0x0000014424800000

Metaspace:

Usage:
  Non-class:     28.77 MB capacity,    28.14 MB ( 98%) used,   562.57 KB (  2%) free+waste,    77.25 KB ( <1%) overhead. 
      Class:      3.63 MB capacity,     3.31 MB ( 91%) used,   297.48 KB (  8%) free+waste,    33.19 KB ( <1%) overhead. 
       Both:     32.40 MB capacity,    31.45 MB ( 97%) used,   860.05 KB (  3%) free+waste,   110.44 KB ( <1%) overhead. 

Virtual space:
  Non-class space:       30.00 MB reserved,      28.95 MB ( 96%) committed 
      Class space:        1.00 GB reserved,       3.75 MB ( <1%) committed 
             Both:        1.03 GB reserved,      32.70 MB (  3%) committed 

Chunk freelists:
   Non-Class:  55.00 KB
       Class:  25.00 KB
        Both:  80.00 KB

MaxMetaspaceSize: 17179869184.00 GB
CompressedClassSpaceSize: 1.00 GB

CodeHeap 'non-profiled nmethods': size=120000Kb used=5298Kb max_used=6188Kb free=114701Kb
 bounds [0x00000144361f0000, 0x0000014436800000, 0x000001443d720000]
CodeHeap 'profiled nmethods': size=120000Kb used=17444Kb max_used=18904Kb free=102555Kb
 bounds [0x000001442ecc0000, 0x000001442ff40000, 0x00000144361f0000]
CodeHeap 'non-nmethods': size=5760Kb used=1256Kb max_used=1315Kb free=4503Kb
 bounds [0x000001442e720000, 0x000001442e990000, 0x000001442ecc0000]
 total_blobs=7857 nmethods=7326 adapters=443
 compilation: enabled
              stopped_count=0, restarted_count=0
 full_count=0

Compilation events (20 events):
Event: 586.895 Thread 0x0000014449c08800 nmethod 9053 0x00000144362fef90 code [0x00000144362ff140, 0x00000144362ff438]
Event: 1296.888 Thread 0x0000014449c09800 9054       1       org.apache.maven.plugin.surefire.booterclient.lazytestprovider.TestLessInputStream$TestLessInputStreamBuilder::getImmediateCommands (5 bytes)
Event: 1296.889 Thread 0x0000014449c09800 nmethod 9054 0x000001443628e290 code [0x000001443628e420, 0x000001443628e4f8]
Event: 1296.889 Thread 0x0000014449c09800 9055       1       org.apache.maven.plugin.surefire.booterclient.lazytestprovider.TestLessInputStream$TestLessInputStreamBuilder::access$800 (5 bytes)
Event: 1296.889 Thread 0x0000014449c09800 nmethod 9055 0x00000144365d6b90 code [0x00000144365d6d20, 0x00000144365d6db8]
Event: 1296.889 Thread 0x0000014449c09800 9056       1       org.apache.maven.plugin.surefire.booterclient.lazytestprovider.TestLessInputStream$TestLessInputStreamBuilder::access$900 (5 bytes)
Event: 1296.889 Thread 0x0000014449c09800 nmethod 9056 0x00000144366e4c90 code [0x00000144366e4e20, 0x00000144366e4eb8]
Event: 1296.889 Thread 0x0000014449c09800 9057       1       org.apache.maven.surefire.booter.MasterProcessCommand::getDataType (5 bytes)
Event: 1296.889 Thread 0x0000014449c09800 nmethod 9057 0x0000014436562490 code [0x0000014436562620, 0x00000144365626f8]
Event: 1296.889 Thread 0x0000014449c09800 9058       1       org.apache.maven.surefire.booter.MasterProcessCommand::getId (5 bytes)
Event: 1296.889 Thread 0x0000014449c09800 nmethod 9058 0x0000014436562190 code [0x0000014436562320, 0x00000144365623f8]
Event: 1306.893 Thread 0x0000014449c09800 9059       3       java.lang.invoke.VarHandleGuards::guard_LL_V (103 bytes)
Event: 1306.895 Thread 0x0000014449c09800 nmethod 9059 0x000001442ff07210 code [0x000001442ff07560, 0x000001442ff091a8]
Event: 1576.471 Thread 0x0000014449c08800 9060       4       java.util.Arrays::copyOf (10 bytes)
Event: 1576.471 Thread 0x0000014449c09800 9061  s    1       java.lang.StringBuffer::length (5 bytes)
Event: 1576.471 Thread 0x0000014449c09800 nmethod 9061 0x00000144362b5c90 code [0x00000144362b5e20, 0x00000144362b6098]
Event: 1576.474 Thread 0x0000014449c08800 nmethod 9060 0x0000014436513e90 code [0x0000014436514020, 0x0000014436514238]
Event: 1576.477 Thread 0x0000014449c09800 9062  s    3       java.lang.StringBuffer::append (13 bytes)
Event: 1576.478 Thread 0x0000014449c09800 nmethod 9062 0x000001442f0d3510 code [0x000001442f0d36c0, 0x000001442f0d39e8]
Event: 1576.478 Thread 0x0000014449c08800 9063       4       sun.nio.cs.UTF_8::updatePositions (23 bytes)

GC Heap History (20 events):
Event: 20.742 GC heap before
{Heap before GC invocations=25 (full 0):
 garbage-first heap   total 201728K, used 157170K [0x0000000700000000, 0x0000000800000000)
  region size 1024K, 44 young (45056K), 1 survivors (1024K)
 Metaspace       used 27266K, capacity 27996K, committed 28104K, reserved 1075200K
  class space    used 2917K, capacity 3221K, committed 3328K, reserved 1048576K
}
Event: 20.747 GC heap after
{Heap after GC invocations=26 (full 0):
 garbage-first heap   total 201728K, used 112375K [0x0000000700000000, 0x0000000800000000)
  region size 1024K, 5 young (5120K), 5 survivors (5120K)
 Metaspace       used 27266K, capacity 27996K, committed 28104K, reserved 1075200K
  class space    used 2917K, capacity 3221K, committed 3328K, reserved 1048576K
}
Event: 20.800 GC heap before
{Heap before GC invocations=26 (full 0):
 garbage-first heap   total 201728K, used 115447K [0x0000000700000000, 0x0000000800000000)
  region size 1024K, 9 young (9216K), 5 survivors (5120K)
 Metaspace       used 27268K, capacity 27996K, committed 28104K, reserved 1075200K
  class space    used 2917K, capacity 3221K, committed 3328K, reserved 1048576K
}
Event: 20.808 GC heap after
{Heap after GC invocations=27 (full 0):
 garbage-first heap   total 201728K, used 98060K [0x0000000700000000, 0x0000000800000000)
  region size 1024K, 2 young (2048K), 2 survivors (2048K)
 Metaspace       used 27268K, capacity 27996K, committed 28104K, reserved 1075200K
  class space    used 2917K, capacity 3221K, committed 3328K, reserved 1048576K
}
Event: 20.901 GC heap before
{Heap before GC invocations=27 (full 0):
 garbage-first heap   total 201728K, used 102156K [0x0000000700000000, 0x0000000800000000)
  region size 1024K, 7 young (7168K), 2 survivors (2048K)
 Metaspace       used 27268K, capacity 27996K, committed 28104K, reserved 1075200K
  class space    used 2917K, capacity 3221K, committed 3328K, reserved 1048576K
}
Event: 20.904 GC heap after
{Heap after GC invocations=28 (full 0):
 garbage-first heap   total 242688K, used 102095K [0x0000000700000000, 0x0000000800000000)
  region size 1024K, 6 young (6144K), 6 survivors (6144K)
 Metaspace       used 27268K, capacity 27996K, committed 28104K, reserved 1075200K
  class space    used 2917K, capacity 3221K, committed 3328K, reserved 1048576K
}
Event: 21.833 GC heap before
{Heap before GC invocations=29 (full 0):
 garbage-first heap   total 242688K, used 159439K [0x0000000700000000, 0x0000000800000000)
  region size 1024K, 58 young (59392K), 6 survivors (6144K)
 Metaspace       used 27379K, capacity 28137K, committed 28360K, reserved 1075200K
  class space    used 2920K, capacity 3223K, committed 3328K, reserved 1048576K
}
Event: 21.847 GC heap after
{Heap after GC invocations=30 (full 0):
 garbage-first heap   total 242688K, used 128916K [0x0000000700000000, 0x0000000800000000)
  region size 1024K, 8 young (8192K), 8 survivors (8192K)
 Metaspace       used 27379K, capacity 28137K, committed 28360K, reserved 1075200K
  class space    used 2920K, capacity 3223K, committed 3328K, reserved 1048576K
}
Event: 21.868 GC heap before
{Heap before GC invocations=30 (full 0):
 garbage-first heap   total 242688K, used 131988K [0x0000000700000000, 0x0000000800000000)
  region size 1024K, 11 young (11264K), 8 survivors (8192K)
 Metaspace       used 27379K, capacity 28137K, committed 28360K, reserved 1075200K
  class space    used 2920K, capacity 3223K, committed 3328K, reserved 1048576K
}
Event: 21.888 GC heap after
{Heap after GC invocations=31 (full 0):
 garbage-first heap   total 242688K, used 116639K [0x0000000700000000, 0x0000000800000000)
  region size 1024K, 2 young (2048K), 2 survivors (2048K)
 Metaspace       used 27379K, capacity 28137K, committed 28360K, reserved 1075200K
  class space    used 2920K, capacity 3223K, committed 3328K, reserved 1048576K
}
Event: 22.677 GC heap before
{Heap before GC invocations=31 (full 0):
 garbage-first heap   total 242688K, used 157599K [0x0000000700000000, 0x0000000800000000)
  region size 1024K, 43 young (44032K), 2 survivors (2048K)
 Metaspace       used 27392K, capacity 28139K, committed 28360K, reserved 1075200K
  class space    used 2920K, capacity 3223K, committed 3328K, reserved 1048576K
}
Event: 22.688 GC heap after
{Heap after GC invocations=32 (full 0):
 garbage-first heap   total 242688K, used 129536K [0x0000000700000000, 0x0000000800000000)
  region size 1024K, 6 young (6144K), 6 survivors (6144K)
 Metaspace       used 27392K, capacity 28139K, committed 28360K, reserved 1075200K
  class space    used 2920K, capacity 3223K, committed 3328K, reserved 1048576K
}
Event: 23.129 GC heap before
{Heap before GC invocations=33 (full 0):
 garbage-first heap   total 242688K, used 144896K [0x0000000700000000, 0x0000000800000000)
  region size 1024K, 48 young (49152K), 6 survivors (6144K)
 Metaspace       used 27392K, capacity 28139K, committed 28360K, reserved 1075200K
  class space    used 2920K, capacity 3223K, committed 3328K, reserved 1048576K
}
Event: 23.144 GC heap after
{Heap after GC invocations=34 (full 0):
 garbage-first heap   total 242688K, used 116095K [0x0000000700000000, 0x0000000800000000)
  region size 1024K, 6 young (6144K), 6 survivors (6144K)
 Metaspace       used 27392K, capacity 28139K, committed 28360K, reserved 1075200K
  class space    used 2920K, capacity 3223K, committed 3328K, reserved 1048576K
}
Event: 23.232 GC heap before
{Heap before GC invocations=34 (full 0):
 garbage-first heap   total 242688K, used 121215K [0x0000000700000000, 0x0000000800000000)
  region size 1024K, 11 young (11264K), 6 survivors (6144K)
 Metaspace       used 27392K, capacity 28139K, committed 28360K, reserved 1075200K
  class space    used 2920K, capacity 3223K, committed 3328K, reserved 1048576K
}
Event: 23.249 GC heap after
{Heap after GC invocations=35 (full 0):
 garbage-first heap   total 291840K, used 103234K [0x0000000700000000, 0x0000000800000000)
  region size 1024K, 2 young (2048K), 2 survivors (2048K)
 Metaspace       used 27392K, capacity 28139K, committed 28360K, reserved 1075200K
  class space    used 2920K, capacity 3223K, committed 3328K, reserved 1048576K
}
Event: 24.230 GC heap before
{Heap before GC invocations=35 (full 0):
 garbage-first heap   total 291840K, used 175938K [0x0000000700000000, 0x0000000800000000)
  region size 1024K, 70 young (71680K), 2 survivors (2048K)
 Metaspace       used 27731K, capacity 28447K, committed 28616K, reserved 1075200K
  class space    used 2944K, capacity 3240K, committed 3328K, reserved 1048576K
}
Event: 24.249 GC heap after
{Heap after GC invocations=36 (full 0):
 garbage-first heap   total 291840K, used 121344K [0x0000000700000000, 0x0000000800000000)
  region size 1024K, 9 young (9216K), 9 survivors (9216K)
 Metaspace       used 27731K, capacity 28447K, committed 28616K, reserved 1075200K
  class space    used 2944K, capacity 3240K, committed 3328K, reserved 1048576K
}
Event: 26.237 GC heap before
{Heap before GC invocations=36 (full 0):
 garbage-first heap   total 291840K, used 187904K [0x0000000700000000, 0x0000000800000000)
  region size 1024K, 74 young (75776K), 9 survivors (9216K)
 Metaspace       used 30534K, capacity 31499K, committed 31816K, reserved 1077248K
  class space    used 3242K, capacity 3586K, committed 3712K, reserved 1048576K
}
Event: 26.257 GC heap after
{Heap after GC invocations=37 (full 0):
 garbage-first heap   total 291840K, used 122226K [0x0000000700000000, 0x0000000800000000)
  region size 1024K, 5 young (5120K), 5 survivors (5120K)
 Metaspace       used 30534K, capacity 31499K, committed 31816K, reserved 1077248K
  class space    used 3242K, capacity 3586K, committed 3712K, reserved 1048576K
}

Deoptimization events (20 events):
Event: 108.918 Thread 0x0000014451d11800 DEOPT PACKING pc=0x000001442ff0da68 sp=0x0000000f967fec20
Event: 108.918 Thread 0x0000014451d11800 DEOPT UNPACKING pc=0x000001442e76964e sp=0x0000000f967fe108 mode 0
Event: 108.918 Thread 0x00000144517b5800 DEOPT PACKING pc=0x000001442ff08c37 sp=0x0000000f969fedc0
Event: 108.918 Thread 0x00000144517b5800 DEOPT UNPACKING pc=0x000001442e76964e sp=0x0000000f969fe320 mode 0
Event: 108.918 Thread 0x00000144517b5800 DEOPT PACKING pc=0x000001442ff08c37 sp=0x0000000f969fedc0
Event: 108.918 Thread 0x00000144517b5800 DEOPT UNPACKING pc=0x000001442e76964e sp=0x0000000f969fe320 mode 0
Event: 108.918 Thread 0x00000144517b5800 DEOPT PACKING pc=0x000001442ff08c37 sp=0x0000000f969fedc0
Event: 108.918 Thread 0x00000144517b5800 DEOPT UNPACKING pc=0x000001442e76964e sp=0x0000000f969fe320 mode 0
Event: 108.919 Thread 0x00000144517b5800 DEOPT PACKING pc=0x000001442ff08c37 sp=0x0000000f969fedc0
Event: 108.919 Thread 0x00000144517b5800 DEOPT UNPACKING pc=0x000001442e76964e sp=0x0000000f969fe320 mode 0
Event: 108.922 Thread 0x0000014451d11800 DEOPT PACKING pc=0x000001442ff0da68 sp=0x0000000f967fec20
Event: 108.922 Thread 0x0000014451d11800 DEOPT UNPACKING pc=0x000001442e76964e sp=0x0000000f967fe108 mode 0
Event: 108.923 Thread 0x0000014451d11800 DEOPT PACKING pc=0x000001442ff0c6d5 sp=0x0000000f967fec00
Event: 108.923 Thread 0x0000014451d11800 DEOPT UNPACKING pc=0x000001442e76964e sp=0x0000000f967fe108 mode 0
Event: 108.923 Thread 0x0000014451d11800 DEOPT PACKING pc=0x000001442ff0c6d5 sp=0x0000000f967fec00
Event: 108.924 Thread 0x0000014451d11800 DEOPT UNPACKING pc=0x000001442e76964e sp=0x0000000f967fe108 mode 0
Event: 108.930 Thread 0x0000014451d11800 DEOPT PACKING pc=0x000001442ff0c6d5 sp=0x0000000f967fec00
Event: 108.934 Thread 0x0000014451d11800 DEOPT UNPACKING pc=0x000001442e76964e sp=0x0000000f967fe108 mode 0
Event: 108.935 Thread 0x0000014451d11800 DEOPT PACKING pc=0x000001442ff0c6d5 sp=0x0000000f967fec00
Event: 108.935 Thread 0x0000014451d11800 DEOPT UNPACKING pc=0x000001442e76964e sp=0x0000000f967fe108 mode 0

Classes unloaded (0 events):
No events

Classes redefined (0 events):
No events

Internal exceptions (20 events):
Event: 25.431 Thread 0x000001442472b000 Exception <a 'sun/nio/fs/WindowsException'{0x000000070f741d38}> (0x000000070f741d38) 
thrown [./open/src/hotspot/share/prims/jni.cpp, line 599]
Event: 25.432 Thread 0x000001442472b000 Exception <a 'sun/nio/fs/WindowsException'{0x000000070f745fb8}> (0x000000070f745fb8) 
thrown [./open/src/hotspot/share/prims/jni.cpp, line 599]
Event: 25.432 Thread 0x000001442472b000 Exception <a 'sun/nio/fs/WindowsException'{0x000000070f746208}> (0x000000070f746208) 
thrown [./open/src/hotspot/share/prims/jni.cpp, line 599]
Event: 25.432 Thread 0x000001442472b000 Exception <a 'sun/nio/fs/WindowsException'{0x000000070f747b88}> (0x000000070f747b88) 
thrown [./open/src/hotspot/share/prims/jni.cpp, line 599]
Event: 25.432 Thread 0x000001442472b000 Exception <a 'sun/nio/fs/WindowsException'{0x000000070f747ea0}> (0x000000070f747ea0) 
thrown [./open/src/hotspot/share/prims/jni.cpp, line 599]
Event: 25.434 Thread 0x000001442472b000 Exception <a 'sun/nio/fs/WindowsException'{0x000000070f75a888}> (0x000000070f75a888) 
thrown [./open/src/hotspot/share/prims/jni.cpp, line 599]
Event: 25.434 Thread 0x000001442472b000 Exception <a 'sun/nio/fs/WindowsException'{0x000000070f75aae0}> (0x000000070f75aae0) 
thrown [./open/src/hotspot/share/prims/jni.cpp, line 599]
Event: 25.434 Thread 0x000001442472b000 Exception <a 'sun/nio/fs/WindowsException'{0x000000070f75be40}> (0x000000070f75be40) 
thrown [./open/src/hotspot/share/prims/jni.cpp, line 599]
Event: 25.434 Thread 0x000001442472b000 Exception <a 'sun/nio/fs/WindowsException'{0x000000070f75c078}> (0x000000070f75c078) 
thrown [./open/src/hotspot/share/prims/jni.cpp, line 599]
Event: 25.435 Thread 0x000001442472b000 Exception <a 'sun/nio/fs/WindowsException'{0x000000070f7671f8}> (0x000000070f7671f8) 
thrown [./open/src/hotspot/share/prims/jni.cpp, line 599]
Event: 25.435 Thread 0x000001442472b000 Exception <a 'sun/nio/fs/WindowsException'{0x000000070f767390}> (0x000000070f767390) 
thrown [./open/src/hotspot/share/prims/jni.cpp, line 599]
Event: 25.436 Thread 0x000001442472b000 Exception <a 'sun/nio/fs/WindowsException'{0x000000070f777a78}> (0x000000070f777a78) 
thrown [./open/src/hotspot/share/prims/jni.cpp, line 599]
Event: 25.436 Thread 0x000001442472b000 Exception <a 'sun/nio/fs/WindowsException'{0x000000070f777ca8}> (0x000000070f777ca8) 
thrown [./open/src/hotspot/share/prims/jni.cpp, line 599]
Event: 25.436 Thread 0x000001442472b000 Exception <a 'sun/nio/fs/WindowsException'{0x000000070f7790c8}> (0x000000070f7790c8) 
thrown [./open/src/hotspot/share/prims/jni.cpp, line 599]
Event: 25.436 Thread 0x000001442472b000 Exception <a 'sun/nio/fs/WindowsException'{0x000000070f7793c0}> (0x000000070f7793c0) 
thrown [./open/src/hotspot/share/prims/jni.cpp, line 599]
Event: 25.443 Thread 0x000001442472b000 Exception <a 'sun/nio/fs/WindowsException'{0x000000070f7d3338}> (0x000000070f7d3338) 
thrown [./open/src/hotspot/share/prims/jni.cpp, line 599]
Event: 25.742 Thread 0x000001444ecd0800 Exception <a 'java/lang/NoSuchMethodError'{0x000000070ebcb668}: 'java.lang.Object java.lang.invoke.DirectMethodHandle$Holder.invokeStaticInit(java.lang.Object, java.lang.Object, long, java.lang.Object)'> (0x000000070ebcb668) 
thrown [./open/src/hotspot/share/interpreter/linkResolver.cpp, line 766]
Event: 25.742 Thread 0x000001444ecd0800 Exception <a 'java/lang/NoSuchMethodError'{0x000000070ebd1070}: 'java.lang.Object java.lang.invoke.Invokers$Holder.linkToTargetMethod(java.lang.Object, long, java.lang.Object)'> (0x000000070ebd1070) 
thrown [./open/src/hotspot/share/interpreter/linkResolver.cpp, line 766]
Event: 26.535 Thread 0x000001442472b000 Exception <a 'java/lang/NoSuchMethodError'{0x00000007ff823ea0}: 'java.lang.Object java.lang.invoke.DirectMethodHandle$Holder.invokeStaticInit(java.lang.Object, java.lang.Object, int, int, int, int)'> (0x00000007ff823ea0) 
thrown [./open/src/hotspot/share/interpreter/linkResolver.cpp, line 766]
Event: 27.089 Thread 0x000001442472b000 Exception <a 'java/lang/NoSuchMethodError'{0x000000070e70d040}: 'void java.lang.invoke.DirectMethodHandle$Holder.invokeStatic(java.lang.Object, long)'> (0x000000070e70d040) 
thrown [./open/src/hotspot/share/interpreter/linkResolver.cpp, line 766]

Events (20 events):
Event: 526.887 Executing VM operation: HandshakeAllThreads
Event: 526.887 Executing VM operation: HandshakeAllThreads done
Event: 526.905 Thread 0x000001444a506000 flushing nmethod 0x000001442ff18910
Event: 557.380 Executing VM operation: HandshakeAllThreads
Event: 557.381 Executing VM operation: HandshakeAllThreads done
Event: 586.895 Executing VM operation: HandshakeAllThreads
Event: 586.895 Executing VM operation: HandshakeAllThreads done
Event: 1306.895 Executing VM operation: HandshakeAllThreads
Event: 1306.895 Executing VM operation: HandshakeAllThreads done
Event: 1306.918 Thread 0x000001444a506000 flushing nmethod 0x000001442ff1ce90
Event: 1576.466 Executing VM operation: HandshakeOneThread
Event: 1576.466 Executing VM operation: HandshakeOneThread done
Event: 1576.468 loading class java/lang/Throwable$WrappedPrintWriter
Event: 1576.468 loading class java/lang/Throwable$PrintStreamOrWriter
Event: 1576.468 loading class java/lang/Throwable$PrintStreamOrWriter done
Event: 1576.468 loading class java/lang/Throwable$WrappedPrintWriter done
Event: 1576.470 Executing VM operation: HandshakeOneThread
Event: 1576.470 Executing VM operation: HandshakeOneThread done
Event: 1576.474 Executing VM operation: HandshakeAllThreads
Event: 1576.474 Executing VM operation: HandshakeAllThreads done


Dynamic libraries:
0x00007ff6bd260000 - 0x00007ff6bd26f000 	C:\Program Files\Java\jdk-14.0.2\bin\java.exe
0x00007ffa05bf0000 - 0x00007ffa05de8000 	C:\WINDOWS\SYSTEM32\ntdll.dll
0x00007ff9f5310000 - 0x00007ff9f5384000 	C:\WINDOWS\System32\verifier.dll
0x00007ff9da6f0000 - 0x00007ff9da7e4000 	C:\WINDOWS\SYSTEM32\PayloadRestrictions.dll
0x00007ffa03650000 - 0x00007ffa03750000 	C:\WINDOWS\System32\ucrtbase.dll
0x00007ffa037f0000 - 0x00007ffa03abe000 	C:\WINDOWS\System32\kernelbase.dll
0x00007ffa03fd0000 - 0x00007ffa0408d000 	C:\WINDOWS\System32\kernel32.dll
0x00007ff9f8d10000 - 0x00007ff9f8d28000 	C:\Program Files\Java\jdk-14.0.2\bin\jli.dll
0x00007ffa03e20000 - 0x00007ffa03ece000 	C:\WINDOWS\System32\ADVAPI32.dll
0x00007ffa04be0000 - 0x00007ffa04c7e000 	C:\WINDOWS\System32\msvcrt.dll
0x00007ffa04e30000 - 0x00007ffa04ecc000 	C:\WINDOWS\System32\sechost.dll
0x00007ffa05950000 - 0x00007ffa05a75000 	C:\WINDOWS\System32\RPCRT4.dll
0x00007ffa05740000 - 0x00007ffa058e0000 	C:\WINDOWS\System32\USER32.dll
0x00007ffa03570000 - 0x00007ffa03592000 	C:\WINDOWS\System32\win32u.dll
0x00007ffa05700000 - 0x00007ffa0572a000 	C:\WINDOWS\System32\GDI32.dll
0x00007ffa03b10000 - 0x00007ffa03c1b000 	C:\WINDOWS\System32\gdi32full.dll
0x00007ffa03750000 - 0x00007ffa037ed000 	C:\WINDOWS\System32\msvcp_win.dll
0x00007ff9f8c20000 - 0x00007ff9f8c35000 	C:\Program Files\Java\jdk-14.0.2\bin\VCRUNTIME140.dll
0x00007ff9edc30000 - 0x00007ff9edeca000 	C:\WINDOWS\WinSxS\amd64_microsoft.windows.common-controls_6595b64144ccf1df_6.0.19041.1110_none_60b5254171f9507e\COMCTL32.dll
0x00007ff9fc950000 - 0x00007ff9fc95a000 	C:\WINDOWS\SYSTEM32\VERSION.dll
0x00007ffa04090000 - 0x00007ffa040c0000 	C:\WINDOWS\System32\IMM32.DLL
0x00007ff9d8dd0000 - 0x00007ff9d8e6b000 	C:\Program Files\Java\jdk-14.0.2\bin\msvcp140.dll
0x00007ff9ce160000 - 0x00007ff9cec7e000 	C:\Program Files\Java\jdk-14.0.2\bin\server\jvm.dll
0x00007ffa04480000 - 0x00007ffa04488000 	C:\WINDOWS\System32\PSAPI.DLL
0x00007ff9fc340000 - 0x00007ff9fc349000 	C:\WINDOWS\SYSTEM32\WSOCK32.dll
0x00007ffa05050000 - 0x00007ffa050bb000 	C:\WINDOWS\System32\WS2_32.dll
0x00007ff9f7f70000 - 0x00007ff9f7f97000 	C:\WINDOWS\SYSTEM32\WINMM.dll
0x00007ffa01230000 - 0x00007ffa01242000 	C:\WINDOWS\SYSTEM32\kernel.appcore.dll
0x00007ff9f9040000 - 0x00007ff9f904a000 	C:\Program Files\Java\jdk-14.0.2\bin\jimage.dll
0x00007ff9f7fa0000 - 0x00007ff9f8184000 	C:\WINDOWS\SYSTEM32\DBGHELP.DLL
0x00007ff9f7f40000 - 0x00007ff9f7f6c000 	C:\WINDOWS\SYSTEM32\dbgcore.DLL
0x00007ffa034e0000 - 0x00007ffa03562000 	C:\WINDOWS\System32\bcryptPrimitives.dll
0x00007ff9eda30000 - 0x00007ff9eda55000 	C:\Program Files\Java\jdk-14.0.2\bin\java.dll
0x00007ff9f8c00000 - 0x00007ff9f8c16000 	C:\Program Files\Java\jdk-14.0.2\bin\zip.dll
0x00007ffa04490000 - 0x00007ffa04bd4000 	C:\WINDOWS\System32\SHELL32.dll
0x00007ffa01430000 - 0x00007ffa01bc4000 	C:\WINDOWS\SYSTEM32\windows.storage.dll
0x00007ffa04120000 - 0x00007ffa04474000 	C:\WINDOWS\System32\combase.dll
0x00007ffa02d00000 - 0x00007ffa02d30000 	C:\WINDOWS\SYSTEM32\Wldp.dll
0x00007ffa04ed0000 - 0x00007ffa04f7d000 	C:\WINDOWS\System32\SHCORE.dll
0x00007ffa040c0000 - 0x00007ffa04115000 	C:\WINDOWS\System32\shlwapi.dll
0x00007ffa03250000 - 0x00007ffa0326f000 	C:\WINDOWS\SYSTEM32\profapi.dll
0x00007ff9f6ad0000 - 0x00007ff9f6ae9000 	C:\Program Files\Java\jdk-14.0.2\bin\net.dll
0x00007ff9fcb40000 - 0x00007ff9fcc4a000 	C:\WINDOWS\SYSTEM32\WINHTTP.dll
0x00007ffa02a60000 - 0x00007ffa02aca000 	C:\WINDOWS\system32\mswsock.dll
0x00007ff9eda10000 - 0x00007ff9eda22000 	C:\Program Files\Java\jdk-14.0.2\bin\nio.dll
0x0000000069ac0000 - 0x0000000069ae4000 	C:\Program Files\Maven\apache-maven-3.8.4\lib\jansi-native\Windows\x86_64\jansi.dll
0x00007ff9f7b60000 - 0x00007ff9f7b70000 	C:\Program Files\Java\jdk-14.0.2\bin\verify.dll
0x00007ffa02c50000 - 0x00007ffa02c68000 	C:\WINDOWS\SYSTEM32\CRYPTSP.dll
0x00007ffa023e0000 - 0x00007ffa02414000 	C:\WINDOWS\system32\rsaenh.dll
0x00007ffa03c20000 - 0x00007ffa03c47000 	C:\WINDOWS\System32\bcrypt.dll
0x00007ffa031d0000 - 0x00007ffa031fe000 	C:\WINDOWS\SYSTEM32\USERENV.dll
0x00007ffa02c70000 - 0x00007ffa02c7c000 	C:\WINDOWS\SYSTEM32\CRYPTBASE.dll
0x00007ffa02750000 - 0x00007ffa0278b000 	C:\WINDOWS\SYSTEM32\IPHLPAPI.DLL
0x00007ffa058e0000 - 0x00007ffa058e8000 	C:\WINDOWS\System32\NSI.dll
0x00007ff9fe110000 - 0x00007ff9fe127000 	C:\WINDOWS\SYSTEM32\dhcpcsvc6.DLL
0x00007ff9fe0f0000 - 0x00007ff9fe10d000 	C:\WINDOWS\SYSTEM32\dhcpcsvc.DLL
0x00007ffa02790000 - 0x00007ffa0285a000 	C:\WINDOWS\SYSTEM32\DNSAPI.dll

dbghelp: loaded successfully - version: 4.0.5 - missing functions: none
symbol engine: initialized successfully - sym options: 0x614 - pdb path: .;C:\Program Files\Java\jdk-14.0.2\bin;C:\WINDOWS\SYSTEM32;C:\WINDOWS\WinSxS\amd64_microsoft.windows.common-controls_6595b64144ccf1df_6.0.19041.1110_none_60b5254171f9507e;C:\Program Files\Java\jdk-14.0.2\bin\server;C:\Program Files\Maven\apache-maven-3.8.4\lib\jansi-native\Windows\x86_64

VM Arguments:
jvm_args: -Dclassworlds.conf=C:\Program Files\Maven\apache-maven-3.8.4\bin\m2.conf -Dmaven.home=C:\Program Files\Maven\apache-maven-3.8.4 -Dlibrary.jansi.path=C:\Program Files\Maven\apache-maven-3.8.4\lib\jansi-native -Dmaven.multiModuleProjectDirectory=D:\ngtp-official315 
java_command: org.codehaus.plexus.classworlds.launcher.Launcher clean install -Dsource.feature=D:/ngtp-official315/src/test/resources/C2M_EYDemo/features/C2M_EYDemo_temp -Dapplication=C2M_EYDemo -Daccessibility=false -Daccessibility_report_type=JSON -Ddefault_select_by_type=Text -DallowDynamicData=true -DparallelDataInjection=false -Dinput_data_type=YAML -Dpage_object_format=YAML -Dheadless=false -Dflashfill=false -Dimplicit_wait_duration_sec=100 -Ddefault_wait_duration_sec=30 -Dgrid=false -DgridURL=http://localhost:4444/wd/hub -DUpdate_Historical_Properties=false -DDeploy_Self-Healing=false -DWait_For_Element_Before_Calling_SH=1 -Dtakes_screenshot=true -Drecord_test_video=false -Dbrowser=chrome -Ddefault_assertion=soft -Denvironment=C2MTEST -DLICENSE_PATH=C:\Users\licenses\NGTP\license.bin -Dcucumber.filter.tags=@DM005_NGTPUI or @regression_NGTPUI or @DM004_NGTPUI or @DM007_NGTPUI or @DM008_NGTPUI or @DM009_NGTPUI or @DM010_NGTPUI -DtestType=Feature -DforkCount=1
java_class_path (initial): C:\Program Files\Maven\apache-maven-3.8.4\boot\plexus-classworlds-2.6.0.jar
Launcher Type: SUN_STANDARD

[Global flags]
     intx CICompilerCount                          = 3                                         {product} {ergonomic}
     uint ConcGCThreads                            = 1                                         {product} {ergonomic}
     uint G1ConcRefinementThreads                  = 4                                         {product} {ergonomic}
   size_t G1HeapRegionSize                         = 1048576                                   {product} {ergonomic}
    uintx GCDrainStackTargetSize                   = 64                                        {product} {ergonomic}
   size_t InitialHeapSize                          = 268435456                                 {product} {ergonomic}
   size_t MarkStackSize                            = 4194304                                   {product} {ergonomic}
   size_t MaxHeapSize                              = 4294967296                                {product} {ergonomic}
   size_t MaxNewSize                               = 2576351232                                {product} {ergonomic}
   size_t MinHeapDeltaBytes                        = 1048576                                   {product} {ergonomic}
   size_t MinHeapSize                              = 8388608                                   {product} {ergonomic}
    uintx NonNMethodCodeHeapSize                   = 5832780                                {pd product} {ergonomic}
    uintx NonProfiledCodeHeapSize                  = 122912730                              {pd product} {ergonomic}
    uintx ProfiledCodeHeapSize                     = 122912730                              {pd product} {ergonomic}
    uintx ReservedCodeCacheSize                    = 251658240                              {pd product} {ergonomic}
     bool SegmentedCodeCache                       = true                                      {product} {ergonomic}
   size_t SoftMaxHeapSize                          = 4294967296                             {manageable} {ergonomic}
     bool UseCompressedClassPointers               = true                                 {lp64_product} {ergonomic}
     bool UseCompressedOops                        = true                                 {lp64_product} {ergonomic}
     bool UseG1GC                                  = true                                      {product} {ergonomic}
     bool UseLargePagesIndividualAllocation        = false                                  {pd product} {ergonomic}

Logging:
Log output configuration:
 #0: stdout all=warning uptime,level,tags
 #1: stderr all=off uptime,level,tags

Environment Variables:
PATH=%JAVA_HOME%\bin;C:\WINDOWS\system32;C:\WINDOWS;C:\WINDOWS\System32\Wbem;C:\WINDOWS\System32\WindowsPowerShell\v1.0\;C:\WINDOWS\System32\OpenSSH\;%MAVEN_HOME%\bin;C:\Program Files\TortoiseSVN\bin;C:\Program Files\Git\cmd;C:\Users\vvaidya\AppData\Local\Microsoft\WindowsApps;C:\Program Files\Java\jdk-14.0.2\bin;C:\Program Files\Maven\apache-maven-3.8.4\bin;
USERNAME=vvaidya



---------------  S Y S T E M  ---------------

OS: Windows 10 , 64 bit Build 19041 (10.0.19041.1889)
OS uptime: 39 days 19:18 hours
VMWare virtualization detected

CPU:total 4 (initial active 4) (2 cores per cpu, 1 threads per core) family 6 model 79 stepping 0, cmov, cx8, fxsr, mmx, sse, sse2, sse3, ssse3, sse4.1, sse4.2, popcnt, avx, avx2, aes, clmul, erms, 3dnowpref, lzcnt, tsc, tscinvbit, bmi1, bmi2, adx, fma

Memory: 4k page, system-wide physical 16383M (5964M free)
TotalPageFile size 29110M (AvailPageFile size 9M)
current process WorkingSet (physical memory assigned to process): 414M, peak: 477M
current process commit charge ("private bytes"): 462M, peak: 514M

vm_info: Java HotSpot(TM) 64-Bit Server VM (14.0.2+12-46) for windows-amd64 JRE (14.0.2+12-46), built on Jul  9 2020 00:35:52 by "mach5one" with MS VC++ 15.9 (VS2017)

END.
