#
# There is insufficient memory for the Java Runtime Environment to continue.
# Native memory allocation (mmap) failed to map 54525952 bytes for Failed to commit area from 0x0000000710000000 to 0x0000000713400000 of length 54525952.
# Possible reasons:
#   The system is out of physical RAM or swap space
#   The process is running with CompressedOops enabled, and the Java Heap may be blocking the growth of the native heap
# Possible solutions:
#   Reduce memory load on the system
#   Increase physical memory or swap space
#   Check if swap backing store is full
#   Decrease Java heap size (-Xmx/-Xms)
#   Decrease number of Java threads
#   Decrease Java thread stack sizes (-Xss)
#   Set larger code cache with -XX:ReservedCodeCacheSize=
#   JVM is running with Zero Based Compressed Oops mode in which the Java heap is
#     placed in the first 32GB address space. The Java Heap base address is the
#     maximum limit for the native heap growth. Please use -XX:HeapBaseMinAddress
#     to set the Java Heap base and to place the Java Heap above 32GB virtual address.
# This output file may be truncated or incomplete.
#
#  Out of Memory Error (./open/src/hotspot/os/windows/os_windows.cpp:3315), pid=26088, tid=8268
#
# JRE version: Java(TM) SE Runtime Environment (14.0.2+12) (build 14.0.2+12-46)
# Java VM: Java HotSpot(TM) 64-Bit Server VM (14.0.2+12-46, mixed mode, sharing, tiered, compressed oops, g1 gc, windows-amd64)
# No core dump will be written. Minidumps are not enabled by default on client versions of Windows
#

---------------  S U M M A R Y ------------

Command Line: -Dfile.encoding=UTF-8 C:\Users\vvaidya\AppData\Local\Temp\surefire17517360495523072828\surefirebooter15653576609370884790.jar C:\Users\vvaidya\AppData\Local\Temp\surefire17517360495523072828 2022-09-27T12-52-45_061-jvmRun1 surefire7771279661223961966tmp surefire_016176830203350242008tmp

Host: Intel(R) Xeon(R) Silver 4116 CPU @ 2.10GHz, 4 cores, 15G,  Windows 10 , 64 bit Build 19041 (10.0.19041.1889)
Time: Tue Sep 27 12:52:51 2022 Mountain Daylight Time elapsed time: 4 seconds (0d 0h 0m 4s)

---------------  T H R E A D  ---------------

Current thread (0x000002807f5b1800):  VMThread "VM Thread" [stack: 0x000000f6bfd00000,0x000000f6bfe00000] [id=8268]

Stack: [0x000000f6bfd00000,0x000000f6bfe00000]
[error occurred during error reporting (printing stack bounds), id 0xc0000005, EXCEPTION_ACCESS_VIOLATION (0xc0000005) at pc=0x00000280688b10ad]

Native frames: (J=compiled Java code, j=interpreted, Vv=VM code, C=native code)
V  [jvm.dll+0x5f8a9a]
V  [jvm.dll+0x74247a]
V  [jvm.dll+0x743c2f]
V  [jvm.dll+0x7441d5]
V  [jvm.dll+0x74418b]
V  [jvm.dll+0x5f7f6f]
V  [jvm.dll+0x5f8738]
C  [ntdll.dll+0xa229f]

VM_Operation (0x000000f6bf7fa5f0): G1CollectForAllocation, mode: safepoint, requested by thread 0x0000028060107800


---------------  P R O C E S S  ---------------

Threads class SMR info:
_java_thread_list=0x0000028006241f20, length=15, elements={
0x0000028060107800, 0x000002807f5b3000, 0x000002807f5b5000, 0x000002807f5cd800,
0x000002807f5d1000, 0x000002807f5d3000, 0x000002807f5d8800, 0x000002807f5db800,
0x00000280040ae800, 0x00000280041cb800, 0x00000280041d6000, 0x000002800428f800,
0x0000028004642000, 0x0000028007232800, 0x0000028005142800
}

Java Threads: ( => current thread )
  0x0000028060107800 JavaThread "main" [_thread_blocked, id=5336, stack(0x000000f6bf700000,0x000000f6bf800000)]
  0x000002807f5b3000 JavaThread "Reference Handler" daemon [_thread_blocked, id=23212, stack(0x000000f6bfe00000,0x000000f6bff00000)]
  0x000002807f5b5000 JavaThread "Finalizer" daemon [_thread_blocked, id=22264, stack(0x000000f6bff00000,0x000000f6c0000000)]
  0x000002807f5cd800 JavaThread "Signal Dispatcher" daemon [_thread_blocked, id=20560, stack(0x000000f6c0000000,0x000000f6c0100000)]
  0x000002807f5d1000 JavaThread "Attach Listener" daemon [_thread_blocked, id=11760, stack(0x000000f6c0100000,0x000000f6c0200000)]
  0x000002807f5d3000 JavaThread "Service Thread" daemon [_thread_blocked, id=2940, stack(0x000000f6c0200000,0x000000f6c0300000)]
  0x000002807f5d8800 JavaThread "C2 CompilerThread0" daemon [_thread_in_native, id=3524, stack(0x000000f6c0300000,0x000000f6c0400000)]
  0x000002807f5db800 JavaThread "C1 CompilerThread0" daemon [_thread_blocked, id=20840, stack(0x000000f6c0400000,0x000000f6c0500000)]
  0x00000280040ae800 JavaThread "Sweeper thread" daemon [_thread_blocked, id=24180, stack(0x000000f6c0500000,0x000000f6c0600000)]
  0x00000280041cb800 JavaThread "Notification Thread" daemon [_thread_blocked, id=14964, stack(0x000000f6c0600000,0x000000f6c0700000)]
  0x00000280041d6000 JavaThread "Common-Cleaner" daemon [_thread_blocked, id=26612, stack(0x000000f6c0800000,0x000000f6c0900000)]
  0x000002800428f800 JavaThread "surefire-forkedjvm-command-thread" daemon [_thread_in_native, id=25936, stack(0x000000f6c0d00000,0x000000f6c0e00000)]
  0x0000028004642000 JavaThread "surefire-forkedjvm-ping-30s" daemon [_thread_blocked, id=13736, stack(0x000000f6c0e00000,0x000000f6c0f00000)]
  0x0000028007232800 JavaThread "AsyncAppender-Worker-ASYNC_CONSOLE" daemon [_thread_blocked, id=9192, stack(0x000000f6c1100000,0x000000f6c1200000)]
  0x0000028005142800 JavaThread "C2 CompilerThread1" daemon [_thread_blocked, id=16532, stack(0x000000f6c0c00000,0x000000f6c0d00000)]

Other Threads:
=>0x000002807f5b1800 VMThread "VM Thread" [stack: 0x000000f6bfd00000,0x000000f6bfe00000] [id=8268]
  0x00000280041cc000 WatcherThread [stack: 0x000000f6c0700000,0x000000f6c0800000] [id=22104]
  0x000002806016e800 GCTaskThread "GC Thread#0" [stack: 0x000000f6bf800000,0x000000f6bf900000] [id=1588]
  0x00000280041e8800 GCTaskThread "GC Thread#1" [stack: 0x000000f6c0900000,0x000000f6c0a00000] [id=22700]
  0x00000280041e9000 GCTaskThread "GC Thread#2" [stack: 0x000000f6c0a00000,0x000000f6c0b00000] [id=15204]
  0x00000280041ee000 GCTaskThread "GC Thread#3" [stack: 0x000000f6c0b00000,0x000000f6c0c00000] [id=9420]
  0x0000028060191000 ConcurrentGCThread "G1 Main Marker" [stack: 0x000000f6bf900000,0x000000f6bfa00000] [id=21656]
  0x0000028060192000 ConcurrentGCThread "G1 Conc#0" [stack: 0x000000f6bfa00000,0x000000f6bfb00000] [id=24780]
  0x000002807f49d000 ConcurrentGCThread "G1 Refine#0" [stack: 0x000000f6bfb00000,0x000000f6bfc00000] [id=19884]
  0x0000028005e38000 ConcurrentGCThread "G1 Refine#1" [stack: 0x000000f6c0f00000,0x000000f6c1000000] [id=14088]
  0x0000028005b92000 ConcurrentGCThread "G1 Refine#2" [stack: 0x000000f6c1000000,0x000000f6c1100000] [id=4928]
  0x000002807f49e000 ConcurrentGCThread "G1 Young RemSet Sampling" [stack: 0x000000f6bfc00000,0x000000f6bfd00000] [id=23464]

Threads with active compile tasks:
C2 CompilerThread0     4955 2690   !   4       io.cucumber.messages.internal.com.google.protobuf.GeneratedMessageV3$FieldAccessorTable::ensureFieldAccessorsInitialized (471 bytes)
C2 CompilerThread1     4955 2773       4       io.cucumber.messages.internal.com.google.protobuf.util.JsonFormat$PrinterImpl::printSingleFieldValue (886 bytes)

VM state:at safepoint (normal execution)

VM Mutex/Monitor currently owned by a thread:  ([mutex/lock_event])
[0x0000028060103a10] Threads_lock - owner thread: 0x000002807f5b1800
[0x0000028060103500] Heap_lock - owner thread: 0x0000028060107800

Heap address: 0x0000000700000000, size: 4096 MB, Compressed Oops mode: Zero based, Oop shift amount: 3
Narrow klass base: 0x0000000800000000, Narrow klass shift: 3
Compressed class space size: 1073741824 Address: 0x0000000800b30000

Heap:
 garbage-first heap   total 315392K, used 37443K [0x0000000700000000, 0x0000000800000000)
  region size 1024K, 5 young (5120K), 5 survivors (5120K)
 Metaspace       used 15528K, capacity 16043K, committed 16256K, reserved 1062912K
  class space    used 1716K, capacity 1908K, committed 1920K, reserved 1048576K
Heap Regions: E=young(eden), S=young(survivor), O=old, HS=humongous(starts), HC=humongous(continues), CS=collection set, F=free, OA=open archive, CA=closed archive, TAMS=top-at-mark-start (previous, next)
|   0|0x0000000700000000, 0x0000000700100000, 0x0000000700100000|100%|HS|  |TAMS 0x0000000700000000, 0x0000000700000000| Complete 
|   1|0x0000000700100000, 0x0000000700200000, 0x0000000700200000|100%| O|  |TAMS 0x0000000700100000, 0x0000000700100000| Untracked 
|   2|0x0000000700200000, 0x0000000700300000, 0x0000000700300000|100%| O|  |TAMS 0x0000000700200000, 0x0000000700200000| Untracked 
|   3|0x0000000700300000, 0x0000000700400000, 0x0000000700400000|100%| O|  |TAMS 0x0000000700300000, 0x0000000700300000| Untracked 
|   4|0x0000000700400000, 0x0000000700500000, 0x0000000700500000|100%|HS|  |TAMS 0x0000000700400000, 0x0000000700400000| Complete 
|   5|0x0000000700500000, 0x0000000700600000, 0x0000000700600000|100%|HC|  |TAMS 0x0000000700500000, 0x0000000700500000| Complete 
|   6|0x0000000700600000, 0x0000000700700000, 0x0000000700700000|100%|HS|  |TAMS 0x0000000700600000, 0x0000000700600000| Complete 
|   7|0x0000000700700000, 0x0000000700800000, 0x0000000700800000|100%|HS|  |TAMS 0x0000000700700000, 0x0000000700700000| Complete 
|   8|0x0000000700800000, 0x0000000700900000, 0x0000000700900000|100%| O|  |TAMS 0x0000000700800000, 0x0000000700800000| Untracked 
|   9|0x0000000700900000, 0x0000000700a00000, 0x0000000700a00000|100%| O|  |TAMS 0x0000000700900000, 0x0000000700900000| Untracked 
|  10|0x0000000700a00000, 0x0000000700b00000, 0x0000000700b00000|100%| O|  |TAMS 0x0000000700a00000, 0x0000000700a00000| Untracked 
|  11|0x0000000700b00000, 0x0000000700c00000, 0x0000000700c00000|100%| O|  |TAMS 0x0000000700b00000, 0x0000000700b00000| Untracked 
|  12|0x0000000700c00000, 0x0000000700d00000, 0x0000000700d00000|100%| O|  |TAMS 0x0000000700c00000, 0x0000000700c00000| Untracked 
|  13|0x0000000700d00000, 0x0000000700e00000, 0x0000000700e00000|100%| O|  |TAMS 0x0000000700d00000, 0x0000000700d00000| Untracked 
|  14|0x0000000700e00000, 0x0000000700f00000, 0x0000000700f00000|100%| O|  |TAMS 0x0000000700e00000, 0x0000000700e00000| Untracked 
|  15|0x0000000700f00000, 0x0000000701000000, 0x0000000701000000|100%| O|  |TAMS 0x0000000700f00000, 0x0000000700f00000| Untracked 
|  16|0x0000000701000000, 0x0000000701100000, 0x0000000701100000|100%| O|  |TAMS 0x0000000701000000, 0x0000000701000000| Untracked 
|  17|0x0000000701100000, 0x0000000701200000, 0x0000000701200000|100%| O|  |TAMS 0x0000000701100000, 0x0000000701100000| Untracked 
|  18|0x0000000701200000, 0x0000000701300000, 0x0000000701300000|100%| O|  |TAMS 0x0000000701200000, 0x0000000701200000| Untracked 
|  19|0x0000000701300000, 0x0000000701400000, 0x0000000701400000|100%| O|  |TAMS 0x0000000701300000, 0x0000000701300000| Untracked 
|  20|0x0000000701400000, 0x0000000701500000, 0x0000000701500000|100%| O|  |TAMS 0x0000000701400000, 0x0000000701400000| Untracked 
|  21|0x0000000701500000, 0x0000000701600000, 0x0000000701600000|100%| O|  |TAMS 0x0000000701500000, 0x0000000701500000| Untracked 
|  22|0x0000000701600000, 0x0000000701700000, 0x0000000701700000|100%| O|  |TAMS 0x0000000701600000, 0x0000000701600000| Untracked 
|  23|0x0000000701700000, 0x0000000701800000, 0x0000000701800000|100%| O|  |TAMS 0x0000000701700000, 0x0000000701700000| Untracked 
|  24|0x0000000701800000, 0x0000000701900000, 0x0000000701900000|100%| O|  |TAMS 0x0000000701800000, 0x0000000701800000| Untracked 
|  25|0x0000000701900000, 0x0000000701a00000, 0x0000000701a00000|100%| O|  |TAMS 0x0000000701900000, 0x0000000701900000| Untracked 
|  26|0x0000000701a00000, 0x0000000701b00000, 0x0000000701b00000|100%| O|  |TAMS 0x0000000701a00000, 0x0000000701a00000| Untracked 
|  27|0x0000000701b00000, 0x0000000701c00000, 0x0000000701c00000|100%| O|  |TAMS 0x0000000701b00000, 0x0000000701b00000| Untracked 
|  28|0x0000000701c00000, 0x0000000701d00000, 0x0000000701d00000|100%| O|  |TAMS 0x0000000701c00000, 0x0000000701c00000| Untracked 
|  29|0x0000000701d00000, 0x0000000701e00000, 0x0000000701e00000|100%| O|  |TAMS 0x0000000701d00000, 0x0000000701d00000| Untracked 
|  30|0x0000000701e00000, 0x0000000701f00000, 0x0000000701f00000|100%| O|  |TAMS 0x0000000701e00000, 0x0000000701e00000| Untracked 
|  31|0x0000000701f00000, 0x0000000702000000, 0x0000000702000000|100%| O|  |TAMS 0x0000000701f00000, 0x0000000701f00000| Untracked 
|  32|0x0000000702000000, 0x0000000702042600, 0x0000000702100000| 25%| O|  |TAMS 0x0000000702000000, 0x0000000702000000| Untracked 
|  33|0x0000000702100000, 0x0000000702100000, 0x0000000702200000|  0%| F|  |TAMS 0x0000000702100000, 0x0000000702100000| Untracked 
|  34|0x0000000702200000, 0x0000000702200000, 0x0000000702300000|  0%| F|  |TAMS 0x0000000702200000, 0x0000000702200000| Untracked 
|  35|0x0000000702300000, 0x0000000702300000, 0x0000000702400000|  0%| F|  |TAMS 0x0000000702300000, 0x0000000702300000| Untracked 
|  36|0x0000000702400000, 0x0000000702400000, 0x0000000702500000|  0%| F|  |TAMS 0x0000000702400000, 0x0000000702400000| Untracked 
|  37|0x0000000702500000, 0x0000000702500000, 0x0000000702600000|  0%| F|  |TAMS 0x0000000702500000, 0x0000000702500000| Untracked 
|  38|0x0000000702600000, 0x0000000702600000, 0x0000000702700000|  0%| F|  |TAMS 0x0000000702600000, 0x0000000702600000| Untracked 
|  39|0x0000000702700000, 0x0000000702700000, 0x0000000702800000|  0%| F|  |TAMS 0x0000000702700000, 0x0000000702700000| Untracked 
|  40|0x0000000702800000, 0x0000000702800000, 0x0000000702900000|  0%| F|  |TAMS 0x0000000702800000, 0x0000000702800000| Untracked 
|  41|0x0000000702900000, 0x0000000702900000, 0x0000000702a00000|  0%| F|  |TAMS 0x0000000702900000, 0x0000000702900000| Untracked 
|  42|0x0000000702a00000, 0x0000000702a00000, 0x0000000702b00000|  0%| F|  |TAMS 0x0000000702a00000, 0x0000000702a00000| Untracked 
|  43|0x0000000702b00000, 0x0000000702b00000, 0x0000000702c00000|  0%| F|  |TAMS 0x0000000702b00000, 0x0000000702b00000| Untracked 
|  44|0x0000000702c00000, 0x0000000702c00000, 0x0000000702d00000|  0%| F|  |TAMS 0x0000000702c00000, 0x0000000702c00000| Untracked 
|  45|0x0000000702d00000, 0x0000000702d00000, 0x0000000702e00000|  0%| F|  |TAMS 0x0000000702d00000, 0x0000000702d00000| Untracked 
|  46|0x0000000702e00000, 0x0000000702e00000, 0x0000000702f00000|  0%| F|  |TAMS 0x0000000702e00000, 0x0000000702e00000| Untracked 
|  47|0x0000000702f00000, 0x0000000702f00000, 0x0000000703000000|  0%| F|  |TAMS 0x0000000702f00000, 0x0000000702f00000| Untracked 
|  48|0x0000000703000000, 0x0000000703000000, 0x0000000703100000|  0%| F|  |TAMS 0x0000000703000000, 0x0000000703000000| Untracked 
|  49|0x0000000703100000, 0x0000000703100000, 0x0000000703200000|  0%| F|  |TAMS 0x0000000703100000, 0x0000000703100000| Untracked 
|  50|0x0000000703200000, 0x0000000703200000, 0x0000000703300000|  0%| F|  |TAMS 0x0000000703200000, 0x0000000703200000| Untracked 
|  51|0x0000000703300000, 0x0000000703300000, 0x0000000703400000|  0%| F|  |TAMS 0x0000000703300000, 0x0000000703300000| Untracked 
|  52|0x0000000703400000, 0x0000000703400000, 0x0000000703500000|  0%| F|  |TAMS 0x0000000703400000, 0x0000000703400000| Untracked 
|  53|0x0000000703500000, 0x0000000703500000, 0x0000000703600000|  0%| F|  |TAMS 0x0000000703500000, 0x0000000703500000| Untracked 
|  54|0x0000000703600000, 0x0000000703600000, 0x0000000703700000|  0%| F|  |TAMS 0x0000000703600000, 0x0000000703600000| Untracked 
|  55|0x0000000703700000, 0x0000000703700000, 0x0000000703800000|  0%| F|  |TAMS 0x0000000703700000, 0x0000000703700000| Untracked 
|  56|0x0000000703800000, 0x0000000703800000, 0x0000000703900000|  0%| F|  |TAMS 0x0000000703800000, 0x0000000703800000| Untracked 
|  57|0x0000000703900000, 0x0000000703900000, 0x0000000703a00000|  0%| F|  |TAMS 0x0000000703900000, 0x0000000703900000| Untracked 
|  58|0x0000000703a00000, 0x0000000703a00000, 0x0000000703b00000|  0%| F|  |TAMS 0x0000000703a00000, 0x0000000703a00000| Untracked 
|  59|0x0000000703b00000, 0x0000000703b00000, 0x0000000703c00000|  0%| F|  |TAMS 0x0000000703b00000, 0x0000000703b00000| Untracked 
|  60|0x0000000703c00000, 0x0000000703c00000, 0x0000000703d00000|  0%| F|  |TAMS 0x0000000703c00000, 0x0000000703c00000| Untracked 
|  61|0x0000000703d00000, 0x0000000703d00000, 0x0000000703e00000|  0%| F|  |TAMS 0x0000000703d00000, 0x0000000703d00000| Untracked 
|  62|0x0000000703e00000, 0x0000000703e00000, 0x0000000703f00000|  0%| F|  |TAMS 0x0000000703e00000, 0x0000000703e00000| Untracked 
|  63|0x0000000703f00000, 0x0000000703f00000, 0x0000000704000000|  0%| F|  |TAMS 0x0000000703f00000, 0x0000000703f00000| Untracked 
|  64|0x0000000704000000, 0x0000000704000000, 0x0000000704100000|  0%| F|  |TAMS 0x0000000704000000, 0x0000000704000000| Untracked 
|  65|0x0000000704100000, 0x0000000704100000, 0x0000000704200000|  0%| F|  |TAMS 0x0000000704100000, 0x0000000704100000| Untracked 
|  66|0x0000000704200000, 0x0000000704200000, 0x0000000704300000|  0%| F|  |TAMS 0x0000000704200000, 0x0000000704200000| Untracked 
|  67|0x0000000704300000, 0x0000000704300000, 0x0000000704400000|  0%| F|  |TAMS 0x0000000704300000, 0x0000000704300000| Untracked 
|  68|0x0000000704400000, 0x0000000704400000, 0x0000000704500000|  0%| F|  |TAMS 0x0000000704400000, 0x0000000704400000| Untracked 
|  69|0x0000000704500000, 0x0000000704500000, 0x0000000704600000|  0%| F|  |TAMS 0x0000000704500000, 0x0000000704500000| Untracked 
|  70|0x0000000704600000, 0x0000000704600000, 0x0000000704700000|  0%| F|  |TAMS 0x0000000704600000, 0x0000000704600000| Untracked 
|  71|0x0000000704700000, 0x0000000704700000, 0x0000000704800000|  0%| F|  |TAMS 0x0000000704700000, 0x0000000704700000| Untracked 
|  72|0x0000000704800000, 0x0000000704800000, 0x0000000704900000|  0%| F|  |TAMS 0x0000000704800000, 0x0000000704800000| Untracked 
|  73|0x0000000704900000, 0x0000000704900000, 0x0000000704a00000|  0%| F|  |TAMS 0x0000000704900000, 0x0000000704900000| Untracked 
|  74|0x0000000704a00000, 0x0000000704a00000, 0x0000000704b00000|  0%| F|  |TAMS 0x0000000704a00000, 0x0000000704a00000| Untracked 
|  75|0x0000000704b00000, 0x0000000704b00000, 0x0000000704c00000|  0%| F|  |TAMS 0x0000000704b00000, 0x0000000704b00000| Untracked 
|  76|0x0000000704c00000, 0x0000000704c00000, 0x0000000704d00000|  0%| F|  |TAMS 0x0000000704c00000, 0x0000000704c00000| Untracked 
|  77|0x0000000704d00000, 0x0000000704d00000, 0x0000000704e00000|  0%| F|  |TAMS 0x0000000704d00000, 0x0000000704d00000| Untracked 
|  78|0x0000000704e00000, 0x0000000704e00000, 0x0000000704f00000|  0%| F|  |TAMS 0x0000000704e00000, 0x0000000704e00000| Untracked 
|  79|0x0000000704f00000, 0x0000000704f00000, 0x0000000705000000|  0%| F|  |TAMS 0x0000000704f00000, 0x0000000704f00000| Untracked 
|  80|0x0000000705000000, 0x0000000705000000, 0x0000000705100000|  0%| F|  |TAMS 0x0000000705000000, 0x0000000705000000| Untracked 
|  81|0x0000000705100000, 0x0000000705100000, 0x0000000705200000|  0%| F|  |TAMS 0x0000000705100000, 0x0000000705100000| Untracked 
|  82|0x0000000705200000, 0x0000000705200000, 0x0000000705300000|  0%| F|  |TAMS 0x0000000705200000, 0x0000000705200000| Untracked 
|  83|0x0000000705300000, 0x0000000705300000, 0x0000000705400000|  0%| F|  |TAMS 0x0000000705300000, 0x0000000705300000| Untracked 
|  84|0x0000000705400000, 0x0000000705400000, 0x0000000705500000|  0%| F|  |TAMS 0x0000000705400000, 0x0000000705400000| Untracked 
|  85|0x0000000705500000, 0x0000000705500000, 0x0000000705600000|  0%| F|  |TAMS 0x0000000705500000, 0x0000000705500000| Untracked 
|  86|0x0000000705600000, 0x0000000705600000, 0x0000000705700000|  0%| F|  |TAMS 0x0000000705600000, 0x0000000705600000| Untracked 
|  87|0x0000000705700000, 0x0000000705700000, 0x0000000705800000|  0%| F|  |TAMS 0x0000000705700000, 0x0000000705700000| Untracked 
|  88|0x0000000705800000, 0x0000000705800000, 0x0000000705900000|  0%| F|  |TAMS 0x0000000705800000, 0x0000000705800000| Untracked 
|  89|0x0000000705900000, 0x0000000705900000, 0x0000000705a00000|  0%| F|  |TAMS 0x0000000705900000, 0x0000000705900000| Untracked 
|  90|0x0000000705a00000, 0x0000000705a00000, 0x0000000705b00000|  0%| F|  |TAMS 0x0000000705a00000, 0x0000000705a00000| Untracked 
|  91|0x0000000705b00000, 0x0000000705b00000, 0x0000000705c00000|  0%| F|  |TAMS 0x0000000705b00000, 0x0000000705b00000| Untracked 
|  92|0x0000000705c00000, 0x0000000705c00000, 0x0000000705d00000|  0%| F|  |TAMS 0x0000000705c00000, 0x0000000705c00000| Untracked 
|  93|0x0000000705d00000, 0x0000000705d00000, 0x0000000705e00000|  0%| F|  |TAMS 0x0000000705d00000, 0x0000000705d00000| Untracked 
|  94|0x0000000705e00000, 0x0000000705e00000, 0x0000000705f00000|  0%| F|  |TAMS 0x0000000705e00000, 0x0000000705e00000| Untracked 
|  95|0x0000000705f00000, 0x0000000705f00000, 0x0000000706000000|  0%| F|  |TAMS 0x0000000705f00000, 0x0000000705f00000| Untracked 
|  96|0x0000000706000000, 0x0000000706000000, 0x0000000706100000|  0%| F|  |TAMS 0x0000000706000000, 0x0000000706000000| Untracked 
|  97|0x0000000706100000, 0x0000000706100000, 0x0000000706200000|  0%| F|  |TAMS 0x0000000706100000, 0x0000000706100000| Untracked 
|  98|0x0000000706200000, 0x0000000706200000, 0x0000000706300000|  0%| F|  |TAMS 0x0000000706200000, 0x0000000706200000| Untracked 
|  99|0x0000000706300000, 0x0000000706300000, 0x0000000706400000|  0%| F|  |TAMS 0x0000000706300000, 0x0000000706300000| Untracked 
| 100|0x0000000706400000, 0x0000000706400000, 0x0000000706500000|  0%| F|  |TAMS 0x0000000706400000, 0x0000000706400000| Untracked 
| 101|0x0000000706500000, 0x0000000706500000, 0x0000000706600000|  0%| F|  |TAMS 0x0000000706500000, 0x0000000706500000| Untracked 
| 102|0x0000000706600000, 0x0000000706600000, 0x0000000706700000|  0%| F|  |TAMS 0x0000000706600000, 0x0000000706600000| Untracked 
| 103|0x0000000706700000, 0x0000000706700000, 0x0000000706800000|  0%| F|  |TAMS 0x0000000706700000, 0x0000000706700000| Untracked 
| 104|0x0000000706800000, 0x0000000706800000, 0x0000000706900000|  0%| F|  |TAMS 0x0000000706800000, 0x0000000706800000| Untracked 
| 105|0x0000000706900000, 0x0000000706900000, 0x0000000706a00000|  0%| F|  |TAMS 0x0000000706900000, 0x0000000706900000| Untracked 
| 106|0x0000000706a00000, 0x0000000706a00000, 0x0000000706b00000|  0%| F|  |TAMS 0x0000000706a00000, 0x0000000706a00000| Untracked 
| 107|0x0000000706b00000, 0x0000000706b00000, 0x0000000706c00000|  0%| F|  |TAMS 0x0000000706b00000, 0x0000000706b00000| Untracked 
| 108|0x0000000706c00000, 0x0000000706c00000, 0x0000000706d00000|  0%| F|  |TAMS 0x0000000706c00000, 0x0000000706c00000| Untracked 
| 109|0x0000000706d00000, 0x0000000706d4e650, 0x0000000706e00000| 30%| S|CS|TAMS 0x0000000706d00000, 0x0000000706d00000| Complete 
| 110|0x0000000706e00000, 0x0000000706f00000, 0x0000000706f00000|100%| S|CS|TAMS 0x0000000706e00000, 0x0000000706e00000| Complete 
| 111|0x0000000706f00000, 0x0000000707000000, 0x0000000707000000|100%| S|CS|TAMS 0x0000000706f00000, 0x0000000706f00000| Complete 
| 112|0x0000000707000000, 0x0000000707100000, 0x0000000707100000|100%| S|CS|TAMS 0x0000000707000000, 0x0000000707000000| Complete 
| 113|0x0000000707100000, 0x0000000707200000, 0x0000000707200000|100%| S|CS|TAMS 0x0000000707100000, 0x0000000707100000| Complete 
| 114|0x0000000707200000, 0x0000000707200000, 0x0000000707300000|  0%| F|  |TAMS 0x0000000707200000, 0x0000000707200000| Untracked 
| 115|0x0000000707300000, 0x0000000707300000, 0x0000000707400000|  0%| F|  |TAMS 0x0000000707300000, 0x0000000707300000| Untracked 
| 116|0x0000000707400000, 0x0000000707400000, 0x0000000707500000|  0%| F|  |TAMS 0x0000000707400000, 0x0000000707400000| Untracked 
| 117|0x0000000707500000, 0x0000000707500000, 0x0000000707600000|  0%| F|  |TAMS 0x0000000707500000, 0x0000000707500000| Untracked 
| 118|0x0000000707600000, 0x0000000707600000, 0x0000000707700000|  0%| F|  |TAMS 0x0000000707600000, 0x0000000707600000| Untracked 
| 119|0x0000000707700000, 0x0000000707700000, 0x0000000707800000|  0%| F|  |TAMS 0x0000000707700000, 0x0000000707700000| Untracked 
| 120|0x0000000707800000, 0x0000000707800000, 0x0000000707900000|  0%| F|  |TAMS 0x0000000707800000, 0x0000000707800000| Untracked 
| 121|0x0000000707900000, 0x0000000707900000, 0x0000000707a00000|  0%| F|  |TAMS 0x0000000707900000, 0x0000000707900000| Untracked 
| 122|0x0000000707a00000, 0x0000000707a00000, 0x0000000707b00000|  0%| F|  |TAMS 0x0000000707a00000, 0x0000000707a00000| Untracked 
| 123|0x0000000707b00000, 0x0000000707b00000, 0x0000000707c00000|  0%| F|  |TAMS 0x0000000707b00000, 0x0000000707b00000| Untracked 
| 124|0x0000000707c00000, 0x0000000707c00000, 0x0000000707d00000|  0%| F|  |TAMS 0x0000000707c00000, 0x0000000707c00000| Untracked 
| 125|0x0000000707d00000, 0x0000000707d00000, 0x0000000707e00000|  0%| F|  |TAMS 0x0000000707d00000, 0x0000000707d00000| Untracked 
| 126|0x0000000707e00000, 0x0000000707e00000, 0x0000000707f00000|  0%| F|  |TAMS 0x0000000707e00000, 0x0000000707e00000| Untracked 
| 127|0x0000000707f00000, 0x0000000707f00000, 0x0000000708000000|  0%| F|  |TAMS 0x0000000707f00000, 0x0000000707f00000| Untracked 
| 128|0x0000000708000000, 0x0000000708000000, 0x0000000708100000|  0%| F|  |TAMS 0x0000000708000000, 0x0000000708000000| Untracked 
| 129|0x0000000708100000, 0x0000000708100000, 0x0000000708200000|  0%| F|  |TAMS 0x0000000708100000, 0x0000000708100000| Untracked 
| 130|0x0000000708200000, 0x0000000708200000, 0x0000000708300000|  0%| F|  |TAMS 0x0000000708200000, 0x0000000708200000| Untracked 
| 131|0x0000000708300000, 0x0000000708300000, 0x0000000708400000|  0%| F|  |TAMS 0x0000000708300000, 0x0000000708300000| Untracked 
| 132|0x0000000708400000, 0x0000000708400000, 0x0000000708500000|  0%| F|  |TAMS 0x0000000708400000, 0x0000000708400000| Untracked 
| 133|0x0000000708500000, 0x0000000708500000, 0x0000000708600000|  0%| F|  |TAMS 0x0000000708500000, 0x0000000708500000| Untracked 
| 134|0x0000000708600000, 0x0000000708600000, 0x0000000708700000|  0%| F|  |TAMS 0x0000000708600000, 0x0000000708600000| Untracked 
| 135|0x0000000708700000, 0x0000000708700000, 0x0000000708800000|  0%| F|  |TAMS 0x0000000708700000, 0x0000000708700000| Untracked 
| 136|0x0000000708800000, 0x0000000708800000, 0x0000000708900000|  0%| F|  |TAMS 0x0000000708800000, 0x0000000708800000| Untracked 
| 137|0x0000000708900000, 0x0000000708900000, 0x0000000708a00000|  0%| F|  |TAMS 0x0000000708900000, 0x0000000708900000| Untracked 
| 138|0x0000000708a00000, 0x0000000708a00000, 0x0000000708b00000|  0%| F|  |TAMS 0x0000000708a00000, 0x0000000708a00000| Untracked 
| 139|0x0000000708b00000, 0x0000000708b00000, 0x0000000708c00000|  0%| F|  |TAMS 0x0000000708b00000, 0x0000000708b00000| Untracked 
| 140|0x0000000708c00000, 0x0000000708c00000, 0x0000000708d00000|  0%| F|  |TAMS 0x0000000708c00000, 0x0000000708c00000| Untracked 
| 141|0x0000000708d00000, 0x0000000708d00000, 0x0000000708e00000|  0%| F|  |TAMS 0x0000000708d00000, 0x0000000708d00000| Untracked 
| 142|0x0000000708e00000, 0x0000000708e00000, 0x0000000708f00000|  0%| F|  |TAMS 0x0000000708e00000, 0x0000000708e00000| Untracked 
| 143|0x0000000708f00000, 0x0000000708f00000, 0x0000000709000000|  0%| F|  |TAMS 0x0000000708f00000, 0x0000000708f00000| Untracked 
| 144|0x0000000709000000, 0x0000000709000000, 0x0000000709100000|  0%| F|  |TAMS 0x0000000709000000, 0x0000000709000000| Untracked 
| 145|0x0000000709100000, 0x0000000709100000, 0x0000000709200000|  0%| F|  |TAMS 0x0000000709100000, 0x0000000709100000| Untracked 
| 146|0x0000000709200000, 0x0000000709200000, 0x0000000709300000|  0%| F|  |TAMS 0x0000000709200000, 0x0000000709200000| Untracked 
| 147|0x0000000709300000, 0x0000000709300000, 0x0000000709400000|  0%| F|  |TAMS 0x0000000709300000, 0x0000000709300000| Untracked 
| 148|0x0000000709400000, 0x0000000709400000, 0x0000000709500000|  0%| F|  |TAMS 0x0000000709400000, 0x0000000709400000| Untracked 
| 149|0x0000000709500000, 0x0000000709500000, 0x0000000709600000|  0%| F|  |TAMS 0x0000000709500000, 0x0000000709500000| Untracked 
| 150|0x0000000709600000, 0x0000000709600000, 0x0000000709700000|  0%| F|  |TAMS 0x0000000709600000, 0x0000000709600000| Untracked 
| 151|0x0000000709700000, 0x0000000709700000, 0x0000000709800000|  0%| F|  |TAMS 0x0000000709700000, 0x0000000709700000| Untracked 
| 152|0x0000000709800000, 0x0000000709800000, 0x0000000709900000|  0%| F|  |TAMS 0x0000000709800000, 0x0000000709800000| Untracked 
| 153|0x0000000709900000, 0x0000000709900000, 0x0000000709a00000|  0%| F|  |TAMS 0x0000000709900000, 0x0000000709900000| Untracked 
| 154|0x0000000709a00000, 0x0000000709a00000, 0x0000000709b00000|  0%| F|  |TAMS 0x0000000709a00000, 0x0000000709a00000| Untracked 
| 155|0x0000000709b00000, 0x0000000709b00000, 0x0000000709c00000|  0%| F|  |TAMS 0x0000000709b00000, 0x0000000709b00000| Untracked 
| 156|0x0000000709c00000, 0x0000000709c00000, 0x0000000709d00000|  0%| F|  |TAMS 0x0000000709c00000, 0x0000000709c00000| Untracked 
| 157|0x0000000709d00000, 0x0000000709d00000, 0x0000000709e00000|  0%| F|  |TAMS 0x0000000709d00000, 0x0000000709d00000| Untracked 
| 158|0x0000000709e00000, 0x0000000709e00000, 0x0000000709f00000|  0%| F|  |TAMS 0x0000000709e00000, 0x0000000709e00000| Untracked 
| 159|0x0000000709f00000, 0x0000000709f00000, 0x000000070a000000|  0%| F|  |TAMS 0x0000000709f00000, 0x0000000709f00000| Untracked 
| 160|0x000000070a000000, 0x000000070a000000, 0x000000070a100000|  0%| F|  |TAMS 0x000000070a000000, 0x000000070a000000| Untracked 
| 161|0x000000070a100000, 0x000000070a100000, 0x000000070a200000|  0%| F|  |TAMS 0x000000070a100000, 0x000000070a100000| Untracked 
| 162|0x000000070a200000, 0x000000070a200000, 0x000000070a300000|  0%| F|  |TAMS 0x000000070a200000, 0x000000070a200000| Untracked 
| 163|0x000000070a300000, 0x000000070a300000, 0x000000070a400000|  0%| F|  |TAMS 0x000000070a300000, 0x000000070a300000| Untracked 
| 164|0x000000070a400000, 0x000000070a400000, 0x000000070a500000|  0%| F|  |TAMS 0x000000070a400000, 0x000000070a400000| Untracked 
| 165|0x000000070a500000, 0x000000070a500000, 0x000000070a600000|  0%| F|  |TAMS 0x000000070a500000, 0x000000070a500000| Untracked 
| 166|0x000000070a600000, 0x000000070a600000, 0x000000070a700000|  0%| F|  |TAMS 0x000000070a600000, 0x000000070a600000| Untracked 
| 167|0x000000070a700000, 0x000000070a700000, 0x000000070a800000|  0%| F|  |TAMS 0x000000070a700000, 0x000000070a700000| Untracked 
| 168|0x000000070a800000, 0x000000070a800000, 0x000000070a900000|  0%| F|  |TAMS 0x000000070a800000, 0x000000070a800000| Untracked 
| 169|0x000000070a900000, 0x000000070a900000, 0x000000070aa00000|  0%| F|  |TAMS 0x000000070a900000, 0x000000070a900000| Untracked 
| 170|0x000000070aa00000, 0x000000070aa00000, 0x000000070ab00000|  0%| F|  |TAMS 0x000000070aa00000, 0x000000070aa00000| Untracked 
| 171|0x000000070ab00000, 0x000000070ab00000, 0x000000070ac00000|  0%| F|  |TAMS 0x000000070ab00000, 0x000000070ab00000| Untracked 
| 172|0x000000070ac00000, 0x000000070ac00000, 0x000000070ad00000|  0%| F|  |TAMS 0x000000070ac00000, 0x000000070ac00000| Untracked 
| 173|0x000000070ad00000, 0x000000070ad00000, 0x000000070ae00000|  0%| F|  |TAMS 0x000000070ad00000, 0x000000070ad00000| Untracked 
| 174|0x000000070ae00000, 0x000000070ae00000, 0x000000070af00000|  0%| F|  |TAMS 0x000000070ae00000, 0x000000070ae00000| Untracked 
| 175|0x000000070af00000, 0x000000070af00000, 0x000000070b000000|  0%| F|  |TAMS 0x000000070af00000, 0x000000070af00000| Untracked 
| 176|0x000000070b000000, 0x000000070b000000, 0x000000070b100000|  0%| F|  |TAMS 0x000000070b000000, 0x000000070b000000| Untracked 
| 177|0x000000070b100000, 0x000000070b100000, 0x000000070b200000|  0%| F|  |TAMS 0x000000070b100000, 0x000000070b100000| Untracked 
| 178|0x000000070b200000, 0x000000070b200000, 0x000000070b300000|  0%| F|  |TAMS 0x000000070b200000, 0x000000070b200000| Untracked 
| 179|0x000000070b300000, 0x000000070b300000, 0x000000070b400000|  0%| F|  |TAMS 0x000000070b300000, 0x000000070b300000| Untracked 
| 180|0x000000070b400000, 0x000000070b400000, 0x000000070b500000|  0%| F|  |TAMS 0x000000070b400000, 0x000000070b400000| Untracked 
| 181|0x000000070b500000, 0x000000070b500000, 0x000000070b600000|  0%| F|  |TAMS 0x000000070b500000, 0x000000070b500000| Untracked 
| 182|0x000000070b600000, 0x000000070b600000, 0x000000070b700000|  0%| F|  |TAMS 0x000000070b600000, 0x000000070b600000| Untracked 
| 183|0x000000070b700000, 0x000000070b700000, 0x000000070b800000|  0%| F|  |TAMS 0x000000070b700000, 0x000000070b700000| Untracked 
| 184|0x000000070b800000, 0x000000070b800000, 0x000000070b900000|  0%| F|  |TAMS 0x000000070b800000, 0x000000070b800000| Untracked 
| 185|0x000000070b900000, 0x000000070b900000, 0x000000070ba00000|  0%| F|  |TAMS 0x000000070b900000, 0x000000070b900000| Untracked 
| 186|0x000000070ba00000, 0x000000070ba00000, 0x000000070bb00000|  0%| F|  |TAMS 0x000000070ba00000, 0x000000070ba00000| Untracked 
| 187|0x000000070bb00000, 0x000000070bb00000, 0x000000070bc00000|  0%| F|  |TAMS 0x000000070bb00000, 0x000000070bb00000| Untracked 
| 188|0x000000070bc00000, 0x000000070bc00000, 0x000000070bd00000|  0%| F|  |TAMS 0x000000070bc00000, 0x000000070bc00000| Untracked 
| 189|0x000000070bd00000, 0x000000070bd00000, 0x000000070be00000|  0%| F|  |TAMS 0x000000070bd00000, 0x000000070bd00000| Untracked 
| 190|0x000000070be00000, 0x000000070be00000, 0x000000070bf00000|  0%| F|  |TAMS 0x000000070be00000, 0x000000070be00000| Untracked 
| 191|0x000000070bf00000, 0x000000070bf00000, 0x000000070c000000|  0%| F|  |TAMS 0x000000070bf00000, 0x000000070bf00000| Untracked 
| 192|0x000000070c000000, 0x000000070c000000, 0x000000070c100000|  0%| F|  |TAMS 0x000000070c000000, 0x000000070c000000| Untracked 
| 193|0x000000070c100000, 0x000000070c100000, 0x000000070c200000|  0%| F|  |TAMS 0x000000070c100000, 0x000000070c100000| Untracked 
| 194|0x000000070c200000, 0x000000070c200000, 0x000000070c300000|  0%| F|  |TAMS 0x000000070c200000, 0x000000070c200000| Untracked 
| 195|0x000000070c300000, 0x000000070c300000, 0x000000070c400000|  0%| F|  |TAMS 0x000000070c300000, 0x000000070c300000| Untracked 
| 196|0x000000070c400000, 0x000000070c400000, 0x000000070c500000|  0%| F|  |TAMS 0x000000070c400000, 0x000000070c400000| Untracked 
| 197|0x000000070c500000, 0x000000070c500000, 0x000000070c600000|  0%| F|  |TAMS 0x000000070c500000, 0x000000070c500000| Untracked 
| 198|0x000000070c600000, 0x000000070c600000, 0x000000070c700000|  0%| F|  |TAMS 0x000000070c600000, 0x000000070c600000| Untracked 
| 199|0x000000070c700000, 0x000000070c700000, 0x000000070c800000|  0%| F|  |TAMS 0x000000070c700000, 0x000000070c700000| Untracked 
| 200|0x000000070c800000, 0x000000070c800000, 0x000000070c900000|  0%| F|  |TAMS 0x000000070c800000, 0x000000070c800000| Untracked 
| 201|0x000000070c900000, 0x000000070c900000, 0x000000070ca00000|  0%| F|  |TAMS 0x000000070c900000, 0x000000070c900000| Untracked 
| 202|0x000000070ca00000, 0x000000070ca00000, 0x000000070cb00000|  0%| F|  |TAMS 0x000000070ca00000, 0x000000070ca00000| Untracked 
| 203|0x000000070cb00000, 0x000000070cb00000, 0x000000070cc00000|  0%| F|  |TAMS 0x000000070cb00000, 0x000000070cb00000| Untracked 
| 204|0x000000070cc00000, 0x000000070cc00000, 0x000000070cd00000|  0%| F|  |TAMS 0x000000070cc00000, 0x000000070cc00000| Untracked 
| 205|0x000000070cd00000, 0x000000070cd00000, 0x000000070ce00000|  0%| F|  |TAMS 0x000000070cd00000, 0x000000070cd00000| Untracked 
| 206|0x000000070ce00000, 0x000000070ce00000, 0x000000070cf00000|  0%| F|  |TAMS 0x000000070ce00000, 0x000000070ce00000| Untracked 
| 207|0x000000070cf00000, 0x000000070cf00000, 0x000000070d000000|  0%| F|  |TAMS 0x000000070cf00000, 0x000000070cf00000| Untracked 
| 208|0x000000070d000000, 0x000000070d000000, 0x000000070d100000|  0%| F|  |TAMS 0x000000070d000000, 0x000000070d000000| Untracked 
| 209|0x000000070d100000, 0x000000070d100000, 0x000000070d200000|  0%| F|  |TAMS 0x000000070d100000, 0x000000070d100000| Untracked 
| 210|0x000000070d200000, 0x000000070d200000, 0x000000070d300000|  0%| F|  |TAMS 0x000000070d200000, 0x000000070d200000| Untracked 
| 211|0x000000070d300000, 0x000000070d300000, 0x000000070d400000|  0%| F|  |TAMS 0x000000070d300000, 0x000000070d300000| Untracked 
| 212|0x000000070d400000, 0x000000070d400000, 0x000000070d500000|  0%| F|  |TAMS 0x000000070d400000, 0x000000070d400000| Untracked 
| 213|0x000000070d500000, 0x000000070d500000, 0x000000070d600000|  0%| F|  |TAMS 0x000000070d500000, 0x000000070d500000| Untracked 
| 214|0x000000070d600000, 0x000000070d600000, 0x000000070d700000|  0%| F|  |TAMS 0x000000070d600000, 0x000000070d600000| Untracked 
| 215|0x000000070d700000, 0x000000070d700000, 0x000000070d800000|  0%| F|  |TAMS 0x000000070d700000, 0x000000070d700000| Untracked 
| 216|0x000000070d800000, 0x000000070d800000, 0x000000070d900000|  0%| F|  |TAMS 0x000000070d800000, 0x000000070d800000| Untracked 
| 217|0x000000070d900000, 0x000000070d900000, 0x000000070da00000|  0%| F|  |TAMS 0x000000070d900000, 0x000000070d900000| Untracked 
| 218|0x000000070da00000, 0x000000070da00000, 0x000000070db00000|  0%| F|  |TAMS 0x000000070da00000, 0x000000070da00000| Untracked 
| 219|0x000000070db00000, 0x000000070db00000, 0x000000070dc00000|  0%| F|  |TAMS 0x000000070db00000, 0x000000070db00000| Untracked 
| 220|0x000000070dc00000, 0x000000070dc00000, 0x000000070dd00000|  0%| F|  |TAMS 0x000000070dc00000, 0x000000070dc00000| Untracked 
| 221|0x000000070dd00000, 0x000000070dd00000, 0x000000070de00000|  0%| F|  |TAMS 0x000000070dd00000, 0x000000070dd00000| Untracked 
| 222|0x000000070de00000, 0x000000070de00000, 0x000000070df00000|  0%| F|  |TAMS 0x000000070de00000, 0x000000070de00000| Untracked 
| 223|0x000000070df00000, 0x000000070df00000, 0x000000070e000000|  0%| F|  |TAMS 0x000000070df00000, 0x000000070df00000| Untracked 
| 224|0x000000070e000000, 0x000000070e000000, 0x000000070e100000|  0%| F|  |TAMS 0x000000070e000000, 0x000000070e000000| Untracked 
| 225|0x000000070e100000, 0x000000070e100000, 0x000000070e200000|  0%| F|  |TAMS 0x000000070e100000, 0x000000070e100000| Untracked 
| 226|0x000000070e200000, 0x000000070e200000, 0x000000070e300000|  0%| F|  |TAMS 0x000000070e200000, 0x000000070e200000| Untracked 
| 227|0x000000070e300000, 0x000000070e300000, 0x000000070e400000|  0%| F|  |TAMS 0x000000070e300000, 0x000000070e300000| Untracked 
| 228|0x000000070e400000, 0x000000070e400000, 0x000000070e500000|  0%| F|  |TAMS 0x000000070e400000, 0x000000070e400000| Untracked 
| 229|0x000000070e500000, 0x000000070e500000, 0x000000070e600000|  0%| F|  |TAMS 0x000000070e500000, 0x000000070e500000| Untracked 
| 230|0x000000070e600000, 0x000000070e600000, 0x000000070e700000|  0%| F|  |TAMS 0x000000070e600000, 0x000000070e600000| Untracked 
| 231|0x000000070e700000, 0x000000070e700000, 0x000000070e800000|  0%| F|  |TAMS 0x000000070e700000, 0x000000070e700000| Untracked 
| 232|0x000000070e800000, 0x000000070e800000, 0x000000070e900000|  0%| F|  |TAMS 0x000000070e800000, 0x000000070e800000| Untracked 
| 233|0x000000070e900000, 0x000000070e900000, 0x000000070ea00000|  0%| F|  |TAMS 0x000000070e900000, 0x000000070e900000| Untracked 
| 234|0x000000070ea00000, 0x000000070ea00000, 0x000000070eb00000|  0%| F|  |TAMS 0x000000070ea00000, 0x000000070ea00000| Untracked 
| 235|0x000000070eb00000, 0x000000070eb00000, 0x000000070ec00000|  0%| F|  |TAMS 0x000000070eb00000, 0x000000070eb00000| Untracked 
| 236|0x000000070ec00000, 0x000000070ec00000, 0x000000070ed00000|  0%| F|  |TAMS 0x000000070ec00000, 0x000000070ec00000| Untracked 
| 237|0x000000070ed00000, 0x000000070ed00000, 0x000000070ee00000|  0%| F|  |TAMS 0x000000070ed00000, 0x000000070ed00000| Untracked 
| 238|0x000000070ee00000, 0x000000070ee00000, 0x000000070ef00000|  0%| F|  |TAMS 0x000000070ee00000, 0x000000070ee00000| Untracked 
| 239|0x000000070ef00000, 0x000000070ef00000, 0x000000070f000000|  0%| F|  |TAMS 0x000000070ef00000, 0x000000070ef00000| Untracked 
| 240|0x000000070f000000, 0x000000070f000000, 0x000000070f100000|  0%| F|  |TAMS 0x000000070f000000, 0x000000070f000000| Untracked 
| 241|0x000000070f100000, 0x000000070f100000, 0x000000070f200000|  0%| F|  |TAMS 0x000000070f100000, 0x000000070f100000| Untracked 
| 242|0x000000070f200000, 0x000000070f200000, 0x000000070f300000|  0%| F|  |TAMS 0x000000070f200000, 0x000000070f200000| Untracked 
| 243|0x000000070f300000, 0x000000070f300000, 0x000000070f400000|  0%| F|  |TAMS 0x000000070f300000, 0x000000070f300000| Untracked 
| 244|0x000000070f400000, 0x000000070f400000, 0x000000070f500000|  0%| F|  |TAMS 0x000000070f400000, 0x000000070f400000| Untracked 
| 245|0x000000070f500000, 0x000000070f500000, 0x000000070f600000|  0%| F|  |TAMS 0x000000070f500000, 0x000000070f500000| Untracked 
| 246|0x000000070f600000, 0x000000070f600000, 0x000000070f700000|  0%| F|  |TAMS 0x000000070f600000, 0x000000070f600000| Untracked 
| 247|0x000000070f700000, 0x000000070f700000, 0x000000070f800000|  0%| F|  |TAMS 0x000000070f700000, 0x000000070f700000| Untracked 
| 248|0x000000070f800000, 0x000000070f800000, 0x000000070f900000|  0%| F|  |TAMS 0x000000070f800000, 0x000000070f800000| Untracked 
| 249|0x000000070f900000, 0x000000070f900000, 0x000000070fa00000|  0%| F|  |TAMS 0x000000070f900000, 0x000000070f900000| Untracked 
| 250|0x000000070fa00000, 0x000000070fa00000, 0x000000070fb00000|  0%| F|  |TAMS 0x000000070fa00000, 0x000000070fa00000| Untracked 
| 251|0x000000070fb00000, 0x000000070fb00000, 0x000000070fc00000|  0%| F|  |TAMS 0x000000070fb00000, 0x000000070fb00000| Untracked 
| 252|0x000000070fc00000, 0x000000070fc00000, 0x000000070fd00000|  0%| F|  |TAMS 0x000000070fc00000, 0x000000070fc00000| Untracked 
| 253|0x000000070fd00000, 0x000000070fd00000, 0x000000070fe00000|  0%| F|  |TAMS 0x000000070fd00000, 0x000000070fd00000| Untracked 
| 254|0x000000070fe00000, 0x000000070fe00000, 0x000000070ff00000|  0%| F|  |TAMS 0x000000070fe00000, 0x000000070fe00000| Untracked 
| 255|0x000000070ff00000, 0x000000070ff00000, 0x0000000710000000|  0%| F|  |TAMS 0x000000070ff00000, 0x000000070ff00000| Untracked 

Card table byte_map: [0x00000280780b0000,0x00000280788b0000] _byte_map_base: 0x00000280748b0000

Marking Bits (Prev, Next): (CMBitMap*) 0x000002806016f748, (CMBitMap*) 0x000002806016f788
 Prev Bits: [0x00000280790b0000, 0x000002807d0b0000)
 Next Bits: [0x0000028000000000, 0x0000028004000000)

Polling page: 0x000002805e040000

Metaspace:

Usage:
  Non-class:     13.80 MB capacity,    13.49 MB ( 98%) used,   270.75 KB (  2%) free+waste,    51.88 KB ( <1%) overhead. 
      Class:      1.86 MB capacity,     1.68 MB ( 90%) used,   166.55 KB (  9%) free+waste,    24.94 KB (  1%) overhead. 
       Both:     15.67 MB capacity,    15.16 MB ( 97%) used,   437.30 KB (  3%) free+waste,    76.81 KB ( <1%) overhead. 

Virtual space:
  Non-class space:       14.00 MB reserved,      14.00 MB (100%) committed 
      Class space:        1.00 GB reserved,       1.88 MB ( <1%) committed 
             Both:        1.01 GB reserved,      15.88 MB (  2%) committed 

Chunk freelists:
   Non-Class:  9.00 KB
       Class:  0 bytes
        Both:  9.00 KB

MaxMetaspaceSize: 17179869184.00 GB
CompressedClassSpaceSize: 1.00 GB

CodeHeap 'non-profiled nmethods': size=120000Kb used=1527Kb max_used=1527Kb free=118473Kb
 bounds [0x0000028070380000, 0x00000280705f0000, 0x00000280778b0000]
CodeHeap 'profiled nmethods': size=120000Kb used=6278Kb max_used=6278Kb free=113721Kb
 bounds [0x0000028068e50000, 0x0000028069480000, 0x0000028070380000]
CodeHeap 'non-nmethods': size=5760Kb used=1202Kb max_used=1258Kb free=4557Kb
 bounds [0x00000280688b0000, 0x0000028068b20000, 0x0000028068e50000]
 total_blobs=3289 nmethods=2827 adapters=374
 compilation: enabled
              stopped_count=0, restarted_count=0
 full_count=0

Compilation events (20 events):
Event: 4.883 Thread 0x000002807f5db800 2860       2       io.cucumber.messages.Messages$GherkinDocument$Feature::getLanguage (34 bytes)
Event: 4.883 Thread 0x000002807f5db800 nmethod 2860 0x000002806946e210 code [0x000002806946e3e0, 0x000002806946e6f8]
Event: 4.883 Thread 0x000002807f5db800 2859       1       io.cucumber.messages.Messages$GherkinDocument$Feature::getTagsList (5 bytes)
Event: 4.883 Thread 0x000002807f5db800 nmethod 2859 0x00000280704fd910 code [0x00000280704fdaa0, 0x00000280704fdb78]
Event: 4.884 Thread 0x000002807f5db800 2861       2       io.cucumber.messages.Messages$GherkinDocument$Feature$TableRow::hasLocation (13 bytes)
Event: 4.884 Thread 0x000002807f5db800 nmethod 2861 0x000002806946e890 code [0x000002806946ea20, 0x000002806946eb58]
Event: 4.887 Thread 0x000002807f5db800 2862       2       sun.nio.cs.UTF_8$Encoder::overflow (11 bytes)
Event: 4.887 Thread 0x000002807f5db800 nmethod 2862 0x000002806946ec10 code [0x000002806946ede0, 0x000002806946ef98]
Event: 4.890 Thread 0x000002807f5db800 2863       2       sun.nio.cs.StreamEncoder::writeBytes (132 bytes)
Event: 4.890 Thread 0x000002807f5db800 nmethod 2863 0x000002806946f110 code [0x000002806946f320, 0x000002806946f7f8]
Event: 4.891 Thread 0x000002807f5db800 2864       2       io.cucumber.messages.Messages$GherkinDocument::internalGetFieldAccessorTable (11 bytes)
Event: 4.891 Thread 0x000002807f5db800 nmethod 2864 0x000002806946fa90 code [0x000002806946fc40, 0x000002806946fd88]
Event: 4.891 Thread 0x000002807f5db800 2865       2       io.cucumber.messages.Messages::access$16400 (4 bytes)
Event: 4.891 Thread 0x000002807f5db800 nmethod 2865 0x000002806946fe10 code [0x000002806946ffa0, 0x0000028069470078]
Event: 4.896 Thread 0x000002807f5db800 2866   !   2       jdk.internal.reflect.GeneratedMethodAccessor13::invoke (64 bytes)
Event: 4.896 Thread 0x000002807f5db800 nmethod 2866 0x0000028069470110 code [0x0000028069470300, 0x0000028069470808]
Event: 4.897 Thread 0x000002807f5db800 2867   !   2       jdk.internal.reflect.GeneratedMethodAccessor14::invoke (61 bytes)
Event: 4.897 Thread 0x000002807f5db800 nmethod 2867 0x0000028069470b10 code [0x0000028069470d00, 0x0000028069471208]
Event: 4.902 Thread 0x000002807f5db800 2868       2       io.cucumber.messages.Messages$GherkinDocument::getUri (34 bytes)
Event: 4.903 Thread 0x000002807f5db800 nmethod 2868 0x0000028069471510 code [0x00000280694716e0, 0x00000280694719f8]

GC Heap History (9 events):
Event: 0.354 GC heap before
{Heap before GC invocations=0 (full 0):
 garbage-first heap   total 262144K, used 12288K [0x0000000700000000, 0x0000000800000000)
  region size 1024K, 13 young (13312K), 0 survivors (0K)
 Metaspace       used 245K, capacity 4480K, committed 4480K, reserved 1056768K
  class space    used 10K, capacity 384K, committed 384K, reserved 1048576K
}
Event: 0.357 GC heap after
{Heap after GC invocations=1 (full 0):
 garbage-first heap   total 262144K, used 634K [0x0000000700000000, 0x0000000800000000)
  region size 1024K, 1 young (1024K), 1 survivors (1024K)
 Metaspace       used 245K, capacity 4480K, committed 4480K, reserved 1056768K
  class space    used 10K, capacity 384K, committed 384K, reserved 1048576K
}
Event: 0.862 GC heap before
{Heap before GC invocations=1 (full 0):
 garbage-first heap   total 262144K, used 20090K [0x0000000700000000, 0x0000000800000000)
  region size 1024K, 20 young (20480K), 1 survivors (1024K)
 Metaspace       used 2175K, capacity 5172K, committed 5504K, reserved 1056768K
  class space    used 224K, capacity 519K, committed 640K, reserved 1048576K
}
Event: 0.869 GC heap after
{Heap after GC invocations=2 (full 0):
 garbage-first heap   total 262144K, used 6460K [0x0000000700000000, 0x0000000800000000)
  region size 1024K, 3 young (3072K), 3 survivors (3072K)
 Metaspace       used 2175K, capacity 5172K, committed 5504K, reserved 1056768K
  class space    used 224K, capacity 519K, committed 640K, reserved 1048576K
}
Event: 3.240 GC heap before
{Heap before GC invocations=2 (full 0):
 garbage-first heap   total 262144K, used 163132K [0x0000000700000000, 0x0000000800000000)
  region size 1024K, 153 young (156672K), 3 survivors (3072K)
 Metaspace       used 8602K, capacity 9617K, committed 9728K, reserved 1058816K
  class space    used 856K, capacity 1024K, committed 1024K, reserved 1048576K
}
Event: 3.264 GC heap after
{Heap after GC invocations=3 (full 0):
 garbage-first heap   total 262144K, used 32218K [0x0000000700000000, 0x0000000800000000)
  region size 1024K, 20 young (20480K), 20 survivors (20480K)
 Metaspace       used 8602K, capacity 9617K, committed 9728K, reserved 1058816K
  class space    used 856K, capacity 1024K, committed 1024K, reserved 1048576K
}
Event: 3.770 GC heap before
{Heap before GC invocations=3 (full 0):
 garbage-first heap   total 262144K, used 92634K [0x0000000700000000, 0x0000000800000000)
  region size 1024K, 79 young (80896K), 20 survivors (20480K)
 Metaspace       used 10578K, capacity 10954K, committed 11008K, reserved 1058816K
  class space    used 1096K, capacity 1227K, committed 1280K, reserved 1048576K
}
Event: 3.788 GC heap after
{Heap after GC invocations=4 (full 0):
 garbage-first heap   total 262144K, used 36105K [0x0000000700000000, 0x0000000800000000)
  region size 1024K, 3 young (3072K), 3 survivors (3072K)
 Metaspace       used 10578K, capacity 10954K, committed 11008K, reserved 1058816K
  class space    used 1096K, capacity 1227K, committed 1280K, reserved 1048576K
}
Event: 4.925 GC heap before
{Heap before GC invocations=4 (full 0):
 garbage-first heap   total 262144K, used 179465K [0x0000000700000000, 0x0000000800000000)
  region size 1024K, 142 young (145408K), 3 survivors (3072K)
 Metaspace       used 15528K, capacity 16043K, committed 16256K, reserved 1062912K
  class space    used 1716K, capacity 1908K, committed 1920K, reserved 1048576K
}

Deoptimization events (20 events):
Event: 4.772 Thread 0x0000028060107800 DEOPT PACKING pc=0x000002806943469f sp=0x000000f6bf7fd4c0
Event: 4.772 Thread 0x0000028060107800 DEOPT UNPACKING pc=0x00000280688f964e sp=0x000000f6bf7fca38 mode 0
Event: 4.773 Thread 0x0000028060107800 DEOPT PACKING pc=0x000002806943469f sp=0x000000f6bf7fd4c0
Event: 4.773 Thread 0x0000028060107800 DEOPT UNPACKING pc=0x00000280688f964e sp=0x000000f6bf7fca38 mode 0
Event: 4.774 Thread 0x0000028060107800 DEOPT PACKING pc=0x000002806943469f sp=0x000000f6bf7fd4c0
Event: 4.774 Thread 0x0000028060107800 DEOPT UNPACKING pc=0x00000280688f964e sp=0x000000f6bf7fca38 mode 0
Event: 4.774 Thread 0x0000028060107800 DEOPT PACKING pc=0x000002806943469f sp=0x000000f6bf7fd4c0
Event: 4.774 Thread 0x0000028060107800 DEOPT UNPACKING pc=0x00000280688f964e sp=0x000000f6bf7fca38 mode 0
Event: 4.774 Thread 0x0000028060107800 DEOPT PACKING pc=0x000002806943469f sp=0x000000f6bf7fd4c0
Event: 4.774 Thread 0x0000028060107800 DEOPT UNPACKING pc=0x00000280688f964e sp=0x000000f6bf7fca38 mode 0
Event: 4.774 Thread 0x0000028060107800 DEOPT PACKING pc=0x000002806943469f sp=0x000000f6bf7fd4c0
Event: 4.774 Thread 0x0000028060107800 DEOPT UNPACKING pc=0x00000280688f964e sp=0x000000f6bf7fca38 mode 0
Event: 4.774 Thread 0x0000028060107800 DEOPT PACKING pc=0x000002806943469f sp=0x000000f6bf7fd4c0
Event: 4.774 Thread 0x0000028060107800 DEOPT UNPACKING pc=0x00000280688f964e sp=0x000000f6bf7fca38 mode 0
Event: 4.775 Thread 0x0000028060107800 DEOPT PACKING pc=0x000002806943469f sp=0x000000f6bf7fd4c0
Event: 4.775 Thread 0x0000028060107800 DEOPT UNPACKING pc=0x00000280688f964e sp=0x000000f6bf7fca38 mode 0
Event: 4.775 Thread 0x0000028060107800 DEOPT PACKING pc=0x000002806943469f sp=0x000000f6bf7fd4c0
Event: 4.775 Thread 0x0000028060107800 DEOPT UNPACKING pc=0x00000280688f964e sp=0x000000f6bf7fca38 mode 0
Event: 4.775 Thread 0x0000028060107800 DEOPT PACKING pc=0x000002806943469f sp=0x000000f6bf7fd4c0
Event: 4.775 Thread 0x0000028060107800 DEOPT UNPACKING pc=0x00000280688f964e sp=0x000000f6bf7fca38 mode 0

Classes unloaded (0 events):
No events

Classes redefined (0 events):
No events

Internal exceptions (20 events):
Event: 1.728 Thread 0x0000028060107800 Exception <a 'java/lang/NoSuchMethodError'{0x000000070d85af00}: 'void java.lang.invoke.DirectMethodHandle$Holder.invokeStatic(java.lang.Object, java.lang.Object, java.lang.Object, java.lang.Object)'> (0x000000070d85af00) 
thrown [./open/src/hotspot/share/interpreter/linkResolver.cpp, line 766]
Event: 1.735 Thread 0x0000028060107800 Exception <a 'java/lang/NoSuchMethodError'{0x000000070d89c1b0}: 'int java.lang.invoke.DirectMethodHandle$Holder.invokeStaticInit(java.lang.Object, java.lang.Object)'> (0x000000070d89c1b0) 
thrown [./open/src/hotspot/share/interpreter/linkResolver.cpp, line 766]
Event: 1.740 Thread 0x0000028060107800 Exception <a 'java/lang/NoSuchMethodError'{0x000000070d8a71d0}: 'java.lang.Object java.lang.invoke.DirectMethodHandle$Holder.invokeSpecialIFC(java.lang.Object, java.lang.Object, java.lang.Object, java.lang.Object)'> (0x000000070d8a71d0) 
thrown [./open/src/hotspot/share/interpreter/linkResolver.cpp, line 766]
Event: 1.795 Thread 0x0000028060107800 Exception <a 'java/lang/NoSuchMethodError'{0x000000070d690268}: 'int java.lang.invoke.DirectMethodHandle$Holder.invokeInterface(java.lang.Object, java.lang.Object)'> (0x000000070d690268) 
thrown [./open/src/hotspot/share/interpreter/linkResolver.cpp, line 766]
Event: 1.871 Thread 0x0000028060107800 Exception <a 'java/lang/NoSuchMethodError'{0x000000070d1a0cc8}: 'java.lang.Object java.lang.invoke.Invokers$Holder.linkToTargetMethod(java.lang.Object, java.lang.Object, java.lang.Object, java.lang.Object, java.lang.Object, java.lang.Object)'> (0x000000070d1a0cc8) 
thrown [./open/src/hotspot/share/interpreter/linkResolver.cpp, line 766]
Event: 1.875 Thread 0x0000028060107800 Exception <a 'java/lang/NoSuchMethodError'{0x000000070d1d56f8}: 'void java.lang.invoke.DirectMethodHandle$Holder.invokeStaticInit(java.lang.Object)'> (0x000000070d1d56f8) 
thrown [./open/src/hotspot/share/interpreter/linkResolver.cpp, line 766]
Event: 1.877 Thread 0x0000028060107800 Exception <a 'sun/nio/fs/WindowsException'{0x000000070d1da3c8}> (0x000000070d1da3c8) 
thrown [./open/src/hotspot/share/prims/jni.cpp, line 599]
Event: 1.880 Thread 0x0000028060107800 Exception <a 'java/lang/NoSuchMethodError'{0x000000070d000340}: 'java.lang.Object java.lang.invoke.Invokers$Holder.linkToTargetMethod(java.lang.Object, java.lang.Object, java.lang.Object, java.lang.Object, java.lang.Object, java.lang.Object, java.lang.Object)'> (0x000000070d000340) 
thrown [./open/src/hotspot/share/interpreter/linkResolver.cpp, line 766]
Event: 1.888 Thread 0x0000028060107800 Exception <a 'java/lang/NoSuchMethodError'{0x000000070d013b40}: 'java.lang.Object java.lang.invoke.DirectMethodHandle$Holder.invokeSpecialIFC(java.lang.Object, java.lang.Object, java.lang.Object, java.lang.Object, java.lang.Object)'> (0x000000070d013b40) 
thrown [./open/src/hotspot/share/interpreter/linkResolver.cpp, line 766]
Event: 1.915 Thread 0x0000028060107800 Exception <a 'java/lang/NoSuchMethodError'{0x000000070d0cefc0}: 'java.lang.Object java.lang.invoke.Invokers$Holder.invokeExact_MT(java.lang.Object, java.lang.Object, java.lang.Object, java.lang.Object, java.lang.Object, java.lang.Object)'> (0x000000070d0cefc0) 
thrown [./open/src/hotspot/share/interpreter/linkResolver.cpp, line 766]
Event: 2.142 Thread 0x0000028060107800 Exception <a 'java/lang/NoSuchMethodError'{0x000000070bbe1580}: 'java.lang.Object java.lang.invoke.DirectMethodHandle$Holder.invokeStaticInit(java.lang.Object, int, int, int, int)'> (0x000000070bbe1580) 
thrown [./open/src/hotspot/share/interpreter/linkResolver.cpp, line 766]
Event: 2.277 Thread 0x0000028060107800 Exception <a 'java/lang/NoSuchMethodError'{0x000000070babbed0}: 'java.lang.Object java.lang.invoke.DirectMethodHandle$Holder.invokeStaticInit(java.lang.Object, java.lang.Object, int, int, int, int)'> (0x000000070babbed0) 
thrown [./open/src/hotspot/share/interpreter/linkResolver.cpp, line 766]
Event: 3.484 Thread 0x0000028060107800 Exception <a 'sun/nio/fs/WindowsException'{0x000000070dfe47e8}> (0x000000070dfe47e8) 
thrown [./open/src/hotspot/share/prims/jni.cpp, line 599]
Event: 3.583 Thread 0x0000028060107800 Exception <a 'sun/nio/fs/WindowsException'{0x000000070d1a80f8}> (0x000000070d1a80f8) 
thrown [./open/src/hotspot/share/prims/jni.cpp, line 599]
Event: 3.599 Thread 0x0000028060107800 Exception <a 'java/lang/NoSuchMethodError'{0x000000070d0963b0}: 'void java.lang.invoke.DelegatingMethodHandle$Holder.delegate(java.lang.Object, java.lang.Object, int, java.lang.Object)'> (0x000000070d0963b0) 
thrown [./open/src/hotspot/share/interpreter/linkResolver.cpp, line 766]
Event: 3.632 Thread 0x0000028060107800 Implicit null exception at 0x00000280703e6328 to 0x00000280703e63f8
Event: 3.635 Thread 0x0000028060107800 Exception <a 'java/lang/NoSuchMethodError'{0x000000070cebbe50}: 'int java.lang.invoke.DirectMethodHandle$Holder.invokeSpecialIFC(java.lang.Object, java.lang.Object, java.lang.Object, java.lang.Object)'> (0x000000070cebbe50) 
thrown [./open/src/hotspot/share/interpreter/linkResolver.cpp, line 766]
Event: 3.744 Thread 0x0000028060107800 Exception <a 'java/lang/ClassNotFoundException'{0x000000070c79d100}: javax/smartcardio/CardPermission> (0x000000070c79d100) 
thrown [./open/src/hotspot/share/classfile/systemDictionary.cpp, line 226]
Event: 3.750 Thread 0x0000028060107800 Exception <a 'java/io/FileNotFoundException'{0x000000070c7ab908}> (0x000000070c7ab908) 
thrown [./open/src/hotspot/share/prims/jni.cpp, line 599]
Event: 4.175 Thread 0x0000028060107800 Implicit null exception at 0x00000280704aaf3d to 0x00000280704ab090

Events (20 events):
Event: 4.170 Executing VM operation: HandshakeAllThreads done
Event: 4.179 loading class java/io/FilenameFilter
Event: 4.179 loading class java/io/FilenameFilter done
Event: 4.214 loading class java/util/Spliterators$IteratorSpliterator
Event: 4.215 loading class java/util/Spliterators$IteratorSpliterator done
Event: 4.215 loading class java/util/stream/Streams$ConcatSpliterator$OfRef
Event: 4.215 loading class java/util/stream/Streams$ConcatSpliterator
Event: 4.215 loading class java/util/stream/Streams$ConcatSpliterator done
Event: 4.215 loading class java/util/stream/Streams$ConcatSpliterator$OfRef done
Event: 4.215 loading class java/util/stream/Streams$2
Event: 4.215 loading class java/util/stream/Streams$2 done
Event: 4.251 Thread 0x0000028005142800 Thread exited: 0x0000028005142800
Event: 4.281 Thread 0x0000028007265000 Thread added: 0x0000028007265000
Event: 4.306 Executing VM operation: HandshakeAllThreads
Event: 4.306 Executing VM operation: HandshakeAllThreads done
Event: 4.358 loading class jdk/internal/access/foreign/MemorySegmentProxy
Event: 4.359 loading class jdk/internal/access/foreign/MemorySegmentProxy done
Event: 4.421 Thread 0x0000028007265000 Thread exited: 0x0000028007265000
Event: 4.572 Thread 0x0000028005142800 Thread added: 0x0000028005142800
Event: 4.925 Executing VM operation: G1CollectForAllocation


Dynamic libraries:
0x00007ff624b50000 - 0x00007ff624b5f000 	C:\Program Files\Java\jdk-14.0.2\bin\java.exe
0x00007ffa05bf0000 - 0x00007ffa05de8000 	C:\WINDOWS\SYSTEM32\ntdll.dll
0x00007ff9d8b00000 - 0x00007ff9d8b74000 	C:\WINDOWS\System32\verifier.dll
0x00007ff9dbd00000 - 0x00007ff9dbdf4000 	C:\WINDOWS\SYSTEM32\PayloadRestrictions.dll
0x00007ffa03650000 - 0x00007ffa03750000 	C:\WINDOWS\System32\ucrtbase.dll
0x00007ffa037f0000 - 0x00007ffa03abe000 	C:\WINDOWS\System32\kernelbase.dll
0x00007ffa03fd0000 - 0x00007ffa0408d000 	C:\WINDOWS\System32\kernel32.dll
0x00007ff9f9090000 - 0x00007ff9f90a8000 	C:\Program Files\Java\jdk-14.0.2\bin\jli.dll
0x00007ffa03e20000 - 0x00007ffa03ece000 	C:\WINDOWS\System32\ADVAPI32.dll
0x00007ffa04be0000 - 0x00007ffa04c7e000 	C:\WINDOWS\System32\msvcrt.dll
0x00007ffa04e30000 - 0x00007ffa04ecc000 	C:\WINDOWS\System32\sechost.dll
0x00007ffa05950000 - 0x00007ffa05a75000 	C:\WINDOWS\System32\RPCRT4.dll
0x00007ffa05740000 - 0x00007ffa058e0000 	C:\WINDOWS\System32\USER32.dll
0x00007ffa03570000 - 0x00007ffa03592000 	C:\WINDOWS\System32\win32u.dll
0x00007ffa05700000 - 0x00007ffa0572a000 	C:\WINDOWS\System32\GDI32.dll
0x00007ffa03b10000 - 0x00007ffa03c1b000 	C:\WINDOWS\System32\gdi32full.dll
0x00007ffa03750000 - 0x00007ffa037ed000 	C:\WINDOWS\System32\msvcp_win.dll
0x00007ff9f9070000 - 0x00007ff9f9085000 	C:\Program Files\Java\jdk-14.0.2\bin\VCRUNTIME140.dll
0x00007ff9edc30000 - 0x00007ff9edeca000 	C:\WINDOWS\WinSxS\amd64_microsoft.windows.common-controls_6595b64144ccf1df_6.0.19041.1110_none_60b5254171f9507e\COMCTL32.dll
0x00007ff9fc950000 - 0x00007ff9fc95a000 	C:\WINDOWS\SYSTEM32\VERSION.dll
0x00007ffa04090000 - 0x00007ffa040c0000 	C:\WINDOWS\System32\IMM32.DLL
0x00007ff9f0fb0000 - 0x00007ff9f104b000 	C:\Program Files\Java\jdk-14.0.2\bin\msvcp140.dll
0x00007ff9d1a00000 - 0x00007ff9d251e000 	C:\Program Files\Java\jdk-14.0.2\bin\server\jvm.dll
0x00007ffa04480000 - 0x00007ffa04488000 	C:\WINDOWS\System32\PSAPI.DLL
0x00007ff9fc340000 - 0x00007ff9fc349000 	C:\WINDOWS\SYSTEM32\WSOCK32.dll
0x00007ffa05050000 - 0x00007ffa050bb000 	C:\WINDOWS\System32\WS2_32.dll
0x00007ff9f7f70000 - 0x00007ff9f7f97000 	C:\WINDOWS\SYSTEM32\WINMM.dll
0x00007ffa01230000 - 0x00007ffa01242000 	C:\WINDOWS\SYSTEM32\kernel.appcore.dll
0x00007ff9f8f80000 - 0x00007ff9f8f8a000 	C:\Program Files\Java\jdk-14.0.2\bin\jimage.dll
0x00007ff9f7fa0000 - 0x00007ff9f8184000 	C:\WINDOWS\SYSTEM32\DBGHELP.DLL
0x00007ff9f7f40000 - 0x00007ff9f7f6c000 	C:\WINDOWS\SYSTEM32\dbgcore.DLL
0x00007ffa034e0000 - 0x00007ffa03562000 	C:\WINDOWS\System32\bcryptPrimitives.dll
0x00007ff9f8f50000 - 0x00007ff9f8f75000 	C:\Program Files\Java\jdk-14.0.2\bin\java.dll
0x00007ff9f8f30000 - 0x00007ff9f8f46000 	C:\Program Files\Java\jdk-14.0.2\bin\zip.dll
0x00007ffa04490000 - 0x00007ffa04bd4000 	C:\WINDOWS\System32\SHELL32.dll
0x00007ffa01430000 - 0x00007ffa01bc4000 	C:\WINDOWS\SYSTEM32\windows.storage.dll
0x00007ffa04120000 - 0x00007ffa04474000 	C:\WINDOWS\System32\combase.dll
0x00007ffa02d00000 - 0x00007ffa02d30000 	C:\WINDOWS\SYSTEM32\Wldp.dll
0x00007ffa04ed0000 - 0x00007ffa04f7d000 	C:\WINDOWS\System32\SHCORE.dll
0x00007ffa040c0000 - 0x00007ffa04115000 	C:\WINDOWS\System32\shlwapi.dll
0x00007ffa03250000 - 0x00007ffa0326f000 	C:\WINDOWS\SYSTEM32\profapi.dll
0x00007ff9f8eb0000 - 0x00007ff9f8ec9000 	C:\Program Files\Java\jdk-14.0.2\bin\net.dll
0x00007ff9fcb40000 - 0x00007ff9fcc4a000 	C:\WINDOWS\SYSTEM32\WINHTTP.dll
0x00007ffa02a60000 - 0x00007ffa02aca000 	C:\WINDOWS\system32\mswsock.dll
0x00007ff9f8de0000 - 0x00007ff9f8df2000 	C:\Program Files\Java\jdk-14.0.2\bin\nio.dll
0x00007ff9f8db0000 - 0x00007ff9f8db9000 	C:\Program Files\Java\jdk-14.0.2\bin\management.dll
0x00007ff9f8da0000 - 0x00007ff9f8dab000 	C:\Program Files\Java\jdk-14.0.2\bin\management_ext.dll
0x00007ff9f8dc0000 - 0x00007ff9f8dd0000 	C:\Program Files\Java\jdk-14.0.2\bin\verify.dll
0x00007ffa02c50000 - 0x00007ffa02c68000 	C:\WINDOWS\SYSTEM32\CRYPTSP.dll
0x00007ffa023e0000 - 0x00007ffa02414000 	C:\WINDOWS\system32\rsaenh.dll
0x00007ffa03c20000 - 0x00007ffa03c47000 	C:\WINDOWS\System32\bcrypt.dll
0x00007ffa031d0000 - 0x00007ffa031fe000 	C:\WINDOWS\SYSTEM32\USERENV.dll
0x00007ffa02c70000 - 0x00007ffa02c7c000 	C:\WINDOWS\SYSTEM32\CRYPTBASE.dll
0x00007ffa02750000 - 0x00007ffa0278b000 	C:\WINDOWS\SYSTEM32\IPHLPAPI.DLL
0x00007ffa058e0000 - 0x00007ffa058e8000 	C:\WINDOWS\System32\NSI.dll
0x00007ff9fe110000 - 0x00007ff9fe127000 	C:\WINDOWS\SYSTEM32\dhcpcsvc6.DLL
0x00007ff9fe0f0000 - 0x00007ff9fe10d000 	C:\WINDOWS\SYSTEM32\dhcpcsvc.DLL
0x00007ffa02790000 - 0x00007ffa0285a000 	C:\WINDOWS\SYSTEM32\DNSAPI.dll

dbghelp: loaded successfully - version: 4.0.5 - missing functions: none
symbol engine: initialized successfully - sym options: 0x614 - pdb path: .;C:\Program Files\Java\jdk-14.0.2\bin;C:\WINDOWS\SYSTEM32;C:\WINDOWS\WinSxS\amd64_microsoft.windows.common-controls_6595b64144ccf1df_6.0.19041.1110_none_60b5254171f9507e;C:\Program Files\Java\jdk-14.0.2\bin\server

VM Arguments:
jvm_args: -Dfile.encoding=UTF-8 
java_command: C:\Users\vvaidya\AppData\Local\Temp\surefire17517360495523072828\surefirebooter15653576609370884790.jar C:\Users\vvaidya\AppData\Local\Temp\surefire17517360495523072828 2022-09-27T12-52-45_061-jvmRun1 surefire7771279661223961966tmp surefire_016176830203350242008tmp
java_class_path (initial): C:\Users\vvaidya\AppData\Local\Temp\surefire17517360495523072828\surefirebooter15653576609370884790.jar
Launcher Type: SUN_STANDARD

[Global flags]
     intx CICompilerCount                          = 3                                         {product} {ergonomic}
     uint ConcGCThreads                            = 1                                         {product} {ergonomic}
     uint G1ConcRefinementThreads                  = 4                                         {product} {ergonomic}
   size_t G1HeapRegionSize                         = 1048576                                   {product} {ergonomic}
    uintx GCDrainStackTargetSize                   = 64                                        {product} {ergonomic}
   size_t InitialHeapSize                          = 268435456                                 {product} {ergonomic}
   size_t MarkStackSize                            = 4194304                                   {product} {ergonomic}
   size_t MaxHeapSize                              = 4294967296                                {product} {ergonomic}
   size_t MaxNewSize                               = 2576351232                                {product} {ergonomic}
   size_t MinHeapDeltaBytes                        = 1048576                                   {product} {ergonomic}
   size_t MinHeapSize                              = 8388608                                   {product} {ergonomic}
    uintx NonNMethodCodeHeapSize                   = 5832780                                {pd product} {ergonomic}
    uintx NonProfiledCodeHeapSize                  = 122912730                              {pd product} {ergonomic}
    uintx ProfiledCodeHeapSize                     = 122912730                              {pd product} {ergonomic}
    uintx ReservedCodeCacheSize                    = 251658240                              {pd product} {ergonomic}
     bool SegmentedCodeCache                       = true                                      {product} {ergonomic}
   size_t SoftMaxHeapSize                          = 4294967296                             {manageable} {ergonomic}
     bool UseCompressedClassPointers               = true                                 {lp64_product} {ergonomic}
     bool UseCompressedOops                        = true                                 {lp64_product} {ergonomic}
     bool UseG1GC                                  = true                                      {product} {ergonomic}
     bool UseLargePagesIndividualAllocation        = false                                  {pd product} {ergonomic}

Logging:
Log output configuration:
 #0: stdout all=warning uptime,level,tags
 #1: stderr all=off uptime,level,tags

Environment Variables:
PATH=%JAVA_HOME%\bin;C:\WINDOWS\system32;C:\WINDOWS;C:\WINDOWS\System32\Wbem;C:\WINDOWS\System32\WindowsPowerShell\v1.0\;C:\WINDOWS\System32\OpenSSH\;%MAVEN_HOME%\bin;C:\Program Files\TortoiseSVN\bin;C:\Program Files\Git\cmd;C:\Users\vvaidya\AppData\Local\Microsoft\WindowsApps;C:\Program Files\Java\jdk-14.0.2\bin;C:\Program Files\Maven\apache-maven-3.8.4\bin;
USERNAME=vvaidya



---------------  S Y S T E M  ---------------

OS: Windows 10 , 64 bit Build 19041 (10.0.19041.1889)
OS uptime: 35 days 22:19 hours
VMWare virtualization detected

CPU:total 4 (initial active 4) (2 cores per cpu, 1 threads per core) family 6 model 79 stepping 0, cmov, cx8, fxsr, mmx, sse, sse2, sse3, ssse3, sse4.1, sse4.2, popcnt, avx, avx2, aes, clmul, erms, 3dnowpref, lzcnt, tsc, tscinvbit, bmi1, bmi2, adx, fma

Memory: 4k page, system-wide physical 16383M (6724M free)
TotalPageFile size 29110M (AvailPageFile size 30M)
current process WorkingSet (physical memory assigned to process): 308M, peak: 311M
current process commit charge ("private bytes"): 407M, peak: 461M

vm_info: Java HotSpot(TM) 64-Bit Server VM (14.0.2+12-46) for windows-amd64 JRE (14.0.2+12-46), built on Jul  9 2020 00:35:52 by "mach5one" with MS VC++ 15.9 (VS2017)

END.
