#
# There is insufficient memory for the Java Runtime Environment to continue.
# Native memory allocation (malloc) failed to allocate 32744 bytes for ChunkPool::allocate
# Possible reasons:
#   The system is out of physical RAM or swap space
#   The process is running with CompressedOops enabled, and the Java Heap may be blocking the growth of the native heap
# Possible solutions:
#   Reduce memory load on the system
#   Increase physical memory or swap space
#   Check if swap backing store is full
#   Decrease Java heap size (-Xmx/-Xms)
#   Decrease number of Java threads
#   Decrease Java thread stack sizes (-Xss)
#   Set larger code cache with -XX:ReservedCodeCacheSize=
#   JVM is running with Zero Based Compressed Oops mode in which the Java heap is
#     placed in the first 32GB address space. The Java Heap base address is the
#     maximum limit for the native heap growth. Please use -XX:HeapBaseMinAddress
#     to set the Java Heap base and to place the Java Heap above 32GB virtual address.
# This output file may be truncated or incomplete.
#
#  Out of Memory Error (./open/src/hotspot/share/memory/arena.cpp:79), pid=25716, tid=19604
#
# JRE version: Java(TM) SE Runtime Environment (14.0.2+12) (build 14.0.2+12-46)
# Java VM: Java HotSpot(TM) 64-Bit Server VM (14.0.2+12-46, mixed mode, sharing, tiered, compressed oops, g1 gc, windows-amd64)
# No core dump will be written. Minidumps are not enabled by default on client versions of Windows
#

---------------  S U M M A R Y ------------

Command Line: -Dorg.jetbrains.run.directory=D:\ngtp-official315\src\test\resources\C2M_EYDemo\features -javaagent:C:\Program Files\JetBrains\IntelliJ IDEA Community Edition 2021.3.1\lib\idea_rt.jar=50199:C:\Program Files\JetBrains\IntelliJ IDEA Community Edition 2021.3.1\bin -Dfile.encoding=UTF-8 io.cucumber.core.cli.Main --plugin org.jetbrains.plugins.cucumber.java.run.CucumberJvm5SMFormatter --glue application --glue methods --glue seleniumutils.applicationlayer.ETLValidation.stepdefinitions --glue env --glue seleniumutils.applicationlayer.C2M_EYDemo.stepdefinitions --glue stepimplementation D:/ngtp-official315/src/test/resources/C2M_EYDemo/features/dm006_createassetelectricdevicetypexxxmeter.feature

Host: Intel(R) Xeon(R) Silver 4116 CPU @ 2.10GHz, 4 cores, 15G,  Windows 10 , 64 bit Build 19041 (10.0.19041.1889)
Time: Sat Oct  1 17:32:50 2022 Mountain Daylight Time elapsed time: 5568 seconds (0d 1h 32m 48s)

---------------  T H R E A D  ---------------

Current thread (0x000002127d072000):  VMThread "VM Thread" [stack: 0x0000009e13d00000,0x0000009e13e00000] [id=19604] _threads_hazard_ptr=0x0000021201147850

Stack: [0x0000009e13d00000,0x0000009e13e00000]
[error occurred during error reporting (printing stack bounds), id 0xc0000005, EXCEPTION_ACCESS_VIOLATION (0xc0000005) at pc=0x00000212623510ad]

Native frames: (J=compiled Java code, j=interpreted, Vv=VM code, C=native code)
V  [jvm.dll+0x5f8a9a]
V  [jvm.dll+0x74247a]
V  [jvm.dll+0x743c2f]
V  [jvm.dll+0x7441d5]
V  [jvm.dll+0x74418b]
V  [jvm.dll+0x5f7f6f]
V  [jvm.dll+0x5f8738]
C  [ntdll.dll+0xa229f]

VM_Operation (0x0000009e207ff150): BulkRevokeBias, mode: safepoint, requested by thread 0x0000021200bf4000


---------------  P R O C E S S  ---------------

Threads class SMR info:
_java_thread_list=0x0000021201147850, length=199, elements={
0x0000021259bc9800, 0x000002127d073000, 0x000002127d075800, 0x000002127d914000,
0x000002127d918800, 0x000002127d919800, 0x000002127d91a800, 0x000002127d91c000,
0x000002127d998000, 0x000002127dbc3800, 0x000002127ed27000, 0x0000021200ae2000,
0x0000021202ec9800, 0x0000021202a50800, 0x0000021202b81800, 0x000002120062d800,
0x0000021200631800, 0x0000021200631000, 0x0000021200632800, 0x0000021200633800,
0x0000021200634000, 0x000002120062e800, 0x000002120062f800, 0x000002127f278000,
0x000002127f27a000, 0x000002127f274800, 0x000002127f275800, 0x000002127f279800,
0x000002127f276000, 0x000002127f27b000, 0x000002127f27c000, 0x000002127f27c800,
0x000002127f277000, 0x000002127f27d800, 0x000002127f27e800, 0x000002127f278800,
0x000002127f280000, 0x000002127f282800, 0x000002127f281800, 0x000002127f283000,
0x000002127f27f000, 0x000002127f281000, 0x000002120112a800, 0x0000021201126800,
0x0000021201129800, 0x0000021201127000, 0x000002120112c000, 0x0000021201128000,
0x000002120112d000, 0x000002120112b000, 0x000002120112d800, 0x0000021201128800,
0x0000021201130000, 0x0000021201131000, 0x0000021201132800, 0x0000021201133800,
0x000002120112f800, 0x0000021200630000, 0x000002127eaf5800, 0x000002127eaf6800,
0x000002127eaf3800, 0x000002127eaf7800, 0x000002127eaf8000, 0x000002127eaf4000,
0x000002127eaf9000, 0x000002127eaf5000, 0x000002127eafb800, 0x000002127eafa800,
0x000002127eafc800, 0x000002127eafd000, 0x000002127eafe000, 0x000002127eafe800,
0x000002127eaff800, 0x000002127eafa000, 0x000002127eb00800, 0x000002127eb02000,
0x000002127eb01000, 0x000002120112e800, 0x00000212005f9000, 0x00000212005fa000,
0x00000212005fa800, 0x00000212005fb800, 0x00000212005fc800, 0x00000212005fd000,
0x00000212005fe000, 0x00000212005f8000, 0x0000021200602000, 0x0000021200603000,
0x0000021200601000, 0x0000021200603800, 0x0000021200600800, 0x00000212005ff000,
0x0000021200604800, 0x0000021200605800, 0x00000212005ff800, 0x0000021200606000,
0x0000021200607000, 0x000002127e78a000, 0x000002127e784800, 0x000002127e785000,
0x000002127e78b000, 0x000002127e78b800, 0x000002127e789000, 0x000002127e788800,
0x000002127e787800, 0x000002127e786000, 0x000002127e78c800, 0x000002127e786800,
0x000002127e791800, 0x000002127e792000, 0x000002127e78f000, 0x000002127e793000,
0x000002127e78d800, 0x000002127e78f800, 0x000002127e790800, 0x000002127e78e000,
0x00000212014ac000, 0x00000212014ad000, 0x00000212014aa800, 0x00000212014ae800,
0x00000212014a9800, 0x00000212014a9000, 0x00000212014af800, 0x00000212014ae000,
0x00000212014b0800, 0x00000212014b1000, 0x00000212014ab800, 0x00000212014b7000,
0x00000212014b7800, 0x00000212014b5000, 0x00000212014b6000, 0x00000212014b2000,
0x00000212014b2800, 0x00000212014b3800, 0x00000212014b4800, 0x0000021200c7e000,
0x0000021200c7f000, 0x0000021200c79000, 0x0000021200c7b800, 0x0000021200c7c800,
0x0000021200c7f800, 0x0000021200c7a000, 0x0000021200c80800, 0x0000021200c7b000,
0x0000021200c83000, 0x0000021200c81800, 0x0000021200c7d000, 0x0000021200c87000,
0x0000021200c88000, 0x0000021200c84000, 0x0000021200c84800, 0x0000021200c85800,
0x0000021200c86000, 0x0000021200c82000, 0x000002127e729000, 0x000002127e725000,
0x000002127e728000, 0x000002127e724000, 0x000002127e729800, 0x000002127e725800,
0x000002127e72a800, 0x000002127e72b800, 0x000002127e72c000, 0x000002127e726800,
0x000002127e72d000, 0x000002127e727800, 0x000002127e731000, 0x000002127e72e000,
0x000002127e72e800, 0x000002127e730800, 0x000002127e732800, 0x000002127e72f800,
0x0000021201131800, 0x0000021200bdc800, 0x0000021200bdd800, 0x0000021200be1800,
0x0000021200bdf000, 0x0000021200be0800, 0x0000021200bdf800, 0x0000021200bdb800,
0x0000021200be2000, 0x0000021200be3000, 0x0000021200be4000, 0x0000021200bde000,
0x0000021200be8800, 0x0000021200bea800, 0x0000021200be4800, 0x0000021200beb000,
0x0000021200be5800, 0x0000021200bec000, 0x0000021200be6800, 0x0000021200bed000,
0x0000021200be7000, 0x0000021200bed800, 0x0000021200be9800, 0x0000021200be8000,
0x0000021200bf4000, 0x0000021200bf1000, 0x0000021200bf3800
}

Java Threads: ( => current thread )
  0x0000021259bc9800 JavaThread "Forwarding newSession on session null to remote" [_thread_in_native, id=8444, stack(0x0000009e13700000,0x0000009e13800000)]
  0x000002127d073000 JavaThread "Reference Handler" daemon [_thread_blocked, id=26380, stack(0x0000009e13e00000,0x0000009e13f00000)]
  0x000002127d075800 JavaThread "Finalizer" daemon [_thread_blocked, id=19348, stack(0x0000009e13f00000,0x0000009e14000000)]
  0x000002127d914000 JavaThread "Signal Dispatcher" daemon [_thread_blocked, id=19100, stack(0x0000009e14000000,0x0000009e14100000)]
  0x000002127d918800 JavaThread "Attach Listener" daemon [_thread_blocked, id=18680, stack(0x0000009e14100000,0x0000009e14200000)]
  0x000002127d919800 JavaThread "Service Thread" daemon [_thread_blocked, id=26592, stack(0x0000009e14200000,0x0000009e14300000)]
  0x000002127d91a800 JavaThread "C2 CompilerThread0" daemon [_thread_blocked, id=7424, stack(0x0000009e14300000,0x0000009e14400000)]
  0x000002127d91c000 JavaThread "C1 CompilerThread0" daemon [_thread_blocked, id=26092, stack(0x0000009e14400000,0x0000009e14500000)]
  0x000002127d998000 JavaThread "Sweeper thread" daemon [_thread_blocked, id=13892, stack(0x0000009e14500000,0x0000009e14600000)]
  0x000002127dbc3800 JavaThread "Common-Cleaner" daemon [_thread_blocked, id=23480, stack(0x0000009e14600000,0x0000009e14700000)]
  0x000002127ed27000 JavaThread "Notification Thread" daemon [_thread_blocked, id=15312, stack(0x0000009e14c00000,0x0000009e14d00000)]
  0x0000021200ae2000 JavaThread "AsyncAppender-Worker-ASYNC_CONSOLE" daemon [_thread_blocked, id=21216, stack(0x0000009e14f00000,0x0000009e15000000)]
  0x0000021202ec9800 JavaThread "Exec Default Executor" daemon [_thread_in_native, id=11992, stack(0x0000009e15000000,0x0000009e15100000)]
  0x0000021202a50800 JavaThread "Exec Stream Pumper" daemon [_thread_in_native, id=4536, stack(0x0000009e15300000,0x0000009e15400000)]
  0x0000021202b81800 JavaThread "Exec Stream Pumper" daemon [_thread_in_native, id=4232, stack(0x0000009e15400000,0x0000009e15500000)]
  0x000002120062d800 JavaThread "OkHttp ConnectionPool" daemon [_thread_blocked, id=22812, stack(0x0000009e15900000,0x0000009e15a00000)]
  0x0000021200631800 JavaThread "Okio Watchdog" daemon [_thread_blocked, id=23360, stack(0x0000009e15a00000,0x0000009e15b00000)]
  0x0000021200631000 JavaThread "Exec Default Executor" daemon [_thread_in_native, id=25720, stack(0x0000009e15c00000,0x0000009e15d00000)]
  0x0000021200632800 JavaThread "Exec Stream Pumper" daemon [_thread_in_native, id=15528, stack(0x0000009e15d00000,0x0000009e15e00000)]
  0x0000021200633800 JavaThread "Exec Stream Pumper" daemon [_thread_in_native, id=26544, stack(0x0000009e15e00000,0x0000009e15f00000)]
  0x0000021200634000 JavaThread "Exec Default Executor" daemon [_thread_in_native, id=22508, stack(0x0000009e15f00000,0x0000009e16000000)]
  0x000002120062e800 JavaThread "Exec Stream Pumper" daemon [_thread_in_native, id=10524, stack(0x0000009e16000000,0x0000009e16100000)]
  0x000002120062f800 JavaThread "Exec Stream Pumper" daemon [_thread_in_native, id=17152, stack(0x0000009e16100000,0x0000009e16200000)]
  0x000002127f278000 JavaThread "Exec Default Executor" daemon [_thread_in_native, id=10112, stack(0x0000009e14e00000,0x0000009e14f00000)]
  0x000002127f27a000 JavaThread "Exec Stream Pumper" daemon [_thread_in_native, id=24312, stack(0x0000009e15500000,0x0000009e15600000)]
  0x000002127f274800 JavaThread "Exec Stream Pumper" daemon [_thread_in_native, id=16396, stack(0x0000009e15b00000,0x0000009e15c00000)]
  0x000002127f275800 JavaThread "Exec Default Executor" daemon [_thread_in_native, id=22288, stack(0x0000009e16300000,0x0000009e16400000)]
  0x000002127f279800 JavaThread "Exec Stream Pumper" daemon [_thread_in_native, id=19764, stack(0x0000009e16400000,0x0000009e16500000)]
  0x000002127f276000 JavaThread "Exec Stream Pumper" daemon [_thread_in_native, id=21052, stack(0x0000009e16500000,0x0000009e16600000)]
  0x000002127f27b000 JavaThread "Exec Default Executor" daemon [_thread_in_native, id=20856, stack(0x0000009e16200000,0x0000009e16300000)]
  0x000002127f27c000 JavaThread "Exec Stream Pumper" daemon [_thread_in_native, id=19260, stack(0x0000009e16600000,0x0000009e16700000)]
  0x000002127f27c800 JavaThread "Exec Stream Pumper" daemon [_thread_in_native, id=26236, stack(0x0000009e16700000,0x0000009e16800000)]
  0x000002127f277000 JavaThread "Exec Default Executor" daemon [_thread_in_native, id=20812, stack(0x0000009e16900000,0x0000009e16a00000)]
  0x000002127f27d800 JavaThread "Exec Stream Pumper" daemon [_thread_in_native, id=24844, stack(0x0000009e16a00000,0x0000009e16b00000)]
  0x000002127f27e800 JavaThread "Exec Stream Pumper" daemon [_thread_in_native, id=4332, stack(0x0000009e16b00000,0x0000009e16c00000)]
  0x000002127f278800 JavaThread "Exec Default Executor" daemon [_thread_in_native, id=21108, stack(0x0000009e16c00000,0x0000009e16d00000)]
  0x000002127f280000 JavaThread "Exec Stream Pumper" daemon [_thread_in_native, id=23004, stack(0x0000009e16d00000,0x0000009e16e00000)]
  0x000002127f282800 JavaThread "Exec Stream Pumper" daemon [_thread_in_native, id=23968, stack(0x0000009e16e00000,0x0000009e16f00000)]
  0x000002127f281800 JavaThread "Exec Default Executor" daemon [_thread_in_native, id=24300, stack(0x0000009e16f00000,0x0000009e17000000)]
  0x000002127f283000 JavaThread "Exec Stream Pumper" daemon [_thread_in_native, id=7808, stack(0x0000009e17000000,0x0000009e17100000)]
  0x000002127f27f000 JavaThread "Exec Stream Pumper" daemon [_thread_in_native, id=25560, stack(0x0000009e17100000,0x0000009e17200000)]
  0x000002127f281000 JavaThread "Exec Default Executor" daemon [_thread_in_native, id=20632, stack(0x0000009e16800000,0x0000009e16900000)]
  0x000002120112a800 JavaThread "Exec Stream Pumper" daemon [_thread_in_native, id=5952, stack(0x0000009e17200000,0x0000009e17300000)]
  0x0000021201126800 JavaThread "Exec Stream Pumper" daemon [_thread_in_native, id=16852, stack(0x0000009e17300000,0x0000009e17400000)]
  0x0000021201129800 JavaThread "Exec Default Executor" daemon [_thread_in_native, id=10144, stack(0x0000009e17400000,0x0000009e17500000)]
  0x0000021201127000 JavaThread "Exec Stream Pumper" daemon [_thread_in_native, id=18220, stack(0x0000009e17500000,0x0000009e17600000)]
  0x000002120112c000 JavaThread "Exec Stream Pumper" daemon [_thread_in_native, id=25840, stack(0x0000009e17600000,0x0000009e17700000)]
  0x0000021201128000 JavaThread "Exec Default Executor" daemon [_thread_in_native, id=21936, stack(0x0000009e17800000,0x0000009e17900000)]
  0x000002120112d000 JavaThread "Exec Stream Pumper" daemon [_thread_in_native, id=24976, stack(0x0000009e17900000,0x0000009e17a00000)]
  0x000002120112b000 JavaThread "Exec Stream Pumper" daemon [_thread_in_native, id=21288, stack(0x0000009e17a00000,0x0000009e17b00000)]
  0x000002120112d800 JavaThread "Exec Default Executor" daemon [_thread_in_native, id=24892, stack(0x0000009e15100000,0x0000009e15200000)]
  0x0000021201128800 JavaThread "Exec Stream Pumper" daemon [_thread_in_native, id=20836, stack(0x0000009e17700000,0x0000009e17800000)]
  0x0000021201130000 JavaThread "Exec Stream Pumper" daemon [_thread_in_native, id=18436, stack(0x0000009e17b00000,0x0000009e17c00000)]
  0x0000021201131000 JavaThread "Exec Default Executor" daemon [_thread_in_native, id=25592, stack(0x0000009e14b00000,0x0000009e14c00000)]
  0x0000021201132800 JavaThread "Exec Stream Pumper" daemon [_thread_in_native, id=12516, stack(0x0000009e15800000,0x0000009e15900000)]
  0x0000021201133800 JavaThread "Exec Stream Pumper" daemon [_thread_in_native, id=6948, stack(0x0000009e17c00000,0x0000009e17d00000)]
  0x000002120112f800 JavaThread "Exec Default Executor" daemon [_thread_in_native, id=18740, stack(0x0000009e18000000,0x0000009e18100000)]
  0x0000021200630000 JavaThread "Exec Stream Pumper" daemon [_thread_in_native, id=20336, stack(0x0000009e18100000,0x0000009e18200000)]
  0x000002127eaf5800 JavaThread "Exec Stream Pumper" daemon [_thread_in_native, id=19896, stack(0x0000009e18200000,0x0000009e18300000)]
  0x000002127eaf6800 JavaThread "Exec Default Executor" daemon [_thread_in_native, id=14112, stack(0x0000009e17d00000,0x0000009e17e00000)]
  0x000002127eaf3800 JavaThread "Exec Stream Pumper" daemon [_thread_in_native, id=22952, stack(0x0000009e18300000,0x0000009e18400000)]
  0x000002127eaf7800 JavaThread "Exec Stream Pumper" daemon [_thread_in_native, id=3972, stack(0x0000009e18400000,0x0000009e18500000)]
  0x000002127eaf8000 JavaThread "Exec Default Executor" daemon [_thread_in_native, id=4040, stack(0x0000009e18500000,0x0000009e18600000)]
  0x000002127eaf4000 JavaThread "Exec Stream Pumper" daemon [_thread_in_native, id=3732, stack(0x0000009e18600000,0x0000009e18700000)]
  0x000002127eaf9000 JavaThread "Exec Stream Pumper" daemon [_thread_in_native, id=18692, stack(0x0000009e18700000,0x0000009e18800000)]
  0x000002127eaf5000 JavaThread "Exec Default Executor" daemon [_thread_in_native, id=21384, stack(0x0000009e18800000,0x0000009e18900000)]
  0x000002127eafb800 JavaThread "Exec Stream Pumper" daemon [_thread_in_native, id=23052, stack(0x0000009e18900000,0x0000009e18a00000)]
  0x000002127eafa800 JavaThread "Exec Stream Pumper" daemon [_thread_in_native, id=7320, stack(0x0000009e18a00000,0x0000009e18b00000)]
  0x000002127eafc800 JavaThread "Exec Default Executor" daemon [_thread_in_native, id=8124, stack(0x0000009e18b00000,0x0000009e18c00000)]
  0x000002127eafd000 JavaThread "Exec Stream Pumper" daemon [_thread_in_native, id=11960, stack(0x0000009e18c00000,0x0000009e18d00000)]
  0x000002127eafe000 JavaThread "Exec Stream Pumper" daemon [_thread_in_native, id=12944, stack(0x0000009e18d00000,0x0000009e18e00000)]
  0x000002127eafe800 JavaThread "Exec Default Executor" daemon [_thread_in_native, id=18836, stack(0x0000009e18e00000,0x0000009e18f00000)]
  0x000002127eaff800 JavaThread "Exec Stream Pumper" daemon [_thread_in_native, id=20448, stack(0x0000009e18f00000,0x0000009e19000000)]
  0x000002127eafa000 JavaThread "Exec Stream Pumper" daemon [_thread_in_native, id=18380, stack(0x0000009e19000000,0x0000009e19100000)]
  0x000002127eb00800 JavaThread "Exec Default Executor" daemon [_thread_in_native, id=14036, stack(0x0000009e19100000,0x0000009e19200000)]
  0x000002127eb02000 JavaThread "Exec Stream Pumper" daemon [_thread_in_native, id=15180, stack(0x0000009e19200000,0x0000009e19300000)]
  0x000002127eb01000 JavaThread "Exec Stream Pumper" daemon [_thread_in_native, id=376, stack(0x0000009e19300000,0x0000009e19400000)]
  0x000002120112e800 JavaThread "Exec Default Executor" daemon [_thread_in_native, id=21520, stack(0x0000009e19400000,0x0000009e19500000)]
  0x00000212005f9000 JavaThread "Exec Stream Pumper" daemon [_thread_in_native, id=23832, stack(0x0000009e19500000,0x0000009e19600000)]
  0x00000212005fa000 JavaThread "Exec Stream Pumper" daemon [_thread_in_native, id=7228, stack(0x0000009e19600000,0x0000009e19700000)]
  0x00000212005fa800 JavaThread "Exec Default Executor" daemon [_thread_in_native, id=17448, stack(0x0000009e19700000,0x0000009e19800000)]
  0x00000212005fb800 JavaThread "Exec Stream Pumper" daemon [_thread_in_native, id=16160, stack(0x0000009e19800000,0x0000009e19900000)]
  0x00000212005fc800 JavaThread "Exec Stream Pumper" daemon [_thread_in_native, id=19744, stack(0x0000009e19900000,0x0000009e19a00000)]
  0x00000212005fd000 JavaThread "Exec Default Executor" daemon [_thread_in_native, id=18676, stack(0x0000009e19a00000,0x0000009e19b00000)]
  0x00000212005fe000 JavaThread "Exec Stream Pumper" daemon [_thread_in_native, id=16780, stack(0x0000009e19b00000,0x0000009e19c00000)]
  0x00000212005f8000 JavaThread "Exec Stream Pumper" daemon [_thread_in_native, id=16924, stack(0x0000009e19c00000,0x0000009e19d00000)]
  0x0000021200602000 JavaThread "Exec Default Executor" daemon [_thread_in_native, id=8912, stack(0x0000009e19d00000,0x0000009e19e00000)]
  0x0000021200603000 JavaThread "Exec Stream Pumper" daemon [_thread_in_native, id=11008, stack(0x0000009e19e00000,0x0000009e19f00000)]
  0x0000021200601000 JavaThread "Exec Stream Pumper" daemon [_thread_in_native, id=864, stack(0x0000009e19f00000,0x0000009e1a000000)]
  0x0000021200603800 JavaThread "Exec Default Executor" daemon [_thread_in_native, id=24160, stack(0x0000009e1a000000,0x0000009e1a100000)]
  0x0000021200600800 JavaThread "Exec Stream Pumper" daemon [_thread_in_native, id=23860, stack(0x0000009e1a100000,0x0000009e1a200000)]
  0x00000212005ff000 JavaThread "Exec Stream Pumper" daemon [_thread_in_native, id=14508, stack(0x0000009e1a200000,0x0000009e1a300000)]
  0x0000021200604800 JavaThread "Exec Default Executor" daemon [_thread_in_native, id=20648, stack(0x0000009e1a400000,0x0000009e1a500000)]
  0x0000021200605800 JavaThread "Exec Stream Pumper" daemon [_thread_in_native, id=19224, stack(0x0000009e1a500000,0x0000009e1a600000)]
  0x00000212005ff800 JavaThread "Exec Stream Pumper" daemon [_thread_in_native, id=22912, stack(0x0000009e1a600000,0x0000009e1a700000)]
  0x0000021200606000 JavaThread "Exec Default Executor" daemon [_thread_in_native, id=25252, stack(0x0000009e1a700000,0x0000009e1a800000)]
  0x0000021200607000 JavaThread "Exec Stream Pumper" daemon [_thread_in_native, id=12792, stack(0x0000009e1a800000,0x0000009e1a900000)]
  0x000002127e78a000 JavaThread "Exec Stream Pumper" daemon [_thread_in_native, id=8520, stack(0x0000009e1a900000,0x0000009e1aa00000)]
  0x000002127e784800 JavaThread "Exec Default Executor" daemon [_thread_in_native, id=22000, stack(0x0000009e1a300000,0x0000009e1a400000)]
  0x000002127e785000 JavaThread "Exec Stream Pumper" daemon [_thread_in_native, id=8936, stack(0x0000009e1aa00000,0x0000009e1ab00000)]
  0x000002127e78b000 JavaThread "Exec Stream Pumper" daemon [_thread_in_native, id=24228, stack(0x0000009e1ab00000,0x0000009e1ac00000)]
  0x000002127e78b800 JavaThread "Exec Default Executor" daemon [_thread_in_native, id=21804, stack(0x0000009e1ac00000,0x0000009e1ad00000)]
  0x000002127e789000 JavaThread "Exec Stream Pumper" daemon [_thread_in_native, id=6180, stack(0x0000009e1ad00000,0x0000009e1ae00000)]
  0x000002127e788800 JavaThread "Exec Stream Pumper" daemon [_thread_in_native, id=24148, stack(0x0000009e1ae00000,0x0000009e1af00000)]
  0x000002127e787800 JavaThread "Exec Default Executor" daemon [_thread_in_native, id=20884, stack(0x0000009e1af00000,0x0000009e1b000000)]
  0x000002127e786000 JavaThread "Exec Stream Pumper" daemon [_thread_in_native, id=19748, stack(0x0000009e1b000000,0x0000009e1b100000)]
  0x000002127e78c800 JavaThread "Exec Stream Pumper" daemon [_thread_in_native, id=23476, stack(0x0000009e1b100000,0x0000009e1b200000)]
  0x000002127e786800 JavaThread "Exec Default Executor" daemon [_thread_in_native, id=6368, stack(0x0000009e1b200000,0x0000009e1b300000)]
  0x000002127e791800 JavaThread "Exec Stream Pumper" daemon [_thread_in_native, id=25712, stack(0x0000009e1b300000,0x0000009e1b400000)]
  0x000002127e792000 JavaThread "Exec Stream Pumper" daemon [_thread_in_native, id=19720, stack(0x0000009e1b400000,0x0000009e1b500000)]
  0x000002127e78f000 JavaThread "Exec Default Executor" daemon [_thread_in_native, id=22256, stack(0x0000009e1b500000,0x0000009e1b600000)]
  0x000002127e793000 JavaThread "Exec Stream Pumper" daemon [_thread_in_native, id=11092, stack(0x0000009e1b600000,0x0000009e1b700000)]
  0x000002127e78d800 JavaThread "Exec Stream Pumper" daemon [_thread_in_native, id=18936, stack(0x0000009e1b700000,0x0000009e1b800000)]
  0x000002127e78f800 JavaThread "Exec Default Executor" daemon [_thread_in_native, id=24692, stack(0x0000009e1b800000,0x0000009e1b900000)]
  0x000002127e790800 JavaThread "Exec Stream Pumper" daemon [_thread_in_native, id=23720, stack(0x0000009e1b900000,0x0000009e1ba00000)]
  0x000002127e78e000 JavaThread "Exec Stream Pumper" daemon [_thread_in_native, id=2888, stack(0x0000009e1ba00000,0x0000009e1bb00000)]
  0x00000212014ac000 JavaThread "Exec Default Executor" daemon [_thread_in_native, id=25704, stack(0x0000009e1bb00000,0x0000009e1bc00000)]
  0x00000212014ad000 JavaThread "Exec Stream Pumper" daemon [_thread_in_native, id=7416, stack(0x0000009e1bc00000,0x0000009e1bd00000)]
  0x00000212014aa800 JavaThread "Exec Stream Pumper" daemon [_thread_in_native, id=24948, stack(0x0000009e1bd00000,0x0000009e1be00000)]
  0x00000212014ae800 JavaThread "Exec Default Executor" daemon [_thread_in_native, id=9380, stack(0x0000009e1be00000,0x0000009e1bf00000)]
  0x00000212014a9800 JavaThread "Exec Stream Pumper" daemon [_thread_in_native, id=20384, stack(0x0000009e1bf00000,0x0000009e1c000000)]
  0x00000212014a9000 JavaThread "Exec Stream Pumper" daemon [_thread_in_native, id=18776, stack(0x0000009e1c000000,0x0000009e1c100000)]
  0x00000212014af800 JavaThread "Exec Default Executor" daemon [_thread_in_native, id=25164, stack(0x0000009e1c100000,0x0000009e1c200000)]
  0x00000212014ae000 JavaThread "Exec Stream Pumper" daemon [_thread_in_native, id=20320, stack(0x0000009e1c200000,0x0000009e1c300000)]
  0x00000212014b0800 JavaThread "Exec Stream Pumper" daemon [_thread_in_native, id=18108, stack(0x0000009e1c300000,0x0000009e1c400000)]
  0x00000212014b1000 JavaThread "Exec Default Executor" daemon [_thread_in_native, id=27332, stack(0x0000009e1c400000,0x0000009e1c500000)]
  0x00000212014ab800 JavaThread "Exec Stream Pumper" daemon [_thread_in_native, id=27344, stack(0x0000009e1c500000,0x0000009e1c600000)]
  0x00000212014b7000 JavaThread "Exec Stream Pumper" daemon [_thread_in_native, id=27348, stack(0x0000009e1c600000,0x0000009e1c700000)]
  0x00000212014b7800 JavaThread "Exec Default Executor" daemon [_thread_in_native, id=568, stack(0x0000009e1c700000,0x0000009e1c800000)]
  0x00000212014b5000 JavaThread "Exec Stream Pumper" daemon [_thread_in_native, id=7652, stack(0x0000009e1c800000,0x0000009e1c900000)]
  0x00000212014b6000 JavaThread "Exec Stream Pumper" daemon [_thread_in_native, id=6892, stack(0x0000009e1c900000,0x0000009e1ca00000)]
  0x00000212014b2000 JavaThread "Exec Default Executor" daemon [_thread_in_native, id=26708, stack(0x0000009e1ca00000,0x0000009e1cb00000)]
  0x00000212014b2800 JavaThread "Exec Stream Pumper" daemon [_thread_in_native, id=26820, stack(0x0000009e1cb00000,0x0000009e1cc00000)]
  0x00000212014b3800 JavaThread "Exec Stream Pumper" daemon [_thread_in_native, id=26848, stack(0x0000009e1cc00000,0x0000009e1cd00000)]
  0x00000212014b4800 JavaThread "Exec Default Executor" daemon [_thread_in_native, id=20468, stack(0x0000009e1cd00000,0x0000009e1ce00000)]
  0x0000021200c7e000 JavaThread "Exec Stream Pumper" daemon [_thread_in_native, id=21240, stack(0x0000009e1ce00000,0x0000009e1cf00000)]
  0x0000021200c7f000 JavaThread "Exec Stream Pumper" daemon [_thread_in_native, id=22148, stack(0x0000009e1cf00000,0x0000009e1d000000)]
  0x0000021200c79000 JavaThread "Exec Default Executor" daemon [_thread_in_native, id=27044, stack(0x0000009e1d000000,0x0000009e1d100000)]
  0x0000021200c7b800 JavaThread "Exec Stream Pumper" daemon [_thread_in_native, id=14172, stack(0x0000009e1d100000,0x0000009e1d200000)]
  0x0000021200c7c800 JavaThread "Exec Stream Pumper" daemon [_thread_in_native, id=23868, stack(0x0000009e1d200000,0x0000009e1d300000)]
  0x0000021200c7f800 JavaThread "Exec Default Executor" daemon [_thread_in_native, id=10512, stack(0x0000009e1d300000,0x0000009e1d400000)]
  0x0000021200c7a000 JavaThread "Exec Stream Pumper" daemon [_thread_in_native, id=1012, stack(0x0000009e1d400000,0x0000009e1d500000)]
  0x0000021200c80800 JavaThread "Exec Stream Pumper" daemon [_thread_in_native, id=16820, stack(0x0000009e1d500000,0x0000009e1d600000)]
  0x0000021200c7b000 JavaThread "Exec Default Executor" daemon [_thread_in_native, id=27276, stack(0x0000009e1d600000,0x0000009e1d700000)]
  0x0000021200c83000 JavaThread "Exec Stream Pumper" daemon [_thread_in_native, id=27104, stack(0x0000009e1d700000,0x0000009e1d800000)]
  0x0000021200c81800 JavaThread "Exec Stream Pumper" daemon [_thread_in_native, id=26700, stack(0x0000009e1d800000,0x0000009e1d900000)]
  0x0000021200c7d000 JavaThread "Exec Default Executor" daemon [_thread_in_native, id=27084, stack(0x0000009e1d900000,0x0000009e1da00000)]
  0x0000021200c87000 JavaThread "Exec Stream Pumper" daemon [_thread_in_native, id=4216, stack(0x0000009e1da00000,0x0000009e1db00000)]
  0x0000021200c88000 JavaThread "Exec Stream Pumper" daemon [_thread_in_native, id=27072, stack(0x0000009e1db00000,0x0000009e1dc00000)]
  0x0000021200c84000 JavaThread "Exec Default Executor" daemon [_thread_in_native, id=13080, stack(0x0000009e1dc00000,0x0000009e1dd00000)]
  0x0000021200c84800 JavaThread "Exec Stream Pumper" daemon [_thread_in_native, id=27244, stack(0x0000009e1dd00000,0x0000009e1de00000)]
  0x0000021200c85800 JavaThread "Exec Stream Pumper" daemon [_thread_in_native, id=21556, stack(0x0000009e1de00000,0x0000009e1df00000)]
  0x0000021200c86000 JavaThread "Exec Default Executor" daemon [_thread_in_native, id=27212, stack(0x0000009e1df00000,0x0000009e1e000000)]
  0x0000021200c82000 JavaThread "Exec Stream Pumper" daemon [_thread_in_native, id=22232, stack(0x0000009e1e000000,0x0000009e1e100000)]
  0x000002127e729000 JavaThread "Exec Stream Pumper" daemon [_thread_in_native, id=26716, stack(0x0000009e1e100000,0x0000009e1e200000)]
  0x000002127e725000 JavaThread "Exec Default Executor" daemon [_thread_in_native, id=27156, stack(0x0000009e1e200000,0x0000009e1e300000)]
  0x000002127e728000 JavaThread "Exec Stream Pumper" daemon [_thread_in_native, id=6264, stack(0x0000009e1e300000,0x0000009e1e400000)]
  0x000002127e724000 JavaThread "Exec Stream Pumper" daemon [_thread_in_native, id=22632, stack(0x0000009e1e400000,0x0000009e1e500000)]
  0x000002127e729800 JavaThread "Exec Default Executor" daemon [_thread_in_native, id=28860, stack(0x0000009e1e600000,0x0000009e1e700000)]
  0x000002127e725800 JavaThread "Exec Stream Pumper" daemon [_thread_in_native, id=28872, stack(0x0000009e1e700000,0x0000009e1e800000)]
  0x000002127e72a800 JavaThread "Exec Stream Pumper" daemon [_thread_in_native, id=28876, stack(0x0000009e1e800000,0x0000009e1e900000)]
  0x000002127e72b800 JavaThread "Exec Default Executor" daemon [_thread_in_native, id=27020, stack(0x0000009e1ea00000,0x0000009e1eb00000)]
  0x000002127e72c000 JavaThread "Exec Stream Pumper" daemon [_thread_in_native, id=6156, stack(0x0000009e1eb00000,0x0000009e1ec00000)]
  0x000002127e726800 JavaThread "Exec Stream Pumper" daemon [_thread_in_native, id=19236, stack(0x0000009e1ec00000,0x0000009e1ed00000)]
  0x000002127e72d000 JavaThread "Exec Default Executor" daemon [_thread_in_native, id=25636, stack(0x0000009e1e500000,0x0000009e1e600000)]
  0x000002127e727800 JavaThread "Exec Stream Pumper" daemon [_thread_in_native, id=29648, stack(0x0000009e1e900000,0x0000009e1ea00000)]
  0x000002127e731000 JavaThread "Exec Stream Pumper" daemon [_thread_in_native, id=29312, stack(0x0000009e1ed00000,0x0000009e1ee00000)]
  0x000002127e72e000 JavaThread "Exec Default Executor" daemon [_thread_in_native, id=27004, stack(0x0000009e1ee00000,0x0000009e1ef00000)]
  0x000002127e72e800 JavaThread "Exec Stream Pumper" daemon [_thread_in_native, id=1600, stack(0x0000009e1ef00000,0x0000009e1f000000)]
  0x000002127e730800 JavaThread "Exec Stream Pumper" daemon [_thread_in_native, id=24440, stack(0x0000009e1f000000,0x0000009e1f100000)]
  0x000002127e732800 JavaThread "Exec Default Executor" daemon [_thread_in_native, id=28760, stack(0x0000009e15200000,0x0000009e15300000)]
  0x000002127e72f800 JavaThread "Exec Stream Pumper" daemon [_thread_in_native, id=21224, stack(0x0000009e17f00000,0x0000009e18000000)]
  0x0000021201131800 JavaThread "Exec Stream Pumper" daemon [_thread_in_native, id=22492, stack(0x0000009e1f100000,0x0000009e1f200000)]
  0x0000021200bdc800 JavaThread "ForkJoinPool.commonPool-worker-1" daemon [_thread_blocked, id=28584, stack(0x0000009e1f400000,0x0000009e1f500000)]
  0x0000021200bdd800 JavaThread "Exec Default Executor" daemon [_thread_in_native, id=27672, stack(0x0000009e1f200000,0x0000009e1f300000)]
  0x0000021200be1800 JavaThread "Exec Stream Pumper" daemon [_thread_in_native, id=16472, stack(0x0000009e1f500000,0x0000009e1f600000)]
  0x0000021200bdf000 JavaThread "Exec Stream Pumper" daemon [_thread_in_native, id=18712, stack(0x0000009e1f600000,0x0000009e1f700000)]
  0x0000021200be0800 JavaThread "Exec Default Executor" daemon [_thread_in_native, id=28832, stack(0x0000009e1f700000,0x0000009e1f800000)]
  0x0000021200bdf800 JavaThread "Exec Stream Pumper" daemon [_thread_in_native, id=20764, stack(0x0000009e1f800000,0x0000009e1f900000)]
  0x0000021200bdb800 JavaThread "Exec Stream Pumper" daemon [_thread_in_native, id=22312, stack(0x0000009e1f900000,0x0000009e1fa00000)]
  0x0000021200be2000 JavaThread "Exec Default Executor" daemon [_thread_in_native, id=15244, stack(0x0000009e1fa00000,0x0000009e1fb00000)]
  0x0000021200be3000 JavaThread "Exec Stream Pumper" daemon [_thread_in_native, id=26800, stack(0x0000009e1fb00000,0x0000009e1fc00000)]
  0x0000021200be4000 JavaThread "Exec Stream Pumper" daemon [_thread_in_native, id=23328, stack(0x0000009e1fc00000,0x0000009e1fd00000)]
  0x0000021200bde000 JavaThread "Exec Default Executor" daemon [_thread_in_native, id=24180, stack(0x0000009e1fd00000,0x0000009e1fe00000)]
  0x0000021200be8800 JavaThread "Exec Stream Pumper" daemon [_thread_in_native, id=9668, stack(0x0000009e1fe00000,0x0000009e1ff00000)]
  0x0000021200bea800 JavaThread "Exec Stream Pumper" daemon [_thread_in_native, id=25688, stack(0x0000009e1ff00000,0x0000009e20000000)]
  0x0000021200be4800 JavaThread "Exec Default Executor" daemon [_thread_in_native, id=10580, stack(0x0000009e20000000,0x0000009e20100000)]
  0x0000021200beb000 JavaThread "Exec Stream Pumper" daemon [_thread_in_native, id=28372, stack(0x0000009e20100000,0x0000009e20200000)]
  0x0000021200be5800 JavaThread "Exec Stream Pumper" daemon [_thread_in_native, id=7272, stack(0x0000009e20200000,0x0000009e20300000)]
  0x0000021200bec000 JavaThread "Exec Default Executor" daemon [_thread_in_native, id=18508, stack(0x0000009e20300000,0x0000009e20400000)]
  0x0000021200be6800 JavaThread "Exec Stream Pumper" daemon [_thread_in_native, id=10412, stack(0x0000009e20400000,0x0000009e20500000)]
  0x0000021200bed000 JavaThread "Exec Stream Pumper" daemon [_thread_in_native, id=27796, stack(0x0000009e20500000,0x0000009e20600000)]
  0x0000021200be7000 JavaThread "Exec Default Executor" daemon [_thread_in_native, id=29144, stack(0x0000009e15600000,0x0000009e15700000)]
  0x0000021200bed800 JavaThread "UrlChecker-6" daemon [_thread_blocked, id=26656, stack(0x0000009e15700000,0x0000009e15800000)]
  0x0000021200be9800 JavaThread "Exec Stream Pumper" daemon [_thread_in_native, id=15272, stack(0x0000009e1f300000,0x0000009e1f400000)]
  0x0000021200be8000 JavaThread "Exec Stream Pumper" daemon [_thread_in_native, id=28840, stack(0x0000009e20600000,0x0000009e20700000)]
  0x0000021200bf4000 JavaThread "Keep-Alive-Timer" daemon [_thread_blocked, id=8540, stack(0x0000009e20700000,0x0000009e20800000)]
  0x0000021200bf1000 JavaThread "ForkJoinPool.commonPool-worker-3" daemon [_thread_blocked, id=9128, stack(0x0000009e20800000,0x0000009e20900000)]
  0x0000021200bf3800 JavaThread "ForkJoinPool.commonPool-worker-5" daemon [_thread_blocked, id=10508, stack(0x0000009e20900000,0x0000009e20a00000)]

Other Threads:
=>0x000002127d072000 VMThread "VM Thread" [stack: 0x0000009e13d00000,0x0000009e13e00000] [id=19604] _threads_hazard_ptr=0x0000021201147850
  0x000002127e8e0000 WatcherThread [stack: 0x0000009e14d00000,0x0000009e14e00000] [id=16440]
  0x0000021259c2e800 GCTaskThread "GC Thread#0" [stack: 0x0000009e13800000,0x0000009e13900000] [id=14896]
  0x000002127e3b3800 GCTaskThread "GC Thread#1" [stack: 0x0000009e14700000,0x0000009e14800000] [id=23176]
  0x000002127e07a000 GCTaskThread "GC Thread#2" [stack: 0x0000009e14800000,0x0000009e14900000] [id=24568]
  0x000002127e07a800 GCTaskThread "GC Thread#3" [stack: 0x0000009e14900000,0x0000009e14a00000] [id=21032]
  0x0000021259c51800 ConcurrentGCThread "G1 Main Marker" [stack: 0x0000009e13900000,0x0000009e13a00000] [id=9672]
  0x0000021259c52800 ConcurrentGCThread "G1 Conc#0" [stack: 0x0000009e13a00000,0x0000009e13b00000] [id=25952]
  0x000002127cf58800 ConcurrentGCThread "G1 Refine#0" [stack: 0x0000009e13b00000,0x0000009e13c00000] [id=6992]
  0x000002127dbc2800 ConcurrentGCThread "G1 Refine#1" [stack: 0x0000009e14a00000,0x0000009e14b00000] [id=22004]
  0x000002127cf59800 ConcurrentGCThread "G1 Young RemSet Sampling" [stack: 0x0000009e13c00000,0x0000009e13d00000] [id=9160]

Threads with active compile tasks:

VM state:at safepoint (normal execution)

VM Mutex/Monitor currently owned by a thread:  ([mutex/lock_event])
[0x0000021259bc4cb0] Threads_lock - owner thread: 0x000002127d072000

Heap address: 0x0000000700000000, size: 4096 MB, Compressed Oops mode: Zero based, Oop shift amount: 3
Narrow klass base: 0x0000000800000000, Narrow klass shift: 3
Compressed class space size: 1073741824 Address: 0x0000000800b30000

Heap:
 garbage-first heap   total 144384K, used 88500K [0x0000000700000000, 0x0000000800000000)
  region size 1024K, 47 young (48128K), 2 survivors (2048K)
 Metaspace       used 28383K, capacity 29427K, committed 29616K, reserved 1075200K
  class space    used 3146K, capacity 3550K, committed 3584K, reserved 1048576K
Heap Regions: E=young(eden), S=young(survivor), O=old, HS=humongous(starts), HC=humongous(continues), CS=collection set, F=free, OA=open archive, CA=closed archive, TAMS=top-at-mark-start (previous, next)
|   0|0x0000000700000000, 0x0000000700100000, 0x0000000700100000|100%|HS|  |TAMS 0x0000000700100000, 0x0000000700000000| Complete 
|   1|0x0000000700100000, 0x0000000700200000, 0x0000000700200000|100%| O|  |TAMS 0x0000000700200000, 0x0000000700100000| Untracked 
|   2|0x0000000700200000, 0x0000000700300000, 0x0000000700300000|100%| O|  |TAMS 0x0000000700300000, 0x0000000700200000| Untracked 
|   3|0x0000000700300000, 0x0000000700400000, 0x0000000700400000|100%| O|  |TAMS 0x0000000700400000, 0x0000000700300000| Untracked 
|   4|0x0000000700400000, 0x0000000700500000, 0x0000000700500000|100%| O|  |TAMS 0x0000000700500000, 0x0000000700400000| Untracked 
|   5|0x0000000700500000, 0x0000000700600000, 0x0000000700600000|100%| O|  |TAMS 0x0000000700600000, 0x0000000700500000| Untracked 
|   6|0x0000000700600000, 0x0000000700700000, 0x0000000700700000|100%| O|  |TAMS 0x0000000700700000, 0x0000000700600000| Untracked 
|   7|0x0000000700700000, 0x0000000700800000, 0x0000000700800000|100%| O|  |TAMS 0x0000000700800000, 0x0000000700700000| Untracked 
|   8|0x0000000700800000, 0x0000000700900000, 0x0000000700900000|100%| O|  |TAMS 0x0000000700900000, 0x0000000700800000| Untracked 
|   9|0x0000000700900000, 0x0000000700a00000, 0x0000000700a00000|100%|HS|  |TAMS 0x0000000700a00000, 0x0000000700900000| Complete 
|  10|0x0000000700a00000, 0x0000000700b00000, 0x0000000700b00000|100%|HC|  |TAMS 0x0000000700b00000, 0x0000000700a00000| Complete 
|  11|0x0000000700b00000, 0x0000000700c00000, 0x0000000700c00000|100%|HS|  |TAMS 0x0000000700c00000, 0x0000000700b00000| Complete 
|  12|0x0000000700c00000, 0x0000000700d00000, 0x0000000700d00000|100%|HS|  |TAMS 0x0000000700d00000, 0x0000000700c00000| Complete 
|  13|0x0000000700d00000, 0x0000000700e00000, 0x0000000700e00000|100%| O|  |TAMS 0x0000000700e00000, 0x0000000700d00000| Untracked 
|  14|0x0000000700e00000, 0x0000000700f00000, 0x0000000700f00000|100%| O|  |TAMS 0x0000000700f00000, 0x0000000700e00000| Untracked 
|  15|0x0000000700f00000, 0x0000000701000000, 0x0000000701000000|100%| O|  |TAMS 0x0000000701000000, 0x0000000700f00000| Untracked 
|  16|0x0000000701000000, 0x0000000701100000, 0x0000000701100000|100%| O|  |TAMS 0x0000000701100000, 0x0000000701000000| Untracked 
|  17|0x0000000701100000, 0x0000000701200000, 0x0000000701200000|100%| O|  |TAMS 0x0000000701200000, 0x0000000701100000| Untracked 
|  18|0x0000000701200000, 0x0000000701300000, 0x0000000701300000|100%| O|  |TAMS 0x0000000701300000, 0x0000000701200000| Untracked 
|  19|0x0000000701300000, 0x0000000701400000, 0x0000000701400000|100%| O|  |TAMS 0x0000000701400000, 0x0000000701300000| Untracked 
|  20|0x0000000701400000, 0x0000000701500000, 0x0000000701500000|100%| O|  |TAMS 0x0000000701500000, 0x0000000701400000| Untracked 
|  21|0x0000000701500000, 0x0000000701600000, 0x0000000701600000|100%| O|  |TAMS 0x0000000701600000, 0x0000000701500000| Untracked 
|  22|0x0000000701600000, 0x00000007016df200, 0x0000000701700000| 87%| O|  |TAMS 0x00000007016df200, 0x0000000701600000| Untracked 
|  23|0x0000000701700000, 0x0000000701800000, 0x0000000701800000|100%| O|  |TAMS 0x0000000701700000, 0x0000000701700000| Untracked 
|  24|0x0000000701800000, 0x0000000701900000, 0x0000000701900000|100%| O|  |TAMS 0x0000000701800000, 0x0000000701800000| Untracked 
|  25|0x0000000701900000, 0x0000000701a00000, 0x0000000701a00000|100%| O|  |TAMS 0x0000000701900000, 0x0000000701900000| Untracked 
|  26|0x0000000701a00000, 0x0000000701b00000, 0x0000000701b00000|100%| O|  |TAMS 0x0000000701a00000, 0x0000000701a00000| Untracked 
|  27|0x0000000701b00000, 0x0000000701c00000, 0x0000000701c00000|100%| O|  |TAMS 0x0000000701b00000, 0x0000000701b00000| Untracked 
|  28|0x0000000701c00000, 0x0000000701d00000, 0x0000000701d00000|100%| O|  |TAMS 0x0000000701c00000, 0x0000000701c00000| Untracked 
|  29|0x0000000701d00000, 0x0000000701e00000, 0x0000000701e00000|100%| O|  |TAMS 0x0000000701d00000, 0x0000000701d00000| Untracked 
|  30|0x0000000701e00000, 0x0000000701f00000, 0x0000000701f00000|100%| O|  |TAMS 0x0000000701e00000, 0x0000000701e00000| Untracked 
|  31|0x0000000701f00000, 0x0000000702000000, 0x0000000702000000|100%| O|  |TAMS 0x0000000701f00000, 0x0000000701f00000| Untracked 
|  32|0x0000000702000000, 0x0000000702100000, 0x0000000702100000|100%| O|  |TAMS 0x0000000702000000, 0x0000000702000000| Untracked 
|  33|0x0000000702100000, 0x0000000702200000, 0x0000000702200000|100%| O|  |TAMS 0x0000000702100000, 0x0000000702100000| Untracked 
|  34|0x0000000702200000, 0x0000000702300000, 0x0000000702300000|100%| O|  |TAMS 0x0000000702200000, 0x0000000702200000| Untracked 
|  35|0x0000000702300000, 0x0000000702400000, 0x0000000702400000|100%| O|  |TAMS 0x0000000702300000, 0x0000000702300000| Untracked 
|  36|0x0000000702400000, 0x0000000702500000, 0x0000000702500000|100%| O|  |TAMS 0x0000000702400000, 0x0000000702400000| Untracked 
|  37|0x0000000702500000, 0x0000000702600000, 0x0000000702600000|100%| O|  |TAMS 0x0000000702500000, 0x0000000702500000| Untracked 
|  38|0x0000000702600000, 0x0000000702700000, 0x0000000702700000|100%| O|  |TAMS 0x0000000702600000, 0x0000000702600000| Untracked 
|  39|0x0000000702700000, 0x0000000702800000, 0x0000000702800000|100%| O|  |TAMS 0x0000000702700000, 0x0000000702700000| Untracked 
|  40|0x0000000702800000, 0x0000000702895800, 0x0000000702900000| 58%| O|  |TAMS 0x0000000702800000, 0x0000000702800000| Untracked 
|  41|0x0000000702900000, 0x0000000702900000, 0x0000000702a00000|  0%| F|  |TAMS 0x0000000702900000, 0x0000000702900000| Untracked 
|  42|0x0000000702a00000, 0x0000000702a00000, 0x0000000702b00000|  0%| F|  |TAMS 0x0000000702a00000, 0x0000000702a00000| Untracked 
|  43|0x0000000702b00000, 0x0000000702b00000, 0x0000000702c00000|  0%| F|  |TAMS 0x0000000702b00000, 0x0000000702b00000| Untracked 
|  44|0x0000000702c00000, 0x0000000702c00000, 0x0000000702d00000|  0%| F|  |TAMS 0x0000000702c00000, 0x0000000702c00000| Untracked 
|  45|0x0000000702d00000, 0x0000000702d00000, 0x0000000702e00000|  0%| F|  |TAMS 0x0000000702d00000, 0x0000000702d00000| Untracked 
|  46|0x0000000702e00000, 0x0000000702e00000, 0x0000000702f00000|  0%| F|  |TAMS 0x0000000702e00000, 0x0000000702e00000| Untracked 
|  47|0x0000000702f00000, 0x0000000702f00000, 0x0000000703000000|  0%| F|  |TAMS 0x0000000702f00000, 0x0000000702f00000| Untracked 
|  48|0x0000000703000000, 0x0000000703000000, 0x0000000703100000|  0%| F|  |TAMS 0x0000000703000000, 0x0000000703000000| Untracked 
|  49|0x0000000703100000, 0x0000000703100000, 0x0000000703200000|  0%| F|  |TAMS 0x0000000703100000, 0x0000000703100000| Untracked 
|  50|0x0000000703200000, 0x0000000703200000, 0x0000000703300000|  0%| F|  |TAMS 0x0000000703200000, 0x0000000703200000| Untracked 
|  51|0x0000000703300000, 0x0000000703300000, 0x0000000703400000|  0%| F|  |TAMS 0x0000000703300000, 0x0000000703300000| Untracked 
|  52|0x0000000703400000, 0x0000000703400000, 0x0000000703500000|  0%| F|  |TAMS 0x0000000703400000, 0x0000000703400000| Untracked 
|  53|0x0000000703500000, 0x0000000703500000, 0x0000000703600000|  0%| F|  |TAMS 0x0000000703500000, 0x0000000703500000| Untracked 
|  54|0x0000000703600000, 0x0000000703600000, 0x0000000703700000|  0%| F|  |TAMS 0x0000000703600000, 0x0000000703600000| Untracked 
|  55|0x0000000703700000, 0x0000000703700000, 0x0000000703800000|  0%| F|  |TAMS 0x0000000703700000, 0x0000000703700000| Untracked 
|  56|0x0000000703800000, 0x0000000703800000, 0x0000000703900000|  0%| F|  |TAMS 0x0000000703800000, 0x0000000703800000| Untracked 
|  57|0x0000000703900000, 0x0000000703900000, 0x0000000703a00000|  0%| F|  |TAMS 0x0000000703900000, 0x0000000703900000| Untracked 
|  58|0x0000000703a00000, 0x0000000703af8928, 0x0000000703b00000| 97%| S|CS|TAMS 0x0000000703a00000, 0x0000000703a00000| Complete 
|  59|0x0000000703b00000, 0x0000000703c00000, 0x0000000703c00000|100%| S|CS|TAMS 0x0000000703b00000, 0x0000000703b00000| Complete 
|  60|0x0000000703c00000, 0x0000000703c00000, 0x0000000703d00000|  0%| F|  |TAMS 0x0000000703c00000, 0x0000000703c00000| Untracked 
|  61|0x0000000703d00000, 0x0000000703d00000, 0x0000000703e00000|  0%| F|  |TAMS 0x0000000703d00000, 0x0000000703d00000| Untracked 
|  62|0x0000000703e00000, 0x0000000703e00000, 0x0000000703f00000|  0%| F|  |TAMS 0x0000000703e00000, 0x0000000703e00000| Untracked 
|  63|0x0000000703f00000, 0x0000000703f00000, 0x0000000704000000|  0%| F|  |TAMS 0x0000000703f00000, 0x0000000703f00000| Untracked 
|  64|0x0000000704000000, 0x0000000704000000, 0x0000000704100000|  0%| F|  |TAMS 0x0000000704000000, 0x0000000704000000| Untracked 
|  65|0x0000000704100000, 0x0000000704100000, 0x0000000704200000|  0%| F|  |TAMS 0x0000000704100000, 0x0000000704100000| Untracked 
|  66|0x0000000704200000, 0x0000000704200000, 0x0000000704300000|  0%| F|  |TAMS 0x0000000704200000, 0x0000000704200000| Untracked 
|  67|0x0000000704300000, 0x0000000704300000, 0x0000000704400000|  0%| F|  |TAMS 0x0000000704300000, 0x0000000704300000| Untracked 
|  68|0x0000000704400000, 0x0000000704400000, 0x0000000704500000|  0%| F|  |TAMS 0x0000000704400000, 0x0000000704400000| Untracked 
|  69|0x0000000704500000, 0x0000000704500000, 0x0000000704600000|  0%| F|  |TAMS 0x0000000704500000, 0x0000000704500000| Untracked 
|  70|0x0000000704600000, 0x0000000704600000, 0x0000000704700000|  0%| F|  |TAMS 0x0000000704600000, 0x0000000704600000| Untracked 
|  71|0x0000000704700000, 0x0000000704700000, 0x0000000704800000|  0%| F|  |TAMS 0x0000000704700000, 0x0000000704700000| Untracked 
|  72|0x0000000704800000, 0x0000000704800000, 0x0000000704900000|  0%| F|  |TAMS 0x0000000704800000, 0x0000000704800000| Untracked 
|  73|0x0000000704900000, 0x0000000704900000, 0x0000000704a00000|  0%| F|  |TAMS 0x0000000704900000, 0x0000000704900000| Untracked 
|  74|0x0000000704a00000, 0x0000000704a00000, 0x0000000704b00000|  0%| F|  |TAMS 0x0000000704a00000, 0x0000000704a00000| Untracked 
|  75|0x0000000704b00000, 0x0000000704b00000, 0x0000000704c00000|  0%| F|  |TAMS 0x0000000704b00000, 0x0000000704b00000| Untracked 
|  76|0x0000000704c00000, 0x0000000704c00000, 0x0000000704d00000|  0%| F|  |TAMS 0x0000000704c00000, 0x0000000704c00000| Untracked 
|  77|0x0000000704d00000, 0x0000000704d00000, 0x0000000704e00000|  0%| F|  |TAMS 0x0000000704d00000, 0x0000000704d00000| Untracked 
|  78|0x0000000704e00000, 0x0000000704e00000, 0x0000000704f00000|  0%| F|  |TAMS 0x0000000704e00000, 0x0000000704e00000| Untracked 
|  79|0x0000000704f00000, 0x0000000704f00000, 0x0000000705000000|  0%| F|  |TAMS 0x0000000704f00000, 0x0000000704f00000| Untracked 
|  80|0x0000000705000000, 0x0000000705000000, 0x0000000705100000|  0%| F|  |TAMS 0x0000000705000000, 0x0000000705000000| Untracked 
|  81|0x0000000705100000, 0x0000000705100000, 0x0000000705200000|  0%| F|  |TAMS 0x0000000705100000, 0x0000000705100000| Untracked 
|  82|0x0000000705200000, 0x0000000705200000, 0x0000000705300000|  0%| F|  |TAMS 0x0000000705200000, 0x0000000705200000| Untracked 
|  83|0x0000000705300000, 0x0000000705300000, 0x0000000705400000|  0%| F|  |TAMS 0x0000000705300000, 0x0000000705300000| Untracked 
|  84|0x0000000705400000, 0x0000000705400000, 0x0000000705500000|  0%| F|  |TAMS 0x0000000705400000, 0x0000000705400000| Untracked 
|  85|0x0000000705500000, 0x0000000705500000, 0x0000000705600000|  0%| F|  |TAMS 0x0000000705500000, 0x0000000705500000| Untracked 
|  86|0x0000000705600000, 0x0000000705600000, 0x0000000705700000|  0%| F|  |TAMS 0x0000000705600000, 0x0000000705600000| Untracked 
|  87|0x0000000705700000, 0x0000000705700000, 0x0000000705800000|  0%| F|  |TAMS 0x0000000705700000, 0x0000000705700000| Untracked 
|  88|0x0000000705800000, 0x0000000705800000, 0x0000000705900000|  0%| F|  |TAMS 0x0000000705800000, 0x0000000705800000| Untracked 
|  89|0x0000000705900000, 0x0000000705900000, 0x0000000705a00000|  0%| F|  |TAMS 0x0000000705900000, 0x0000000705900000| Untracked 
|  90|0x0000000705a00000, 0x0000000705a00000, 0x0000000705b00000|  0%| F|  |TAMS 0x0000000705a00000, 0x0000000705a00000| Untracked 
|  91|0x0000000705b00000, 0x0000000705b00000, 0x0000000705c00000|  0%| F|  |TAMS 0x0000000705b00000, 0x0000000705b00000| Untracked 
|  92|0x0000000705c00000, 0x0000000705c00000, 0x0000000705d00000|  0%| F|  |TAMS 0x0000000705c00000, 0x0000000705c00000| Untracked 
|  93|0x0000000705d00000, 0x0000000705d00000, 0x0000000705e00000|  0%| F|  |TAMS 0x0000000705d00000, 0x0000000705d00000| Untracked 
|  94|0x0000000705e00000, 0x0000000705e00000, 0x0000000705f00000|  0%| F|  |TAMS 0x0000000705e00000, 0x0000000705e00000| Untracked 
|  95|0x0000000705f00000, 0x0000000705f00000, 0x0000000706000000|  0%| F|  |TAMS 0x0000000705f00000, 0x0000000705f00000| Untracked 
|  96|0x0000000706000000, 0x0000000706000800, 0x0000000706100000|  0%| E|  |TAMS 0x0000000706000000, 0x0000000706000000| Complete 
|  97|0x0000000706100000, 0x0000000706200000, 0x0000000706200000|100%| E|CS|TAMS 0x0000000706100000, 0x0000000706100000| Complete 
|  98|0x0000000706200000, 0x0000000706300000, 0x0000000706300000|100%| E|CS|TAMS 0x0000000706200000, 0x0000000706200000| Complete 
|  99|0x0000000706300000, 0x0000000706400000, 0x0000000706400000|100%| E|CS|TAMS 0x0000000706300000, 0x0000000706300000| Complete 
| 100|0x0000000706400000, 0x0000000706500000, 0x0000000706500000|100%| E|CS|TAMS 0x0000000706400000, 0x0000000706400000| Complete 
| 101|0x0000000706500000, 0x0000000706600000, 0x0000000706600000|100%| E|CS|TAMS 0x0000000706500000, 0x0000000706500000| Complete 
| 102|0x0000000706600000, 0x0000000706700000, 0x0000000706700000|100%| E|CS|TAMS 0x0000000706600000, 0x0000000706600000| Complete 
| 103|0x0000000706700000, 0x0000000706800000, 0x0000000706800000|100%| E|CS|TAMS 0x0000000706700000, 0x0000000706700000| Complete 
| 104|0x0000000706800000, 0x0000000706900000, 0x0000000706900000|100%| E|CS|TAMS 0x0000000706800000, 0x0000000706800000| Complete 
| 105|0x0000000706900000, 0x0000000706a00000, 0x0000000706a00000|100%| E|CS|TAMS 0x0000000706900000, 0x0000000706900000| Complete 
| 106|0x0000000706a00000, 0x0000000706b00000, 0x0000000706b00000|100%| E|CS|TAMS 0x0000000706a00000, 0x0000000706a00000| Complete 
| 107|0x0000000706b00000, 0x0000000706c00000, 0x0000000706c00000|100%| E|CS|TAMS 0x0000000706b00000, 0x0000000706b00000| Complete 
| 108|0x0000000706c00000, 0x0000000706d00000, 0x0000000706d00000|100%| E|CS|TAMS 0x0000000706c00000, 0x0000000706c00000| Complete 
| 109|0x0000000706d00000, 0x0000000706e00000, 0x0000000706e00000|100%| E|CS|TAMS 0x0000000706d00000, 0x0000000706d00000| Complete 
| 110|0x0000000706e00000, 0x0000000706f00000, 0x0000000706f00000|100%| E|CS|TAMS 0x0000000706e00000, 0x0000000706e00000| Complete 
| 111|0x0000000706f00000, 0x0000000707000000, 0x0000000707000000|100%| E|CS|TAMS 0x0000000706f00000, 0x0000000706f00000| Complete 
| 112|0x0000000707000000, 0x0000000707100000, 0x0000000707100000|100%| E|CS|TAMS 0x0000000707000000, 0x0000000707000000| Complete 
| 113|0x0000000707100000, 0x0000000707200000, 0x0000000707200000|100%| E|CS|TAMS 0x0000000707100000, 0x0000000707100000| Complete 
| 114|0x0000000707200000, 0x0000000707300000, 0x0000000707300000|100%| E|CS|TAMS 0x0000000707200000, 0x0000000707200000| Complete 
| 115|0x0000000707300000, 0x0000000707400000, 0x0000000707400000|100%| E|CS|TAMS 0x0000000707300000, 0x0000000707300000| Complete 
| 116|0x0000000707400000, 0x0000000707500000, 0x0000000707500000|100%| E|CS|TAMS 0x0000000707400000, 0x0000000707400000| Complete 
| 117|0x0000000707500000, 0x0000000707600000, 0x0000000707600000|100%| E|CS|TAMS 0x0000000707500000, 0x0000000707500000| Complete 
| 118|0x0000000707600000, 0x0000000707700000, 0x0000000707700000|100%| E|CS|TAMS 0x0000000707600000, 0x0000000707600000| Complete 
| 119|0x0000000707700000, 0x0000000707800000, 0x0000000707800000|100%| E|CS|TAMS 0x0000000707700000, 0x0000000707700000| Complete 
| 120|0x0000000707800000, 0x0000000707900000, 0x0000000707900000|100%| E|CS|TAMS 0x0000000707800000, 0x0000000707800000| Complete 
| 121|0x0000000707900000, 0x0000000707a00000, 0x0000000707a00000|100%| E|CS|TAMS 0x0000000707900000, 0x0000000707900000| Complete 
| 122|0x0000000707a00000, 0x0000000707b00000, 0x0000000707b00000|100%| E|CS|TAMS 0x0000000707a00000, 0x0000000707a00000| Complete 
| 123|0x0000000707b00000, 0x0000000707c00000, 0x0000000707c00000|100%| E|CS|TAMS 0x0000000707b00000, 0x0000000707b00000| Complete 
| 124|0x0000000707c00000, 0x0000000707d00000, 0x0000000707d00000|100%| E|CS|TAMS 0x0000000707c00000, 0x0000000707c00000| Complete 
| 125|0x0000000707d00000, 0x0000000707e00000, 0x0000000707e00000|100%| E|CS|TAMS 0x0000000707d00000, 0x0000000707d00000| Complete 
| 126|0x0000000707e00000, 0x0000000707f00000, 0x0000000707f00000|100%| E|CS|TAMS 0x0000000707e00000, 0x0000000707e00000| Complete 
| 127|0x0000000707f00000, 0x0000000708000000, 0x0000000708000000|100%| E|CS|TAMS 0x0000000707f00000, 0x0000000707f00000| Complete 
| 128|0x0000000708000000, 0x0000000708100000, 0x0000000708100000|100%| E|CS|TAMS 0x0000000708000000, 0x0000000708000000| Complete 
| 147|0x0000000709300000, 0x0000000709400000, 0x0000000709400000|100%| E|CS|TAMS 0x0000000709300000, 0x0000000709300000| Complete 
| 148|0x0000000709400000, 0x0000000709500000, 0x0000000709500000|100%| E|CS|TAMS 0x0000000709400000, 0x0000000709400000| Complete 
| 149|0x0000000709500000, 0x0000000709600000, 0x0000000709600000|100%| E|CS|TAMS 0x0000000709500000, 0x0000000709500000| Complete 
| 150|0x0000000709600000, 0x0000000709700000, 0x0000000709700000|100%| E|CS|TAMS 0x0000000709600000, 0x0000000709600000| Complete 
| 151|0x0000000709700000, 0x0000000709800000, 0x0000000709800000|100%| E|CS|TAMS 0x0000000709700000, 0x0000000709700000| Complete 
| 152|0x0000000709800000, 0x0000000709900000, 0x0000000709900000|100%| E|CS|TAMS 0x0000000709800000, 0x0000000709800000| Complete 
| 153|0x0000000709900000, 0x0000000709a00000, 0x0000000709a00000|100%| E|CS|TAMS 0x0000000709900000, 0x0000000709900000| Complete 
| 154|0x0000000709a00000, 0x0000000709b00000, 0x0000000709b00000|100%| E|CS|TAMS 0x0000000709a00000, 0x0000000709a00000| Complete 
| 155|0x0000000709b00000, 0x0000000709c00000, 0x0000000709c00000|100%| E|CS|TAMS 0x0000000709b00000, 0x0000000709b00000| Complete 
| 156|0x0000000709c00000, 0x0000000709d00000, 0x0000000709d00000|100%| E|CS|TAMS 0x0000000709c00000, 0x0000000709c00000| Complete 
| 157|0x0000000709d00000, 0x0000000709e00000, 0x0000000709e00000|100%| E|CS|TAMS 0x0000000709d00000, 0x0000000709d00000| Complete 
| 255|0x000000070ff00000, 0x0000000710000000, 0x0000000710000000|100%| E|CS|TAMS 0x000000070ff00000, 0x000000070ff00000| Complete 

Card table byte_map: [0x0000021271b50000,0x0000021272350000] _byte_map_base: 0x000002126e350000

Marking Bits (Prev, Next): (CMBitMap*) 0x0000021259c2f848, (CMBitMap*) 0x0000021259c2f808
 Prev Bits: [0x0000021276b50000, 0x000002127ab50000)
 Next Bits: [0x0000021272b50000, 0x0000021276b50000)

Polling page: 0x0000021257ae0000

Metaspace:

Usage:
  Non-class:     25.27 MB capacity,    24.64 MB ( 98%) used,   521.72 KB (  2%) free+waste,   119.00 KB ( <1%) overhead. 
      Class:      3.47 MB capacity,     3.07 MB ( 89%) used,   349.40 KB ( 10%) free+waste,    53.81 KB (  2%) overhead. 
       Both:     28.74 MB capacity,    27.72 MB ( 96%) used,   871.12 KB (  3%) free+waste,   172.81 KB ( <1%) overhead. 

Virtual space:
  Non-class space:       26.00 MB reserved,      25.42 MB ( 98%) committed 
      Class space:        1.00 GB reserved,       3.50 MB ( <1%) committed 
             Both:        1.03 GB reserved,      28.92 MB (  3%) committed 

Chunk freelists:
   Non-Class:  27.00 KB
       Class:  0 bytes
        Both:  27.00 KB

MaxMetaspaceSize: 17179869184.00 GB
CompressedClassSpaceSize: 1.00 GB

CodeHeap 'non-profiled nmethods': size=120000Kb used=6169Kb max_used=6169Kb free=113830Kb
 bounds [0x0000021269e20000, 0x000002126a430000, 0x0000021271350000]
CodeHeap 'profiled nmethods': size=120000Kb used=10655Kb max_used=12778Kb free=109344Kb
 bounds [0x00000212628f0000, 0x0000021263570000, 0x0000021269e20000]
CodeHeap 'non-nmethods': size=5760Kb used=1256Kb max_used=1315Kb free=4503Kb
 bounds [0x0000021262350000, 0x00000212625c0000, 0x00000212628f0000]
 total_blobs=6411 nmethods=5882 adapters=441
 compilation: enabled
              stopped_count=0, restarted_count=0
 full_count=0

Compilation events (20 events):
Event: 5562.483 Thread 0x000002127d91c000 nmethod 7601% 0x0000021262c97a10 code [0x0000021262c97c00, 0x0000021262c982d8]
Event: 5562.483 Thread 0x000002127d91c000 7602       3       java.time.format.DateTimeFormatterBuilder$NumberPrinterParser::<init> (31 bytes)
Event: 5562.483 Thread 0x000002127d91c000 nmethod 7602 0x0000021263029410 code [0x00000212630295c0, 0x0000021263029818]
Event: 5562.484 Thread 0x000002127d91a800 nmethod 7603 0x000002126a424690 code [0x000002126a424840, 0x000002126a424998]
Event: 5562.492 Thread 0x000002127d91a800 7604       4       java.net.URL::isValidProtocol (78 bytes)
Event: 5562.499 Thread 0x000002127d91a800 nmethod 7604 0x000002126a424e90 code [0x000002126a4250c0, 0x000002126a425578]
Event: 5562.499 Thread 0x000002127d91a800 7605   !   4       java.security.cert.Certificate::hashCode (31 bytes)
Event: 5562.499 Thread 0x000002127d91a800 nmethod 7605 0x000002126a425990 code [0x000002126a425b20, 0x000002126a425bd8]
Event: 5563.008 Thread 0x000002127d91c000 7607       3       sun.nio.ch.Net::getSocketOption (130 bytes)
Event: 5563.009 Thread 0x000002127d91c000 nmethod 7607 0x000002126322b810 code [0x000002126322bb00, 0x000002126322cd68]
Event: 5563.024 Thread 0x000002127d91c000 7608       3       sun.util.logging.internal.LoggingProviderImpl$JULWrapper::toJUL (40 bytes)
Event: 5563.024 Thread 0x000002127d91c000 nmethod 7608 0x0000021262b50690 code [0x0000021262b50840, 0x0000021262b509d8]
Event: 5563.026 Thread 0x000002127d91c000 7609       3       java.io.FilterOutputStream::<init> (21 bytes)
Event: 5563.026 Thread 0x000002127d91c000 nmethod 7609 0x0000021262c97290 code [0x0000021262c97440, 0x0000021262c977b8]
Event: 5563.027 Thread 0x000002127d91a800 7610 %     4       jdk.internal.loader.URLClassPath$1::next @ 9 (59 bytes)
Event: 5563.031 Thread 0x000002127d91c000 7611       3       java.util.stream.Collectors$$Lambda$280/0x0000000800ce4c40::accept (21 bytes)
Event: 5563.031 Thread 0x000002127d91c000 nmethod 7611 0x0000021262ebb010 code [0x0000021262ebb1e0, 0x0000021262ebb748]
Event: 5563.031 Thread 0x000002127d91c000 7612       3       java.util.stream.Collectors::lambda$toMap$68 (25 bytes)
Event: 5563.031 Thread 0x000002127d91c000 nmethod 7612 0x0000021263361d10 code [0x0000021263361ee0, 0x0000021263362268]
Event: 5563.033 Thread 0x000002127d91a800 nmethod 7610% 0x000002126a425c90 code [0x000002126a425ea0, 0x000002126a426208]

GC Heap History (20 events):
Event: 4221.403 GC heap before
{Heap before GC invocations=151 (full 0):
 garbage-first heap   total 144384K, used 124862K [0x0000000700000000, 0x0000000800000000)
  region size 1024K, 82 young (83968K), 2 survivors (2048K)
 Metaspace       used 28317K, capacity 29426K, committed 29616K, reserved 1075200K
  class space    used 3146K, capacity 3550K, committed 3584K, reserved 1048576K
}
Event: 4221.408 GC heap after
{Heap after GC invocations=152 (full 0):
 garbage-first heap   total 144384K, used 43296K [0x0000000700000000, 0x0000000800000000)
  region size 1024K, 3 young (3072K), 3 survivors (3072K)
 Metaspace       used 28317K, capacity 29426K, committed 29616K, reserved 1075200K
  class space    used 3146K, capacity 3550K, committed 3584K, reserved 1048576K
}
Event: 4233.809 GC heap before
{Heap before GC invocations=152 (full 0):
 garbage-first heap   total 144384K, used 124192K [0x0000000700000000, 0x0000000800000000)
  region size 1024K, 82 young (83968K), 3 survivors (3072K)
 Metaspace       used 28328K, capacity 29426K, committed 29616K, reserved 1075200K
  class space    used 3146K, capacity 3550K, committed 3584K, reserved 1048576K
}
Event: 4233.813 GC heap after
{Heap after GC invocations=153 (full 0):
 garbage-first heap   total 144384K, used 43057K [0x0000000700000000, 0x0000000800000000)
  region size 1024K, 2 young (2048K), 2 survivors (2048K)
 Metaspace       used 28328K, capacity 29426K, committed 29616K, reserved 1075200K
  class space    used 3146K, capacity 3550K, committed 3584K, reserved 1048576K
}
Event: 4251.231 GC heap before
{Heap before GC invocations=153 (full 0):
 garbage-first heap   total 144384K, used 124977K [0x0000000700000000, 0x0000000800000000)
  region size 1024K, 82 young (83968K), 2 survivors (2048K)
 Metaspace       used 28328K, capacity 29426K, committed 29616K, reserved 1075200K
  class space    used 3146K, capacity 3550K, committed 3584K, reserved 1048576K
}
Event: 4251.236 GC heap after
{Heap after GC invocations=154 (full 0):
 garbage-first heap   total 144384K, used 43185K [0x0000000700000000, 0x0000000800000000)
  region size 1024K, 3 young (3072K), 3 survivors (3072K)
 Metaspace       used 28328K, capacity 29426K, committed 29616K, reserved 1075200K
  class space    used 3146K, capacity 3550K, committed 3584K, reserved 1048576K
}
Event: 4266.161 GC heap before
{Heap before GC invocations=154 (full 0):
 garbage-first heap   total 144384K, used 124081K [0x0000000700000000, 0x0000000800000000)
  region size 1024K, 82 young (83968K), 3 survivors (3072K)
 Metaspace       used 28330K, capacity 29426K, committed 29616K, reserved 1075200K
  class space    used 3146K, capacity 3550K, committed 3584K, reserved 1048576K
}
Event: 4266.167 GC heap after
{Heap after GC invocations=155 (full 0):
 garbage-first heap   total 144384K, used 43640K [0x0000000700000000, 0x0000000800000000)
  region size 1024K, 3 young (3072K), 3 survivors (3072K)
 Metaspace       used 28330K, capacity 29426K, committed 29616K, reserved 1075200K
  class space    used 3146K, capacity 3550K, committed 3584K, reserved 1048576K
}
Event: 4283.671 GC heap before
{Heap before GC invocations=155 (full 0):
 garbage-first heap   total 144384K, used 124536K [0x0000000700000000, 0x0000000800000000)
  region size 1024K, 82 young (83968K), 3 survivors (3072K)
 Metaspace       used 28352K, capacity 29426K, committed 29616K, reserved 1075200K
  class space    used 3146K, capacity 3550K, committed 3584K, reserved 1048576K
}
Event: 4283.675 GC heap after
{Heap after GC invocations=156 (full 0):
 garbage-first heap   total 144384K, used 43171K [0x0000000700000000, 0x0000000800000000)
  region size 1024K, 2 young (2048K), 2 survivors (2048K)
 Metaspace       used 28352K, capacity 29426K, committed 29616K, reserved 1075200K
  class space    used 3146K, capacity 3550K, committed 3584K, reserved 1048576K
}
Event: 4295.108 GC heap before
{Heap before GC invocations=156 (full 0):
 garbage-first heap   total 144384K, used 125091K [0x0000000700000000, 0x0000000800000000)
  region size 1024K, 82 young (83968K), 2 survivors (2048K)
 Metaspace       used 28352K, capacity 29426K, committed 29616K, reserved 1075200K
  class space    used 3146K, capacity 3550K, committed 3584K, reserved 1048576K
}
Event: 4295.112 GC heap after
{Heap after GC invocations=157 (full 0):
 garbage-first heap   total 144384K, used 43172K [0x0000000700000000, 0x0000000800000000)
  region size 1024K, 2 young (2048K), 2 survivors (2048K)
 Metaspace       used 28352K, capacity 29426K, committed 29616K, reserved 1075200K
  class space    used 3146K, capacity 3550K, committed 3584K, reserved 1048576K
}
Event: 4312.189 GC heap before
{Heap before GC invocations=157 (full 0):
 garbage-first heap   total 144384K, used 126116K [0x0000000700000000, 0x0000000800000000)
  region size 1024K, 83 young (84992K), 2 survivors (2048K)
 Metaspace       used 28354K, capacity 29426K, committed 29616K, reserved 1075200K
  class space    used 3146K, capacity 3550K, committed 3584K, reserved 1048576K
}
Event: 4312.193 GC heap after
{Heap after GC invocations=158 (full 0):
 garbage-first heap   total 144384K, used 43070K [0x0000000700000000, 0x0000000800000000)
  region size 1024K, 2 young (2048K), 2 survivors (2048K)
 Metaspace       used 28354K, capacity 29426K, committed 29616K, reserved 1075200K
  class space    used 3146K, capacity 3550K, committed 3584K, reserved 1048576K
}
Event: 4327.890 GC heap before
{Heap before GC invocations=158 (full 0):
 garbage-first heap   total 144384K, used 124990K [0x0000000700000000, 0x0000000800000000)
  region size 1024K, 82 young (83968K), 2 survivors (2048K)
 Metaspace       used 28354K, capacity 29426K, committed 29616K, reserved 1075200K
  class space    used 3146K, capacity 3550K, committed 3584K, reserved 1048576K
}
Event: 4327.894 GC heap after
{Heap after GC invocations=159 (full 0):
 garbage-first heap   total 144384K, used 43211K [0x0000000700000000, 0x0000000800000000)
  region size 1024K, 2 young (2048K), 2 survivors (2048K)
 Metaspace       used 28354K, capacity 29426K, committed 29616K, reserved 1075200K
  class space    used 3146K, capacity 3550K, committed 3584K, reserved 1048576K
}
Event: 4346.750 GC heap before
{Heap before GC invocations=159 (full 0):
 garbage-first heap   total 144384K, used 126155K [0x0000000700000000, 0x0000000800000000)
  region size 1024K, 83 young (84992K), 2 survivors (2048K)
 Metaspace       used 28354K, capacity 29426K, committed 29616K, reserved 1075200K
  class space    used 3146K, capacity 3550K, committed 3584K, reserved 1048576K
}
Event: 4346.754 GC heap after
{Heap after GC invocations=160 (full 0):
 garbage-first heap   total 144384K, used 43420K [0x0000000700000000, 0x0000000800000000)
  region size 1024K, 2 young (2048K), 2 survivors (2048K)
 Metaspace       used 28354K, capacity 29426K, committed 29616K, reserved 1075200K
  class space    used 3146K, capacity 3550K, committed 3584K, reserved 1048576K
}
Event: 4356.937 GC heap before
{Heap before GC invocations=160 (full 0):
 garbage-first heap   total 144384K, used 126364K [0x0000000700000000, 0x0000000800000000)
  region size 1024K, 83 young (84992K), 2 survivors (2048K)
 Metaspace       used 28377K, capacity 29426K, committed 29616K, reserved 1075200K
  class space    used 3146K, capacity 3550K, committed 3584K, reserved 1048576K
}
Event: 4356.941 GC heap after
{Heap after GC invocations=161 (full 0):
 garbage-first heap   total 144384K, used 43444K [0x0000000700000000, 0x0000000800000000)
  region size 1024K, 2 young (2048K), 2 survivors (2048K)
 Metaspace       used 28377K, capacity 29426K, committed 29616K, reserved 1075200K
  class space    used 3146K, capacity 3550K, committed 3584K, reserved 1048576K
}

Deoptimization events (20 events):
Event: 4224.941 Thread 0x0000021259bc9800 Uncommon trap: trap_request=0xffffffbe fr.pc=0x000002126a418790 relative=0x0000000000000450
Event: 4224.941 Thread 0x0000021259bc9800 Uncommon trap: reason=profile_predicate action=maybe_recompile pc=0x000002126a418790 method=java.util.TreeMap$EntrySpliterator.forEachRemaining(Ljava/util/function/Consumer;)V @ 48 c2
Event: 4224.941 Thread 0x0000021259bc9800 DEOPT PACKING pc=0x000002126a418790 sp=0x0000009e137fd910
Event: 4224.941 Thread 0x0000021259bc9800 DEOPT UNPACKING pc=0x000002126239912f sp=0x0000009e137fd8d8 mode 2
Event: 4232.979 Thread 0x0000021259bc9800 Uncommon trap: trap_request=0xffffffbe fr.pc=0x000002126a418790 relative=0x0000000000000450
Event: 4232.979 Thread 0x0000021259bc9800 Uncommon trap: reason=profile_predicate action=maybe_recompile pc=0x000002126a418790 method=java.util.TreeMap$EntrySpliterator.forEachRemaining(Ljava/util/function/Consumer;)V @ 48 c2
Event: 4232.979 Thread 0x0000021259bc9800 DEOPT PACKING pc=0x000002126a418790 sp=0x0000009e137fdaa0
Event: 4232.979 Thread 0x0000021259bc9800 DEOPT UNPACKING pc=0x000002126239912f sp=0x0000009e137fda68 mode 2
Event: 4233.004 Thread 0x0000021259bc9800 Uncommon trap: trap_request=0xffffffbe fr.pc=0x000002126a418790 relative=0x0000000000000450
Event: 4233.004 Thread 0x0000021259bc9800 Uncommon trap: reason=profile_predicate action=maybe_recompile pc=0x000002126a418790 method=java.util.TreeMap$EntrySpliterator.forEachRemaining(Ljava/util/function/Consumer;)V @ 48 c2
Event: 4233.004 Thread 0x0000021259bc9800 DEOPT PACKING pc=0x000002126a418790 sp=0x0000009e137fda00
Event: 4233.004 Thread 0x0000021259bc9800 DEOPT UNPACKING pc=0x000002126239912f sp=0x0000009e137fd9c8 mode 2
Event: 4266.170 Thread 0x0000021259bc9800 DEOPT PACKING pc=0x0000021263376302 sp=0x0000009e137fd9e0
Event: 4266.170 Thread 0x0000021259bc9800 DEOPT UNPACKING pc=0x000002126239964e sp=0x0000009e137fce58 mode 0
Event: 4266.170 Thread 0x0000021259bc9800 DEOPT PACKING pc=0x0000021263376b94 sp=0x0000009e137fda30
Event: 4266.170 Thread 0x0000021259bc9800 DEOPT UNPACKING pc=0x000002126239964e sp=0x0000009e137fcef0 mode 0
Event: 5562.361 Thread 0x0000021259bc9800 DEOPT PACKING pc=0x000002126345b9f4 sp=0x0000009e137fe0b0
Event: 5562.361 Thread 0x0000021259bc9800 DEOPT UNPACKING pc=0x000002126239964e sp=0x0000009e137fd528 mode 0
Event: 5562.362 Thread 0x0000021259bc9800 DEOPT PACKING pc=0x000002126345b9f4 sp=0x0000009e137fe0b0
Event: 5562.362 Thread 0x0000021259bc9800 DEOPT UNPACKING pc=0x000002126239964e sp=0x0000009e137fd528 mode 0

Classes unloaded (0 events):
No events

Classes redefined (0 events):
No events

Internal exceptions (20 events):
Event: 5563.000 Thread 0x0000021200be9800 Exception <a 'java/io/IOException'{0x00000007063a8ae0}> (0x00000007063a8ae0) 
thrown [./open/src/hotspot/share/prims/jni.cpp, line 599]
Event: 5563.000 Thread 0x0000021200be9800 Exception <a 'java/io/IOException'{0x00000007063a8df0}> (0x00000007063a8df0) 
thrown [./open/src/hotspot/share/prims/jni.cpp, line 599]
Event: 5563.000 Thread 0x0000021200be9800 Exception <a 'java/io/IOException'{0x00000007063a9100}> (0x00000007063a9100) 
thrown [./open/src/hotspot/share/prims/jni.cpp, line 599]
Event: 5563.000 Thread 0x0000021200be9800 Exception <a 'java/io/IOException'{0x00000007063a9410}> (0x00000007063a9410) 
thrown [./open/src/hotspot/share/prims/jni.cpp, line 599]
Event: 5563.000 Thread 0x0000021200be9800 Exception <a 'java/io/IOException'{0x00000007063a9720}> (0x00000007063a9720) 
thrown [./open/src/hotspot/share/prims/jni.cpp, line 599]
Event: 5563.000 Thread 0x0000021200be9800 Exception <a 'java/io/IOException'{0x00000007063a9a30}> (0x00000007063a9a30) 
thrown [./open/src/hotspot/share/prims/jni.cpp, line 599]
Event: 5563.000 Thread 0x0000021200be9800 Exception <a 'java/io/IOException'{0x00000007063a9d40}> (0x00000007063a9d40) 
thrown [./open/src/hotspot/share/prims/jni.cpp, line 599]
Event: 5563.000 Thread 0x0000021200be9800 Exception <a 'java/io/IOException'{0x00000007063aa050}> (0x00000007063aa050) 
thrown [./open/src/hotspot/share/prims/jni.cpp, line 599]
Event: 5563.000 Thread 0x0000021200be9800 Exception <a 'java/io/IOException'{0x00000007063aa360}> (0x00000007063aa360) 
thrown [./open/src/hotspot/share/prims/jni.cpp, line 599]
Event: 5563.000 Thread 0x0000021200be9800 Exception <a 'java/io/IOException'{0x00000007063aa670}> (0x00000007063aa670) 
thrown [./open/src/hotspot/share/prims/jni.cpp, line 599]
Event: 5563.000 Thread 0x0000021200be9800 Exception <a 'java/io/IOException'{0x00000007063aa980}> (0x00000007063aa980) 
thrown [./open/src/hotspot/share/prims/jni.cpp, line 599]
Event: 5563.000 Thread 0x0000021200be9800 Exception <a 'java/io/IOException'{0x00000007063aac90}> (0x00000007063aac90) 
thrown [./open/src/hotspot/share/prims/jni.cpp, line 599]
Event: 5563.000 Thread 0x0000021200be9800 Exception <a 'java/io/IOException'{0x00000007063aafa0}> (0x00000007063aafa0) 
thrown [./open/src/hotspot/share/prims/jni.cpp, line 599]
Event: 5563.000 Thread 0x0000021200be9800 Exception <a 'java/io/IOException'{0x00000007063ab2b0}> (0x00000007063ab2b0) 
thrown [./open/src/hotspot/share/prims/jni.cpp, line 599]
Event: 5563.000 Thread 0x0000021200be9800 Exception <a 'java/io/IOException'{0x00000007063ab5c0}> (0x00000007063ab5c0) 
thrown [./open/src/hotspot/share/prims/jni.cpp, line 599]
Event: 5563.000 Thread 0x0000021200be9800 Exception <a 'java/io/IOException'{0x00000007063ab8d0}> (0x00000007063ab8d0) 
thrown [./open/src/hotspot/share/prims/jni.cpp, line 599]
Event: 5563.000 Thread 0x0000021200be9800 Exception <a 'java/io/IOException'{0x00000007063abbe0}> (0x00000007063abbe0) 
thrown [./open/src/hotspot/share/prims/jni.cpp, line 599]
Event: 5563.000 Thread 0x0000021200be9800 Exception <a 'java/io/IOException'{0x00000007063abef0}> (0x00000007063abef0) 
thrown [./open/src/hotspot/share/prims/jni.cpp, line 599]
Event: 5563.000 Thread 0x0000021200be9800 Exception <a 'java/io/IOException'{0x00000007063ac200}> (0x00000007063ac200) 
thrown [./open/src/hotspot/share/prims/jni.cpp, line 599]
Event: 5563.008 Thread 0x0000021200bed800 Exception <a 'java/net/SocketException'{0x0000000706353680}: Socket is not connected: shutdown> (0x0000000706353680) 
thrown [./open/src/hotspot/share/prims/jni.cpp, line 620]

Events (20 events):
Event: 5562.498 Thread 0x0000021200be7000 Thread added: 0x0000021200be7000
Event: 5562.499 Thread 0x0000021200bed800 Thread added: 0x0000021200bed800
Event: 5562.499 Executing VM operation: HandshakeOneThread
Event: 5562.499 Executing VM operation: HandshakeOneThread done
Event: 5562.512 Thread 0x0000021200be9800 Thread added: 0x0000021200be9800
Event: 5562.512 Thread 0x0000021200be8000 Thread added: 0x0000021200be8000
Event: 5562.512 Executing VM operation: BulkRevokeBias
Event: 5562.515 Executing VM operation: BulkRevokeBias done
Event: 5563.025 Thread 0x0000021200bf4000 Thread added: 0x0000021200bf4000
Event: 5563.031 Thread 0x0000021200bf1000 Thread added: 0x0000021200bf1000
Event: 5563.031 Thread 0x0000021200bf3800 Thread added: 0x0000021200bf3800
Event: 5563.031 Executing VM operation: HandshakeOneThread
Event: 5563.032 Executing VM operation: HandshakeOneThread done
Event: 5563.032 Executing VM operation: HandshakeOneThread
Event: 5563.032 Executing VM operation: HandshakeOneThread done
Event: 5563.032 Executing VM operation: HandshakeOneThread
Event: 5563.032 Executing VM operation: HandshakeOneThread done
Event: 5563.032 Executing VM operation: HandshakeOneThread
Event: 5563.032 Executing VM operation: HandshakeOneThread done
Event: 5568.028 Executing VM operation: BulkRevokeBias


Dynamic libraries:
0x00007ff6bd260000 - 0x00007ff6bd26f000 	C:\Program Files\Java\jdk-14.0.2\bin\java.exe
0x00007ffa05bf0000 - 0x00007ffa05de8000 	C:\WINDOWS\SYSTEM32\ntdll.dll
0x00007ff9f5310000 - 0x00007ff9f5384000 	C:\WINDOWS\System32\verifier.dll
0x00007ff9dd9d0000 - 0x00007ff9ddac4000 	C:\WINDOWS\SYSTEM32\PayloadRestrictions.dll
0x00007ffa03650000 - 0x00007ffa03750000 	C:\WINDOWS\System32\ucrtbase.dll
0x00007ffa037f0000 - 0x00007ffa03abe000 	C:\WINDOWS\System32\kernelbase.dll
0x00007ffa03fd0000 - 0x00007ffa0408d000 	C:\WINDOWS\System32\kernel32.dll
0x00007ff9fe9d0000 - 0x00007ff9fe9e8000 	C:\Program Files\Java\jdk-14.0.2\bin\jli.dll
0x00007ffa03e20000 - 0x00007ffa03ece000 	C:\WINDOWS\System32\ADVAPI32.dll
0x00007ffa04be0000 - 0x00007ffa04c7e000 	C:\WINDOWS\System32\msvcrt.dll
0x00007ffa04e30000 - 0x00007ffa04ecc000 	C:\WINDOWS\System32\sechost.dll
0x00007ffa05950000 - 0x00007ffa05a75000 	C:\WINDOWS\System32\RPCRT4.dll
0x00007ffa05740000 - 0x00007ffa058e0000 	C:\WINDOWS\System32\USER32.dll
0x00007ffa03570000 - 0x00007ffa03592000 	C:\WINDOWS\System32\win32u.dll
0x00007ffa05700000 - 0x00007ffa0572a000 	C:\WINDOWS\System32\GDI32.dll
0x00007ffa03b10000 - 0x00007ffa03c1b000 	C:\WINDOWS\System32\gdi32full.dll
0x00007ffa03750000 - 0x00007ffa037ed000 	C:\WINDOWS\System32\msvcp_win.dll
0x00007ff9f8df0000 - 0x00007ff9f8e05000 	C:\Program Files\Java\jdk-14.0.2\bin\VCRUNTIME140.dll
0x00007ff9edc30000 - 0x00007ff9edeca000 	C:\WINDOWS\WinSxS\amd64_microsoft.windows.common-controls_6595b64144ccf1df_6.0.19041.1110_none_60b5254171f9507e\COMCTL32.dll
0x00007ff9fc950000 - 0x00007ff9fc95a000 	C:\WINDOWS\SYSTEM32\VERSION.dll
0x00007ffa04090000 - 0x00007ffa040c0000 	C:\WINDOWS\System32\IMM32.DLL
0x00007ff9ecca0000 - 0x00007ff9ecd3b000 	C:\Program Files\Java\jdk-14.0.2\bin\msvcp140.dll
0x00007ff9cf940000 - 0x00007ff9d045e000 	C:\Program Files\Java\jdk-14.0.2\bin\server\jvm.dll
0x00007ffa04480000 - 0x00007ffa04488000 	C:\WINDOWS\System32\PSAPI.DLL
0x00007ff9fc340000 - 0x00007ff9fc349000 	C:\WINDOWS\SYSTEM32\WSOCK32.dll
0x00007ffa05050000 - 0x00007ffa050bb000 	C:\WINDOWS\System32\WS2_32.dll
0x00007ff9f7f70000 - 0x00007ff9f7f97000 	C:\WINDOWS\SYSTEM32\WINMM.dll
0x00007ffa01230000 - 0x00007ffa01242000 	C:\WINDOWS\SYSTEM32\kernel.appcore.dll
0x00007ff9fbb50000 - 0x00007ff9fbb5a000 	C:\Program Files\Java\jdk-14.0.2\bin\jimage.dll
0x00007ff9f7fa0000 - 0x00007ff9f8184000 	C:\WINDOWS\SYSTEM32\DBGHELP.DLL
0x00007ff9f7f40000 - 0x00007ff9f7f6c000 	C:\WINDOWS\SYSTEM32\dbgcore.DLL
0x00007ffa034e0000 - 0x00007ffa03562000 	C:\WINDOWS\System32\bcryptPrimitives.dll
0x00007ff9f8d20000 - 0x00007ff9f8d2e000 	C:\Program Files\Java\jdk-14.0.2\bin\instrument.dll
0x00007ff9f8dc0000 - 0x00007ff9f8de5000 	C:\Program Files\Java\jdk-14.0.2\bin\java.dll
0x00007ff9f8da0000 - 0x00007ff9f8db6000 	C:\Program Files\Java\jdk-14.0.2\bin\zip.dll
0x00007ffa04490000 - 0x00007ffa04bd4000 	C:\WINDOWS\System32\SHELL32.dll
0x00007ffa01430000 - 0x00007ffa01bc4000 	C:\WINDOWS\SYSTEM32\windows.storage.dll
0x00007ffa04120000 - 0x00007ffa04474000 	C:\WINDOWS\System32\combase.dll
0x00007ffa02d00000 - 0x00007ffa02d30000 	C:\WINDOWS\SYSTEM32\Wldp.dll
0x00007ffa04ed0000 - 0x00007ffa04f7d000 	C:\WINDOWS\System32\SHCORE.dll
0x00007ffa040c0000 - 0x00007ffa04115000 	C:\WINDOWS\System32\shlwapi.dll
0x00007ffa03250000 - 0x00007ffa0326f000 	C:\WINDOWS\SYSTEM32\profapi.dll
0x00007ff9f8d80000 - 0x00007ff9f8d99000 	C:\Program Files\Java\jdk-14.0.2\bin\net.dll
0x00007ff9fcb40000 - 0x00007ff9fcc4a000 	C:\WINDOWS\SYSTEM32\WINHTTP.dll
0x00007ffa02a60000 - 0x00007ffa02aca000 	C:\WINDOWS\system32\mswsock.dll
0x00007ff9f8d60000 - 0x00007ff9f8d72000 	C:\Program Files\Java\jdk-14.0.2\bin\nio.dll
0x00007ff9e64f0000 - 0x00007ff9e650a000 	C:\Program Files\JetBrains\IntelliJ IDEA Community Edition 2021.3.1\bin\breakgen64.dll
0x00007ff9f98f0000 - 0x00007ff9f9900000 	C:\Program Files\Java\jdk-14.0.2\bin\verify.dll
0x00007ffa02c50000 - 0x00007ffa02c68000 	C:\WINDOWS\SYSTEM32\CRYPTSP.dll
0x00007ffa023e0000 - 0x00007ffa02414000 	C:\WINDOWS\system32\rsaenh.dll
0x00007ffa03c20000 - 0x00007ffa03c47000 	C:\WINDOWS\System32\bcrypt.dll
0x00007ffa031d0000 - 0x00007ffa031fe000 	C:\WINDOWS\SYSTEM32\USERENV.dll
0x00007ffa02c70000 - 0x00007ffa02c7c000 	C:\WINDOWS\SYSTEM32\CRYPTBASE.dll
0x00007ffa02750000 - 0x00007ffa0278b000 	C:\WINDOWS\SYSTEM32\IPHLPAPI.DLL
0x00007ffa058e0000 - 0x00007ffa058e8000 	C:\WINDOWS\System32\NSI.dll
0x00007ff9fe110000 - 0x00007ff9fe127000 	C:\WINDOWS\SYSTEM32\dhcpcsvc6.DLL
0x00007ff9fe0f0000 - 0x00007ff9fe10d000 	C:\WINDOWS\SYSTEM32\dhcpcsvc.DLL
0x00007ffa02790000 - 0x00007ffa0285a000 	C:\WINDOWS\SYSTEM32\DNSAPI.dll
0x00007ff9f8c10000 - 0x00007ff9f8c1e000 	C:\Program Files\Java\jdk-14.0.2\bin\sunmscapi.dll
0x00007ffa03380000 - 0x00007ffa034d6000 	C:\WINDOWS\System32\CRYPT32.dll
0x00007ffa02d70000 - 0x00007ffa02d97000 	C:\WINDOWS\SYSTEM32\ncrypt.dll
0x00007ffa02d30000 - 0x00007ffa02d6b000 	C:\WINDOWS\SYSTEM32\NTASN1.dll
0x00007ff9e5d70000 - 0x00007ff9e5d95000 	C:\Program Files\Java\jdk-14.0.2\bin\sunec.dll
0x00007ff9fdc80000 - 0x00007ff9fdc8a000 	C:\Windows\System32\rasadhlp.dll
0x00007ff9fdf70000 - 0x00007ff9fdff0000 	C:\WINDOWS\System32\fwpuclnt.dll
0x00007ff9fc740000 - 0x00007ff9fc757000 	C:\WINDOWS\system32\napinsp.dll
0x00007ff9fc760000 - 0x00007ff9fc77b000 	C:\WINDOWS\system32\pnrpnsp.dll
0x00007ff9fc780000 - 0x00007ff9fc795000 	C:\WINDOWS\system32\wshbth.dll
0x00007ff9fef40000 - 0x00007ff9fef5d000 	C:\WINDOWS\system32\NLAapi.dll
0x00007ff9fc930000 - 0x00007ff9fc942000 	C:\WINDOWS\System32\winrnr.dll

dbghelp: loaded successfully - version: 4.0.5 - missing functions: none
symbol engine: initialized successfully - sym options: 0x614 - pdb path: .;C:\Program Files\Java\jdk-14.0.2\bin;C:\WINDOWS\SYSTEM32;C:\WINDOWS\WinSxS\amd64_microsoft.windows.common-controls_6595b64144ccf1df_6.0.19041.1110_none_60b5254171f9507e;C:\Program Files\Java\jdk-14.0.2\bin\server;C:\Program Files\JetBrains\IntelliJ IDEA Community Edition 2021.3.1\bin

VM Arguments:
jvm_args: -Dorg.jetbrains.run.directory=D:\ngtp-official315\src\test\resources\C2M_EYDemo\features -javaagent:C:\Program Files\JetBrains\IntelliJ IDEA Community Edition 2021.3.1\lib\idea_rt.jar=50199:C:\Program Files\JetBrains\IntelliJ IDEA Community Edition 2021.3.1\bin -Dfile.encoding=UTF-8 
java_command: io.cucumber.core.cli.Main --plugin org.jetbrains.plugins.cucumber.java.run.CucumberJvm5SMFormatter --glue application --glue methods --glue seleniumutils.applicationlayer.ETLValidation.stepdefinitions --glue env --glue seleniumutils.applicationlayer.C2M_EYDemo.stepdefinitions --glue stepimplementation D:/ngtp-official315/src/test/resources/C2M_EYDemo/features/dm006_createassetelectricdevicetypexxxmeter.feature
java_class_path (initial): D:\ngtp-official315\target\test-classes;D:\ngtp-official315\target\classes;C:\Users\vvaidya\.m2\repository\com\ey\etaf-step-definitions\1.3.4\etaf-step-definitions-1.3.4.jar;C:\Users\vvaidya\.m2\repository\com\ey\etaf-core-library\1.3.4\etaf-core-library-1.3.4.jar;C:\Users\vvaidya\.m2\repository\org\testng\testng\7.3.0\testng-7.3.0.jar;C:\Users\vvaidya\.m2\repository\org\apache\ant\ant\1.10.3\ant-1.10.3.jar;C:\Users\vvaidya\.m2\repository\org\apache\ant\ant-launcher\1.10.3\ant-launcher-1.10.3.jar;C:\Users\vvaidya\.m2\repository\com\google\inject\guice\4.2.2\guice-4.2.2-no_aop.jar;C:\Users\vvaidya\.m2\repository\javax\inject\javax.inject\1\javax.inject-1.jar;C:\Users\vvaidya\.m2\repository\aopalliance\aopalliance\1.0\aopalliance-1.0.jar;C:\Users\vvaidya\.m2\repository\org\slf4j\log4j-over-slf4j\1.7.30\log4j-over-slf4j-1.7.30.jar;C:\Users\vvaidya\.m2\repository\mysql\mysql-connector-java\8.0.22\mysql-connector-java-8.0.22.jar;C:\Users\vvaidya\.m2\repository\com\google\protobuf\protobuf-java\3.11.4\protobuf-java-3.11.4.jar;C:\Users\vvaidya\.m2\repository\io\cucumber\cucumber-picocontainer\6.8.2\cucumber-picocontainer-6.8.2.jar;C:\Users\vvaidya\.m2\repository\org\picocontainer\picocontainer\2.15\picocontainer-2.15.jar;C:\Users\vvaidya\.m2\repository\com\ey\etl-step-definitions\1.0.7\etl-step-definitions-1.0.7.jar;C:\Users\vvaidya\.m2\repository\com\ey\etl-core-libraries\1.0.7\etl-core-libraries-1.0.7.jar;C:\Users\vvaidya\.m2\repository\org\apache\spark\spark-core_2.12\3.0.1\spark-core_2.12-3.0.1.jar;C:\Users\vvaidya\.m2\repository\org\apache\avro\avro-mapred\1.8.2\avro-mapred-1.8.2-hadoop2.jar;C:\Users\vvaidya\.m2\repository\org\apache\avro\avro-ipc\1.8.2\avro-ipc-1.8.2.jar;C:\Users\vvaidya\.m2\repository\org\codehaus\jackson\jackson-core-asl\1.9.13\jackson-core-asl-1.9.13.jar;C:\Users\vvaidya\.m2\repository\org\codehaus\jackson\jackson-mapper-asl\1.9.13\jackson-mapper-asl-1.9.13.jar;C:\Users\vvaidya\.m2\repository\com\twitter\chill_2.12\0.9
Launcher Type: SUN_STANDARD

[Global flags]
     intx CICompilerCount                          = 3                                         {product} {ergonomic}
     uint ConcGCThreads                            = 1                                         {product} {ergonomic}
     uint G1ConcRefinementThreads                  = 4                                         {product} {ergonomic}
   size_t G1HeapRegionSize                         = 1048576                                   {product} {ergonomic}
    uintx GCDrainStackTargetSize                   = 64                                        {product} {ergonomic}
   size_t InitialHeapSize                          = 268435456                                 {product} {ergonomic}
   size_t MarkStackSize                            = 4194304                                   {product} {ergonomic}
   size_t MaxHeapSize                              = 4294967296                                {product} {ergonomic}
   size_t MaxNewSize                               = 2576351232                                {product} {ergonomic}
   size_t MinHeapDeltaBytes                        = 1048576                                   {product} {ergonomic}
   size_t MinHeapSize                              = 8388608                                   {product} {ergonomic}
    uintx NonNMethodCodeHeapSize                   = 5832780                                {pd product} {ergonomic}
    uintx NonProfiledCodeHeapSize                  = 122912730                              {pd product} {ergonomic}
    uintx ProfiledCodeHeapSize                     = 122912730                              {pd product} {ergonomic}
    uintx ReservedCodeCacheSize                    = 251658240                              {pd product} {ergonomic}
     bool SegmentedCodeCache                       = true                                      {product} {ergonomic}
   size_t SoftMaxHeapSize                          = 4294967296                             {manageable} {ergonomic}
     bool UseCompressedClassPointers               = true                                 {lp64_product} {ergonomic}
     bool UseCompressedOops                        = true                                 {lp64_product} {ergonomic}
     bool UseG1GC                                  = true                                      {product} {ergonomic}
     bool UseLargePagesIndividualAllocation        = false                                  {pd product} {ergonomic}

Logging:
Log output configuration:
 #0: stdout all=warning uptime,level,tags
 #1: stderr all=off uptime,level,tags

Environment Variables:
JAVA_HOME=C:\Program Files\Java\jdk-14.0.2
PATH=%JAVA_HOME%\bin;C:\WINDOWS\system32;C:\WINDOWS;C:\WINDOWS\System32\Wbem;C:\WINDOWS\System32\WindowsPowerShell\v1.0\;C:\WINDOWS\System32\OpenSSH\;%MAVEN_HOME%\bin;C:\Program Files\TortoiseSVN\bin;C:\Program Files\Git\cmd;C:\Users\vvaidya\AppData\Local\Microsoft\WindowsApps;C:\Program Files\Java\jdk-14.0.2\bin;C:\Program Files\Maven\apache-maven-3.8.4\bin;
USERNAME=vvaidya
OS=Windows_NT
PROCESSOR_IDENTIFIER=Intel64 Family 6 Model 79 Stepping 0, GenuineIntel



---------------  S Y S T E M  ---------------

OS: Windows 10 , 64 bit Build 19041 (10.0.19041.1889)
OS uptime: 40 days 2:59 hours
VMWare virtualization detected

CPU:total 4 (initial active 4) (2 cores per cpu, 1 threads per core) family 6 model 79 stepping 0, cmov, cx8, fxsr, mmx, sse, sse2, sse3, ssse3, sse4.1, sse4.2, popcnt, avx, avx2, aes, clmul, erms, 3dnowpref, lzcnt, tsc, tscinvbit, bmi1, bmi2, adx, fma

Memory: 4k page, system-wide physical 16383M (8003M free)
TotalPageFile size 29110M (AvailPageFile size 4M)
current process WorkingSet (physical memory assigned to process): 208M, peak: 287M
current process commit charge ("private bytes"): 309M, peak: 425M

vm_info: Java HotSpot(TM) 64-Bit Server VM (14.0.2+12-46) for windows-amd64 JRE (14.0.2+12-46), built on Jul  9 2020 00:35:52 by "mach5one" with MS VC++ 15.9 (VS2017)

END.
