#
# There is insufficient memory for the Java Runtime Environment to continue.
# Native memory allocation (malloc) failed to allocate 32744 bytes for ChunkPool::allocate
# Possible reasons:
#   The system is out of physical RAM or swap space
#   The process is running with CompressedOops enabled, and the Java Heap may be blocking the growth of the native heap
# Possible solutions:
#   Reduce memory load on the system
#   Increase physical memory or swap space
#   Check if swap backing store is full
#   Decrease Java heap size (-Xmx/-Xms)
#   Decrease number of Java threads
#   Decrease Java thread stack sizes (-Xss)
#   Set larger code cache with -XX:ReservedCodeCacheSize=
#   JVM is running with Zero Based Compressed Oops mode in which the Java heap is
#     placed in the first 32GB address space. The Java Heap base address is the
#     maximum limit for the native heap growth. Please use -XX:HeapBaseMinAddress
#     to set the Java Heap base and to place the Java Heap above 32GB virtual address.
# This output file may be truncated or incomplete.
#
#  Out of Memory Error (./open/src/hotspot/share/memory/arena.cpp:79), pid=21356, tid=22104
#
# JRE version: Java(TM) SE Runtime Environment (14.0.2+12) (build 14.0.2+12-46)
# Java VM: Java HotSpot(TM) 64-Bit Server VM (14.0.2+12-46, mixed mode, sharing, tiered, compressed oops, g1 gc, windows-amd64)
# No core dump will be written. Minidumps are not enabled by default on client versions of Windows
#

---------------  S U M M A R Y ------------

Command Line: -Dfile.encoding=UTF-8 C:\Users\vvaidya\AppData\Local\Temp\surefire11705073822356082737\surefirebooter13877104666752762252.jar C:\Users\vvaidya\AppData\Local\Temp\surefire11705073822356082737 2022-10-25T15-11-26_078-jvmRun1 surefire7693321172626332469tmp surefire_010431803086938247553tmp

Host: Intel(R) Xeon(R) Silver 4116 CPU @ 2.10GHz, 4 cores, 15G,  Windows 10 , 64 bit Build 19041 (10.0.19041.1889)
Time: Tue Oct 25 15:12:55 2022 Mountain Daylight Time elapsed time: 87 seconds (0d 0h 1m 27s)

---------------  T H R E A D  ---------------

Current thread (0x0000029f22c3a800):  JavaThread "C2 CompilerThread1" daemon [_thread_in_native, id=22104, stack(0x000000ccf1300000,0x000000ccf1400000)]


Current CompileTask:
C2:  87383 6082       4       io.cucumber.messages.internal.com.google.gson.stream.JsonWriter::string (169 bytes)

Stack: [0x000000ccf1300000,0x000000ccf1400000]
Native frames: (J=compiled Java code, j=interpreted, Vv=VM code, C=native code)
V  [jvm.dll+0x5f8a9a]
V  [jvm.dll+0x74247a]
V  [jvm.dll+0x743c2f]
V  [jvm.dll+0x744273]
V  [jvm.dll+0x20d288]
V  [jvm.dll+0xabea6]
V  [jvm.dll+0xac1fc]
V  [jvm.dll+0x32122e]
V  [jvm.dll+0x4f2856]
V  [jvm.dll+0x2e6b67]
V  [jvm.dll+0x2e5f3a]
V  [jvm.dll+0x1e5e16]
V  [jvm.dll+0x1e50b8]
V  [jvm.dll+0x1779cc]
V  [jvm.dll+0x1f4105]
V  [jvm.dll+0x1f22eb]
V  [jvm.dll+0x7070cd]
V  [jvm.dll+0x6ffeda]
V  [jvm.dll+0x5f78f6]
C  [ucrtbase.dll+0x21bb2]
C  [kernel32.dll+0x17034]
C  [ntdll.dll+0x526a1]


---------------  P R O C E S S  ---------------

Threads class SMR info:
_java_thread_list=0x0000029f23e48620, length=28, elements={
0x0000029f7b2c5000, 0x0000029f7f0c0800, 0x0000029f7f0c2800, 0x0000029f7f0dd000,
0x0000029f7f0de000, 0x0000029f7f0e1800, 0x0000029f7f0e6800, 0x0000029f7f0e7800,
0x0000029f7f0ee000, 0x0000029f7faab800, 0x0000029f7faaf800, 0x0000029f7faaf000,
0x0000029f7fab0800, 0x0000029f7faae000, 0x0000029f7faac800, 0x0000029f7faad000,
0x0000029f7fab1800, 0x0000029f22c36000, 0x0000029f22c38000, 0x0000029f22c3d000,
0x0000029f22c3a000, 0x0000029f22c3c800, 0x0000029f22c37800, 0x0000029f22c36800,
0x0000029f22c3e000, 0x0000029f22c3e800, 0x0000029f22c40800, 0x0000029f22c3a800
}

Java Threads: ( => current thread )
  0x0000029f7b2c5000 JavaThread "main" [_thread_blocked, id=12588, stack(0x000000ccef200000,0x000000ccef300000)]
  0x0000029f7f0c0800 JavaThread "Reference Handler" daemon [_thread_blocked, id=16952, stack(0x000000ccef900000,0x000000ccefa00000)]
  0x0000029f7f0c2800 JavaThread "Finalizer" daemon [_thread_blocked, id=16712, stack(0x000000ccefa00000,0x000000ccefb00000)]
  0x0000029f7f0dd000 JavaThread "Signal Dispatcher" daemon [_thread_blocked, id=2688, stack(0x000000ccefb00000,0x000000ccefc00000)]
  0x0000029f7f0de000 JavaThread "Attach Listener" daemon [_thread_blocked, id=23220, stack(0x000000ccefc00000,0x000000ccefd00000)]
  0x0000029f7f0e1800 JavaThread "Service Thread" daemon [_thread_blocked, id=25280, stack(0x000000ccefd00000,0x000000ccefe00000)]
  0x0000029f7f0e6800 JavaThread "C2 CompilerThread0" daemon [_thread_in_native, id=3728, stack(0x000000ccefe00000,0x000000cceff00000)]
  0x0000029f7f0e7800 JavaThread "C1 CompilerThread0" daemon [_thread_blocked, id=8760, stack(0x000000cceff00000,0x000000ccf0000000)]
  0x0000029f7f0ee000 JavaThread "Sweeper thread" daemon [_thread_blocked, id=23844, stack(0x000000ccf0000000,0x000000ccf0100000)]
  0x0000029f7faab800 JavaThread "Notification Thread" daemon [_thread_blocked, id=13436, stack(0x000000ccf0100000,0x000000ccf0200000)]
  0x0000029f7faaf800 JavaThread "Common-Cleaner" daemon [_thread_blocked, id=13924, stack(0x000000ccf0300000,0x000000ccf0400000)]
  0x0000029f7faaf000 JavaThread "surefire-forkedjvm-command-thread" daemon [_thread_in_native, id=26556, stack(0x000000ccf0800000,0x000000ccf0900000)]
  0x0000029f7fab0800 JavaThread "surefire-forkedjvm-ping-30s" daemon [_thread_blocked, id=10720, stack(0x000000ccf0900000,0x000000ccf0a00000)]
  0x0000029f7faae000 JavaThread "AsyncAppender-Worker-ASYNC_CONSOLE" daemon [_thread_blocked, id=23528, stack(0x000000ccf0700000,0x000000ccf0800000)]
  0x0000029f7faac800 JavaThread "pool-1-thread-1" daemon [_thread_in_vm, id=11296, stack(0x000000ccf0c00000,0x000000ccf0d00000)]
  0x0000029f7faad000 JavaThread "Exec Default Executor" daemon [_thread_in_native, id=19392, stack(0x000000ccf0b00000,0x000000ccf0c00000)]
  0x0000029f7fab1800 JavaThread "Exec Stream Pumper" daemon [_thread_in_native, id=25156, stack(0x000000ccf0f00000,0x000000ccf1000000)]
  0x0000029f22c36000 JavaThread "Exec Stream Pumper" daemon [_thread_in_native, id=10752, stack(0x000000ccf1000000,0x000000ccf1100000)]
  0x0000029f22c38000 JavaThread "ForkJoinPool.commonPool-worker-5" daemon [_thread_blocked, id=25732, stack(0x000000ccf1400000,0x000000ccf1500000)]
  0x0000029f22c3d000 JavaThread "ForkJoinPool.commonPool-worker-7" daemon [_thread_blocked, id=23848, stack(0x000000ccf1500000,0x000000ccf1600000)]
  0x0000029f22c3a000 JavaThread "OkHttp ConnectionPool" daemon [_thread_blocked, id=22812, stack(0x000000ccf1600000,0x000000ccf1700000)]
  0x0000029f22c3c800 JavaThread "Okio Watchdog" daemon [_thread_blocked, id=9032, stack(0x000000ccf1700000,0x000000ccf1800000)]
  0x0000029f22c37800 JavaThread "Exec Default Executor" daemon [_thread_in_native, id=25308, stack(0x000000ccf0d00000,0x000000ccf0e00000)]
  0x0000029f22c36800 JavaThread "UrlChecker-3" daemon [_thread_blocked, id=17760, stack(0x000000ccf1900000,0x000000ccf1a00000)]
  0x0000029f22c3e000 JavaThread "Exec Stream Pumper" daemon [_thread_in_native, id=16336, stack(0x000000ccf1a00000,0x000000ccf1b00000)]
  0x0000029f22c3e800 JavaThread "Exec Stream Pumper" daemon [_thread_in_native, id=25752, stack(0x000000ccf1b00000,0x000000ccf1c00000)]
  0x0000029f22c40800 JavaThread "ForkJoinPool.commonPool-worker-1" daemon [_thread_blocked, id=25244, stack(0x000000ccf1800000,0x000000ccf1900000)]
=>0x0000029f22c3a800 JavaThread "C2 CompilerThread1" daemon [_thread_in_native, id=22104, stack(0x000000ccf1300000,0x000000ccf1400000)]

Other Threads:
  0x0000029f7f0bf000 VMThread "VM Thread" [stack: 0x000000ccef800000,0x000000ccef900000] [id=26332]
  0x0000029f7fab3000 WatcherThread [stack: 0x000000ccf0200000,0x000000ccf0300000] [id=25348]
  0x0000029f7b32a800 GCTaskThread "GC Thread#0" [stack: 0x000000ccef300000,0x000000ccef400000] [id=260]
  0x0000029f7fac4800 GCTaskThread "GC Thread#1" [stack: 0x000000ccf0400000,0x000000ccf0500000] [id=22656]
  0x0000029f7fac5000 GCTaskThread "GC Thread#2" [stack: 0x000000ccf0500000,0x000000ccf0600000] [id=25416]
  0x0000029f7fac6000 GCTaskThread "GC Thread#3" [stack: 0x000000ccf0600000,0x000000ccf0700000] [id=13560]
  0x0000029f7b34c000 ConcurrentGCThread "G1 Main Marker" [stack: 0x000000ccef400000,0x000000ccef500000] [id=20836]
  0x0000029f7b34f800 ConcurrentGCThread "G1 Conc#0" [stack: 0x000000ccef500000,0x000000ccef600000] [id=26348]
  0x0000029f7efaa800 ConcurrentGCThread "G1 Refine#0" [stack: 0x000000ccef600000,0x000000ccef700000] [id=26308]
  0x0000029f21b9e000 ConcurrentGCThread "G1 Refine#1" [stack: 0x000000ccf0a00000,0x000000ccf0b00000] [id=22596]
  0x0000029f7efad000 ConcurrentGCThread "G1 Young RemSet Sampling" [stack: 0x000000ccef700000,0x000000ccef800000] [id=20552]

Threads with active compile tasks:
C2 CompilerThread0    87463 6042       4       io.cucumber.messages.internal.com.google.protobuf.util.JsonFormat$PrinterImpl::printSingleFieldValue (886 bytes)
C2 CompilerThread1    87463 6082       4       io.cucumber.messages.internal.com.google.gson.stream.JsonWriter::string (169 bytes)

VM state:not at safepoint (normal execution)

VM Mutex/Monitor currently owned by a thread: None

Heap address: 0x0000000700000000, size: 4096 MB, Compressed Oops mode: Zero based, Oop shift amount: 3
Narrow klass base: 0x0000000800000000, Narrow klass shift: 3
Compressed class space size: 1073741824 Address: 0x0000000800b30000

Heap:
 garbage-first heap   total 198656K, used 144592K [0x0000000700000000, 0x0000000800000000)
  region size 1024K, 94 young (96256K), 9 survivors (9216K)
 Metaspace       used 35191K, capacity 36325K, committed 36608K, reserved 1081344K
  class space    used 4092K, capacity 4543K, committed 4608K, reserved 1048576K
Heap Regions: E=young(eden), S=young(survivor), O=old, HS=humongous(starts), HC=humongous(continues), CS=collection set, F=free, OA=open archive, CA=closed archive, TAMS=top-at-mark-start (previous, next)
|   0|0x0000000700000000, 0x0000000700100000, 0x0000000700100000|100%|HS|  |TAMS 0x0000000700100000, 0x0000000700000000| Complete 
|   1|0x0000000700100000, 0x0000000700200000, 0x0000000700200000|100%| O|  |TAMS 0x0000000700200000, 0x0000000700100000| Untracked 
|   2|0x0000000700200000, 0x0000000700300000, 0x0000000700300000|100%| O|  |TAMS 0x0000000700300000, 0x0000000700200000| Untracked 
|   3|0x0000000700300000, 0x0000000700400000, 0x0000000700400000|100%| O|  |TAMS 0x0000000700400000, 0x0000000700300000| Untracked 
|   4|0x0000000700400000, 0x0000000700500000, 0x0000000700500000|100%|HS|  |TAMS 0x0000000700500000, 0x0000000700400000| Complete 
|   5|0x0000000700500000, 0x0000000700600000, 0x0000000700600000|100%|HC|  |TAMS 0x0000000700600000, 0x0000000700500000| Complete 
|   6|0x0000000700600000, 0x0000000700700000, 0x0000000700700000|100%|HS|  |TAMS 0x0000000700700000, 0x0000000700600000| Complete 
|   7|0x0000000700700000, 0x0000000700800000, 0x0000000700800000|100%|HS|  |TAMS 0x0000000700800000, 0x0000000700700000| Complete 
|   8|0x0000000700800000, 0x0000000700900000, 0x0000000700900000|100%| O|  |TAMS 0x0000000700900000, 0x0000000700800000| Untracked 
|   9|0x0000000700900000, 0x0000000700a00000, 0x0000000700a00000|100%| O|  |TAMS 0x0000000700a00000, 0x0000000700900000| Untracked 
|  10|0x0000000700a00000, 0x0000000700b00000, 0x0000000700b00000|100%| O|  |TAMS 0x0000000700b00000, 0x0000000700a00000| Untracked 
|  11|0x0000000700b00000, 0x0000000700c00000, 0x0000000700c00000|100%| O|  |TAMS 0x0000000700c00000, 0x0000000700b00000| Untracked 
|  12|0x0000000700c00000, 0x0000000700d00000, 0x0000000700d00000|100%| O|  |TAMS 0x0000000700d00000, 0x0000000700c00000| Untracked 
|  13|0x0000000700d00000, 0x0000000700e00000, 0x0000000700e00000|100%| O|  |TAMS 0x0000000700e00000, 0x0000000700d00000| Untracked 
|  14|0x0000000700e00000, 0x0000000700f00000, 0x0000000700f00000|100%| O|  |TAMS 0x0000000700f00000, 0x0000000700e00000| Untracked 
|  15|0x0000000700f00000, 0x0000000701000000, 0x0000000701000000|100%| O|  |TAMS 0x0000000701000000, 0x0000000700f00000| Untracked 
|  16|0x0000000701000000, 0x0000000701100000, 0x0000000701100000|100%| O|  |TAMS 0x0000000701100000, 0x0000000701000000| Untracked 
|  17|0x0000000701100000, 0x0000000701200000, 0x0000000701200000|100%| O|  |TAMS 0x0000000701200000, 0x0000000701100000| Untracked 
|  18|0x0000000701200000, 0x0000000701300000, 0x0000000701300000|100%| O|  |TAMS 0x0000000701300000, 0x0000000701200000| Untracked 
|  19|0x0000000701300000, 0x0000000701400000, 0x0000000701400000|100%| O|  |TAMS 0x0000000701400000, 0x0000000701300000| Untracked 
|  20|0x0000000701400000, 0x0000000701500000, 0x0000000701500000|100%| O|  |TAMS 0x0000000701500000, 0x0000000701400000| Untracked 
|  21|0x0000000701500000, 0x0000000701600000, 0x0000000701600000|100%| O|  |TAMS 0x0000000701600000, 0x0000000701500000| Untracked 
|  22|0x0000000701600000, 0x0000000701700000, 0x0000000701700000|100%| O|  |TAMS 0x0000000701700000, 0x0000000701600000| Untracked 
|  23|0x0000000701700000, 0x0000000701800000, 0x0000000701800000|100%| O|  |TAMS 0x0000000701800000, 0x0000000701700000| Untracked 
|  24|0x0000000701800000, 0x0000000701900000, 0x0000000701900000|100%| O|  |TAMS 0x0000000701900000, 0x0000000701800000| Untracked 
|  25|0x0000000701900000, 0x0000000701a00000, 0x0000000701a00000|100%| O|  |TAMS 0x0000000701a00000, 0x0000000701900000| Untracked 
|  26|0x0000000701a00000, 0x0000000701b00000, 0x0000000701b00000|100%| O|  |TAMS 0x0000000701b00000, 0x0000000701a00000| Untracked 
|  27|0x0000000701b00000, 0x0000000701c00000, 0x0000000701c00000|100%| O|  |TAMS 0x0000000701c00000, 0x0000000701b00000| Untracked 
|  28|0x0000000701c00000, 0x0000000701d00000, 0x0000000701d00000|100%| O|  |TAMS 0x0000000701d00000, 0x0000000701c00000| Untracked 
|  29|0x0000000701d00000, 0x0000000701e00000, 0x0000000701e00000|100%| O|  |TAMS 0x0000000701e00000, 0x0000000701d00000| Untracked 
|  30|0x0000000701e00000, 0x0000000701f00000, 0x0000000701f00000|100%| O|  |TAMS 0x0000000701f00000, 0x0000000701e00000| Untracked 
|  31|0x0000000701f00000, 0x0000000702000000, 0x0000000702000000|100%| O|  |TAMS 0x0000000702000000, 0x0000000701f00000| Untracked 
|  32|0x0000000702000000, 0x0000000702100000, 0x0000000702100000|100%| O|  |TAMS 0x0000000702100000, 0x0000000702000000| Untracked 
|  33|0x0000000702100000, 0x0000000702200000, 0x0000000702200000|100%| O|  |TAMS 0x0000000702200000, 0x0000000702100000| Untracked 
|  34|0x0000000702200000, 0x0000000702300000, 0x0000000702300000|100%| O|  |TAMS 0x0000000702300000, 0x0000000702200000| Untracked 
|  35|0x0000000702300000, 0x0000000702400000, 0x0000000702400000|100%| O|  |TAMS 0x0000000702400000, 0x0000000702300000| Untracked 
|  36|0x0000000702400000, 0x0000000702500000, 0x0000000702500000|100%| O|  |TAMS 0x0000000702500000, 0x0000000702400000| Untracked 
|  37|0x0000000702500000, 0x0000000702600000, 0x0000000702600000|100%| O|  |TAMS 0x0000000702600000, 0x0000000702500000| Untracked 
|  38|0x0000000702600000, 0x0000000702700000, 0x0000000702700000|100%| O|  |TAMS 0x0000000702700000, 0x0000000702600000| Untracked 
|  39|0x0000000702700000, 0x0000000702800000, 0x0000000702800000|100%| O|  |TAMS 0x0000000702800000, 0x0000000702700000| Untracked 
|  40|0x0000000702800000, 0x0000000702900000, 0x0000000702900000|100%| O|  |TAMS 0x0000000702900000, 0x0000000702800000| Untracked 
|  41|0x0000000702900000, 0x0000000702a00000, 0x0000000702a00000|100%| O|  |TAMS 0x0000000702a00000, 0x0000000702900000| Untracked 
|  42|0x0000000702a00000, 0x0000000702b00000, 0x0000000702b00000|100%| O|  |TAMS 0x0000000702b00000, 0x0000000702a00000| Untracked 
|  43|0x0000000702b00000, 0x0000000702c00000, 0x0000000702c00000|100%| O|  |TAMS 0x0000000702c00000, 0x0000000702b00000| Untracked 
|  44|0x0000000702c00000, 0x0000000702c57200, 0x0000000702d00000| 34%| O|  |TAMS 0x0000000702c57200, 0x0000000702c00000| Untracked 
|  45|0x0000000702d00000, 0x0000000702e00000, 0x0000000702e00000|100%| O|  |TAMS 0x0000000702e00000, 0x0000000702d00000| Untracked 
|  46|0x0000000702e00000, 0x0000000702f00000, 0x0000000702f00000|100%| O|  |TAMS 0x0000000702f00000, 0x0000000702e00000| Untracked 
|  47|0x0000000702f00000, 0x0000000703000000, 0x0000000703000000|100%| O|  |TAMS 0x0000000703000000, 0x0000000702f00000| Untracked 
|  48|0x0000000703000000, 0x0000000703100000, 0x0000000703100000|100%| O|  |TAMS 0x0000000703013c00, 0x0000000703000000| Untracked 
|  49|0x0000000703100000, 0x0000000703187600, 0x0000000703200000| 52%| O|  |TAMS 0x0000000703100000, 0x0000000703100000| Untracked 
|  50|0x0000000703200000, 0x0000000703200000, 0x0000000703300000|  0%| F|  |TAMS 0x0000000703200000, 0x0000000703200000| Untracked 
|  51|0x0000000703300000, 0x0000000703300000, 0x0000000703400000|  0%| F|  |TAMS 0x0000000703300000, 0x0000000703300000| Untracked 
|  52|0x0000000703400000, 0x0000000703400000, 0x0000000703500000|  0%| F|  |TAMS 0x0000000703400000, 0x0000000703400000| Untracked 
|  53|0x0000000703500000, 0x0000000703500000, 0x0000000703600000|  0%| F|  |TAMS 0x0000000703500000, 0x0000000703500000| Untracked 
|  54|0x0000000703600000, 0x0000000703600000, 0x0000000703700000|  0%| F|  |TAMS 0x0000000703600000, 0x0000000703600000| Untracked 
|  55|0x0000000703700000, 0x0000000703700000, 0x0000000703800000|  0%| F|  |TAMS 0x0000000703700000, 0x0000000703700000| Untracked 
|  56|0x0000000703800000, 0x0000000703800000, 0x0000000703900000|  0%| F|  |TAMS 0x0000000703800000, 0x0000000703800000| Untracked 
|  57|0x0000000703900000, 0x0000000703900000, 0x0000000703a00000|  0%| F|  |TAMS 0x0000000703900000, 0x0000000703900000| Untracked 
|  58|0x0000000703a00000, 0x0000000703a00000, 0x0000000703b00000|  0%| F|  |TAMS 0x0000000703a00000, 0x0000000703a00000| Untracked 
|  59|0x0000000703b00000, 0x0000000703b00000, 0x0000000703c00000|  0%| F|  |TAMS 0x0000000703b00000, 0x0000000703b00000| Untracked 
|  60|0x0000000703c00000, 0x0000000703c00000, 0x0000000703d00000|  0%| F|  |TAMS 0x0000000703c00000, 0x0000000703c00000| Untracked 
|  61|0x0000000703d00000, 0x0000000703d00000, 0x0000000703e00000|  0%| F|  |TAMS 0x0000000703d00000, 0x0000000703d00000| Untracked 
|  62|0x0000000703e00000, 0x0000000703e00000, 0x0000000703f00000|  0%| F|  |TAMS 0x0000000703e00000, 0x0000000703e00000| Untracked 
|  63|0x0000000703f00000, 0x0000000703f00000, 0x0000000704000000|  0%| F|  |TAMS 0x0000000703f00000, 0x0000000703f00000| Untracked 
|  64|0x0000000704000000, 0x0000000704000000, 0x0000000704100000|  0%| F|  |TAMS 0x0000000704000000, 0x0000000704000000| Untracked 
|  65|0x0000000704100000, 0x0000000704100000, 0x0000000704200000|  0%| F|  |TAMS 0x0000000704100000, 0x0000000704100000| Untracked 
|  66|0x0000000704200000, 0x0000000704200000, 0x0000000704300000|  0%| F|  |TAMS 0x0000000704200000, 0x0000000704200000| Untracked 
|  67|0x0000000704300000, 0x0000000704300000, 0x0000000704400000|  0%| F|  |TAMS 0x0000000704300000, 0x0000000704300000| Untracked 
|  68|0x0000000704400000, 0x0000000704400000, 0x0000000704500000|  0%| F|  |TAMS 0x0000000704400000, 0x0000000704400000| Untracked 
|  69|0x0000000704500000, 0x0000000704500000, 0x0000000704600000|  0%| F|  |TAMS 0x0000000704500000, 0x0000000704500000| Untracked 
|  70|0x0000000704600000, 0x0000000704600000, 0x0000000704700000|  0%| F|  |TAMS 0x0000000704600000, 0x0000000704600000| Untracked 
|  71|0x0000000704700000, 0x0000000704700000, 0x0000000704800000|  0%| F|  |TAMS 0x0000000704700000, 0x0000000704700000| Untracked 
|  72|0x0000000704800000, 0x0000000704855b88, 0x0000000704900000| 33%| S|CS|TAMS 0x0000000704800000, 0x0000000704800000| Complete 
|  73|0x0000000704900000, 0x0000000704a00000, 0x0000000704a00000|100%| S|CS|TAMS 0x0000000704900000, 0x0000000704900000| Complete 
|  74|0x0000000704a00000, 0x0000000704b00000, 0x0000000704b00000|100%| S|CS|TAMS 0x0000000704a00000, 0x0000000704a00000| Complete 
|  75|0x0000000704b00000, 0x0000000704c00000, 0x0000000704c00000|100%| S|CS|TAMS 0x0000000704b00000, 0x0000000704b00000| Complete 
|  76|0x0000000704c00000, 0x0000000704d00000, 0x0000000704d00000|100%| S|CS|TAMS 0x0000000704c00000, 0x0000000704c00000| Complete 
|  77|0x0000000704d00000, 0x0000000704e00000, 0x0000000704e00000|100%| S|CS|TAMS 0x0000000704d00000, 0x0000000704d00000| Complete 
|  78|0x0000000704e00000, 0x0000000704f00000, 0x0000000704f00000|100%| S|CS|TAMS 0x0000000704e00000, 0x0000000704e00000| Complete 
|  79|0x0000000704f00000, 0x0000000705000000, 0x0000000705000000|100%| S|CS|TAMS 0x0000000704f00000, 0x0000000704f00000| Complete 
|  80|0x0000000705000000, 0x0000000705100000, 0x0000000705100000|100%| S|CS|TAMS 0x0000000705000000, 0x0000000705000000| Complete 
|  81|0x0000000705100000, 0x0000000705100000, 0x0000000705200000|  0%| F|  |TAMS 0x0000000705100000, 0x0000000705100000| Untracked 
|  82|0x0000000705200000, 0x0000000705200000, 0x0000000705300000|  0%| F|  |TAMS 0x0000000705200000, 0x0000000705200000| Untracked 
|  83|0x0000000705300000, 0x0000000705300000, 0x0000000705400000|  0%| F|  |TAMS 0x0000000705300000, 0x0000000705300000| Untracked 
|  84|0x0000000705400000, 0x0000000705400000, 0x0000000705500000|  0%| F|  |TAMS 0x0000000705400000, 0x0000000705400000| Untracked 
|  85|0x0000000705500000, 0x0000000705500000, 0x0000000705600000|  0%| F|  |TAMS 0x0000000705500000, 0x0000000705500000| Untracked 
|  86|0x0000000705600000, 0x0000000705600000, 0x0000000705700000|  0%| F|  |TAMS 0x0000000705600000, 0x0000000705600000| Untracked 
|  87|0x0000000705700000, 0x0000000705700000, 0x0000000705800000|  0%| F|  |TAMS 0x0000000705700000, 0x0000000705700000| Untracked 
|  88|0x0000000705800000, 0x0000000705800000, 0x0000000705900000|  0%| F|  |TAMS 0x0000000705800000, 0x0000000705800000| Untracked 
|  89|0x0000000705900000, 0x0000000705900000, 0x0000000705a00000|  0%| F|  |TAMS 0x0000000705900000, 0x0000000705900000| Untracked 
|  90|0x0000000705a00000, 0x0000000705a00000, 0x0000000705b00000|  0%| F|  |TAMS 0x0000000705a00000, 0x0000000705a00000| Untracked 
|  91|0x0000000705b00000, 0x0000000705b00000, 0x0000000705c00000|  0%| F|  |TAMS 0x0000000705b00000, 0x0000000705b00000| Untracked 
|  92|0x0000000705c00000, 0x0000000705c00000, 0x0000000705d00000|  0%| F|  |TAMS 0x0000000705c00000, 0x0000000705c00000| Untracked 
|  93|0x0000000705d00000, 0x0000000705d00000, 0x0000000705e00000|  0%| F|  |TAMS 0x0000000705d00000, 0x0000000705d00000| Untracked 
|  94|0x0000000705e00000, 0x0000000705e00000, 0x0000000705f00000|  0%| F|  |TAMS 0x0000000705e00000, 0x0000000705e00000| Untracked 
|  95|0x0000000705f00000, 0x0000000705f00000, 0x0000000706000000|  0%| F|  |TAMS 0x0000000705f00000, 0x0000000705f00000| Untracked 
|  96|0x0000000706000000, 0x0000000706000000, 0x0000000706100000|  0%| F|  |TAMS 0x0000000706000000, 0x0000000706000000| Untracked 
|  97|0x0000000706100000, 0x0000000706100000, 0x0000000706200000|  0%| F|  |TAMS 0x0000000706100000, 0x0000000706100000| Untracked 
|  98|0x0000000706200000, 0x0000000706200000, 0x0000000706300000|  0%| F|  |TAMS 0x0000000706200000, 0x0000000706200000| Untracked 
|  99|0x0000000706300000, 0x0000000706300000, 0x0000000706400000|  0%| F|  |TAMS 0x0000000706300000, 0x0000000706300000| Untracked 
| 100|0x0000000706400000, 0x0000000706400000, 0x0000000706500000|  0%| F|  |TAMS 0x0000000706400000, 0x0000000706400000| Untracked 
| 101|0x0000000706500000, 0x0000000706500000, 0x0000000706600000|  0%| F|  |TAMS 0x0000000706500000, 0x0000000706500000| Untracked 
| 102|0x0000000706600000, 0x0000000706600000, 0x0000000706700000|  0%| F|  |TAMS 0x0000000706600000, 0x0000000706600000| Untracked 
| 103|0x0000000706700000, 0x0000000706700000, 0x0000000706800000|  0%| F|  |TAMS 0x0000000706700000, 0x0000000706700000| Untracked 
| 104|0x0000000706800000, 0x0000000706800000, 0x0000000706900000|  0%| F|  |TAMS 0x0000000706800000, 0x0000000706800000| Untracked 
| 105|0x0000000706900000, 0x0000000706900000, 0x0000000706a00000|  0%| F|  |TAMS 0x0000000706900000, 0x0000000706900000| Untracked 
| 106|0x0000000706a00000, 0x0000000706a00000, 0x0000000706b00000|  0%| F|  |TAMS 0x0000000706a00000, 0x0000000706a00000| Untracked 
| 107|0x0000000706b00000, 0x0000000706b00000, 0x0000000706c00000|  0%| F|  |TAMS 0x0000000706b00000, 0x0000000706b00000| Untracked 
| 108|0x0000000706c00000, 0x0000000706c80800, 0x0000000706d00000| 50%| E|  |TAMS 0x0000000706c00000, 0x0000000706c00000| Complete 
| 109|0x0000000706d00000, 0x0000000706e00000, 0x0000000706e00000|100%| E|CS|TAMS 0x0000000706d00000, 0x0000000706d00000| Complete 
| 110|0x0000000706e00000, 0x0000000706f00000, 0x0000000706f00000|100%| E|CS|TAMS 0x0000000706e00000, 0x0000000706e00000| Complete 
| 111|0x0000000706f00000, 0x0000000707000000, 0x0000000707000000|100%| E|CS|TAMS 0x0000000706f00000, 0x0000000706f00000| Complete 
| 112|0x0000000707000000, 0x0000000707100000, 0x0000000707100000|100%| E|CS|TAMS 0x0000000707000000, 0x0000000707000000| Complete 
| 113|0x0000000707100000, 0x0000000707200000, 0x0000000707200000|100%| E|CS|TAMS 0x0000000707100000, 0x0000000707100000| Complete 
| 114|0x0000000707200000, 0x0000000707300000, 0x0000000707300000|100%| E|CS|TAMS 0x0000000707200000, 0x0000000707200000| Complete 
| 115|0x0000000707300000, 0x0000000707400000, 0x0000000707400000|100%| E|CS|TAMS 0x0000000707300000, 0x0000000707300000| Complete 
| 116|0x0000000707400000, 0x0000000707500000, 0x0000000707500000|100%| E|CS|TAMS 0x0000000707400000, 0x0000000707400000| Complete 
| 117|0x0000000707500000, 0x0000000707600000, 0x0000000707600000|100%| E|CS|TAMS 0x0000000707500000, 0x0000000707500000| Complete 
| 118|0x0000000707600000, 0x0000000707700000, 0x0000000707700000|100%| E|CS|TAMS 0x0000000707600000, 0x0000000707600000| Complete 
| 119|0x0000000707700000, 0x0000000707800000, 0x0000000707800000|100%| E|CS|TAMS 0x0000000707700000, 0x0000000707700000| Complete 
| 120|0x0000000707800000, 0x0000000707900000, 0x0000000707900000|100%| E|CS|TAMS 0x0000000707800000, 0x0000000707800000| Complete 
| 121|0x0000000707900000, 0x0000000707a00000, 0x0000000707a00000|100%| E|CS|TAMS 0x0000000707900000, 0x0000000707900000| Complete 
| 122|0x0000000707a00000, 0x0000000707b00000, 0x0000000707b00000|100%| E|CS|TAMS 0x0000000707a00000, 0x0000000707a00000| Complete 
| 123|0x0000000707b00000, 0x0000000707c00000, 0x0000000707c00000|100%| E|CS|TAMS 0x0000000707b00000, 0x0000000707b00000| Complete 
| 124|0x0000000707c00000, 0x0000000707d00000, 0x0000000707d00000|100%| E|CS|TAMS 0x0000000707c00000, 0x0000000707c00000| Complete 
| 125|0x0000000707d00000, 0x0000000707e00000, 0x0000000707e00000|100%| E|CS|TAMS 0x0000000707d00000, 0x0000000707d00000| Complete 
| 126|0x0000000707e00000, 0x0000000707f00000, 0x0000000707f00000|100%| E|CS|TAMS 0x0000000707e00000, 0x0000000707e00000| Complete 
| 127|0x0000000707f00000, 0x0000000708000000, 0x0000000708000000|100%| E|CS|TAMS 0x0000000707f00000, 0x0000000707f00000| Complete 
| 128|0x0000000708000000, 0x0000000708100000, 0x0000000708100000|100%| E|CS|TAMS 0x0000000708000000, 0x0000000708000000| Complete 
| 129|0x0000000708100000, 0x0000000708200000, 0x0000000708200000|100%| E|CS|TAMS 0x0000000708100000, 0x0000000708100000| Complete 
| 130|0x0000000708200000, 0x0000000708300000, 0x0000000708300000|100%| E|CS|TAMS 0x0000000708200000, 0x0000000708200000| Complete 
| 131|0x0000000708300000, 0x0000000708400000, 0x0000000708400000|100%| E|CS|TAMS 0x0000000708300000, 0x0000000708300000| Complete 
| 132|0x0000000708400000, 0x0000000708500000, 0x0000000708500000|100%| E|CS|TAMS 0x0000000708400000, 0x0000000708400000| Complete 
| 133|0x0000000708500000, 0x0000000708600000, 0x0000000708600000|100%| E|CS|TAMS 0x0000000708500000, 0x0000000708500000| Complete 
| 134|0x0000000708600000, 0x0000000708700000, 0x0000000708700000|100%| E|CS|TAMS 0x0000000708600000, 0x0000000708600000| Complete 
| 135|0x0000000708700000, 0x0000000708800000, 0x0000000708800000|100%| E|CS|TAMS 0x0000000708700000, 0x0000000708700000| Complete 
| 136|0x0000000708800000, 0x0000000708900000, 0x0000000708900000|100%| E|CS|TAMS 0x0000000708800000, 0x0000000708800000| Complete 
| 137|0x0000000708900000, 0x0000000708a00000, 0x0000000708a00000|100%| E|CS|TAMS 0x0000000708900000, 0x0000000708900000| Complete 
| 138|0x0000000708a00000, 0x0000000708b00000, 0x0000000708b00000|100%| E|CS|TAMS 0x0000000708a00000, 0x0000000708a00000| Complete 
| 139|0x0000000708b00000, 0x0000000708c00000, 0x0000000708c00000|100%| E|CS|TAMS 0x0000000708b00000, 0x0000000708b00000| Complete 
| 140|0x0000000708c00000, 0x0000000708d00000, 0x0000000708d00000|100%| E|CS|TAMS 0x0000000708c00000, 0x0000000708c00000| Complete 
| 141|0x0000000708d00000, 0x0000000708e00000, 0x0000000708e00000|100%| E|CS|TAMS 0x0000000708d00000, 0x0000000708d00000| Complete 
| 142|0x0000000708e00000, 0x0000000708f00000, 0x0000000708f00000|100%| E|CS|TAMS 0x0000000708e00000, 0x0000000708e00000| Complete 
| 143|0x0000000708f00000, 0x0000000709000000, 0x0000000709000000|100%| E|CS|TAMS 0x0000000708f00000, 0x0000000708f00000| Complete 
| 144|0x0000000709000000, 0x0000000709100000, 0x0000000709100000|100%| E|CS|TAMS 0x0000000709000000, 0x0000000709000000| Complete 
| 145|0x0000000709100000, 0x0000000709200000, 0x0000000709200000|100%| E|CS|TAMS 0x0000000709100000, 0x0000000709100000| Complete 
| 146|0x0000000709200000, 0x0000000709300000, 0x0000000709300000|100%| E|CS|TAMS 0x0000000709200000, 0x0000000709200000| Complete 
| 147|0x0000000709300000, 0x0000000709400000, 0x0000000709400000|100%| E|CS|TAMS 0x0000000709300000, 0x0000000709300000| Complete 
| 148|0x0000000709400000, 0x0000000709500000, 0x0000000709500000|100%| E|CS|TAMS 0x0000000709400000, 0x0000000709400000| Complete 
| 149|0x0000000709500000, 0x0000000709600000, 0x0000000709600000|100%| E|CS|TAMS 0x0000000709500000, 0x0000000709500000| Complete 
| 150|0x0000000709600000, 0x0000000709700000, 0x0000000709700000|100%| E|CS|TAMS 0x0000000709600000, 0x0000000709600000| Complete 
| 151|0x0000000709700000, 0x0000000709800000, 0x0000000709800000|100%| E|CS|TAMS 0x0000000709700000, 0x0000000709700000| Complete 
| 152|0x0000000709800000, 0x0000000709900000, 0x0000000709900000|100%| E|CS|TAMS 0x0000000709800000, 0x0000000709800000| Complete 
| 153|0x0000000709900000, 0x0000000709a00000, 0x0000000709a00000|100%| E|CS|TAMS 0x0000000709900000, 0x0000000709900000| Complete 
| 154|0x0000000709a00000, 0x0000000709b00000, 0x0000000709b00000|100%| E|CS|TAMS 0x0000000709a00000, 0x0000000709a00000| Complete 
| 155|0x0000000709b00000, 0x0000000709c00000, 0x0000000709c00000|100%| E|CS|TAMS 0x0000000709b00000, 0x0000000709b00000| Complete 
| 156|0x0000000709c00000, 0x0000000709d00000, 0x0000000709d00000|100%| E|CS|TAMS 0x0000000709c00000, 0x0000000709c00000| Complete 
| 157|0x0000000709d00000, 0x0000000709e00000, 0x0000000709e00000|100%| E|CS|TAMS 0x0000000709d00000, 0x0000000709d00000| Complete 
| 158|0x0000000709e00000, 0x0000000709f00000, 0x0000000709f00000|100%| E|CS|TAMS 0x0000000709e00000, 0x0000000709e00000| Complete 
| 159|0x0000000709f00000, 0x000000070a000000, 0x000000070a000000|100%| E|CS|TAMS 0x0000000709f00000, 0x0000000709f00000| Complete 
| 160|0x000000070a000000, 0x000000070a100000, 0x000000070a100000|100%| E|CS|TAMS 0x000000070a000000, 0x000000070a000000| Complete 
| 161|0x000000070a100000, 0x000000070a200000, 0x000000070a200000|100%| E|CS|TAMS 0x000000070a100000, 0x000000070a100000| Complete 
| 162|0x000000070a200000, 0x000000070a300000, 0x000000070a300000|100%| E|CS|TAMS 0x000000070a200000, 0x000000070a200000| Complete 
| 163|0x000000070a300000, 0x000000070a400000, 0x000000070a400000|100%| E|CS|TAMS 0x000000070a300000, 0x000000070a300000| Complete 
| 164|0x000000070a400000, 0x000000070a500000, 0x000000070a500000|100%| E|CS|TAMS 0x000000070a400000, 0x000000070a400000| Complete 
| 165|0x000000070a500000, 0x000000070a600000, 0x000000070a600000|100%| E|CS|TAMS 0x000000070a500000, 0x000000070a500000| Complete 
| 166|0x000000070a600000, 0x000000070a700000, 0x000000070a700000|100%| E|CS|TAMS 0x000000070a600000, 0x000000070a600000| Complete 
| 167|0x000000070a700000, 0x000000070a800000, 0x000000070a800000|100%| E|CS|TAMS 0x000000070a700000, 0x000000070a700000| Complete 
| 168|0x000000070a800000, 0x000000070a900000, 0x000000070a900000|100%| E|CS|TAMS 0x000000070a800000, 0x000000070a800000| Complete 
| 169|0x000000070a900000, 0x000000070aa00000, 0x000000070aa00000|100%| E|CS|TAMS 0x000000070a900000, 0x000000070a900000| Complete 
| 170|0x000000070aa00000, 0x000000070ab00000, 0x000000070ab00000|100%| E|CS|TAMS 0x000000070aa00000, 0x000000070aa00000| Complete 
| 171|0x000000070ab00000, 0x000000070ac00000, 0x000000070ac00000|100%| E|CS|TAMS 0x000000070ab00000, 0x000000070ab00000| Complete 
| 172|0x000000070ac00000, 0x000000070ad00000, 0x000000070ad00000|100%| E|CS|TAMS 0x000000070ac00000, 0x000000070ac00000| Complete 
| 173|0x000000070ad00000, 0x000000070ae00000, 0x000000070ae00000|100%| E|CS|TAMS 0x000000070ad00000, 0x000000070ad00000| Complete 
| 174|0x000000070ae00000, 0x000000070af00000, 0x000000070af00000|100%| E|CS|TAMS 0x000000070ae00000, 0x000000070ae00000| Complete 
| 175|0x000000070af00000, 0x000000070b000000, 0x000000070b000000|100%| E|CS|TAMS 0x000000070af00000, 0x000000070af00000| Complete 
| 176|0x000000070b000000, 0x000000070b100000, 0x000000070b100000|100%| E|CS|TAMS 0x000000070b000000, 0x000000070b000000| Complete 
| 177|0x000000070b100000, 0x000000070b200000, 0x000000070b200000|100%| E|CS|TAMS 0x000000070b100000, 0x000000070b100000| Complete 
| 178|0x000000070b200000, 0x000000070b300000, 0x000000070b300000|100%| E|CS|TAMS 0x000000070b200000, 0x000000070b200000| Complete 
| 179|0x000000070b300000, 0x000000070b400000, 0x000000070b400000|100%| E|CS|TAMS 0x000000070b300000, 0x000000070b300000| Complete 
| 180|0x000000070b400000, 0x000000070b500000, 0x000000070b500000|100%| E|CS|TAMS 0x000000070b400000, 0x000000070b400000| Complete 
| 181|0x000000070b500000, 0x000000070b600000, 0x000000070b600000|100%| E|CS|TAMS 0x000000070b500000, 0x000000070b500000| Complete 
| 182|0x000000070b600000, 0x000000070b700000, 0x000000070b700000|100%| E|CS|TAMS 0x000000070b600000, 0x000000070b600000| Complete 
| 183|0x000000070b700000, 0x000000070b800000, 0x000000070b800000|100%| E|CS|TAMS 0x000000070b700000, 0x000000070b700000| Complete 
| 184|0x000000070b800000, 0x000000070b900000, 0x000000070b900000|100%| E|CS|TAMS 0x000000070b800000, 0x000000070b800000| Complete 
| 185|0x000000070b900000, 0x000000070ba00000, 0x000000070ba00000|100%| E|CS|TAMS 0x000000070b900000, 0x000000070b900000| Complete 
| 186|0x000000070ba00000, 0x000000070bb00000, 0x000000070bb00000|100%| E|CS|TAMS 0x000000070ba00000, 0x000000070ba00000| Complete 
| 187|0x000000070bb00000, 0x000000070bc00000, 0x000000070bc00000|100%| E|CS|TAMS 0x000000070bb00000, 0x000000070bb00000| Complete 
| 188|0x000000070bc00000, 0x000000070bd00000, 0x000000070bd00000|100%| E|CS|TAMS 0x000000070bc00000, 0x000000070bc00000| Complete 
| 189|0x000000070bd00000, 0x000000070be00000, 0x000000070be00000|100%| E|CS|TAMS 0x000000070bd00000, 0x000000070bd00000| Complete 
| 296|0x0000000712800000, 0x0000000712900000, 0x0000000712900000|100%| E|CS|TAMS 0x0000000712800000, 0x0000000712800000| Complete 
| 297|0x0000000712900000, 0x0000000712a00000, 0x0000000712a00000|100%| E|CS|TAMS 0x0000000712900000, 0x0000000712900000| Complete 
| 298|0x0000000712a00000, 0x0000000712b00000, 0x0000000712b00000|100%| E|CS|TAMS 0x0000000712a00000, 0x0000000712a00000| Complete 
| 317|0x0000000713d00000, 0x0000000713e00000, 0x0000000713e00000|100%| E|CS|TAMS 0x0000000713d00000, 0x0000000713d00000| Complete 

Card table byte_map: [0x0000029f7da20000,0x0000029f7e220000] _byte_map_base: 0x0000029f7a220000

Marking Bits (Prev, Next): (CMBitMap*) 0x0000029f7b32b168, (CMBitMap*) 0x0000029f7b32b1a8
 Prev Bits: [0x0000029f176d0000, 0x0000029f1b6d0000)
 Next Bits: [0x0000029f1b6d0000, 0x0000029f1f6d0000)

Polling page: 0x0000029f7b240000

Metaspace:

Usage:
  Non-class:     31.04 MB capacity,    30.37 MB ( 98%) used,   543.73 KB (  2%) free+waste,   139.88 KB ( <1%) overhead. 
      Class:      4.44 MB capacity,     4.00 MB ( 90%) used,   386.45 KB (  9%) free+waste,    63.56 KB (  1%) overhead. 
       Both:     35.47 MB capacity,    34.37 MB ( 97%) used,   930.18 KB (  3%) free+waste,   203.44 KB ( <1%) overhead. 

Virtual space:
  Non-class space:       32.00 MB reserved,      31.25 MB ( 98%) committed 
      Class space:        1.00 GB reserved,       4.50 MB ( <1%) committed 
             Both:        1.03 GB reserved,      35.75 MB (  3%) committed 

Chunk freelists:
   Non-Class:  26.00 KB
       Class:  1.00 KB
        Both:  27.00 KB

MaxMetaspaceSize: 17179869184.00 GB
CompressedClassSpaceSize: 1.00 GB

CodeHeap 'non-profiled nmethods': size=120000Kb used=3401Kb max_used=3401Kb free=116599Kb
 bounds [0x0000029f101a0000, 0x0000029f10500000, 0x0000029f176d0000]
CodeHeap 'profiled nmethods': size=120000Kb used=11196Kb max_used=11196Kb free=108804Kb
 bounds [0x0000029f08c70000, 0x0000029f09760000, 0x0000029f101a0000]
CodeHeap 'non-nmethods': size=5760Kb used=1264Kb max_used=1313Kb free=4495Kb
 bounds [0x0000029f086d0000, 0x0000029f08940000, 0x0000029f08c70000]
 total_blobs=5803 nmethods=5262 adapters=453
 compilation: enabled
              stopped_count=0, restarted_count=0
 full_count=0

Compilation events (20 events):
Event: 87.304 Thread 0x0000029f7f0e7800 6098       1       io.cucumber.messages.Messages$TestCase$TestStep$StepMatchArgumentsList$StepMatchArgument$Group::getChildrenList (5 bytes)
Event: 87.304 Thread 0x0000029f7f0e7800 nmethod 6098 0x0000029f104efe10 code [0x0000029f104effa0, 0x0000029f104f0078]
Event: 87.304 Thread 0x0000029f7f0e7800 6099       1       io.cucumber.messages.Messages$TestCase$TestStep::getStepDefinitionIdsList (5 bytes)
Event: 87.304 Thread 0x0000029f7f0e7800 nmethod 6099 0x0000029f104f0110 code [0x0000029f104f02a0, 0x0000029f104f0378]
Event: 87.304 Thread 0x0000029f7f0e7800 6101       1       io.cucumber.messages.Messages$TestCase$TestStep$StepMatchArgumentsList::getStepMatchArgumentsList (5 bytes)
Event: 87.304 Thread 0x0000029f7f0e7800 nmethod 6101 0x0000029f104f0410 code [0x0000029f104f05a0, 0x0000029f104f0678]
Event: 87.304 Thread 0x0000029f7f0e7800 6069       3       io.cucumber.cucumberexpressions.RegularExpression::<init> (27 bytes)
Event: 87.305 Thread 0x0000029f7f0e7800 nmethod 6069 0x0000029f0975aa10 code [0x0000029f0975abe0, 0x0000029f0975b0c8]
Event: 87.310 Thread 0x0000029f7f0e7800 6103  s    3       java.util.Vector::add (25 bytes)
Event: 87.310 Thread 0x0000029f7f0e7800 nmethod 6103 0x0000029f0975b210 code [0x0000029f0975b3e0, 0x0000029f0975b9e8]
Event: 87.311 Thread 0x0000029f22c3a800 nmethod 6079% 0x0000029f104f0710 code [0x0000029f104f0a80, 0x0000029f104f1b78]
Event: 87.311 Thread 0x0000029f22c3a800 6082       4       io.cucumber.messages.internal.com.google.gson.stream.JsonWriter::string (169 bytes)
Event: 87.313 Thread 0x0000029f7f0e7800 6107       3       java.util.stream.ReferencePipeline::flatMap (30 bytes)
Event: 87.314 Thread 0x0000029f7f0e7800 nmethod 6107 0x0000029f0975bb90 code [0x0000029f0975bd80, 0x0000029f0975c2f8]
Event: 87.314 Thread 0x0000029f7f0e7800 6108       3       java.util.stream.ReferencePipeline$7::<init> (20 bytes)
Event: 87.315 Thread 0x0000029f7f0e7800 nmethod 6108 0x0000029f0975c510 code [0x0000029f0975c6c0, 0x0000029f0975c9c8]
Event: 87.315 Thread 0x0000029f7f0e7800 6109       3       java.util.stream.ReferencePipeline$7$1::begin (13 bytes)
Event: 87.315 Thread 0x0000029f7f0e7800 nmethod 6109 0x0000029f0975cb10 code [0x0000029f0975ccc0, 0x0000029f0975cec8]
Event: 87.318 Thread 0x0000029f7f0e7800 6111       3       ch.qos.logback.classic.LoggerContext::getTurboFilterChainDecision_0_3OrMore (31 bytes)
Event: 87.318 Thread 0x0000029f7f0e7800 nmethod 6111 0x0000029f0975cf90 code [0x0000029f0975d140, 0x0000029f0975d428]

GC Heap History (20 events):
Event: 5.555 GC heap before
{Heap before GC invocations=2 (full 0):
 garbage-first heap   total 262144K, used 162913K [0x0000000700000000, 0x0000000800000000)
  region size 1024K, 153 young (156672K), 3 survivors (3072K)
 Metaspace       used 8624K, capacity 9616K, committed 9728K, reserved 1058816K
  class space    used 858K, capacity 1024K, committed 1024K, reserved 1048576K
}
Event: 5.583 GC heap after
{Heap after GC invocations=3 (full 0):
 garbage-first heap   total 262144K, used 32138K [0x0000000700000000, 0x0000000800000000)
  region size 1024K, 20 young (20480K), 20 survivors (20480K)
 Metaspace       used 8624K, capacity 9616K, committed 9728K, reserved 1058816K
  class space    used 858K, capacity 1024K, committed 1024K, reserved 1048576K
}
Event: 6.244 GC heap before
{Heap before GC invocations=3 (full 0):
 garbage-first heap   total 262144K, used 112010K [0x0000000700000000, 0x0000000800000000)
  region size 1024K, 98 young (100352K), 20 survivors (20480K)
 Metaspace       used 8721K, capacity 9683K, committed 9728K, reserved 1058816K
  class space    used 858K, capacity 1024K, committed 1024K, reserved 1048576K
}
Event: 6.300 GC heap after
{Heap after GC invocations=4 (full 0):
 garbage-first heap   total 262144K, used 45093K [0x0000000700000000, 0x0000000800000000)
  region size 1024K, 13 young (13312K), 13 survivors (13312K)
 Metaspace       used 8721K, capacity 9683K, committed 9728K, reserved 1058816K
  class space    used 858K, capacity 1024K, committed 1024K, reserved 1048576K
}
Event: 7.833 GC heap before
{Heap before GC invocations=4 (full 0):
 garbage-first heap   total 262144K, used 110629K [0x0000000700000000, 0x0000000800000000)
  region size 1024K, 77 young (78848K), 13 survivors (13312K)
 Metaspace       used 12436K, capacity 12807K, committed 13056K, reserved 1060864K
  class space    used 1366K, capacity 1509K, committed 1536K, reserved 1048576K
}
Event: 7.862 GC heap after
{Heap after GC invocations=5 (full 0):
 garbage-first heap   total 325632K, used 47452K [0x0000000700000000, 0x0000000800000000)
  region size 1024K, 2 young (2048K), 2 survivors (2048K)
 Metaspace       used 12436K, capacity 12807K, committed 13056K, reserved 1060864K
  class space    used 1366K, capacity 1509K, committed 1536K, reserved 1048576K
}
Event: 9.801 GC heap before
{Heap before GC invocations=5 (full 0):
 garbage-first heap   total 325632K, used 204124K [0x0000000700000000, 0x0000000800000000)
  region size 1024K, 154 young (157696K), 2 survivors (2048K)
 Metaspace       used 15578K, capacity 16054K, committed 16256K, reserved 1062912K
  class space    used 1716K, capacity 1908K, committed 1920K, reserved 1048576K
}
Event: 9.812 GC heap after
{Heap after GC invocations=6 (full 0):
 garbage-first heap   total 325632K, used 48049K [0x0000000700000000, 0x0000000800000000)
  region size 1024K, 3 young (3072K), 3 survivors (3072K)
 Metaspace       used 15578K, capacity 16054K, committed 16256K, reserved 1062912K
  class space    used 1716K, capacity 1908K, committed 1920K, reserved 1048576K
}
Event: 11.730 GC heap before
{Heap before GC invocations=6 (full 0):
 garbage-first heap   total 325632K, used 241585K [0x0000000700000000, 0x0000000800000000)
  region size 1024K, 190 young (194560K), 3 survivors (3072K)
 Metaspace       used 19522K, capacity 20064K, committed 20224K, reserved 1067008K
  class space    used 2229K, capacity 2452K, committed 2560K, reserved 1048576K
}
Event: 11.742 GC heap after
{Heap after GC invocations=7 (full 0):
 garbage-first heap   total 325632K, used 52958K [0x0000000700000000, 0x0000000800000000)
  region size 1024K, 6 young (6144K), 6 survivors (6144K)
 Metaspace       used 19522K, capacity 20064K, committed 20224K, reserved 1067008K
  class space    used 2229K, capacity 2452K, committed 2560K, reserved 1048576K
}
Event: 12.153 GC heap before
{Heap before GC invocations=7 (full 0):
 garbage-first heap   total 325632K, used 69342K [0x0000000700000000, 0x0000000800000000)
  region size 1024K, 21 young (21504K), 6 survivors (6144K)
 Metaspace       used 20639K, capacity 21199K, committed 21248K, reserved 1069056K
  class space    used 2323K, capacity 2550K, committed 2560K, reserved 1048576K
}
Event: 12.168 GC heap after
{Heap after GC invocations=8 (full 0):
 garbage-first heap   total 325632K, used 54495K [0x0000000700000000, 0x0000000800000000)
  region size 1024K, 7 young (7168K), 7 survivors (7168K)
 Metaspace       used 20639K, capacity 21199K, committed 21248K, reserved 1069056K
  class space    used 2323K, capacity 2550K, committed 2560K, reserved 1048576K
}
Event: 15.639 GC heap before
{Heap before GC invocations=9 (full 0):
 garbage-first heap   total 194560K, used 193759K [0x0000000700000000, 0x0000000800000000)
  region size 1024K, 143 young (146432K), 7 survivors (7168K)
 Metaspace       used 30069K, capacity 30969K, committed 31232K, reserved 1077248K
  class space    used 3464K, capacity 3791K, committed 3840K, reserved 1048576K
}
Event: 15.663 GC heap after
{Heap after GC invocations=10 (full 0):
 garbage-first heap   total 204800K, used 55644K [0x0000000700000000, 0x0000000800000000)
  region size 1024K, 10 young (10240K), 10 survivors (10240K)
 Metaspace       used 30069K, capacity 30969K, committed 31232K, reserved 1077248K
  class space    used 3464K, capacity 3791K, committed 3840K, reserved 1048576K
}
Event: 30.176 GC heap before
{Heap before GC invocations=10 (full 0):
 garbage-first heap   total 204800K, used 155996K [0x0000000700000000, 0x0000000800000000)
  region size 1024K, 109 young (111616K), 10 survivors (10240K)
 Metaspace       used 34082K, capacity 35200K, committed 35456K, reserved 1081344K
  class space    used 4009K, capacity 4453K, committed 4480K, reserved 1048576K
}
Event: 30.205 GC heap after
{Heap after GC invocations=11 (full 0):
 garbage-first heap   total 204800K, used 56747K [0x0000000700000000, 0x0000000800000000)
  region size 1024K, 8 young (8192K), 8 survivors (8192K)
 Metaspace       used 34082K, capacity 35200K, committed 35456K, reserved 1081344K
  class space    used 4009K, capacity 4453K, committed 4480K, reserved 1048576K
}
Event: 46.308 GC heap before
{Heap before GC invocations=11 (full 0):
 garbage-first heap   total 204800K, used 119211K [0x0000000700000000, 0x0000000800000000)
  region size 1024K, 71 young (72704K), 8 survivors (8192K)
 Metaspace       used 34615K, capacity 35728K, committed 35840K, reserved 1081344K
  class space    used 4063K, capacity 4518K, committed 4608K, reserved 1048576K
}
Event: 46.325 GC heap after
{Heap after GC invocations=12 (full 0):
 garbage-first heap   total 204800K, used 57210K [0x0000000700000000, 0x0000000800000000)
  region size 1024K, 7 young (7168K), 7 survivors (7168K)
 Metaspace       used 34615K, capacity 35728K, committed 35840K, reserved 1081344K
  class space    used 4063K, capacity 4518K, committed 4608K, reserved 1048576K
}
Event: 76.548 GC heap before
{Heap before GC invocations=13 (full 0):
 garbage-first heap   total 198656K, used 165754K [0x0000000700000000, 0x0000000800000000)
  region size 1024K, 113 young (115712K), 7 survivors (7168K)
 Metaspace       used 34940K, capacity 36175K, committed 36352K, reserved 1081344K
  class space    used 4082K, capacity 4541K, committed 4608K, reserved 1048576K
}
Event: 76.565 GC heap after
{Heap after GC invocations=14 (full 0):
 garbage-first heap   total 198656K, used 58576K [0x0000000700000000, 0x0000000800000000)
  region size 1024K, 9 young (9216K), 9 survivors (9216K)
 Metaspace       used 34940K, capacity 36175K, committed 36352K, reserved 1081344K
  class space    used 4082K, capacity 4541K, committed 4608K, reserved 1048576K
}

Deoptimization events (20 events):
Event: 87.220 Thread 0x0000029f7faac800 DEOPT PACKING pc=0x0000029f10332c10 sp=0x000000ccf0cfe0c0
Event: 87.220 Thread 0x0000029f7faac800 DEOPT UNPACKING pc=0x0000029f0871912f sp=0x000000ccf0cfe058 mode 2
Event: 87.236 Thread 0x0000029f7faac800 DEOPT PACKING pc=0x0000029f0972cce7 sp=0x000000ccf0cfdc90
Event: 87.236 Thread 0x0000029f7faac800 DEOPT UNPACKING pc=0x0000029f0871964e sp=0x000000ccf0cfd1a8 mode 0
Event: 87.265 Thread 0x0000029f7faac800 DEOPT PACKING pc=0x0000029f0972cce7 sp=0x000000ccf0cfd920
Event: 87.265 Thread 0x0000029f7faac800 DEOPT UNPACKING pc=0x0000029f0871964e sp=0x000000ccf0cfce38 mode 0
Event: 87.269 Thread 0x0000029f7faac800 DEOPT PACKING pc=0x0000029f0972cce7 sp=0x000000ccf0cfd510
Event: 87.269 Thread 0x0000029f7faac800 DEOPT UNPACKING pc=0x0000029f0871964e sp=0x000000ccf0cfca28 mode 0
Event: 87.273 Thread 0x0000029f7faac800 DEOPT PACKING pc=0x0000029f0972cce7 sp=0x000000ccf0cfd510
Event: 87.273 Thread 0x0000029f7faac800 DEOPT UNPACKING pc=0x0000029f0871964e sp=0x000000ccf0cfca28 mode 0
Event: 87.280 Thread 0x0000029f7faac800 DEOPT PACKING pc=0x0000029f0972cce7 sp=0x000000ccf0cfdc90
Event: 87.280 Thread 0x0000029f7faac800 DEOPT UNPACKING pc=0x0000029f0871964e sp=0x000000ccf0cfd1a8 mode 0
Event: 87.282 Thread 0x0000029f7faac800 DEOPT PACKING pc=0x0000029f09427c43 sp=0x000000ccf0cfe290
Event: 87.282 Thread 0x0000029f7faac800 DEOPT UNPACKING pc=0x0000029f0871964e sp=0x000000ccf0cfd7e8 mode 0
Event: 87.293 Thread 0x0000029f7faac800 DEOPT PACKING pc=0x0000029f0972cce7 sp=0x000000ccf0cfd810
Event: 87.293 Thread 0x0000029f7faac800 DEOPT UNPACKING pc=0x0000029f0871964e sp=0x000000ccf0cfcd28 mode 0
Event: 87.302 Thread 0x0000029f7faac800 DEOPT PACKING pc=0x0000029f0972cce7 sp=0x000000ccf0cfd940
Event: 87.302 Thread 0x0000029f7faac800 DEOPT UNPACKING pc=0x0000029f0871964e sp=0x000000ccf0cfce58 mode 0
Event: 87.323 Thread 0x0000029f7faac800 DEOPT PACKING pc=0x0000029f096af0ce sp=0x000000ccf0cfd640
Event: 87.323 Thread 0x0000029f7faac800 DEOPT UNPACKING pc=0x0000029f0871964e sp=0x000000ccf0cfcad8 mode 0

Classes unloaded (0 events):
No events

Classes redefined (0 events):
No events

Internal exceptions (20 events):
Event: 49.672 Thread 0x0000029f7faac800 Exception <a 'java/lang/NullPointerException'{0x000000070b0b5e08}> (0x000000070b0b5e08) 
thrown [./open/src/hotspot/share/interpreter/linkResolver.cpp, line 1348]
Event: 50.663 Thread 0x0000029f7faac800 Exception <a 'java/lang/NullPointerException'{0x000000070a8d0948}> (0x000000070a8d0948) 
thrown [./open/src/hotspot/share/interpreter/linkResolver.cpp, line 1348]
Event: 51.611 Thread 0x0000029f7faac800 Exception <a 'java/lang/NullPointerException'{0x000000070a0e9890}> (0x000000070a0e9890) 
thrown [./open/src/hotspot/share/interpreter/linkResolver.cpp, line 1348]
Event: 52.513 Thread 0x0000029f7faac800 Implicit null exception at 0x0000029f10474b1b to 0x0000029f10474c88
Event: 58.332 Thread 0x0000029f7faac800 Exception <a 'java/lang/NullPointerException'{0x00000007098c9e30}> (0x00000007098c9e30) 
thrown [./open/src/hotspot/share/interpreter/linkResolver.cpp, line 1348]
Event: 59.528 Thread 0x0000029f7faac800 Exception <a 'java/lang/NullPointerException'{0x00000007094b0f68}> (0x00000007094b0f68) 
thrown [./open/src/hotspot/share/interpreter/linkResolver.cpp, line 1348]
Event: 59.768 Thread 0x0000029f7faac800 Exception <a 'java/lang/NullPointerException'{0x0000000709043208}> (0x0000000709043208) 
thrown [./open/src/hotspot/share/interpreter/linkResolver.cpp, line 1348]
Event: 68.154 Thread 0x0000029f7faac800 Exception <a 'java/lang/NullPointerException'{0x00000007089e3848}> (0x00000007089e3848) 
thrown [./open/src/hotspot/share/interpreter/linkResolver.cpp, line 1348]
Event: 68.398 Thread 0x0000029f7faac800 Exception <a 'java/lang/NullPointerException'{0x0000000707e9e780}> (0x0000000707e9e780) 
thrown [./open/src/hotspot/share/interpreter/linkResolver.cpp, line 1348]
Event: 74.234 Thread 0x0000029f7faac800 Exception <a 'java/lang/NullPointerException'{0x000000070765c218}> (0x000000070765c218) 
thrown [./open/src/hotspot/share/interpreter/linkResolver.cpp, line 1348]
Event: 74.479 Thread 0x0000029f7faac800 Exception <a 'java/lang/NullPointerException'{0x000000070720dff0}> (0x000000070720dff0) 
thrown [./open/src/hotspot/share/interpreter/linkResolver.cpp, line 1348]
Event: 75.203 Thread 0x0000029f7faac800 Exception <a 'java/lang/NullPointerException'{0x0000000706b6af98}> (0x0000000706b6af98) 
thrown [./open/src/hotspot/share/interpreter/linkResolver.cpp, line 1348]
Event: 75.526 Thread 0x0000029f7faac800 Exception <a 'java/lang/NullPointerException'{0x00000007068fbcd8}> (0x00000007068fbcd8) 
thrown [./open/src/hotspot/share/interpreter/linkResolver.cpp, line 1348]
Event: 76.228 Thread 0x0000029f7faac800 Implicit null exception at 0x0000029f1047fe48 to 0x0000029f10480ae8
Event: 76.876 Thread 0x0000029f7faac800 Exception <a 'java/net/SocketException'{0x000000070a2924d0}: Socket is not connected: shutdown> (0x000000070a2924d0) 
thrown [./open/src/hotspot/share/prims/jni.cpp, line 620]
Event: 77.397 Thread 0x0000029f22c36800 Exception <a 'java/net/SocketException'{0x000000070a157b08}: Socket is not connected: shutdown> (0x000000070a157b08) 
thrown [./open/src/hotspot/share/prims/jni.cpp, line 620]
Event: 79.924 Thread 0x0000029f7faac800 Exception <a 'java/lang/NullPointerException'{0x0000000709ecc628}> (0x0000000709ecc628) 
thrown [./open/src/hotspot/share/interpreter/linkResolver.cpp, line 1348]
Event: 80.705 Thread 0x0000029f7faac800 Exception <a 'java/lang/NullPointerException'{0x00000007099336c8}> (0x00000007099336c8) 
thrown [./open/src/hotspot/share/interpreter/linkResolver.cpp, line 1348]
Event: 81.482 Thread 0x0000029f7faac800 Exception <a 'java/lang/NullPointerException'{0x00000007095a0ee8}> (0x00000007095a0ee8) 
thrown [./open/src/hotspot/share/interpreter/linkResolver.cpp, line 1348]
Event: 87.202 Thread 0x0000029f7faac800 Exception <a 'java/lang/reflect/InvocationTargetException'{0x0000000708d7e680}> (0x0000000708d7e680) 
thrown [./open/src/hotspot/share/runtime/reflection.cpp, line 1188]

Events (20 events):
Event: 77.945 Executing VM operation: HandshakeOneThread
Event: 77.945 Executing VM operation: HandshakeOneThread done
Event: 77.946 Executing VM operation: HandshakeOneThread
Event: 77.946 Executing VM operation: HandshakeOneThread done
Event: 77.947 Executing VM operation: HandshakeOneThread
Event: 77.947 Executing VM operation: HandshakeOneThread done
Event: 82.941 Executing VM operation: HandshakeOneThread
Event: 82.941 Executing VM operation: HandshakeOneThread done
Event: 82.941 Executing VM operation: HandshakeOneThread
Event: 82.941 Executing VM operation: HandshakeOneThread done
Event: 82.941 Thread 0x0000029f22c39000 Thread exited: 0x0000029f22c39000
Event: 85.791 Executing VM operation: HandshakeOneThread
Event: 85.791 Executing VM operation: HandshakeOneThread done
Event: 85.794 loading class java/lang/Throwable$WrappedPrintWriter
Event: 85.795 loading class java/lang/Throwable$WrappedPrintWriter done
Event: 85.795 loading class java/lang/StackTraceElement$HashedModules
Event: 85.795 loading class java/lang/StackTraceElement$HashedModules done
Event: 87.214 loading class java/lang/Throwable$WrappedPrintStream
Event: 87.214 loading class java/lang/Throwable$WrappedPrintStream done
Event: 87.273 Thread 0x0000029f22c3a800 Thread added: 0x0000029f22c3a800


Dynamic libraries:
0x00007ff727de0000 - 0x00007ff727def000 	C:\Program Files\Java\jdk-14.0.2\bin\java.exe
0x00007ffa36170000 - 0x00007ffa36368000 	C:\WINDOWS\SYSTEM32\ntdll.dll
0x00007ffa0c470000 - 0x00007ffa0c4e4000 	C:\WINDOWS\System32\verifier.dll
0x00007ffa08cb0000 - 0x00007ffa08da4000 	C:\WINDOWS\SYSTEM32\PayloadRestrictions.dll
0x00007ffa33870000 - 0x00007ffa33970000 	C:\WINDOWS\System32\ucrtbase.dll
0x00007ffa339c0000 - 0x00007ffa33c93000 	C:\WINDOWS\System32\kernelbase.dll
0x00007ffa359f0000 - 0x00007ffa35aad000 	C:\WINDOWS\System32\kernel32.dll
0x00007ffa23ef0000 - 0x00007ffa23f08000 	C:\Program Files\Java\jdk-14.0.2\bin\jli.dll
0x00007ffa35fc0000 - 0x00007ffa3606e000 	C:\WINDOWS\System32\ADVAPI32.dll
0x00007ffa34200000 - 0x00007ffa3429e000 	C:\WINDOWS\System32\msvcrt.dll
0x00007ffa34360000 - 0x00007ffa343fc000 	C:\WINDOWS\System32\sechost.dll
0x00007ffa35be0000 - 0x00007ffa35d05000 	C:\WINDOWS\System32\RPCRT4.dll
0x00007ffa35770000 - 0x00007ffa3590e000 	C:\WINDOWS\System32\USER32.dll
0x00007ffa33e50000 - 0x00007ffa33e72000 	C:\WINDOWS\System32\win32u.dll
0x00007ffa35f10000 - 0x00007ffa35f3c000 	C:\WINDOWS\System32\GDI32.dll
0x00007ffa33d30000 - 0x00007ffa33e44000 	C:\WINDOWS\System32\gdi32full.dll
0x00007ffa33f30000 - 0x00007ffa33fcd000 	C:\WINDOWS\System32\msvcp_win.dll
0x00007ffa1e720000 - 0x00007ffa1e735000 	C:\Program Files\Java\jdk-14.0.2\bin\VCRUNTIME140.dll
0x00007ffa1f750000 - 0x00007ffa1f9ea000 	C:\WINDOWS\WinSxS\amd64_microsoft.windows.common-controls_6595b64144ccf1df_6.0.19041.1110_none_60b5254171f9507e\COMCTL32.dll
0x00007ffa2bad0000 - 0x00007ffa2bada000 	C:\WINDOWS\SYSTEM32\VERSION.dll
0x00007ffa341d0000 - 0x00007ffa34200000 	C:\WINDOWS\System32\IMM32.DLL
0x00007ffa06810000 - 0x00007ffa068ab000 	C:\Program Files\Java\jdk-14.0.2\bin\msvcp140.dll
0x00007ff9faa80000 - 0x00007ff9fb59e000 	C:\Program Files\Java\jdk-14.0.2\bin\server\jvm.dll
0x00007ffa342a0000 - 0x00007ffa342a8000 	C:\WINDOWS\System32\PSAPI.DLL
0x00007ffa29340000 - 0x00007ffa29349000 	C:\WINDOWS\SYSTEM32\WSOCK32.dll
0x00007ffa35910000 - 0x00007ffa3597b000 	C:\WINDOWS\System32\WS2_32.dll
0x00007ffa29700000 - 0x00007ffa29727000 	C:\WINDOWS\SYSTEM32\WINMM.dll
0x00007ffa31750000 - 0x00007ffa31762000 	C:\WINDOWS\SYSTEM32\kernel.appcore.dll
0x00007ffa2e500000 - 0x00007ffa2e50a000 	C:\Program Files\Java\jdk-14.0.2\bin\jimage.dll
0x00007ffa29800000 - 0x00007ffa299e4000 	C:\WINDOWS\SYSTEM32\DBGHELP.DLL
0x00007ffa296d0000 - 0x00007ffa296fc000 	C:\WINDOWS\SYSTEM32\dbgcore.DLL
0x00007ffa33ca0000 - 0x00007ffa33d22000 	C:\WINDOWS\System32\bcryptPrimitives.dll
0x00007ffa11900000 - 0x00007ffa11925000 	C:\Program Files\Java\jdk-14.0.2\bin\java.dll
0x00007ffa1e700000 - 0x00007ffa1e716000 	C:\Program Files\Java\jdk-14.0.2\bin\zip.dll
0x00007ffa34840000 - 0x00007ffa34f83000 	C:\WINDOWS\System32\SHELL32.dll
0x00007ffa31a40000 - 0x00007ffa321d4000 	C:\WINDOWS\SYSTEM32\windows.storage.dll
0x00007ffa34400000 - 0x00007ffa34754000 	C:\WINDOWS\System32\combase.dll
0x00007ffa33260000 - 0x00007ffa33290000 	C:\WINDOWS\SYSTEM32\Wldp.dll
0x00007ffa35ab0000 - 0x00007ffa35b5d000 	C:\WINDOWS\System32\SHCORE.dll
0x00007ffa36070000 - 0x00007ffa360c5000 	C:\WINDOWS\System32\shlwapi.dll
0x00007ffa337b0000 - 0x00007ffa337cf000 	C:\WINDOWS\SYSTEM32\profapi.dll
0x00007ffa118e0000 - 0x00007ffa118f9000 	C:\Program Files\Java\jdk-14.0.2\bin\net.dll
0x00007ffa2d2a0000 - 0x00007ffa2d3ad000 	C:\WINDOWS\SYSTEM32\WINHTTP.dll
0x00007ffa32fc0000 - 0x00007ffa3302a000 	C:\WINDOWS\system32\mswsock.dll
0x00007ffa0e940000 - 0x00007ffa0e952000 	C:\Program Files\Java\jdk-14.0.2\bin\nio.dll
0x00007ffa242e0000 - 0x00007ffa242e9000 	C:\Program Files\Java\jdk-14.0.2\bin\management.dll
0x00007ffa242d0000 - 0x00007ffa242db000 	C:\Program Files\Java\jdk-14.0.2\bin\management_ext.dll
0x00007ffa23ec0000 - 0x00007ffa23ed0000 	C:\Program Files\Java\jdk-14.0.2\bin\verify.dll
0x00007ffa331b0000 - 0x00007ffa331c8000 	C:\WINDOWS\SYSTEM32\CRYPTSP.dll
0x00007ffa328e0000 - 0x00007ffa32914000 	C:\WINDOWS\system32\rsaenh.dll
0x00007ffa341a0000 - 0x00007ffa341c7000 	C:\WINDOWS\System32\bcrypt.dll
0x00007ffa33730000 - 0x00007ffa3375e000 	C:\WINDOWS\SYSTEM32\USERENV.dll
0x00007ffa331d0000 - 0x00007ffa331dc000 	C:\WINDOWS\SYSTEM32\CRYPTBASE.dll
0x00007ffa32cb0000 - 0x00007ffa32ceb000 	C:\WINDOWS\SYSTEM32\IPHLPAPI.DLL
0x00007ffa359e0000 - 0x00007ffa359e8000 	C:\WINDOWS\System32\NSI.dll
0x00007ffa2efa0000 - 0x00007ffa2efb7000 	C:\WINDOWS\SYSTEM32\dhcpcsvc6.DLL
0x00007ffa2ef80000 - 0x00007ffa2ef9d000 	C:\WINDOWS\SYSTEM32\dhcpcsvc.DLL
0x00007ffa32cf0000 - 0x00007ffa32dba000 	C:\WINDOWS\SYSTEM32\DNSAPI.dll
0x00007ffa1e7f0000 - 0x00007ffa1e7fe000 	C:\Program Files\Java\jdk-14.0.2\bin\sunmscapi.dll
0x00007ffa33fd0000 - 0x00007ffa34126000 	C:\WINDOWS\System32\CRYPT32.dll
0x00007ffa332d0000 - 0x00007ffa332f7000 	C:\WINDOWS\SYSTEM32\ncrypt.dll
0x00007ffa33290000 - 0x00007ffa332cb000 	C:\WINDOWS\SYSTEM32\NTASN1.dll
0x00007ffa0ad10000 - 0x00007ffa0ad35000 	C:\Program Files\Java\jdk-14.0.2\bin\sunec.dll
0x00007ffa2d9e0000 - 0x00007ffa2d9ea000 	C:\Windows\System32\rasadhlp.dll
0x00007ffa2f000000 - 0x00007ffa2f080000 	C:\WINDOWS\System32\fwpuclnt.dll
0x00007ffa2b800000 - 0x00007ffa2b817000 	C:\WINDOWS\system32\napinsp.dll
0x00007ffa2b7e0000 - 0x00007ffa2b7fb000 	C:\WINDOWS\system32\pnrpnsp.dll
0x00007ffa2b7c0000 - 0x00007ffa2b7d5000 	C:\WINDOWS\system32\wshbth.dll
0x00007ffa2ecc0000 - 0x00007ffa2ecdd000 	C:\WINDOWS\system32\NLAapi.dll
0x00007ffa2b950000 - 0x00007ffa2b962000 	C:\WINDOWS\System32\winrnr.dll

dbghelp: loaded successfully - version: 4.0.5 - missing functions: none
symbol engine: initialized successfully - sym options: 0x614 - pdb path: .;C:\Program Files\Java\jdk-14.0.2\bin;C:\WINDOWS\SYSTEM32;C:\WINDOWS\WinSxS\amd64_microsoft.windows.common-controls_6595b64144ccf1df_6.0.19041.1110_none_60b5254171f9507e;C:\Program Files\Java\jdk-14.0.2\bin\server

VM Arguments:
jvm_args: -Dfile.encoding=UTF-8 
java_command: C:\Users\vvaidya\AppData\Local\Temp\surefire11705073822356082737\surefirebooter13877104666752762252.jar C:\Users\vvaidya\AppData\Local\Temp\surefire11705073822356082737 2022-10-25T15-11-26_078-jvmRun1 surefire7693321172626332469tmp surefire_010431803086938247553tmp
java_class_path (initial): C:\Users\vvaidya\AppData\Local\Temp\surefire11705073822356082737\surefirebooter13877104666752762252.jar
Launcher Type: SUN_STANDARD

[Global flags]
     intx CICompilerCount                          = 3                                         {product} {ergonomic}
     uint ConcGCThreads                            = 1                                         {product} {ergonomic}
     uint G1ConcRefinementThreads                  = 4                                         {product} {ergonomic}
   size_t G1HeapRegionSize                         = 1048576                                   {product} {ergonomic}
    uintx GCDrainStackTargetSize                   = 64                                        {product} {ergonomic}
   size_t InitialHeapSize                          = 268435456                                 {product} {ergonomic}
   size_t MarkStackSize                            = 4194304                                   {product} {ergonomic}
   size_t MaxHeapSize                              = 4294967296                                {product} {ergonomic}
   size_t MaxNewSize                               = 2576351232                                {product} {ergonomic}
   size_t MinHeapDeltaBytes                        = 1048576                                   {product} {ergonomic}
   size_t MinHeapSize                              = 8388608                                   {product} {ergonomic}
    uintx NonNMethodCodeHeapSize                   = 5832780                                {pd product} {ergonomic}
    uintx NonProfiledCodeHeapSize                  = 122912730                              {pd product} {ergonomic}
    uintx ProfiledCodeHeapSize                     = 122912730                              {pd product} {ergonomic}
    uintx ReservedCodeCacheSize                    = 251658240                              {pd product} {ergonomic}
     bool SegmentedCodeCache                       = true                                      {product} {ergonomic}
   size_t SoftMaxHeapSize                          = 4294967296                             {manageable} {ergonomic}
     bool UseCompressedClassPointers               = true                                 {lp64_product} {ergonomic}
     bool UseCompressedOops                        = true                                 {lp64_product} {ergonomic}
     bool UseG1GC                                  = true                                      {product} {ergonomic}
     bool UseLargePagesIndividualAllocation        = false                                  {pd product} {ergonomic}

Logging:
Log output configuration:
 #0: stdout all=warning uptime,level,tags
 #1: stderr all=off uptime,level,tags

Environment Variables:
PATH=%JAVA_HOME%\bin;C:\WINDOWS\system32;C:\WINDOWS;C:\WINDOWS\System32\Wbem;C:\WINDOWS\System32\WindowsPowerShell\v1.0\;C:\WINDOWS\System32\OpenSSH\;%MAVEN_HOME%\bin;C:\Program Files\TortoiseSVN\bin;C:\Program Files\Git\cmd;C:\Users\vvaidya\AppData\Local\Microsoft\WindowsApps;C:\Program Files\Java\jdk-14.0.2\bin;C:\Program Files\Maven\apache-maven-3.8.4\bin;
USERNAME=vvaidya



---------------  S Y S T E M  ---------------

OS: Windows 10 , 64 bit Build 19041 (10.0.19041.1889)
OS uptime: 19 days 23:21 hours
VMWare virtualization detected

CPU:total 4 (initial active 4) (2 cores per cpu, 1 threads per core) family 6 model 79 stepping 0, cmov, cx8, fxsr, mmx, sse, sse2, sse3, ssse3, sse4.1, sse4.2, popcnt, avx, avx2, aes, clmul, erms, 3dnowpref, lzcnt, tsc, tscinvbit, bmi1, bmi2, adx, fma

Memory: 4k page, system-wide physical 16383M (6124M free)
TotalPageFile size 29110M (AvailPageFile size 5M)
current process WorkingSet (physical memory assigned to process): 331M, peak: 392M
current process commit charge ("private bytes"): 370M, peak: 477M

vm_info: Java HotSpot(TM) 64-Bit Server VM (14.0.2+12-46) for windows-amd64 JRE (14.0.2+12-46), built on Jul  9 2020 00:35:52 by "mach5one" with MS VC++ 15.9 (VS2017)

END.
