#
# There is insufficient memory for the Java Runtime Environment to continue.
# Native memory allocation (malloc) failed to allocate 1048576 bytes for AllocateHeap
# Possible reasons:
#   The system is out of physical RAM or swap space
#   The process is running with CompressedOops enabled, and the Java Heap may be blocking the growth of the native heap
# Possible solutions:
#   Reduce memory load on the system
#   Increase physical memory or swap space
#   Check if swap backing store is full
#   Decrease Java heap size (-Xmx/-Xms)
#   Decrease number of Java threads
#   Decrease Java thread stack sizes (-Xss)
#   Set larger code cache with -XX:ReservedCodeCacheSize=
#   JVM is running with Zero Based Compressed Oops mode in which the Java heap is
#     placed in the first 32GB address space. The Java Heap base address is the
#     maximum limit for the native heap growth. Please use -XX:HeapBaseMinAddress
#     to set the Java Heap base and to place the Java Heap above 32GB virtual address.
# This output file may be truncated or incomplete.
#
#  Out of Memory Error (./open/src/hotspot/share/memory/allocation.cpp:44), pid=23484, tid=21528
#
# JRE version: Java(TM) SE Runtime Environment (14.0.2+12) (build 14.0.2+12-46)
# Java VM: Java HotSpot(TM) 64-Bit Server VM (14.0.2+12-46, mixed mode, sharing, tiered, compressed oops, g1 gc, windows-amd64)
# No core dump will be written. Minidumps are not enabled by default on client versions of Windows
#

---------------  S U M M A R Y ------------

Command Line: -Dfile.encoding=UTF-8 C:\Users\vvaidya\AppData\Local\Temp\surefire12196765976958982207\surefirebooter4167172506651952182.jar C:\Users\vvaidya\AppData\Local\Temp\surefire12196765976958982207 2022-10-01T09-25-45_709-jvmRun1 surefire7180563203006861897tmp surefire_012948732067389354579tmp

Host: Intel(R) Xeon(R) Silver 4116 CPU @ 2.10GHz, 4 cores, 15G,  Windows 10 , 64 bit Build 19041 (10.0.19041.1889)
Time: Sat Oct  1 09:51:35 2022 Mountain Daylight Time elapsed time: 1549 seconds (0d 0h 25m 49s)

---------------  T H R E A D  ---------------

Current thread (0x00000202062df800):  VMThread "VM Thread" [stack: 0x0000000583600000,0x0000000583700000] [id=21528]

Stack: [0x0000000583600000,0x0000000583700000]
[error occurred during error reporting (printing stack bounds), id 0xc0000005, EXCEPTION_ACCESS_VIOLATION (0xc0000005) at pc=0x000002026ae110ad]

Native frames: (J=compiled Java code, j=interpreted, Vv=VM code, C=native code)
V  [jvm.dll+0x5f8a9a]
V  [jvm.dll+0x74247a]
V  [jvm.dll+0x743c2f]
V  [jvm.dll+0x7441d5]
V  [jvm.dll+0x74418b]
V  [jvm.dll+0x5f7f6f]
V  [jvm.dll+0x5f8738]
C  [ntdll.dll+0xa229f]

VM_Operation (0x00000005830fb500): CollectForMetadataAllocation, mode: safepoint, requested by thread 0x0000020260e76800


---------------  P R O C E S S  ---------------

Threads class SMR info:
_java_thread_list=0x0000020206bc4170, length=140, elements={
0x0000020260e76800, 0x00000202062e0800, 0x00000202062e2800, 0x00000202062fb000,
0x00000202062fe800, 0x0000020206302800, 0x0000020206308000, 0x0000020206309800,
0x0000020206bfc800, 0x0000020206cc2800, 0x0000020206cd2000, 0x0000020206ea2800,
0x0000020206eef000, 0x0000020208c5f800, 0x0000020208fab000, 0x000002020955f000,
0x0000020207e5d000, 0x0000020207585000, 0x0000020209346800, 0x0000020209347800,
0x0000020209341800, 0x0000020209348000, 0x0000020209342800, 0x0000020209345000,
0x0000020209345800, 0x0000020209343000, 0x00000202072b6800, 0x00000202072b7000,
0x00000202072b4000, 0x00000202072b8000, 0x00000202072b2800, 0x00000202072b3000,
0x00000202072b9000, 0x00000202072b9800, 0x00000202072ba800, 0x00000202072b4800,
0x00000202072bb800, 0x00000202072b5800, 0x00000202072be800, 0x00000202072bf800,
0x00000202072bc000, 0x00000202072c0000, 0x00000202072bd000, 0x00000202072c1000,
0x00000202072bd800, 0x0000020209344000, 0x0000020207e9c000, 0x0000020207e9a800,
0x0000020207e9b000, 0x0000020207e99000, 0x0000020207e9d000, 0x0000020207e9d800,
0x0000020207e98000, 0x0000020207e9f800, 0x0000020207e9e800, 0x0000020207e99800,
0x0000020207ea2800, 0x0000020207ea3800, 0x0000020207ea5000, 0x0000020207ea4000,
0x0000020207ea0000, 0x0000020207ea6000, 0x0000020207ea6800, 0x0000020207ea1000,
0x0000020207ea2000, 0x00000202087c6800, 0x00000202087c1000, 0x00000202087c3800,
0x00000202087c4800, 0x00000202087c5000, 0x00000202087c6000, 0x00000202087c7800,
0x00000202087c2000, 0x00000202087c8800, 0x00000202087c2800, 0x00000202087cf000,
0x00000202087cb000, 0x00000202087cb800, 0x00000202087cc800, 0x00000202087cd000,
0x00000202087ce000, 0x00000202087c9000, 0x00000202087cf800, 0x00000202087ca000,
0x000002020ac77800, 0x000002020ac73000, 0x000002020ac74000, 0x000002020ac75000,
0x000002020ac72800, 0x000002020ac78000, 0x000002020ac7a800, 0x000002020ac7b800,
0x000002020ac79000, 0x000002020ac75800, 0x000002020ac7a000, 0x000002020ac7c000,
0x000002020ac76800, 0x000002020ac7d000, 0x000002020ac81000, 0x000002020ac7e000,
0x000002020ac7e800, 0x000002020ac7f800, 0x000002020ac80800, 0x0000020209597800,
0x000002020959b000, 0x000002020959a000, 0x0000020209595000, 0x000002020959b800,
0x0000020209598800, 0x0000020209596800, 0x0000020209599000, 0x0000020209596000,
0x000002020959e000, 0x000002020959f800, 0x00000202095a0800, 0x00000202095a1800,
0x000002020959f000, 0x00000202095a2000, 0x000002020959c800, 0x00000202095a3000,
0x000002020959d000, 0x00000202095a4000, 0x000002020912d000, 0x000002020912f800,
0x000002020912e000, 0x000002020912c000, 0x000002020912e800, 0x0000020209129800,
0x0000020209130800, 0x000002020912a800, 0x0000020209131000, 0x000002020912b800,
0x0000020209132800, 0x0000020209132000, 0x0000020209134800, 0x0000020209136000,
0x0000020209135000, 0x0000020209137800, 0x0000020209137000, 0x0000020208f2e000
}

Java Threads: ( => current thread )
  0x0000020260e76800 JavaThread "main" [_thread_blocked, id=23124, stack(0x0000000583000000,0x0000000583100000)]
  0x00000202062e0800 JavaThread "Reference Handler" daemon [_thread_blocked, id=22768, stack(0x0000000583700000,0x0000000583800000)]
  0x00000202062e2800 JavaThread "Finalizer" daemon [_thread_blocked, id=22272, stack(0x0000000583800000,0x0000000583900000)]
  0x00000202062fb000 JavaThread "Signal Dispatcher" daemon [_thread_blocked, id=19948, stack(0x0000000583900000,0x0000000583a00000)]
  0x00000202062fe800 JavaThread "Attach Listener" daemon [_thread_blocked, id=15128, stack(0x0000000583a00000,0x0000000583b00000)]
  0x0000020206302800 JavaThread "Service Thread" daemon [_thread_blocked, id=24320, stack(0x0000000583b00000,0x0000000583c00000)]
  0x0000020206308000 JavaThread "C2 CompilerThread0" daemon [_thread_blocked, id=24028, stack(0x0000000583c00000,0x0000000583d00000)]
  0x0000020206309800 JavaThread "C1 CompilerThread0" daemon [_thread_blocked, id=25120, stack(0x0000000583d00000,0x0000000583e00000)]
  0x0000020206bfc800 JavaThread "Sweeper thread" daemon [_thread_blocked, id=21332, stack(0x0000000583e00000,0x0000000583f00000)]
  0x0000020206cc2800 JavaThread "Notification Thread" daemon [_thread_blocked, id=10656, stack(0x0000000583f00000,0x0000000584000000)]
  0x0000020206cd2000 JavaThread "Common-Cleaner" daemon [_thread_blocked, id=23784, stack(0x0000000584100000,0x0000000584200000)]
  0x0000020206ea2800 JavaThread "surefire-forkedjvm-command-thread" daemon [_thread_in_native, id=18456, stack(0x0000000584600000,0x0000000584700000)]
  0x0000020206eef000 JavaThread "surefire-forkedjvm-ping-30s" daemon [_thread_blocked, id=16132, stack(0x0000000584700000,0x0000000584800000)]
  0x0000020208c5f800 JavaThread "AsyncAppender-Worker-ASYNC_CONSOLE" daemon [_thread_blocked, id=24444, stack(0x0000000584900000,0x0000000584a00000)]
  0x0000020208fab000 JavaThread "pool-1-thread-1" daemon [_thread_blocked, id=22816, stack(0x0000000584a00000,0x0000000584b00000)]
  0x000002020955f000 JavaThread "Exec Default Executor" daemon [_thread_in_native, id=26184, stack(0x0000000584b00000,0x0000000584c00000)]
  0x0000020207e5d000 JavaThread "Exec Stream Pumper" daemon [_thread_in_native, id=13456, stack(0x0000000584e00000,0x0000000584f00000)]
  0x0000020207585000 JavaThread "Exec Stream Pumper" daemon [_thread_in_native, id=12388, stack(0x0000000584f00000,0x0000000585000000)]
  0x0000020209346800 JavaThread "ForkJoinPool.commonPool-worker-3" daemon [_thread_blocked, id=15652, stack(0x0000000585100000,0x0000000585200000)]
  0x0000020209347800 JavaThread "ForkJoinPool.commonPool-worker-7" daemon [_thread_blocked, id=4040, stack(0x0000000585300000,0x0000000585400000)]
  0x0000020209341800 JavaThread "OkHttp ConnectionPool" daemon [_thread_blocked, id=8248, stack(0x0000000585400000,0x0000000585500000)]
  0x0000020209348000 JavaThread "Okio Watchdog" daemon [_thread_blocked, id=24756, stack(0x0000000585500000,0x0000000585600000)]
  0x0000020209342800 JavaThread "Exec Default Executor" daemon [_thread_in_native, id=19920, stack(0x0000000585200000,0x0000000585300000)]
  0x0000020209345000 JavaThread "UrlChecker-3" daemon [_thread_blocked, id=6368, stack(0x0000000585600000,0x0000000585700000)]
  0x0000020209345800 JavaThread "Exec Stream Pumper" daemon [_thread_in_native, id=13800, stack(0x0000000585700000,0x0000000585800000)]
  0x0000020209343000 JavaThread "Exec Stream Pumper" daemon [_thread_in_native, id=24612, stack(0x0000000585800000,0x0000000585900000)]
  0x00000202072b6800 JavaThread "ForkJoinPool.commonPool-worker-1" daemon [_thread_blocked, id=2744, stack(0x0000000585900000,0x0000000585a00000)]
  0x00000202072b7000 JavaThread "Exec Default Executor" daemon [_thread_in_native, id=24200, stack(0x0000000584c00000,0x0000000584d00000)]
  0x00000202072b4000 JavaThread "Exec Stream Pumper" daemon [_thread_in_native, id=12456, stack(0x0000000585000000,0x0000000585100000)]
  0x00000202072b8000 JavaThread "Exec Stream Pumper" daemon [_thread_in_native, id=12540, stack(0x0000000585a00000,0x0000000585b00000)]
  0x00000202072b2800 JavaThread "Exec Default Executor" daemon [_thread_in_native, id=25764, stack(0x0000000585b00000,0x0000000585c00000)]
  0x00000202072b3000 JavaThread "Exec Stream Pumper" daemon [_thread_in_native, id=9524, stack(0x0000000585c00000,0x0000000585d00000)]
  0x00000202072b9000 JavaThread "Exec Stream Pumper" daemon [_thread_in_native, id=9240, stack(0x0000000585d00000,0x0000000585e00000)]
  0x00000202072b9800 JavaThread "Exec Default Executor" daemon [_thread_in_native, id=24868, stack(0x0000000585e00000,0x0000000585f00000)]
  0x00000202072ba800 JavaThread "Exec Stream Pumper" daemon [_thread_in_native, id=16140, stack(0x0000000585f00000,0x0000000586000000)]
  0x00000202072b4800 JavaThread "Exec Stream Pumper" daemon [_thread_in_native, id=4536, stack(0x0000000586000000,0x0000000586100000)]
  0x00000202072bb800 JavaThread "Exec Default Executor" daemon [_thread_in_native, id=10544, stack(0x0000000586100000,0x0000000586200000)]
  0x00000202072b5800 JavaThread "Exec Stream Pumper" daemon [_thread_in_native, id=24188, stack(0x0000000586200000,0x0000000586300000)]
  0x00000202072be800 JavaThread "Exec Stream Pumper" daemon [_thread_in_native, id=21680, stack(0x0000000586300000,0x0000000586400000)]
  0x00000202072bf800 JavaThread "Exec Default Executor" daemon [_thread_in_native, id=25680, stack(0x0000000586500000,0x0000000586600000)]
  0x00000202072bc000 JavaThread "Exec Stream Pumper" daemon [_thread_in_native, id=11748, stack(0x0000000586600000,0x0000000586700000)]
  0x00000202072c0000 JavaThread "Exec Stream Pumper" daemon [_thread_in_native, id=15016, stack(0x0000000586700000,0x0000000586800000)]
  0x00000202072bd000 JavaThread "Exec Default Executor" daemon [_thread_in_native, id=23128, stack(0x0000000584500000,0x0000000584600000)]
  0x00000202072c1000 JavaThread "Exec Stream Pumper" daemon [_thread_in_native, id=20044, stack(0x0000000586400000,0x0000000586500000)]
  0x00000202072bd800 JavaThread "Exec Stream Pumper" daemon [_thread_in_native, id=21296, stack(0x0000000586800000,0x0000000586900000)]
  0x0000020209344000 JavaThread "Exec Default Executor" daemon [_thread_in_native, id=22384, stack(0x0000000586a00000,0x0000000586b00000)]
  0x0000020207e9c000 JavaThread "Exec Stream Pumper" daemon [_thread_in_native, id=23908, stack(0x0000000586b00000,0x0000000586c00000)]
  0x0000020207e9a800 JavaThread "Exec Stream Pumper" daemon [_thread_in_native, id=7204, stack(0x0000000586c00000,0x0000000586d00000)]
  0x0000020207e9b000 JavaThread "Exec Default Executor" daemon [_thread_in_native, id=24300, stack(0x0000000586900000,0x0000000586a00000)]
  0x0000020207e99000 JavaThread "Exec Stream Pumper" daemon [_thread_in_native, id=9424, stack(0x0000000586d00000,0x0000000586e00000)]
  0x0000020207e9d000 JavaThread "Exec Stream Pumper" daemon [_thread_in_native, id=14252, stack(0x0000000586e00000,0x0000000586f00000)]
  0x0000020207e9d800 JavaThread "Exec Default Executor" daemon [_thread_in_native, id=14020, stack(0x0000000586f00000,0x0000000587000000)]
  0x0000020207e98000 JavaThread "Exec Stream Pumper" daemon [_thread_in_native, id=21444, stack(0x0000000587000000,0x0000000587100000)]
  0x0000020207e9f800 JavaThread "Exec Stream Pumper" daemon [_thread_in_native, id=18748, stack(0x0000000587100000,0x0000000587200000)]
  0x0000020207e9e800 JavaThread "Exec Default Executor" daemon [_thread_in_native, id=25576, stack(0x0000000587200000,0x0000000587300000)]
  0x0000020207e99800 JavaThread "Exec Stream Pumper" daemon [_thread_in_native, id=19232, stack(0x0000000587300000,0x0000000587400000)]
  0x0000020207ea2800 JavaThread "Exec Stream Pumper" daemon [_thread_in_native, id=17588, stack(0x0000000587400000,0x0000000587500000)]
  0x0000020207ea3800 JavaThread "Exec Default Executor" daemon [_thread_in_native, id=18928, stack(0x0000000587500000,0x0000000587600000)]
  0x0000020207ea5000 JavaThread "Exec Stream Pumper" daemon [_thread_in_native, id=18552, stack(0x0000000587600000,0x0000000587700000)]
  0x0000020207ea4000 JavaThread "Exec Stream Pumper" daemon [_thread_in_native, id=5268, stack(0x0000000587700000,0x0000000587800000)]
  0x0000020207ea0000 JavaThread "Exec Default Executor" daemon [_thread_in_native, id=20952, stack(0x0000000587800000,0x0000000587900000)]
  0x0000020207ea6000 JavaThread "Exec Stream Pumper" daemon [_thread_in_native, id=17128, stack(0x0000000587b00000,0x0000000587c00000)]
  0x0000020207ea6800 JavaThread "Exec Stream Pumper" daemon [_thread_in_native, id=21068, stack(0x0000000587c00000,0x0000000587d00000)]
  0x0000020207ea1000 JavaThread "Exec Default Executor" daemon [_thread_in_native, id=23200, stack(0x0000000587900000,0x0000000587a00000)]
  0x0000020207ea2000 JavaThread "Exec Stream Pumper" daemon [_thread_in_native, id=23732, stack(0x0000000587a00000,0x0000000587b00000)]
  0x00000202087c6800 JavaThread "Exec Stream Pumper" daemon [_thread_in_native, id=14292, stack(0x0000000587d00000,0x0000000587e00000)]
  0x00000202087c1000 JavaThread "Exec Default Executor" daemon [_thread_in_native, id=25456, stack(0x0000000587e00000,0x0000000587f00000)]
  0x00000202087c3800 JavaThread "Exec Stream Pumper" daemon [_thread_in_native, id=22460, stack(0x0000000587f00000,0x0000000588000000)]
  0x00000202087c4800 JavaThread "Exec Stream Pumper" daemon [_thread_in_native, id=6672, stack(0x0000000588000000,0x0000000588100000)]
  0x00000202087c5000 JavaThread "Exec Default Executor" daemon [_thread_in_native, id=25588, stack(0x0000000588100000,0x0000000588200000)]
  0x00000202087c6000 JavaThread "Exec Stream Pumper" daemon [_thread_in_native, id=7320, stack(0x0000000588200000,0x0000000588300000)]
  0x00000202087c7800 JavaThread "Exec Stream Pumper" daemon [_thread_in_native, id=1248, stack(0x0000000588300000,0x0000000588400000)]
  0x00000202087c2000 JavaThread "Exec Default Executor" daemon [_thread_in_native, id=12032, stack(0x0000000588400000,0x0000000588500000)]
  0x00000202087c8800 JavaThread "Exec Stream Pumper" daemon [_thread_in_native, id=6772, stack(0x0000000588500000,0x0000000588600000)]
  0x00000202087c2800 JavaThread "Exec Stream Pumper" daemon [_thread_in_native, id=10516, stack(0x0000000588600000,0x0000000588700000)]
  0x00000202087cf000 JavaThread "Exec Default Executor" daemon [_thread_in_native, id=21304, stack(0x0000000588700000,0x0000000588800000)]
  0x00000202087cb000 JavaThread "Exec Stream Pumper" daemon [_thread_in_native, id=19024, stack(0x0000000588800000,0x0000000588900000)]
  0x00000202087cb800 JavaThread "Exec Stream Pumper" daemon [_thread_in_native, id=5132, stack(0x0000000588900000,0x0000000588a00000)]
  0x00000202087cc800 JavaThread "Exec Default Executor" daemon [_thread_in_native, id=16588, stack(0x0000000588a00000,0x0000000588b00000)]
  0x00000202087cd000 JavaThread "Exec Stream Pumper" daemon [_thread_in_native, id=7360, stack(0x0000000588b00000,0x0000000588c00000)]
  0x00000202087ce000 JavaThread "Exec Stream Pumper" daemon [_thread_in_native, id=19712, stack(0x0000000588c00000,0x0000000588d00000)]
  0x00000202087c9000 JavaThread "Exec Default Executor" daemon [_thread_in_native, id=14448, stack(0x0000000588f00000,0x0000000589000000)]
  0x00000202087cf800 JavaThread "Exec Stream Pumper" daemon [_thread_in_native, id=18232, stack(0x0000000589000000,0x0000000589100000)]
  0x00000202087ca000 JavaThread "Exec Stream Pumper" daemon [_thread_in_native, id=6784, stack(0x0000000589100000,0x0000000589200000)]
  0x000002020ac77800 JavaThread "Exec Default Executor" daemon [_thread_in_native, id=2468, stack(0x0000000589200000,0x0000000589300000)]
  0x000002020ac73000 JavaThread "Exec Stream Pumper" daemon [_thread_in_native, id=17820, stack(0x0000000589300000,0x0000000589400000)]
  0x000002020ac74000 JavaThread "Exec Stream Pumper" daemon [_thread_in_native, id=20468, stack(0x0000000589400000,0x0000000589500000)]
  0x000002020ac75000 JavaThread "Exec Default Executor" daemon [_thread_in_native, id=6036, stack(0x0000000589500000,0x0000000589600000)]
  0x000002020ac72800 JavaThread "Exec Stream Pumper" daemon [_thread_in_native, id=15556, stack(0x0000000589600000,0x0000000589700000)]
  0x000002020ac78000 JavaThread "Exec Stream Pumper" daemon [_thread_in_native, id=20216, stack(0x0000000589700000,0x0000000589800000)]
  0x000002020ac7a800 JavaThread "Exec Default Executor" daemon [_thread_in_native, id=15352, stack(0x0000000588d00000,0x0000000588e00000)]
  0x000002020ac7b800 JavaThread "Exec Stream Pumper" daemon [_thread_in_native, id=18588, stack(0x0000000588e00000,0x0000000588f00000)]
  0x000002020ac79000 JavaThread "Exec Stream Pumper" daemon [_thread_in_native, id=25976, stack(0x0000000589800000,0x0000000589900000)]
  0x000002020ac75800 JavaThread "Exec Default Executor" daemon [_thread_in_native, id=20504, stack(0x0000000589900000,0x0000000589a00000)]
  0x000002020ac7a000 JavaThread "Exec Stream Pumper" daemon [_thread_in_native, id=21760, stack(0x0000000589a00000,0x0000000589b00000)]
  0x000002020ac7c000 JavaThread "Exec Stream Pumper" daemon [_thread_in_native, id=7180, stack(0x0000000589b00000,0x0000000589c00000)]
  0x000002020ac76800 JavaThread "Exec Default Executor" daemon [_thread_in_native, id=14516, stack(0x0000000589c00000,0x0000000589d00000)]
  0x000002020ac7d000 JavaThread "Exec Stream Pumper" daemon [_thread_in_native, id=18724, stack(0x0000000589d00000,0x0000000589e00000)]
  0x000002020ac81000 JavaThread "Exec Stream Pumper" daemon [_thread_in_native, id=7688, stack(0x0000000589e00000,0x0000000589f00000)]
  0x000002020ac7e000 JavaThread "Exec Default Executor" daemon [_thread_in_native, id=21476, stack(0x0000000589f00000,0x000000058a000000)]
  0x000002020ac7e800 JavaThread "Exec Stream Pumper" daemon [_thread_in_native, id=24304, stack(0x000000058a000000,0x000000058a100000)]
  0x000002020ac7f800 JavaThread "Exec Stream Pumper" daemon [_thread_in_native, id=17012, stack(0x000000058a100000,0x000000058a200000)]
  0x000002020ac80800 JavaThread "Exec Default Executor" daemon [_thread_in_native, id=11440, stack(0x000000058a200000,0x000000058a300000)]
  0x0000020209597800 JavaThread "Exec Stream Pumper" daemon [_thread_in_native, id=23000, stack(0x000000058a300000,0x000000058a400000)]
  0x000002020959b000 JavaThread "Exec Stream Pumper" daemon [_thread_in_native, id=21424, stack(0x000000058a400000,0x000000058a500000)]
  0x000002020959a000 JavaThread "Exec Default Executor" daemon [_thread_in_native, id=20600, stack(0x000000058a500000,0x000000058a600000)]
  0x0000020209595000 JavaThread "Exec Stream Pumper" daemon [_thread_in_native, id=5604, stack(0x000000058a600000,0x000000058a700000)]
  0x000002020959b800 JavaThread "Exec Stream Pumper" daemon [_thread_in_native, id=24828, stack(0x000000058a700000,0x000000058a800000)]
  0x0000020209598800 JavaThread "Exec Default Executor" daemon [_thread_in_native, id=25848, stack(0x000000058a800000,0x000000058a900000)]
  0x0000020209596800 JavaThread "Exec Stream Pumper" daemon [_thread_in_native, id=16288, stack(0x000000058a900000,0x000000058aa00000)]
  0x0000020209599000 JavaThread "Exec Stream Pumper" daemon [_thread_in_native, id=25548, stack(0x000000058aa00000,0x000000058ab00000)]
  0x0000020209596000 JavaThread "Exec Default Executor" daemon [_thread_in_native, id=13968, stack(0x000000058ab00000,0x000000058ac00000)]
  0x000002020959e000 JavaThread "Exec Stream Pumper" daemon [_thread_in_native, id=8260, stack(0x000000058ac00000,0x000000058ad00000)]
  0x000002020959f800 JavaThread "Exec Stream Pumper" daemon [_thread_in_native, id=6156, stack(0x000000058ad00000,0x000000058ae00000)]
  0x00000202095a0800 JavaThread "Exec Default Executor" daemon [_thread_in_native, id=7808, stack(0x000000058ae00000,0x000000058af00000)]
  0x00000202095a1800 JavaThread "Exec Stream Pumper" daemon [_thread_in_native, id=15320, stack(0x000000058af00000,0x000000058b000000)]
  0x000002020959f000 JavaThread "Exec Stream Pumper" daemon [_thread_in_native, id=296, stack(0x000000058b000000,0x000000058b100000)]
  0x00000202095a2000 JavaThread "Exec Default Executor" daemon [_thread_in_native, id=22388, stack(0x000000058b100000,0x000000058b200000)]
  0x000002020959c800 JavaThread "Exec Stream Pumper" daemon [_thread_in_native, id=12420, stack(0x000000058b200000,0x000000058b300000)]
  0x00000202095a3000 JavaThread "Exec Stream Pumper" daemon [_thread_in_native, id=20324, stack(0x000000058b300000,0x000000058b400000)]
  0x000002020959d000 JavaThread "Exec Default Executor" daemon [_thread_in_native, id=20412, stack(0x000000058b400000,0x000000058b500000)]
  0x00000202095a4000 JavaThread "Exec Stream Pumper" daemon [_thread_in_native, id=17712, stack(0x000000058b500000,0x000000058b600000)]
  0x000002020912d000 JavaThread "Exec Stream Pumper" daemon [_thread_in_native, id=18464, stack(0x000000058b600000,0x000000058b700000)]
  0x000002020912f800 JavaThread "Exec Default Executor" daemon [_thread_in_native, id=21396, stack(0x000000058b700000,0x000000058b800000)]
  0x000002020912e000 JavaThread "Exec Stream Pumper" daemon [_thread_in_native, id=19092, stack(0x000000058b800000,0x000000058b900000)]
  0x000002020912c000 JavaThread "Exec Stream Pumper" daemon [_thread_in_native, id=9856, stack(0x000000058b900000,0x000000058ba00000)]
  0x000002020912e800 JavaThread "Exec Default Executor" daemon [_thread_in_native, id=15520, stack(0x000000058ba00000,0x000000058bb00000)]
  0x0000020209129800 JavaThread "Exec Stream Pumper" daemon [_thread_in_native, id=15784, stack(0x000000058bb00000,0x000000058bc00000)]
  0x0000020209130800 JavaThread "Exec Stream Pumper" daemon [_thread_in_native, id=884, stack(0x000000058bc00000,0x000000058bd00000)]
  0x000002020912a800 JavaThread "Exec Default Executor" daemon [_thread_in_native, id=10928, stack(0x000000058bd00000,0x000000058be00000)]
  0x0000020209131000 JavaThread "Exec Stream Pumper" daemon [_thread_in_native, id=12612, stack(0x000000058be00000,0x000000058bf00000)]
  0x000002020912b800 JavaThread "Exec Stream Pumper" daemon [_thread_in_native, id=25716, stack(0x000000058bf00000,0x000000058c000000)]
  0x0000020209132800 JavaThread "Exec Default Executor" daemon [_thread_in_native, id=15908, stack(0x000000058c000000,0x000000058c100000)]
  0x0000020209132000 JavaThread "Exec Stream Pumper" daemon [_thread_in_native, id=21780, stack(0x000000058c100000,0x000000058c200000)]
  0x0000020209134800 JavaThread "Exec Stream Pumper" daemon [_thread_in_native, id=24836, stack(0x000000058c200000,0x000000058c300000)]
  0x0000020209136000 JavaThread "Keep-Alive-Timer" daemon [_thread_blocked, id=23588, stack(0x000000058c300000,0x000000058c400000)]
  0x0000020209135000 JavaThread "Exec Default Executor" daemon [_thread_in_native, id=11184, stack(0x000000058c400000,0x000000058c500000)]
  0x0000020209137800 JavaThread "Exec Stream Pumper" daemon [_thread_in_native, id=17420, stack(0x000000058c500000,0x000000058c600000)]
  0x0000020209137000 JavaThread "Exec Stream Pumper" daemon [_thread_in_native, id=20744, stack(0x000000058c600000,0x000000058c700000)]
  0x0000020208f2e000 JavaThread "C2 CompilerThread1" daemon [_thread_blocked, id=24072, stack(0x000000058c700000,0x000000058c800000)]

Other Threads:
=>0x00000202062df800 VMThread "VM Thread" [stack: 0x0000000583600000,0x0000000583700000] [id=21528]
  0x0000020206cc9800 WatcherThread [stack: 0x0000000584000000,0x0000000584100000] [id=21008]
  0x0000020260edc800 GCTaskThread "GC Thread#0" [stack: 0x0000000583100000,0x0000000583200000] [id=10348]
  0x0000020206ce1000 GCTaskThread "GC Thread#1" [stack: 0x0000000584200000,0x0000000584300000] [id=14504]
  0x0000020206ce1800 GCTaskThread "GC Thread#2" [stack: 0x0000000584300000,0x0000000584400000] [id=10012]
  0x0000020206ce6800 GCTaskThread "GC Thread#3" [stack: 0x0000000584400000,0x0000000584500000] [id=18896]
  0x0000020260efe800 ConcurrentGCThread "G1 Main Marker" [stack: 0x0000000583200000,0x0000000583300000] [id=21052]
  0x0000020260f00000 ConcurrentGCThread "G1 Conc#0" [stack: 0x0000000583300000,0x0000000583400000] [id=19804]
  0x00000202061cb000 ConcurrentGCThread "G1 Refine#0" [stack: 0x0000000583400000,0x0000000583500000] [id=7464]
  0x000002020750f800 ConcurrentGCThread "G1 Refine#1" [stack: 0x0000000584800000,0x0000000584900000] [id=10784]
  0x00000202061cf000 ConcurrentGCThread "G1 Young RemSet Sampling" [stack: 0x0000000583500000,0x0000000583600000] [id=18144]

Threads with active compile tasks:
C2 CompilerThread0  1549199 8921       4       io.cucumber.core.plugin.CanonicalEventOrder::compare (46 bytes)
C2 CompilerThread1  1549199 8920       4       io.cucumber.core.plugin.CanonicalEventOrder::compare (13 bytes)

VM state:at safepoint (normal execution)

VM Mutex/Monitor currently owned by a thread:  ([mutex/lock_event])
[0x0000020260e73110] Threads_lock - owner thread: 0x00000202062df800
[0x0000020260e71850] Heap_lock - owner thread: 0x0000020260e76800

Heap address: 0x0000000700000000, size: 4096 MB, Compressed Oops mode: Zero based, Oop shift amount: 3
Narrow klass base: 0x0000000800000000, Narrow klass shift: 3
Compressed class space size: 1073741824 Address: 0x0000000800b30000

Heap:
 garbage-first heap   total 174080K, used 55263K [0x0000000700000000, 0x0000000800000000)
  region size 1024K, 3 young (3072K), 3 survivors (3072K)
 Metaspace       used 37121K, capacity 38390K, committed 38528K, reserved 1091584K
  class space    used 4140K, capacity 4647K, committed 4736K, reserved 1048576K
Heap Regions: E=young(eden), S=young(survivor), O=old, HS=humongous(starts), HC=humongous(continues), CS=collection set, F=free, OA=open archive, CA=closed archive, TAMS=top-at-mark-start (previous, next)
|   0|0x0000000700000000, 0x0000000700100000, 0x0000000700100000|100%|HS|  |TAMS 0x0000000700100000, 0x0000000700100000| Complete 
|   1|0x0000000700100000, 0x0000000700200000, 0x0000000700200000|100%| O|  |TAMS 0x0000000700200000, 0x0000000700200000| Untracked 
|   2|0x0000000700200000, 0x0000000700300000, 0x0000000700300000|100%| O|  |TAMS 0x0000000700300000, 0x0000000700300000| Untracked 
|   3|0x0000000700300000, 0x0000000700400000, 0x0000000700400000|100%| O|  |TAMS 0x0000000700400000, 0x0000000700400000| Untracked 
|   4|0x0000000700400000, 0x0000000700500000, 0x0000000700500000|100%|HS|  |TAMS 0x0000000700500000, 0x0000000700500000| Complete 
|   5|0x0000000700500000, 0x0000000700600000, 0x0000000700600000|100%|HC|  |TAMS 0x0000000700600000, 0x0000000700600000| Complete 
|   6|0x0000000700600000, 0x0000000700700000, 0x0000000700700000|100%|HS|  |TAMS 0x0000000700700000, 0x0000000700700000| Complete 
|   7|0x0000000700700000, 0x0000000700800000, 0x0000000700800000|100%|HS|  |TAMS 0x0000000700800000, 0x0000000700800000| Complete 
|   8|0x0000000700800000, 0x0000000700900000, 0x0000000700900000|100%| O|  |TAMS 0x0000000700900000, 0x0000000700900000| Untracked 
|   9|0x0000000700900000, 0x0000000700a00000, 0x0000000700a00000|100%| O|  |TAMS 0x0000000700a00000, 0x0000000700a00000| Untracked 
|  10|0x0000000700a00000, 0x0000000700b00000, 0x0000000700b00000|100%| O|  |TAMS 0x0000000700b00000, 0x0000000700b00000| Untracked 
|  11|0x0000000700b00000, 0x0000000700c00000, 0x0000000700c00000|100%| O|  |TAMS 0x0000000700c00000, 0x0000000700c00000| Untracked 
|  12|0x0000000700c00000, 0x0000000700d00000, 0x0000000700d00000|100%| O|  |TAMS 0x0000000700d00000, 0x0000000700d00000| Untracked 
|  13|0x0000000700d00000, 0x0000000700e00000, 0x0000000700e00000|100%| O|  |TAMS 0x0000000700e00000, 0x0000000700e00000| Untracked 
|  14|0x0000000700e00000, 0x0000000700f00000, 0x0000000700f00000|100%| O|  |TAMS 0x0000000700f00000, 0x0000000700f00000| Untracked 
|  15|0x0000000700f00000, 0x0000000701000000, 0x0000000701000000|100%| O|  |TAMS 0x0000000701000000, 0x0000000701000000| Untracked 
|  16|0x0000000701000000, 0x0000000701100000, 0x0000000701100000|100%| O|  |TAMS 0x0000000701100000, 0x0000000701100000| Untracked 
|  17|0x0000000701100000, 0x0000000701200000, 0x0000000701200000|100%| O|  |TAMS 0x0000000701200000, 0x0000000701200000| Untracked 
|  18|0x0000000701200000, 0x0000000701300000, 0x0000000701300000|100%| O|  |TAMS 0x0000000701300000, 0x0000000701300000| Untracked 
|  19|0x0000000701300000, 0x0000000701400000, 0x0000000701400000|100%| O|  |TAMS 0x0000000701400000, 0x0000000701400000| Untracked 
|  20|0x0000000701400000, 0x0000000701500000, 0x0000000701500000|100%| O|  |TAMS 0x0000000701500000, 0x0000000701500000| Untracked 
|  21|0x0000000701500000, 0x0000000701600000, 0x0000000701600000|100%| O|  |TAMS 0x0000000701600000, 0x0000000701600000| Untracked 
|  22|0x0000000701600000, 0x0000000701700000, 0x0000000701700000|100%| O|  |TAMS 0x0000000701700000, 0x0000000701700000| Untracked 
|  23|0x0000000701700000, 0x0000000701800000, 0x0000000701800000|100%| O|  |TAMS 0x0000000701800000, 0x0000000701800000| Untracked 
|  24|0x0000000701800000, 0x0000000701900000, 0x0000000701900000|100%| O|  |TAMS 0x0000000701900000, 0x0000000701900000| Untracked 
|  25|0x0000000701900000, 0x0000000701a00000, 0x0000000701a00000|100%| O|  |TAMS 0x0000000701a00000, 0x0000000701a00000| Untracked 
|  26|0x0000000701a00000, 0x0000000701b00000, 0x0000000701b00000|100%| O|  |TAMS 0x0000000701b00000, 0x0000000701b00000| Untracked 
|  27|0x0000000701b00000, 0x0000000701c00000, 0x0000000701c00000|100%| O|  |TAMS 0x0000000701c00000, 0x0000000701c00000| Untracked 
|  28|0x0000000701c00000, 0x0000000701d00000, 0x0000000701d00000|100%| O|  |TAMS 0x0000000701d00000, 0x0000000701d00000| Untracked 
|  29|0x0000000701d00000, 0x0000000701e00000, 0x0000000701e00000|100%| O|  |TAMS 0x0000000701e00000, 0x0000000701e00000| Untracked 
|  30|0x0000000701e00000, 0x0000000701f00000, 0x0000000701f00000|100%| O|  |TAMS 0x0000000701f00000, 0x0000000701f00000| Untracked 
|  31|0x0000000701f00000, 0x0000000701fb4000, 0x0000000702000000| 70%| O|  |TAMS 0x0000000701fb4000, 0x0000000701fb4000| Untracked 
|  32|0x0000000702000000, 0x0000000702100000, 0x0000000702100000|100%| O|  |TAMS 0x0000000702100000, 0x0000000702100000| Untracked 
|  33|0x0000000702100000, 0x0000000702200000, 0x0000000702200000|100%| O|  |TAMS 0x0000000702200000, 0x0000000702200000| Untracked 
|  34|0x0000000702200000, 0x0000000702300000, 0x0000000702300000|100%| O|  |TAMS 0x0000000702300000, 0x0000000702300000| Untracked 
|  35|0x0000000702300000, 0x0000000702400000, 0x0000000702400000|100%| O|  |TAMS 0x0000000702400000, 0x0000000702400000| Untracked 
|  36|0x0000000702400000, 0x0000000702500000, 0x0000000702500000|100%| O|  |TAMS 0x0000000702500000, 0x0000000702500000| Untracked 
|  37|0x0000000702500000, 0x0000000702600000, 0x0000000702600000|100%| O|  |TAMS 0x0000000702508a00, 0x0000000702600000| Untracked 
|  38|0x0000000702600000, 0x0000000702700000, 0x0000000702700000|100%| O|  |TAMS 0x0000000702600000, 0x0000000702700000| Untracked 
|  39|0x0000000702700000, 0x0000000702759600, 0x0000000702800000| 34%| O|  |TAMS 0x0000000702700000, 0x0000000702759600| Untracked 
|  40|0x0000000702800000, 0x0000000702900000, 0x0000000702900000|100%| O|  |TAMS 0x0000000702800000, 0x0000000702900000| Untracked 
|  41|0x0000000702900000, 0x0000000702a00000, 0x0000000702a00000|100%| O|  |TAMS 0x0000000702900000, 0x0000000702a00000| Untracked 
|  42|0x0000000702a00000, 0x0000000702b00000, 0x0000000702b00000|100%| O|  |TAMS 0x0000000702a00000, 0x0000000702b00000| Untracked 
|  43|0x0000000702b00000, 0x0000000702c00000, 0x0000000702c00000|100%| O|  |TAMS 0x0000000702b00000, 0x0000000702c00000| Untracked 
|  44|0x0000000702c00000, 0x0000000702d00000, 0x0000000702d00000|100%| O|  |TAMS 0x0000000702c00000, 0x0000000702d00000| Untracked 
|  45|0x0000000702d00000, 0x0000000702e00000, 0x0000000702e00000|100%| O|  |TAMS 0x0000000702d00000, 0x0000000702e00000| Untracked 
|  46|0x0000000702e00000, 0x0000000702f00000, 0x0000000702f00000|100%| O|  |TAMS 0x0000000702e00000, 0x0000000702f00000| Untracked 
|  47|0x0000000702f00000, 0x0000000703000000, 0x0000000703000000|100%| O|  |TAMS 0x0000000702f00000, 0x0000000703000000| Untracked 
|  48|0x0000000703000000, 0x0000000703100000, 0x0000000703100000|100%| O|  |TAMS 0x0000000703000000, 0x0000000703100000| Untracked 
|  49|0x0000000703100000, 0x0000000703200000, 0x0000000703200000|100%| O|  |TAMS 0x0000000703100000, 0x0000000703200000| Untracked 
|  50|0x0000000703200000, 0x0000000703300000, 0x0000000703300000|100%| O|  |TAMS 0x0000000703200000, 0x0000000703300000| Untracked 
|  51|0x0000000703300000, 0x0000000703400000, 0x0000000703400000|100%| O|  |TAMS 0x0000000703300000, 0x0000000703400000| Untracked 
|  52|0x0000000703400000, 0x000000070344ec00, 0x0000000703500000| 30%| O|  |TAMS 0x0000000703400000, 0x000000070341e400| Untracked 
|  53|0x0000000703500000, 0x0000000703500000, 0x0000000703600000|  0%| F|  |TAMS 0x0000000703500000, 0x0000000703500000| Untracked 
|  54|0x0000000703600000, 0x0000000703600000, 0x0000000703700000|  0%| F|  |TAMS 0x0000000703600000, 0x0000000703600000| Untracked 
|  55|0x0000000703700000, 0x0000000703700000, 0x0000000703800000|  0%| F|  |TAMS 0x0000000703700000, 0x0000000703700000| Untracked 
|  56|0x0000000703800000, 0x0000000703800000, 0x0000000703900000|  0%| F|  |TAMS 0x0000000703800000, 0x0000000703800000| Untracked 
|  57|0x0000000703900000, 0x0000000703900000, 0x0000000703a00000|  0%| F|  |TAMS 0x0000000703900000, 0x0000000703900000| Untracked 
|  58|0x0000000703a00000, 0x0000000703a00000, 0x0000000703b00000|  0%| F|  |TAMS 0x0000000703a00000, 0x0000000703a00000| Untracked 
|  59|0x0000000703b00000, 0x0000000703b00000, 0x0000000703c00000|  0%| F|  |TAMS 0x0000000703b00000, 0x0000000703b00000| Untracked 
|  60|0x0000000703c00000, 0x0000000703c00000, 0x0000000703d00000|  0%| F|  |TAMS 0x0000000703c00000, 0x0000000703c00000| Untracked 
|  61|0x0000000703d00000, 0x0000000703d00000, 0x0000000703e00000|  0%| F|  |TAMS 0x0000000703d00000, 0x0000000703d00000| Untracked 
|  62|0x0000000703e00000, 0x0000000703e00000, 0x0000000703f00000|  0%| F|  |TAMS 0x0000000703e00000, 0x0000000703e00000| Untracked 
|  63|0x0000000703f00000, 0x0000000703f00000, 0x0000000704000000|  0%| F|  |TAMS 0x0000000703f00000, 0x0000000703f00000| Untracked 
|  64|0x0000000704000000, 0x0000000704000000, 0x0000000704100000|  0%| F|  |TAMS 0x0000000704000000, 0x0000000704000000| Untracked 
|  65|0x0000000704100000, 0x0000000704100000, 0x0000000704200000|  0%| F|  |TAMS 0x0000000704100000, 0x0000000704100000| Untracked 
|  66|0x0000000704200000, 0x0000000704200000, 0x0000000704300000|  0%| F|  |TAMS 0x0000000704200000, 0x0000000704200000| Untracked 
|  67|0x0000000704300000, 0x0000000704300000, 0x0000000704400000|  0%| F|  |TAMS 0x0000000704300000, 0x0000000704300000| Untracked 
|  68|0x0000000704400000, 0x0000000704400000, 0x0000000704500000|  0%| F|  |TAMS 0x0000000704400000, 0x0000000704400000| Untracked 
|  69|0x0000000704500000, 0x0000000704500000, 0x0000000704600000|  0%| F|  |TAMS 0x0000000704500000, 0x0000000704500000| Untracked 
|  70|0x0000000704600000, 0x0000000704600000, 0x0000000704700000|  0%| F|  |TAMS 0x0000000704600000, 0x0000000704600000| Untracked 
|  71|0x0000000704700000, 0x0000000704700000, 0x0000000704800000|  0%| F|  |TAMS 0x0000000704700000, 0x0000000704700000| Untracked 
|  72|0x0000000704800000, 0x0000000704800000, 0x0000000704900000|  0%| F|  |TAMS 0x0000000704800000, 0x0000000704800000| Untracked 
|  73|0x0000000704900000, 0x0000000704900000, 0x0000000704a00000|  0%| F|  |TAMS 0x0000000704900000, 0x0000000704900000| Untracked 
|  74|0x0000000704a00000, 0x0000000704a00000, 0x0000000704b00000|  0%| F|  |TAMS 0x0000000704a00000, 0x0000000704a00000| Untracked 
|  75|0x0000000704b00000, 0x0000000704b00000, 0x0000000704c00000|  0%| F|  |TAMS 0x0000000704b00000, 0x0000000704b00000| Untracked 
|  76|0x0000000704c00000, 0x0000000704c00000, 0x0000000704d00000|  0%| F|  |TAMS 0x0000000704c00000, 0x0000000704c00000| Untracked 
|  77|0x0000000704d00000, 0x0000000704d00000, 0x0000000704e00000|  0%| F|  |TAMS 0x0000000704d00000, 0x0000000704d00000| Untracked 
|  78|0x0000000704e00000, 0x0000000704e00000, 0x0000000704f00000|  0%| F|  |TAMS 0x0000000704e00000, 0x0000000704e00000| Untracked 
|  79|0x0000000704f00000, 0x0000000704f00000, 0x0000000705000000|  0%| F|  |TAMS 0x0000000704f00000, 0x0000000704f00000| Untracked 
|  80|0x0000000705000000, 0x0000000705000000, 0x0000000705100000|  0%| F|  |TAMS 0x0000000705000000, 0x0000000705000000| Untracked 
|  81|0x0000000705100000, 0x0000000705100000, 0x0000000705200000|  0%| F|  |TAMS 0x0000000705100000, 0x0000000705100000| Untracked 
|  82|0x0000000705200000, 0x0000000705200000, 0x0000000705300000|  0%| F|  |TAMS 0x0000000705200000, 0x0000000705200000| Untracked 
|  83|0x0000000705300000, 0x0000000705300000, 0x0000000705400000|  0%| F|  |TAMS 0x0000000705300000, 0x0000000705300000| Untracked 
|  84|0x0000000705400000, 0x0000000705400000, 0x0000000705500000|  0%| F|  |TAMS 0x0000000705400000, 0x0000000705400000| Untracked 
|  85|0x0000000705500000, 0x000000070559bc20, 0x0000000705600000| 60%| S|CS|TAMS 0x0000000705500000, 0x0000000705500000| Complete 
|  86|0x0000000705600000, 0x0000000705700000, 0x0000000705700000|100%| S|CS|TAMS 0x0000000705600000, 0x0000000705600000| Complete 
|  87|0x0000000705700000, 0x0000000705800000, 0x0000000705800000|100%| S|CS|TAMS 0x0000000705700000, 0x0000000705700000| Complete 
|  88|0x0000000705800000, 0x0000000705800000, 0x0000000705900000|  0%| F|  |TAMS 0x0000000705800000, 0x0000000705800000| Untracked 
|  89|0x0000000705900000, 0x0000000705900000, 0x0000000705a00000|  0%| F|  |TAMS 0x0000000705900000, 0x0000000705900000| Untracked 
|  90|0x0000000705a00000, 0x0000000705a00000, 0x0000000705b00000|  0%| F|  |TAMS 0x0000000705a00000, 0x0000000705a00000| Untracked 
|  91|0x0000000705b00000, 0x0000000705b00000, 0x0000000705c00000|  0%| F|  |TAMS 0x0000000705b00000, 0x0000000705b00000| Untracked 
|  92|0x0000000705c00000, 0x0000000705c00000, 0x0000000705d00000|  0%| F|  |TAMS 0x0000000705c00000, 0x0000000705c00000| Untracked 
|  93|0x0000000705d00000, 0x0000000705d00000, 0x0000000705e00000|  0%| F|  |TAMS 0x0000000705d00000, 0x0000000705d00000| Untracked 
|  94|0x0000000705e00000, 0x0000000705e00000, 0x0000000705f00000|  0%| F|  |TAMS 0x0000000705e00000, 0x0000000705e00000| Untracked 
|  95|0x0000000705f00000, 0x0000000705f00000, 0x0000000706000000|  0%| F|  |TAMS 0x0000000705f00000, 0x0000000705f00000| Untracked 
|  96|0x0000000706000000, 0x0000000706000000, 0x0000000706100000|  0%| F|  |TAMS 0x0000000706000000, 0x0000000706000000| Untracked 
|  97|0x0000000706100000, 0x0000000706100000, 0x0000000706200000|  0%| F|  |TAMS 0x0000000706100000, 0x0000000706100000| Untracked 
|  98|0x0000000706200000, 0x0000000706200000, 0x0000000706300000|  0%| F|  |TAMS 0x0000000706200000, 0x0000000706200000| Untracked 
|  99|0x0000000706300000, 0x0000000706300000, 0x0000000706400000|  0%| F|  |TAMS 0x0000000706300000, 0x0000000706300000| Untracked 
| 100|0x0000000706400000, 0x0000000706400000, 0x0000000706500000|  0%| F|  |TAMS 0x0000000706400000, 0x0000000706400000| Untracked 
| 101|0x0000000706500000, 0x0000000706500000, 0x0000000706600000|  0%| F|  |TAMS 0x0000000706500000, 0x0000000706500000| Untracked 
| 102|0x0000000706600000, 0x0000000706600000, 0x0000000706700000|  0%| F|  |TAMS 0x0000000706600000, 0x0000000706600000| Untracked 
| 103|0x0000000706700000, 0x0000000706700000, 0x0000000706800000|  0%| F|  |TAMS 0x0000000706700000, 0x0000000706700000| Untracked 
| 104|0x0000000706800000, 0x0000000706800000, 0x0000000706900000|  0%| F|  |TAMS 0x0000000706800000, 0x0000000706800000| Untracked 
| 105|0x0000000706900000, 0x0000000706900000, 0x0000000706a00000|  0%| F|  |TAMS 0x0000000706900000, 0x0000000706900000| Untracked 
| 106|0x0000000706a00000, 0x0000000706a00000, 0x0000000706b00000|  0%| F|  |TAMS 0x0000000706a00000, 0x0000000706a00000| Untracked 
| 107|0x0000000706b00000, 0x0000000706b00000, 0x0000000706c00000|  0%| F|  |TAMS 0x0000000706b00000, 0x0000000706b00000| Untracked 
| 108|0x0000000706c00000, 0x0000000706c00000, 0x0000000706d00000|  0%| F|  |TAMS 0x0000000706c00000, 0x0000000706c00000| Untracked 
| 109|0x0000000706d00000, 0x0000000706d00000, 0x0000000706e00000|  0%| F|  |TAMS 0x0000000706d00000, 0x0000000706d00000| Untracked 
| 110|0x0000000706e00000, 0x0000000706e00000, 0x0000000706f00000|  0%| F|  |TAMS 0x0000000706e00000, 0x0000000706e00000| Untracked 
| 111|0x0000000706f00000, 0x0000000706f00000, 0x0000000707000000|  0%| F|  |TAMS 0x0000000706f00000, 0x0000000706f00000| Untracked 
| 112|0x0000000707000000, 0x0000000707000000, 0x0000000707100000|  0%| F|  |TAMS 0x0000000707000000, 0x0000000707000000| Untracked 
| 113|0x0000000707100000, 0x0000000707100000, 0x0000000707200000|  0%| F|  |TAMS 0x0000000707100000, 0x0000000707100000| Untracked 
| 114|0x0000000707200000, 0x0000000707200000, 0x0000000707300000|  0%| F|  |TAMS 0x0000000707200000, 0x0000000707200000| Untracked 
| 115|0x0000000707300000, 0x0000000707300000, 0x0000000707400000|  0%| F|  |TAMS 0x0000000707300000, 0x0000000707300000| Untracked 
| 116|0x0000000707400000, 0x0000000707400000, 0x0000000707500000|  0%| F|  |TAMS 0x0000000707400000, 0x0000000707400000| Untracked 
| 117|0x0000000707500000, 0x0000000707500000, 0x0000000707600000|  0%| F|  |TAMS 0x0000000707500000, 0x0000000707500000| Untracked 
| 118|0x0000000707600000, 0x0000000707600000, 0x0000000707700000|  0%| F|  |TAMS 0x0000000707600000, 0x0000000707600000| Untracked 
| 119|0x0000000707700000, 0x0000000707700000, 0x0000000707800000|  0%| F|  |TAMS 0x0000000707700000, 0x0000000707700000| Untracked 
| 120|0x0000000707800000, 0x0000000707800000, 0x0000000707900000|  0%| F|  |TAMS 0x0000000707800000, 0x0000000707800000| Untracked 
| 121|0x0000000707900000, 0x0000000707900000, 0x0000000707a00000|  0%| F|  |TAMS 0x0000000707900000, 0x0000000707900000| Untracked 
| 122|0x0000000707a00000, 0x0000000707a00000, 0x0000000707b00000|  0%| F|  |TAMS 0x0000000707a00000, 0x0000000707a00000| Untracked 
| 123|0x0000000707b00000, 0x0000000707b00000, 0x0000000707c00000|  0%| F|  |TAMS 0x0000000707b00000, 0x0000000707b00000| Untracked 
| 124|0x0000000707c00000, 0x0000000707c00000, 0x0000000707d00000|  0%| F|  |TAMS 0x0000000707c00000, 0x0000000707c00000| Untracked 
| 125|0x0000000707d00000, 0x0000000707d00000, 0x0000000707e00000|  0%| F|  |TAMS 0x0000000707d00000, 0x0000000707d00000| Untracked 
| 126|0x0000000707e00000, 0x0000000707e00000, 0x0000000707f00000|  0%| F|  |TAMS 0x0000000707e00000, 0x0000000707e00000| Untracked 
| 127|0x0000000707f00000, 0x0000000707f00000, 0x0000000708000000|  0%| F|  |TAMS 0x0000000707f00000, 0x0000000707f00000| Untracked 
| 128|0x0000000708000000, 0x0000000708000000, 0x0000000708100000|  0%| F|  |TAMS 0x0000000708000000, 0x0000000708000000| Untracked 
| 129|0x0000000708100000, 0x0000000708100000, 0x0000000708200000|  0%| F|  |TAMS 0x0000000708100000, 0x0000000708100000| Untracked 
| 130|0x0000000708200000, 0x0000000708200000, 0x0000000708300000|  0%| F|  |TAMS 0x0000000708200000, 0x0000000708200000| Untracked 
| 131|0x0000000708300000, 0x0000000708300000, 0x0000000708400000|  0%| F|  |TAMS 0x0000000708300000, 0x0000000708300000| Untracked 
| 132|0x0000000708400000, 0x0000000708400000, 0x0000000708500000|  0%| F|  |TAMS 0x0000000708400000, 0x0000000708400000| Untracked 
| 133|0x0000000708500000, 0x0000000708500000, 0x0000000708600000|  0%| F|  |TAMS 0x0000000708500000, 0x0000000708500000| Untracked 
| 134|0x0000000708600000, 0x0000000708600000, 0x0000000708700000|  0%| F|  |TAMS 0x0000000708600000, 0x0000000708600000| Untracked 
| 135|0x0000000708700000, 0x0000000708700000, 0x0000000708800000|  0%| F|  |TAMS 0x0000000708700000, 0x0000000708700000| Untracked 
| 136|0x0000000708800000, 0x0000000708800000, 0x0000000708900000|  0%| F|  |TAMS 0x0000000708800000, 0x0000000708800000| Untracked 
| 137|0x0000000708900000, 0x0000000708900000, 0x0000000708a00000|  0%| F|  |TAMS 0x0000000708900000, 0x0000000708900000| Untracked 
| 138|0x0000000708a00000, 0x0000000708a00000, 0x0000000708b00000|  0%| F|  |TAMS 0x0000000708a00000, 0x0000000708a00000| Untracked 
| 139|0x0000000708b00000, 0x0000000708b00000, 0x0000000708c00000|  0%| F|  |TAMS 0x0000000708b00000, 0x0000000708b00000| Untracked 
| 140|0x0000000708c00000, 0x0000000708c00000, 0x0000000708d00000|  0%| F|  |TAMS 0x0000000708c00000, 0x0000000708c00000| Untracked 
| 141|0x0000000708d00000, 0x0000000708d00000, 0x0000000708e00000|  0%| F|  |TAMS 0x0000000708d00000, 0x0000000708d00000| Untracked 
| 142|0x0000000708e00000, 0x0000000708e00000, 0x0000000708f00000|  0%| F|  |TAMS 0x0000000708e00000, 0x0000000708e00000| Untracked 
| 143|0x0000000708f00000, 0x0000000708f00000, 0x0000000709000000|  0%| F|  |TAMS 0x0000000708f00000, 0x0000000708f00000| Untracked 
| 144|0x0000000709000000, 0x0000000709000000, 0x0000000709100000|  0%| F|  |TAMS 0x0000000709000000, 0x0000000709000000| Untracked 
| 145|0x0000000709100000, 0x0000000709100000, 0x0000000709200000|  0%| F|  |TAMS 0x0000000709100000, 0x0000000709100000| Untracked 
| 146|0x0000000709200000, 0x0000000709200000, 0x0000000709300000|  0%| F|  |TAMS 0x0000000709200000, 0x0000000709200000| Untracked 
| 147|0x0000000709300000, 0x0000000709300000, 0x0000000709400000|  0%| F|  |TAMS 0x0000000709300000, 0x0000000709300000| Untracked 
| 148|0x0000000709400000, 0x0000000709400000, 0x0000000709500000|  0%| F|  |TAMS 0x0000000709400000, 0x0000000709400000| Untracked 
| 149|0x0000000709500000, 0x0000000709500000, 0x0000000709600000|  0%| F|  |TAMS 0x0000000709500000, 0x0000000709500000| Untracked 
| 150|0x0000000709600000, 0x0000000709600000, 0x0000000709700000|  0%| F|  |TAMS 0x0000000709600000, 0x0000000709600000| Untracked 
| 151|0x0000000709700000, 0x0000000709700000, 0x0000000709800000|  0%| F|  |TAMS 0x0000000709700000, 0x0000000709700000| Untracked 
| 152|0x0000000709800000, 0x0000000709800000, 0x0000000709900000|  0%| F|  |TAMS 0x0000000709800000, 0x0000000709800000| Untracked 
| 153|0x0000000709900000, 0x0000000709900000, 0x0000000709a00000|  0%| F|  |TAMS 0x0000000709900000, 0x0000000709900000| Untracked 
| 154|0x0000000709a00000, 0x0000000709a00000, 0x0000000709b00000|  0%| F|  |TAMS 0x0000000709a00000, 0x0000000709a00000| Untracked 
| 155|0x0000000709b00000, 0x0000000709b00000, 0x0000000709c00000|  0%| F|  |TAMS 0x0000000709b00000, 0x0000000709b00000| Untracked 
| 156|0x0000000709c00000, 0x0000000709c00000, 0x0000000709d00000|  0%| F|  |TAMS 0x0000000709c00000, 0x0000000709c00000| Untracked 
| 157|0x0000000709d00000, 0x0000000709d00000, 0x0000000709e00000|  0%| F|  |TAMS 0x0000000709d00000, 0x0000000709d00000| Untracked 
| 158|0x0000000709e00000, 0x0000000709e00000, 0x0000000709f00000|  0%| F|  |TAMS 0x0000000709e00000, 0x0000000709e00000| Untracked 
| 159|0x0000000709f00000, 0x0000000709f00000, 0x000000070a000000|  0%| F|  |TAMS 0x0000000709f00000, 0x0000000709f00000| Untracked 
| 160|0x000000070a000000, 0x000000070a000000, 0x000000070a100000|  0%| F|  |TAMS 0x000000070a000000, 0x000000070a000000| Untracked 
| 161|0x000000070a100000, 0x000000070a100000, 0x000000070a200000|  0%| F|  |TAMS 0x000000070a100000, 0x000000070a100000| Untracked 
| 162|0x000000070a200000, 0x000000070a200000, 0x000000070a300000|  0%| F|  |TAMS 0x000000070a200000, 0x000000070a200000| Untracked 
| 163|0x000000070a300000, 0x000000070a300000, 0x000000070a400000|  0%| F|  |TAMS 0x000000070a300000, 0x000000070a300000| Untracked 
| 164|0x000000070a400000, 0x000000070a400000, 0x000000070a500000|  0%| F|  |TAMS 0x000000070a400000, 0x000000070a400000| Untracked 
| 165|0x000000070a500000, 0x000000070a500000, 0x000000070a600000|  0%| F|  |TAMS 0x000000070a500000, 0x000000070a500000| Untracked 
| 172|0x000000070ac00000, 0x000000070ac00000, 0x000000070ad00000|  0%| F|  |TAMS 0x000000070ac00000, 0x000000070ac00000| Untracked 
| 173|0x000000070ad00000, 0x000000070ad00000, 0x000000070ae00000|  0%| F|  |TAMS 0x000000070ad00000, 0x000000070ad00000| Untracked 
| 174|0x000000070ae00000, 0x000000070ae00000, 0x000000070af00000|  0%| F|  |TAMS 0x000000070ae00000, 0x000000070ae00000| Untracked 
| 307|0x0000000713300000, 0x0000000713300000, 0x0000000713400000|  0%| F|  |TAMS 0x0000000713300000, 0x0000000713300000| Untracked 

Card table byte_map: [0x000002027ac30000,0x000002027b430000] _byte_map_base: 0x0000020277430000

Marking Bits (Prev, Next): (CMBitMap*) 0x0000020260edd718, (CMBitMap*) 0x0000020260edd758
 Prev Bits: [0x000002027bc30000, 0x000002027fc30000)
 Next Bits: [0x0000020200000000, 0x0000020204000000)

Polling page: 0x0000020260df0000

Metaspace:

Usage:
  Non-class:     32.95 MB capacity,    32.21 MB ( 98%) used,   607.41 KB (  2%) free+waste,   154.63 KB ( <1%) overhead. 
      Class:      4.54 MB capacity,     4.04 MB ( 89%) used,   438.25 KB (  9%) free+waste,    68.13 KB (  1%) overhead. 
       Both:     37.49 MB capacity,    36.25 MB ( 97%) used,     1.02 MB (  3%) free+waste,   222.75 KB ( <1%) overhead. 

Virtual space:
  Non-class space:       42.00 MB reserved,      33.00 MB ( 79%) committed 
      Class space:        1.00 GB reserved,       4.63 MB ( <1%) committed 
             Both:        1.04 GB reserved,      37.63 MB (  4%) committed 

Chunk freelists:
   Non-Class:  49.00 KB
       Class:  25.00 KB
        Both:  74.00 KB

MaxMetaspaceSize: 17179869184.00 GB
CompressedClassSpaceSize: 1.00 GB

CodeHeap 'non-profiled nmethods': size=120000Kb used=6704Kb max_used=6704Kb free=113295Kb
 bounds [0x00000202728e0000, 0x0000020272f70000, 0x0000020279e10000]
CodeHeap 'profiled nmethods': size=120000Kb used=15292Kb max_used=15292Kb free=104707Kb
 bounds [0x000002026b3b0000, 0x000002026c2a0000, 0x00000202728e0000]
CodeHeap 'non-nmethods': size=5760Kb used=1264Kb max_used=1341Kb free=4496Kb
 bounds [0x000002026ae10000, 0x000002026b080000, 0x000002026b3b0000]
 total_blobs=7844 nmethods=7303 adapters=453
 compilation: enabled
              stopped_count=0, restarted_count=0
 full_count=0

Compilation events (20 events):
Event: 1549.131 Thread 0x0000020206309800 nmethod 8913 0x000002026c29d410 code [0x000002026c29d5a0, 0x000002026c29d6d8]
Event: 1549.132 Thread 0x0000020206309800 8907       3       java.net.URI::compareTo (205 bytes)
Event: 1549.133 Thread 0x0000020206309800 nmethod 8907 0x000002026c29d790 code [0x000002026c29da80, 0x000002026c29ece8]
Event: 1549.133 Thread 0x0000020206309800 8912       3       java.time.Instant::compareTo (28 bytes)
Event: 1549.133 Thread 0x0000020206309800 nmethod 8912 0x000002026c29f090 code [0x000002026c29f240, 0x000002026c29f4d8]
Event: 1549.133 Thread 0x0000020206309800 8916       3       io.cucumber.core.plugin.CanonicalEventOrder$TestCaseEventComparator::compare (77 bytes)
Event: 1549.135 Thread 0x0000020206309800 nmethod 8916 0x0000020272f68b10 code [0x0000020272f68dc0, 0x0000020272f69cc8]
Event: 1549.135 Thread 0x0000020206309800 8919       1       io.cucumber.plugin.event.TestCaseFinished::getTestCase (5 bytes)
Event: 1549.136 Thread 0x0000020206309800 nmethod 8919 0x0000020272f6a210 code [0x0000020272f6a3a0, 0x0000020272f6a478]
Event: 1549.136 Thread 0x0000020206308000 nmethod 8915 0x0000020272f6a510 code [0x0000020272f6a720, 0x0000020272f6ac18]
Event: 1549.136 Thread 0x0000020206308000 8918       4       io.cucumber.core.plugin.CanonicalEventOrder$FixedEventOrderComparator::requireInFixOrder (46 bytes)
Event: 1549.139 Thread 0x0000020206309800 8923       3       java.util.LinkedList$ListItr::next (56 bytes)
Event: 1549.140 Thread 0x0000020206309800 nmethod 8923 0x000002026c29f610 code [0x000002026c29f800, 0x000002026c29fd78]
Event: 1549.141 Thread 0x0000020208f2e000 8917       4       java.lang.Integer::compare (20 bytes)
Event: 1549.141 Thread 0x0000020208f2e000 nmethod 8917 0x0000020272f6ae90 code [0x0000020272f6b000, 0x0000020272f6b058]
Event: 1549.141 Thread 0x0000020208f2e000 8920       4       io.cucumber.core.plugin.CanonicalEventOrder::compare (13 bytes)
Event: 1549.144 Thread 0x0000020206308000 nmethod 8918 0x0000020272f6b190 code [0x0000020272f6b3a0, 0x0000020272f6b898]
Event: 1549.144 Thread 0x0000020206308000 8925       4       java.util.LinkedList$ListItr::next (56 bytes)
Event: 1549.147 Thread 0x0000020206308000 nmethod 8925 0x0000020272f6bb10 code [0x0000020272f6bcc0, 0x0000020272f6c018]
Event: 1549.147 Thread 0x0000020206308000 8921       4       io.cucumber.core.plugin.CanonicalEventOrder::compare (46 bytes)

GC Heap History (20 events):
Event: 1323.359 GC heap before
{Heap before GC invocations=86 (full 0):
 garbage-first heap   total 174080K, used 151528K [0x0000000700000000, 0x0000000800000000)
  region size 1024K, 98 young (100352K), 3 survivors (3072K)
 Metaspace       used 36968K, capacity 38215K, committed 38528K, reserved 1083392K
  class space    used 4132K, capacity 4611K, committed 4736K, reserved 1048576K
}
Event: 1323.363 GC heap after
{Heap after GC invocations=87 (full 0):
 garbage-first heap   total 174080K, used 54379K [0x0000000700000000, 0x0000000800000000)
  region size 1024K, 3 young (3072K), 3 survivors (3072K)
 Metaspace       used 36968K, capacity 38215K, committed 38528K, reserved 1083392K
  class space    used 4132K, capacity 4611K, committed 4736K, reserved 1048576K
}
Event: 1342.855 GC heap before
{Heap before GC invocations=87 (full 0):
 garbage-first heap   total 174080K, used 151659K [0x0000000700000000, 0x0000000800000000)
  region size 1024K, 98 young (100352K), 3 survivors (3072K)
 Metaspace       used 36977K, capacity 38215K, committed 38528K, reserved 1083392K
  class space    used 4132K, capacity 4611K, committed 4736K, reserved 1048576K
}
Event: 1342.860 GC heap after
{Heap after GC invocations=88 (full 0):
 garbage-first heap   total 174080K, used 54757K [0x0000000700000000, 0x0000000800000000)
  region size 1024K, 3 young (3072K), 3 survivors (3072K)
 Metaspace       used 36977K, capacity 38215K, committed 38528K, reserved 1083392K
  class space    used 4132K, capacity 4611K, committed 4736K, reserved 1048576K
}
Event: 1360.242 GC heap before
{Heap before GC invocations=88 (full 0):
 garbage-first heap   total 174080K, used 152037K [0x0000000700000000, 0x0000000800000000)
  region size 1024K, 98 young (100352K), 3 survivors (3072K)
 Metaspace       used 36982K, capacity 38215K, committed 38528K, reserved 1083392K
  class space    used 4132K, capacity 4611K, committed 4736K, reserved 1048576K
}
Event: 1360.247 GC heap after
{Heap after GC invocations=89 (full 0):
 garbage-first heap   total 174080K, used 54658K [0x0000000700000000, 0x0000000800000000)
  region size 1024K, 3 young (3072K), 3 survivors (3072K)
 Metaspace       used 36982K, capacity 38215K, committed 38528K, reserved 1083392K
  class space    used 4132K, capacity 4611K, committed 4736K, reserved 1048576K
}
Event: 1394.075 GC heap before
{Heap before GC invocations=89 (full 0):
 garbage-first heap   total 174080K, used 151938K [0x0000000700000000, 0x0000000800000000)
  region size 1024K, 98 young (100352K), 3 survivors (3072K)
 Metaspace       used 36992K, capacity 38216K, committed 38528K, reserved 1083392K
  class space    used 4133K, capacity 4611K, committed 4736K, reserved 1048576K
}
Event: 1394.079 GC heap after
{Heap after GC invocations=90 (full 0):
 garbage-first heap   total 174080K, used 54497K [0x0000000700000000, 0x0000000800000000)
  region size 1024K, 3 young (3072K), 3 survivors (3072K)
 Metaspace       used 36992K, capacity 38216K, committed 38528K, reserved 1083392K
  class space    used 4133K, capacity 4611K, committed 4736K, reserved 1048576K
}
Event: 1408.672 GC heap before
{Heap before GC invocations=90 (full 0):
 garbage-first heap   total 174080K, used 150753K [0x0000000700000000, 0x0000000800000000)
  region size 1024K, 98 young (100352K), 3 survivors (3072K)
 Metaspace       used 36999K, capacity 38219K, committed 38528K, reserved 1083392K
  class space    used 4133K, capacity 4611K, committed 4736K, reserved 1048576K
}
Event: 1408.676 GC heap after
{Heap after GC invocations=91 (full 0):
 garbage-first heap   total 174080K, used 54678K [0x0000000700000000, 0x0000000800000000)
  region size 1024K, 3 young (3072K), 3 survivors (3072K)
 Metaspace       used 36999K, capacity 38219K, committed 38528K, reserved 1083392K
  class space    used 4133K, capacity 4611K, committed 4736K, reserved 1048576K
}
Event: 1427.229 GC heap before
{Heap before GC invocations=91 (full 0):
 garbage-first heap   total 174080K, used 150934K [0x0000000700000000, 0x0000000800000000)
  region size 1024K, 98 young (100352K), 3 survivors (3072K)
 Metaspace       used 37001K, capacity 38283K, committed 38528K, reserved 1083392K
  class space    used 4133K, capacity 4611K, committed 4736K, reserved 1048576K
}
Event: 1427.233 GC heap after
{Heap after GC invocations=92 (full 0):
 garbage-first heap   total 174080K, used 54841K [0x0000000700000000, 0x0000000800000000)
  region size 1024K, 3 young (3072K), 3 survivors (3072K)
 Metaspace       used 37001K, capacity 38283K, committed 38528K, reserved 1083392K
  class space    used 4133K, capacity 4611K, committed 4736K, reserved 1048576K
}
Event: 1462.900 GC heap before
{Heap before GC invocations=92 (full 0):
 garbage-first heap   total 174080K, used 151097K [0x0000000700000000, 0x0000000800000000)
  region size 1024K, 98 young (100352K), 3 survivors (3072K)
 Metaspace       used 37012K, capacity 38347K, committed 38528K, reserved 1083392K
  class space    used 4133K, capacity 4611K, committed 4736K, reserved 1048576K
}
Event: 1462.905 GC heap after
{Heap after GC invocations=93 (full 0):
 garbage-first heap   total 174080K, used 54981K [0x0000000700000000, 0x0000000800000000)
  region size 1024K, 3 young (3072K), 3 survivors (3072K)
 Metaspace       used 37012K, capacity 38347K, committed 38528K, reserved 1083392K
  class space    used 4133K, capacity 4611K, committed 4736K, reserved 1048576K
}
Event: 1475.873 GC heap before
{Heap before GC invocations=93 (full 0):
 garbage-first heap   total 174080K, used 152261K [0x0000000700000000, 0x0000000800000000)
  region size 1024K, 98 young (100352K), 3 survivors (3072K)
 Metaspace       used 37013K, capacity 38347K, committed 38528K, reserved 1083392K
  class space    used 4133K, capacity 4611K, committed 4736K, reserved 1048576K
}
Event: 1475.877 GC heap after
{Heap after GC invocations=94 (full 0):
 garbage-first heap   total 174080K, used 55308K [0x0000000700000000, 0x0000000800000000)
  region size 1024K, 3 young (3072K), 3 survivors (3072K)
 Metaspace       used 37013K, capacity 38347K, committed 38528K, reserved 1083392K
  class space    used 4133K, capacity 4611K, committed 4736K, reserved 1048576K
}
Event: 1509.476 GC heap before
{Heap before GC invocations=94 (full 0):
 garbage-first heap   total 174080K, used 151564K [0x0000000700000000, 0x0000000800000000)
  region size 1024K, 97 young (99328K), 3 survivors (3072K)
 Metaspace       used 37013K, capacity 38347K, committed 38528K, reserved 1083392K
  class space    used 4133K, capacity 4611K, committed 4736K, reserved 1048576K
}
Event: 1509.480 GC heap after
{Heap after GC invocations=95 (full 0):
 garbage-first heap   total 174080K, used 55470K [0x0000000700000000, 0x0000000800000000)
  region size 1024K, 3 young (3072K), 3 survivors (3072K)
 Metaspace       used 37013K, capacity 38347K, committed 38528K, reserved 1083392K
  class space    used 4133K, capacity 4611K, committed 4736K, reserved 1048576K
}
Event: 1549.160 GC heap before
{Heap before GC invocations=95 (full 0):
 garbage-first heap   total 174080K, used 138414K [0x0000000700000000, 0x0000000800000000)
  region size 1024K, 85 young (87040K), 3 survivors (3072K)
 Metaspace       used 37121K, capacity 38390K, committed 38528K, reserved 1089536K
  class space    used 4140K, capacity 4647K, committed 4736K, reserved 1048576K
}
Event: 1549.166 GC heap after
{Heap after GC invocations=96 (full 0):
 garbage-first heap   total 174080K, used 55263K [0x0000000700000000, 0x0000000800000000)
  region size 1024K, 3 young (3072K), 3 survivors (3072K)
 Metaspace       used 37121K, capacity 38390K, committed 38528K, reserved 1089536K
  class space    used 4140K, capacity 4647K, committed 4736K, reserved 1048576K
}

Deoptimization events (20 events):
Event: 1269.507 Thread 0x0000020208fab000 Uncommon trap: trap_request=0xffffff45 fr.pc=0x0000020272f00764 relative=0x0000000000002e44
Event: 1269.507 Thread 0x0000020208fab000 Uncommon trap: reason=unstable_if action=reinterpret pc=0x0000020272f00764 method=io.cucumber.messages.Messages$Envelope$Builder.maybeForceBuilderInitialization()V @ 3 c2
Event: 1269.507 Thread 0x0000020208fab000 DEOPT PACKING pc=0x0000020272f00764 sp=0x0000000584afe450
Event: 1269.507 Thread 0x0000020208fab000 DEOPT UNPACKING pc=0x000002026ae5912f sp=0x0000000584afe268 mode 2
Event: 1291.546 Thread 0x0000020206eef000 DEOPT PACKING pc=0x000002026c009194 sp=0x00000005847fe4e0
Event: 1291.546 Thread 0x0000020206eef000 DEOPT UNPACKING pc=0x000002026ae5964e sp=0x00000005847fd9c0 mode 0
Event: 1306.844 Thread 0x0000020208fab000 DEOPT PACKING pc=0x000002026b6485d3 sp=0x0000000584afdab0
Event: 1306.844 Thread 0x0000020208fab000 DEOPT UNPACKING pc=0x000002026ae5964e sp=0x0000000584afcfb0 mode 0
Event: 1306.856 Thread 0x0000020208fab000 DEOPT PACKING pc=0x000002026b90e5da sp=0x0000000584afd670
Event: 1306.857 Thread 0x0000020208fab000 DEOPT UNPACKING pc=0x000002026ae5964e sp=0x0000000584afcc08 mode 0
Event: 1509.435 Thread 0x0000020208fab000 DEOPT PACKING pc=0x000002026b7c8c3c sp=0x0000000584afd800
Event: 1509.435 Thread 0x0000020208fab000 DEOPT UNPACKING pc=0x000002026ae5964e sp=0x0000000584afcd50 mode 0
Event: 1547.660 Thread 0x0000020208fab000 Uncommon trap: trap_request=0xffffff45 fr.pc=0x0000020272f5f410 relative=0x00000000000000d0
Event: 1547.660 Thread 0x0000020208fab000 Uncommon trap: reason=unstable_if action=reinterpret pc=0x0000020272f5f410 method=java.lang.Class.arrayContentsEq([Ljava/lang/Object;[Ljava/lang/Object;)Z @ 57 c2
Event: 1547.660 Thread 0x0000020208fab000 DEOPT PACKING pc=0x0000020272f5f410 sp=0x0000000584afce80
Event: 1547.660 Thread 0x0000020208fab000 DEOPT UNPACKING pc=0x000002026ae5912f sp=0x0000000584afce10 mode 2
Event: 1549.118 Thread 0x0000020260e76800 Uncommon trap: trap_request=0xffffff45 fr.pc=0x0000020272e8e5e4 relative=0x0000000000000384
Event: 1549.118 Thread 0x0000020260e76800 Uncommon trap: reason=unstable_if action=reinterpret pc=0x0000020272e8e5e4 method=io.cucumber.core.plugin.CanonicalOrderEventPublisher.handle(Lio/cucumber/plugin/event/Event;)V @ 15 c2
Event: 1549.118 Thread 0x0000020260e76800 DEOPT PACKING pc=0x0000020272e8e5e4 sp=0x00000005830fde10
Event: 1549.118 Thread 0x0000020260e76800 DEOPT UNPACKING pc=0x000002026ae5912f sp=0x00000005830fddd0 mode 2

Classes unloaded (0 events):
No events

Classes redefined (0 events):
No events

Internal exceptions (20 events):
Event: 1482.523 Thread 0x0000020208fab000 Implicit null exception at 0x000002026c21af25 to 0x000002026c21c0d6
Event: 1482.523 Thread 0x0000020208fab000 Exception <a 'java/lang/NullPointerException'{0x0000000708d89f78}> (0x0000000708d89f78) 
thrown [./open/src/hotspot/share/runtime/sharedRuntime.cpp, line 584]
Event: 1490.153 Thread 0x0000020208fab000 Implicit null exception at 0x000002026c21af25 to 0x000002026c21c0d6
Event: 1490.153 Thread 0x0000020208fab000 Exception <a 'java/lang/NullPointerException'{0x00000007085593c0}> (0x00000007085593c0) 
thrown [./open/src/hotspot/share/runtime/sharedRuntime.cpp, line 584]
Event: 1490.331 Thread 0x0000020208fab000 Implicit null exception at 0x000002026c21af25 to 0x000002026c21c0d6
Event: 1490.331 Thread 0x0000020208fab000 Exception <a 'java/lang/NullPointerException'{0x00000007082e9678}> (0x00000007082e9678) 
thrown [./open/src/hotspot/share/runtime/sharedRuntime.cpp, line 584]
Event: 1498.849 Thread 0x0000020208fab000 Implicit null exception at 0x000002026c21af25 to 0x000002026c21c0d6
Event: 1498.849 Thread 0x0000020208fab000 Exception <a 'java/lang/NullPointerException'{0x0000000707af0820}> (0x0000000707af0820) 
thrown [./open/src/hotspot/share/runtime/sharedRuntime.cpp, line 584]
Event: 1499.052 Thread 0x0000020208fab000 Implicit null exception at 0x000002026c21af25 to 0x000002026c21c0d6
Event: 1499.052 Thread 0x0000020208fab000 Exception <a 'java/lang/NullPointerException'{0x00000007076cd7c0}> (0x00000007076cd7c0) 
thrown [./open/src/hotspot/share/runtime/sharedRuntime.cpp, line 584]
Event: 1509.509 Thread 0x0000020208fab000 Exception <a 'java/net/SocketException'{0x000000070a2b9d98}: Socket is not connected: shutdown> (0x000000070a2b9d98) 
thrown [./open/src/hotspot/share/prims/jni.cpp, line 620]
Event: 1510.014 Thread 0x0000020209345000 Exception <a 'java/net/SocketException'{0x000000070a00c198}: Socket is not connected: shutdown> (0x000000070a00c198) 
thrown [./open/src/hotspot/share/prims/jni.cpp, line 620]
Event: 1511.544 Thread 0x0000020208fab000 Implicit null exception at 0x000002026c21af25 to 0x000002026c21c0d6
Event: 1511.544 Thread 0x0000020208fab000 Exception <a 'java/lang/NullPointerException'{0x0000000709fca420}> (0x0000000709fca420) 
thrown [./open/src/hotspot/share/runtime/sharedRuntime.cpp, line 584]
Event: 1542.048 Thread 0x0000020208fab000 Exception <a 'java/net/SocketException'{0x000000070667f700}: Socket is not connected: shutdown> (0x000000070667f700) 
thrown [./open/src/hotspot/share/prims/jni.cpp, line 620]
Event: 1542.552 Thread 0x0000020209345000 Exception <a 'java/net/SocketException'{0x0000000706500f90}: Socket is not connected: shutdown> (0x0000000706500f90) 
thrown [./open/src/hotspot/share/prims/jni.cpp, line 620]
Event: 1547.670 Thread 0x0000020208fab000 Exception <a 'java/net/SocketException'{0x00000007062dc860}: Socket is not connected: shutdown> (0x00000007062dc860) 
thrown [./open/src/hotspot/share/prims/jni.cpp, line 620]
Event: 1548.176 Thread 0x0000020209345000 Exception <a 'java/net/SocketException'{0x0000000706100fe0}: Socket is not connected: shutdown> (0x0000000706100fe0) 
thrown [./open/src/hotspot/share/prims/jni.cpp, line 620]
Event: 1548.564 Thread 0x0000020208fab000 Exception <a 'java/net/SocketException'{0x0000000705de5380}: Socket is not connected: shutdown> (0x0000000705de5380) 
thrown [./open/src/hotspot/share/prims/jni.cpp, line 620]
Event: 1549.069 Thread 0x0000020209345000 Exception <a 'java/net/SocketException'{0x0000000705b00298}: Socket is not connected: shutdown> (0x0000000705b00298) 
thrown [./open/src/hotspot/share/prims/jni.cpp, line 620]

Events (20 events):
Event: 1548.553 Executing VM operation: HandshakeOneThread done
Event: 1548.568 Thread 0x0000020209135000 Thread added: 0x0000020209135000
Event: 1548.569 Executing VM operation: HandshakeOneThread
Event: 1548.569 Executing VM operation: HandshakeOneThread done
Event: 1548.580 Thread 0x0000020209137800 Thread added: 0x0000020209137800
Event: 1548.580 Thread 0x0000020209137000 Thread added: 0x0000020209137000
Event: 1549.085 Executing VM operation: HandshakeOneThread
Event: 1549.085 Executing VM operation: HandshakeOneThread done
Event: 1549.086 Executing VM operation: BulkRevokeBias
Event: 1549.087 Executing VM operation: BulkRevokeBias done
Event: 1549.087 Executing VM operation: HandshakeOneThread
Event: 1549.087 Executing VM operation: HandshakeOneThread done
Event: 1549.087 Executing VM operation: HandshakeOneThread
Event: 1549.087 Executing VM operation: HandshakeOneThread done
Event: 1549.113 Executing VM operation: HandshakeOneThread
Event: 1549.114 Executing VM operation: HandshakeOneThread done
Event: 1549.140 Thread 0x0000020208f2e000 Thread added: 0x0000020208f2e000
Event: 1549.155 Executing VM operation: HandshakeAllThreads
Event: 1549.156 Executing VM operation: HandshakeAllThreads done
Event: 1549.160 Executing VM operation: CollectForMetadataAllocation


Dynamic libraries:
0x00007ff6bd260000 - 0x00007ff6bd26f000 	C:\Program Files\Java\jdk-14.0.2\bin\java.exe
0x00007ffa05bf0000 - 0x00007ffa05de8000 	C:\WINDOWS\SYSTEM32\ntdll.dll
0x00007ff9f5310000 - 0x00007ff9f5384000 	C:\WINDOWS\System32\verifier.dll
0x00007ff9da6f0000 - 0x00007ff9da7e4000 	C:\WINDOWS\SYSTEM32\PayloadRestrictions.dll
0x00007ffa03650000 - 0x00007ffa03750000 	C:\WINDOWS\System32\ucrtbase.dll
0x00007ffa037f0000 - 0x00007ffa03abe000 	C:\WINDOWS\System32\kernelbase.dll
0x00007ffa03fd0000 - 0x00007ffa0408d000 	C:\WINDOWS\System32\kernel32.dll
0x00007ff9f8d10000 - 0x00007ff9f8d28000 	C:\Program Files\Java\jdk-14.0.2\bin\jli.dll
0x00007ffa03e20000 - 0x00007ffa03ece000 	C:\WINDOWS\System32\ADVAPI32.dll
0x00007ffa04be0000 - 0x00007ffa04c7e000 	C:\WINDOWS\System32\msvcrt.dll
0x00007ffa04e30000 - 0x00007ffa04ecc000 	C:\WINDOWS\System32\sechost.dll
0x00007ffa05950000 - 0x00007ffa05a75000 	C:\WINDOWS\System32\RPCRT4.dll
0x00007ffa05740000 - 0x00007ffa058e0000 	C:\WINDOWS\System32\USER32.dll
0x00007ffa03570000 - 0x00007ffa03592000 	C:\WINDOWS\System32\win32u.dll
0x00007ffa05700000 - 0x00007ffa0572a000 	C:\WINDOWS\System32\GDI32.dll
0x00007ffa03b10000 - 0x00007ffa03c1b000 	C:\WINDOWS\System32\gdi32full.dll
0x00007ffa03750000 - 0x00007ffa037ed000 	C:\WINDOWS\System32\msvcp_win.dll
0x00007ff9f8c20000 - 0x00007ff9f8c35000 	C:\Program Files\Java\jdk-14.0.2\bin\VCRUNTIME140.dll
0x00007ff9edc30000 - 0x00007ff9edeca000 	C:\WINDOWS\WinSxS\amd64_microsoft.windows.common-controls_6595b64144ccf1df_6.0.19041.1110_none_60b5254171f9507e\COMCTL32.dll
0x00007ff9fc950000 - 0x00007ff9fc95a000 	C:\WINDOWS\SYSTEM32\VERSION.dll
0x00007ffa04090000 - 0x00007ffa040c0000 	C:\WINDOWS\System32\IMM32.DLL
0x00007ff9d8dd0000 - 0x00007ff9d8e6b000 	C:\Program Files\Java\jdk-14.0.2\bin\msvcp140.dll
0x00007ff9ce160000 - 0x00007ff9cec7e000 	C:\Program Files\Java\jdk-14.0.2\bin\server\jvm.dll
0x00007ffa04480000 - 0x00007ffa04488000 	C:\WINDOWS\System32\PSAPI.DLL
0x00007ff9fc340000 - 0x00007ff9fc349000 	C:\WINDOWS\SYSTEM32\WSOCK32.dll
0x00007ffa05050000 - 0x00007ffa050bb000 	C:\WINDOWS\System32\WS2_32.dll
0x00007ff9f7f70000 - 0x00007ff9f7f97000 	C:\WINDOWS\SYSTEM32\WINMM.dll
0x00007ffa01230000 - 0x00007ffa01242000 	C:\WINDOWS\SYSTEM32\kernel.appcore.dll
0x00007ff9f9040000 - 0x00007ff9f904a000 	C:\Program Files\Java\jdk-14.0.2\bin\jimage.dll
0x00007ff9f7fa0000 - 0x00007ff9f8184000 	C:\WINDOWS\SYSTEM32\DBGHELP.DLL
0x00007ff9f7f40000 - 0x00007ff9f7f6c000 	C:\WINDOWS\SYSTEM32\dbgcore.DLL
0x00007ffa034e0000 - 0x00007ffa03562000 	C:\WINDOWS\System32\bcryptPrimitives.dll
0x00007ff9eda30000 - 0x00007ff9eda55000 	C:\Program Files\Java\jdk-14.0.2\bin\java.dll
0x00007ff9f8c00000 - 0x00007ff9f8c16000 	C:\Program Files\Java\jdk-14.0.2\bin\zip.dll
0x00007ffa04490000 - 0x00007ffa04bd4000 	C:\WINDOWS\System32\SHELL32.dll
0x00007ffa01430000 - 0x00007ffa01bc4000 	C:\WINDOWS\SYSTEM32\windows.storage.dll
0x00007ffa04120000 - 0x00007ffa04474000 	C:\WINDOWS\System32\combase.dll
0x00007ffa02d00000 - 0x00007ffa02d30000 	C:\WINDOWS\SYSTEM32\Wldp.dll
0x00007ffa04ed0000 - 0x00007ffa04f7d000 	C:\WINDOWS\System32\SHCORE.dll
0x00007ffa040c0000 - 0x00007ffa04115000 	C:\WINDOWS\System32\shlwapi.dll
0x00007ffa03250000 - 0x00007ffa0326f000 	C:\WINDOWS\SYSTEM32\profapi.dll
0x00007ff9f6ad0000 - 0x00007ff9f6ae9000 	C:\Program Files\Java\jdk-14.0.2\bin\net.dll
0x00007ff9fcb40000 - 0x00007ff9fcc4a000 	C:\WINDOWS\SYSTEM32\WINHTTP.dll
0x00007ffa02a60000 - 0x00007ffa02aca000 	C:\WINDOWS\system32\mswsock.dll
0x00007ff9eda10000 - 0x00007ff9eda22000 	C:\Program Files\Java\jdk-14.0.2\bin\nio.dll
0x00007ff9f7c90000 - 0x00007ff9f7c99000 	C:\Program Files\Java\jdk-14.0.2\bin\management.dll
0x00007ff9f6f70000 - 0x00007ff9f6f7b000 	C:\Program Files\Java\jdk-14.0.2\bin\management_ext.dll
0x00007ff9f7b60000 - 0x00007ff9f7b70000 	C:\Program Files\Java\jdk-14.0.2\bin\verify.dll
0x00007ffa02c50000 - 0x00007ffa02c68000 	C:\WINDOWS\SYSTEM32\CRYPTSP.dll
0x00007ffa023e0000 - 0x00007ffa02414000 	C:\WINDOWS\system32\rsaenh.dll
0x00007ffa03c20000 - 0x00007ffa03c47000 	C:\WINDOWS\System32\bcrypt.dll
0x00007ffa031d0000 - 0x00007ffa031fe000 	C:\WINDOWS\SYSTEM32\USERENV.dll
0x00007ffa02c70000 - 0x00007ffa02c7c000 	C:\WINDOWS\SYSTEM32\CRYPTBASE.dll
0x00007ffa02750000 - 0x00007ffa0278b000 	C:\WINDOWS\SYSTEM32\IPHLPAPI.DLL
0x00007ffa058e0000 - 0x00007ffa058e8000 	C:\WINDOWS\System32\NSI.dll
0x00007ff9fe110000 - 0x00007ff9fe127000 	C:\WINDOWS\SYSTEM32\dhcpcsvc6.DLL
0x00007ff9fe0f0000 - 0x00007ff9fe10d000 	C:\WINDOWS\SYSTEM32\dhcpcsvc.DLL
0x00007ffa02790000 - 0x00007ffa0285a000 	C:\WINDOWS\SYSTEM32\DNSAPI.dll
0x00007ff9e4d80000 - 0x00007ff9e4da5000 	C:\Program Files\Java\jdk-14.0.2\bin\sunec.dll
0x00007ff9fdc80000 - 0x00007ff9fdc8a000 	C:\Windows\System32\rasadhlp.dll
0x00007ff9fdf70000 - 0x00007ff9fdff0000 	C:\WINDOWS\System32\fwpuclnt.dll
0x00007ff9f6f60000 - 0x00007ff9f6f6e000 	C:\Program Files\Java\jdk-14.0.2\bin\sunmscapi.dll
0x00007ffa03380000 - 0x00007ffa034d6000 	C:\WINDOWS\System32\CRYPT32.dll
0x00007ffa02d70000 - 0x00007ffa02d97000 	C:\WINDOWS\SYSTEM32\ncrypt.dll
0x00007ffa02d30000 - 0x00007ffa02d6b000 	C:\WINDOWS\SYSTEM32\NTASN1.dll
0x00007ff9fc740000 - 0x00007ff9fc757000 	C:\WINDOWS\system32\napinsp.dll
0x00007ff9fc760000 - 0x00007ff9fc77b000 	C:\WINDOWS\system32\pnrpnsp.dll
0x00007ff9fc780000 - 0x00007ff9fc795000 	C:\WINDOWS\system32\wshbth.dll
0x00007ff9fef40000 - 0x00007ff9fef5d000 	C:\WINDOWS\system32\NLAapi.dll
0x00007ff9fc930000 - 0x00007ff9fc942000 	C:\WINDOWS\System32\winrnr.dll

dbghelp: loaded successfully - version: 4.0.5 - missing functions: none
symbol engine: initialized successfully - sym options: 0x614 - pdb path: .;C:\Program Files\Java\jdk-14.0.2\bin;C:\WINDOWS\SYSTEM32;C:\WINDOWS\WinSxS\amd64_microsoft.windows.common-controls_6595b64144ccf1df_6.0.19041.1110_none_60b5254171f9507e;C:\Program Files\Java\jdk-14.0.2\bin\server

VM Arguments:
jvm_args: -Dfile.encoding=UTF-8 
java_command: C:\Users\vvaidya\AppData\Local\Temp\surefire12196765976958982207\surefirebooter4167172506651952182.jar C:\Users\vvaidya\AppData\Local\Temp\surefire12196765976958982207 2022-10-01T09-25-45_709-jvmRun1 surefire7180563203006861897tmp surefire_012948732067389354579tmp
java_class_path (initial): C:\Users\vvaidya\AppData\Local\Temp\surefire12196765976958982207\surefirebooter4167172506651952182.jar
Launcher Type: SUN_STANDARD

[Global flags]
     intx CICompilerCount                          = 3                                         {product} {ergonomic}
     uint ConcGCThreads                            = 1                                         {product} {ergonomic}
     uint G1ConcRefinementThreads                  = 4                                         {product} {ergonomic}
   size_t G1HeapRegionSize                         = 1048576                                   {product} {ergonomic}
    uintx GCDrainStackTargetSize                   = 64                                        {product} {ergonomic}
   size_t InitialHeapSize                          = 268435456                                 {product} {ergonomic}
   size_t MarkStackSize                            = 4194304                                   {product} {ergonomic}
   size_t MaxHeapSize                              = 4294967296                                {product} {ergonomic}
   size_t MaxNewSize                               = 2576351232                                {product} {ergonomic}
   size_t MinHeapDeltaBytes                        = 1048576                                   {product} {ergonomic}
   size_t MinHeapSize                              = 8388608                                   {product} {ergonomic}
    uintx NonNMethodCodeHeapSize                   = 5832780                                {pd product} {ergonomic}
    uintx NonProfiledCodeHeapSize                  = 122912730                              {pd product} {ergonomic}
    uintx ProfiledCodeHeapSize                     = 122912730                              {pd product} {ergonomic}
    uintx ReservedCodeCacheSize                    = 251658240                              {pd product} {ergonomic}
     bool SegmentedCodeCache                       = true                                      {product} {ergonomic}
   size_t SoftMaxHeapSize                          = 4294967296                             {manageable} {ergonomic}
     bool UseCompressedClassPointers               = true                                 {lp64_product} {ergonomic}
     bool UseCompressedOops                        = true                                 {lp64_product} {ergonomic}
     bool UseG1GC                                  = true                                      {product} {ergonomic}
     bool UseLargePagesIndividualAllocation        = false                                  {pd product} {ergonomic}

Logging:
Log output configuration:
 #0: stdout all=warning uptime,level,tags
 #1: stderr all=off uptime,level,tags

Environment Variables:
PATH=%JAVA_HOME%\bin;C:\WINDOWS\system32;C:\WINDOWS;C:\WINDOWS\System32\Wbem;C:\WINDOWS\System32\WindowsPowerShell\v1.0\;C:\WINDOWS\System32\OpenSSH\;%MAVEN_HOME%\bin;C:\Program Files\TortoiseSVN\bin;C:\Program Files\Git\cmd;C:\Users\vvaidya\AppData\Local\Microsoft\WindowsApps;C:\Program Files\Java\jdk-14.0.2\bin;C:\Program Files\Maven\apache-maven-3.8.4\bin;
USERNAME=vvaidya



---------------  S Y S T E M  ---------------

OS: Windows 10 , 64 bit Build 19041 (10.0.19041.1889)
OS uptime: 39 days 19:18 hours
VMWare virtualization detected

CPU:total 4 (initial active 4) (2 cores per cpu, 1 threads per core) family 6 model 79 stepping 0, cmov, cx8, fxsr, mmx, sse, sse2, sse3, ssse3, sse4.1, sse4.2, popcnt, avx, avx2, aes, clmul, erms, 3dnowpref, lzcnt, tsc, tscinvbit, bmi1, bmi2, adx, fma

Memory: 4k page, system-wide physical 16383M (5960M free)
TotalPageFile size 29110M (AvailPageFile size 1M)
current process WorkingSet (physical memory assigned to process): 327M, peak: 368M
current process commit charge ("private bytes"): 373M, peak: 466M

vm_info: Java HotSpot(TM) 64-Bit Server VM (14.0.2+12-46) for windows-amd64 JRE (14.0.2+12-46), built on Jul  9 2020 00:35:52 by "mach5one" with MS VC++ 15.9 (VS2017)

END.
