#
# There is insufficient memory for the Java Runtime Environment to continue.
# Native memory allocation (malloc) failed to allocate 820192 bytes for Chunk::new
# Possible reasons:
#   The system is out of physical RAM or swap space
#   The process is running with CompressedOops enabled, and the Java Heap may be blocking the growth of the native heap
# Possible solutions:
#   Reduce memory load on the system
#   Increase physical memory or swap space
#   Check if swap backing store is full
#   Decrease Java heap size (-Xmx/-Xms)
#   Decrease number of Java threads
#   Decrease Java thread stack sizes (-Xss)
#   Set larger code cache with -XX:ReservedCodeCacheSize=
#   JVM is running with Zero Based Compressed Oops mode in which the Java heap is
#     placed in the first 32GB address space. The Java Heap base address is the
#     maximum limit for the native heap growth. Please use -XX:HeapBaseMinAddress
#     to set the Java Heap base and to place the Java Heap above 32GB virtual address.
# This output file may be truncated or incomplete.
#
#  Out of Memory Error (./open/src/hotspot/share/memory/arena.cpp:195), pid=15632, tid=24744
#
# JRE version: Java(TM) SE Runtime Environment (14.0.2+12) (build 14.0.2+12-46)
# Java VM: Java HotSpot(TM) 64-Bit Server VM (14.0.2+12-46, mixed mode, sharing, tiered, compressed oops, g1 gc, windows-amd64)
# No core dump will be written. Minidumps are not enabled by default on client versions of Windows
#

---------------  S U M M A R Y ------------

Command Line: -Dfile.encoding=UTF-8 C:\Users\vvaidya\AppData\Local\Temp\surefire12317934954388764188\surefirebooter3690203045443469750.jar C:\Users\vvaidya\AppData\Local\Temp\surefire12317934954388764188 2022-10-25T14-06-58_319-jvmRun1 surefire6946254272920992407tmp surefire_0508473108983193358tmp

Host: Intel(R) Xeon(R) Silver 4116 CPU @ 2.10GHz, 4 cores, 15G,  Windows 10 , 64 bit Build 19041 (10.0.19041.1889)
Time: Tue Oct 25 14:45:48 2022 Mountain Daylight Time elapsed time: 2329 seconds (0d 0h 38m 49s)

---------------  T H R E A D  ---------------

Current thread (0x000001d1f3a06000):  JavaThread "C2 CompilerThread0" daemon [_thread_in_native, id=24744, stack(0x00000071ee100000,0x00000071ee200000)]


Current CompileTask:
C2:2329241 6986 %     4       io.cucumber.cucumberexpressions.TreeRegexp::createGroupBuilder @ 40 (290 bytes)

Stack: [0x00000071ee100000,0x00000071ee200000]
Native frames: (J=compiled Java code, j=interpreted, Vv=VM code, C=native code)
V  [jvm.dll+0x5f8a9a]
V  [jvm.dll+0x74247a]
V  [jvm.dll+0x743c2f]
V  [jvm.dll+0x744273]
V  [jvm.dll+0x20d288]
V  [jvm.dll+0xabb07]
V  [jvm.dll+0xac1fc]
V  [jvm.dll+0x31c495]
V  [jvm.dll+0x2e6b38]
V  [jvm.dll+0x2e5f3a]
V  [jvm.dll+0x1e5e16]
V  [jvm.dll+0x1e50b8]
V  [jvm.dll+0x1779cc]
V  [jvm.dll+0x1f4105]
V  [jvm.dll+0x1f22eb]
V  [jvm.dll+0x7070cd]
V  [jvm.dll+0x6ffeda]
V  [jvm.dll+0x5f78f6]
C  [ucrtbase.dll+0x21bb2]
C  [kernel32.dll+0x17034]
C  [ntdll.dll+0x526a1]


---------------  P R O C E S S  ---------------

Threads class SMR info:
_java_thread_list=0x000001d1f679ba50, length=44, elements={
0x000001d1ce576000, 0x000001d1f39e0800, 0x000001d1f39e2000, 0x000001d1f39fb000,
0x000001d1f39fe000, 0x000001d1f3a01000, 0x000001d1f3a06000, 0x000001d1f3a08000,
0x000001d1f429a000, 0x000001d1f43dd000, 0x000001d1f440c800, 0x000001d1f456a000,
0x000001d1f49b2000, 0x000001d1f799e800, 0x000001d1f78fe800, 0x000001d1f7c41800,
0x000001d1f7685800, 0x000001d1f7688000, 0x000001d1f7684800, 0x000001d1f7689000,
0x000001d1f7cbf800, 0x000001d1f7cbf000, 0x000001d1f7cc1800, 0x000001d1f7cc0800,
0x000001d1f7cbd000, 0x000001d1f7cc2000, 0x000001d1f7cc3000, 0x000001d1f7cbe000,
0x000001d1f7cc5800, 0x000001d1f7cbc800, 0x000001d1f7cc9800, 0x000001d1f7cc6000,
0x000001d1f7cc3800, 0x000001d1f7cc4800, 0x000001d1f7cca800, 0x000001d1f7686800,
0x000001d1f7687000, 0x000001d1f7682800, 0x000001d1f7683000, 0x000001d1f7684000,
0x000001d1f7cc7000, 0x000001d1f7cc8000, 0x000001d1f7cc8800, 0x000001d1f7ccb000
}

Java Threads: ( => current thread )
  0x000001d1ce576000 JavaThread "main" [_thread_blocked, id=7268, stack(0x00000071ed500000,0x00000071ed600000)]
  0x000001d1f39e0800 JavaThread "Reference Handler" daemon [_thread_blocked, id=7512, stack(0x00000071edc00000,0x00000071edd00000)]
  0x000001d1f39e2000 JavaThread "Finalizer" daemon [_thread_blocked, id=17968, stack(0x00000071edd00000,0x00000071ede00000)]
  0x000001d1f39fb000 JavaThread "Signal Dispatcher" daemon [_thread_blocked, id=25520, stack(0x00000071ede00000,0x00000071edf00000)]
  0x000001d1f39fe000 JavaThread "Attach Listener" daemon [_thread_blocked, id=25552, stack(0x00000071edf00000,0x00000071ee000000)]
  0x000001d1f3a01000 JavaThread "Service Thread" daemon [_thread_blocked, id=14340, stack(0x00000071ee000000,0x00000071ee100000)]
=>0x000001d1f3a06000 JavaThread "C2 CompilerThread0" daemon [_thread_in_native, id=24744, stack(0x00000071ee100000,0x00000071ee200000)]
  0x000001d1f3a08000 JavaThread "C1 CompilerThread0" daemon [_thread_blocked, id=18460, stack(0x00000071ee200000,0x00000071ee300000)]
  0x000001d1f429a000 JavaThread "Sweeper thread" daemon [_thread_blocked, id=25108, stack(0x00000071ee300000,0x00000071ee400000)]
  0x000001d1f43dd000 JavaThread "Notification Thread" daemon [_thread_blocked, id=23244, stack(0x00000071ee400000,0x00000071ee500000)]
  0x000001d1f440c800 JavaThread "Common-Cleaner" daemon [_thread_blocked, id=24840, stack(0x00000071ee600000,0x00000071ee700000)]
  0x000001d1f456a000 JavaThread "surefire-forkedjvm-command-thread" daemon [_thread_in_native, id=21288, stack(0x00000071eeb00000,0x00000071eec00000)]
  0x000001d1f49b2000 JavaThread "surefire-forkedjvm-ping-30s" daemon [_thread_blocked, id=24608, stack(0x00000071eec00000,0x00000071eed00000)]
  0x000001d1f799e800 JavaThread "AsyncAppender-Worker-ASYNC_CONSOLE" daemon [_thread_blocked, id=22228, stack(0x00000071eea00000,0x00000071eeb00000)]
  0x000001d1f78fe800 JavaThread "pool-1-thread-1" daemon [_thread_in_Java, id=24064, stack(0x00000071eef00000,0x00000071ef000000)]
  0x000001d1f7c41800 JavaThread "Exec Default Executor" daemon [_thread_in_native, id=21132, stack(0x00000071ef000000,0x00000071ef100000)]
  0x000001d1f7685800 JavaThread "Exec Stream Pumper" daemon [_thread_in_native, id=19004, stack(0x00000071ef300000,0x00000071ef400000)]
  0x000001d1f7688000 JavaThread "Exec Stream Pumper" daemon [_thread_in_native, id=24716, stack(0x00000071ef400000,0x00000071ef500000)]
  0x000001d1f7684800 JavaThread "OkHttp ConnectionPool" daemon [_thread_blocked, id=24492, stack(0x00000071ef500000,0x00000071ef600000)]
  0x000001d1f7689000 JavaThread "Okio Watchdog" daemon [_thread_blocked, id=20632, stack(0x00000071ef900000,0x00000071efa00000)]
  0x000001d1f7cbf800 JavaThread "Exec Default Executor" daemon [_thread_in_native, id=15860, stack(0x00000071efc00000,0x00000071efd00000)]
  0x000001d1f7cbf000 JavaThread "Exec Stream Pumper" daemon [_thread_in_native, id=14756, stack(0x00000071efd00000,0x00000071efe00000)]
  0x000001d1f7cc1800 JavaThread "Exec Stream Pumper" daemon [_thread_in_native, id=24080, stack(0x00000071efe00000,0x00000071eff00000)]
  0x000001d1f7cc0800 JavaThread "Exec Default Executor" daemon [_thread_in_native, id=25060, stack(0x00000071eff00000,0x00000071f0000000)]
  0x000001d1f7cbd000 JavaThread "Exec Stream Pumper" daemon [_thread_in_native, id=19320, stack(0x00000071f0000000,0x00000071f0100000)]
  0x000001d1f7cc2000 JavaThread "Exec Stream Pumper" daemon [_thread_in_native, id=14748, stack(0x00000071f0100000,0x00000071f0200000)]
  0x000001d1f7cc3000 JavaThread "Exec Default Executor" daemon [_thread_in_native, id=8748, stack(0x00000071ef100000,0x00000071ef200000)]
  0x000001d1f7cbe000 JavaThread "Exec Stream Pumper" daemon [_thread_in_native, id=9088, stack(0x00000071ef700000,0x00000071ef800000)]
  0x000001d1f7cc5800 JavaThread "Exec Stream Pumper" daemon [_thread_in_native, id=17224, stack(0x00000071efa00000,0x00000071efb00000)]
  0x000001d1f7cbc800 JavaThread "Exec Default Executor" daemon [_thread_in_native, id=23872, stack(0x00000071eee00000,0x00000071eef00000)]
  0x000001d1f7cc9800 JavaThread "Exec Stream Pumper" daemon [_thread_in_native, id=20036, stack(0x00000071efb00000,0x00000071efc00000)]
  0x000001d1f7cc6000 JavaThread "Exec Stream Pumper" daemon [_thread_in_native, id=21740, stack(0x00000071f0200000,0x00000071f0300000)]
  0x000001d1f7cc3800 JavaThread "Exec Default Executor" daemon [_thread_in_native, id=23976, stack(0x00000071ef200000,0x00000071ef300000)]
  0x000001d1f7cc4800 JavaThread "Exec Stream Pumper" daemon [_thread_in_native, id=24736, stack(0x00000071f0300000,0x00000071f0400000)]
  0x000001d1f7cca800 JavaThread "Exec Stream Pumper" daemon [_thread_in_native, id=360, stack(0x00000071f0500000,0x00000071f0600000)]
  0x000001d1f7686800 JavaThread "ForkJoinPool.commonPool-worker-5" daemon [_thread_blocked, id=19892, stack(0x00000071f0800000,0x00000071f0900000)]
  0x000001d1f7687000 JavaThread "Exec Default Executor" daemon [_thread_in_native, id=17712, stack(0x00000071ef600000,0x00000071ef700000)]
  0x000001d1f7682800 JavaThread "UrlChecker-6" daemon [_thread_blocked, id=8464, stack(0x00000071ef800000,0x00000071ef900000)]
  0x000001d1f7683000 JavaThread "Exec Stream Pumper" daemon [_thread_in_native, id=15112, stack(0x00000071f0600000,0x00000071f0700000)]
  0x000001d1f7684000 JavaThread "Exec Stream Pumper" daemon [_thread_in_native, id=22336, stack(0x00000071f0700000,0x00000071f0800000)]
  0x000001d1f7cc7000 JavaThread "Keep-Alive-Timer" daemon [_thread_blocked, id=23556, stack(0x00000071f0900000,0x00000071f0a00000)]
  0x000001d1f7cc8000 JavaThread "ForkJoinPool.commonPool-worker-7" daemon [_thread_blocked, id=20248, stack(0x00000071f0a00000,0x00000071f0b00000)]
  0x000001d1f7cc8800 JavaThread "ForkJoinPool.commonPool-worker-1" daemon [_thread_blocked, id=25940, stack(0x00000071f0b00000,0x00000071f0c00000)]
  0x000001d1f7ccb000 JavaThread "C2 CompilerThread1" daemon [_thread_blocked, id=25984, stack(0x00000071f0c00000,0x00000071f0d00000)]

Other Threads:
  0x000001d1f39df000 VMThread "VM Thread" [stack: 0x00000071edb00000,0x00000071edc00000] [id=14528]
  0x000001d1f4401800 WatcherThread [stack: 0x00000071ee500000,0x00000071ee600000] [id=19792]
  0x000001d1ce5dd000 GCTaskThread "GC Thread#0" [stack: 0x00000071ed600000,0x00000071ed700000] [id=20196]
  0x000001d1f4418000 GCTaskThread "GC Thread#1" [stack: 0x00000071ee700000,0x00000071ee800000] [id=15588]
  0x000001d1f4418800 GCTaskThread "GC Thread#2" [stack: 0x00000071ee800000,0x00000071ee900000] [id=15020]
  0x000001d1f4421000 GCTaskThread "GC Thread#3" [stack: 0x00000071ee900000,0x00000071eea00000] [id=25148]
  0x000001d1ce5ff000 ConcurrentGCThread "G1 Main Marker" [stack: 0x00000071ed700000,0x00000071ed800000] [id=968]
  0x000001d1ce600000 ConcurrentGCThread "G1 Conc#0" [stack: 0x00000071ed800000,0x00000071ed900000] [id=16264]
  0x000001d1f38cb800 ConcurrentGCThread "G1 Refine#0" [stack: 0x00000071ed900000,0x00000071eda00000] [id=14896]
  0x000001d1f5e88800 ConcurrentGCThread "G1 Refine#1" [stack: 0x00000071eed00000,0x00000071eee00000] [id=14020]
  0x000001d1f38cf000 ConcurrentGCThread "G1 Young RemSet Sampling" [stack: 0x00000071eda00000,0x00000071edb00000] [id=23728]

Threads with active compile tasks:
C2 CompilerThread0  2329380 6986 %     4       io.cucumber.cucumberexpressions.TreeRegexp::createGroupBuilder @ 40 (290 bytes)

VM state:not at safepoint (normal execution)

VM Mutex/Monitor currently owned by a thread: None

Heap address: 0x0000000700000000, size: 4096 MB, Compressed Oops mode: Zero based, Oop shift amount: 3
Narrow klass base: 0x0000000800000000, Narrow klass shift: 3
Compressed class space size: 1073741824 Address: 0x0000000800b30000

Heap:
 garbage-first heap   total 211968K, used 86196K [0x0000000700000000, 0x0000000800000000)
  region size 1024K, 32 young (32768K), 4 survivors (4096K)
 Metaspace       used 35848K, capacity 37017K, committed 37120K, reserved 1081344K
  class space    used 4092K, capacity 4547K, committed 4608K, reserved 1048576K
Heap Regions: E=young(eden), S=young(survivor), O=old, HS=humongous(starts), HC=humongous(continues), CS=collection set, F=free, OA=open archive, CA=closed archive, TAMS=top-at-mark-start (previous, next)
|   0|0x0000000700000000, 0x0000000700100000, 0x0000000700100000|100%|HS|  |TAMS 0x0000000700100000, 0x0000000700000000| Complete 
|   1|0x0000000700100000, 0x0000000700200000, 0x0000000700200000|100%| O|  |TAMS 0x0000000700200000, 0x0000000700100000| Untracked 
|   2|0x0000000700200000, 0x0000000700300000, 0x0000000700300000|100%| O|  |TAMS 0x0000000700300000, 0x0000000700200000| Untracked 
|   3|0x0000000700300000, 0x0000000700400000, 0x0000000700400000|100%| O|  |TAMS 0x0000000700400000, 0x0000000700300000| Untracked 
|   4|0x0000000700400000, 0x0000000700500000, 0x0000000700500000|100%|HS|  |TAMS 0x0000000700500000, 0x0000000700400000| Complete 
|   5|0x0000000700500000, 0x0000000700600000, 0x0000000700600000|100%|HC|  |TAMS 0x0000000700600000, 0x0000000700500000| Complete 
|   6|0x0000000700600000, 0x0000000700700000, 0x0000000700700000|100%|HS|  |TAMS 0x0000000700700000, 0x0000000700600000| Complete 
|   7|0x0000000700700000, 0x0000000700800000, 0x0000000700800000|100%|HS|  |TAMS 0x0000000700800000, 0x0000000700700000| Complete 
|   8|0x0000000700800000, 0x0000000700900000, 0x0000000700900000|100%| O|  |TAMS 0x0000000700900000, 0x0000000700800000| Untracked 
|   9|0x0000000700900000, 0x0000000700a00000, 0x0000000700a00000|100%| O|  |TAMS 0x0000000700a00000, 0x0000000700900000| Untracked 
|  10|0x0000000700a00000, 0x0000000700b00000, 0x0000000700b00000|100%| O|  |TAMS 0x0000000700b00000, 0x0000000700a00000| Untracked 
|  11|0x0000000700b00000, 0x0000000700c00000, 0x0000000700c00000|100%| O|  |TAMS 0x0000000700c00000, 0x0000000700b00000| Untracked 
|  12|0x0000000700c00000, 0x0000000700d00000, 0x0000000700d00000|100%| O|  |TAMS 0x0000000700d00000, 0x0000000700c00000| Untracked 
|  13|0x0000000700d00000, 0x0000000700e00000, 0x0000000700e00000|100%| O|  |TAMS 0x0000000700e00000, 0x0000000700d00000| Untracked 
|  14|0x0000000700e00000, 0x0000000700f00000, 0x0000000700f00000|100%| O|  |TAMS 0x0000000700f00000, 0x0000000700e00000| Untracked 
|  15|0x0000000700f00000, 0x0000000701000000, 0x0000000701000000|100%| O|  |TAMS 0x0000000701000000, 0x0000000700f00000| Untracked 
|  16|0x0000000701000000, 0x0000000701100000, 0x0000000701100000|100%| O|  |TAMS 0x0000000701100000, 0x0000000701000000| Untracked 
|  17|0x0000000701100000, 0x0000000701200000, 0x0000000701200000|100%| O|  |TAMS 0x0000000701200000, 0x0000000701100000| Untracked 
|  18|0x0000000701200000, 0x0000000701300000, 0x0000000701300000|100%| O|  |TAMS 0x0000000701300000, 0x0000000701200000| Untracked 
|  19|0x0000000701300000, 0x0000000701400000, 0x0000000701400000|100%| O|  |TAMS 0x0000000701400000, 0x0000000701300000| Untracked 
|  20|0x0000000701400000, 0x0000000701500000, 0x0000000701500000|100%| O|  |TAMS 0x0000000701500000, 0x0000000701400000| Untracked 
|  21|0x0000000701500000, 0x0000000701600000, 0x0000000701600000|100%| O|  |TAMS 0x0000000701600000, 0x0000000701500000| Untracked 
|  22|0x0000000701600000, 0x0000000701700000, 0x0000000701700000|100%| O|  |TAMS 0x0000000701700000, 0x0000000701600000| Untracked 
|  23|0x0000000701700000, 0x0000000701800000, 0x0000000701800000|100%| O|  |TAMS 0x0000000701800000, 0x0000000701700000| Untracked 
|  24|0x0000000701800000, 0x0000000701900000, 0x0000000701900000|100%| O|  |TAMS 0x0000000701900000, 0x0000000701800000| Untracked 
|  25|0x0000000701900000, 0x0000000701a00000, 0x0000000701a00000|100%| O|  |TAMS 0x0000000701a00000, 0x0000000701900000| Untracked 
|  26|0x0000000701a00000, 0x0000000701b00000, 0x0000000701b00000|100%| O|  |TAMS 0x0000000701b00000, 0x0000000701a00000| Untracked 
|  27|0x0000000701b00000, 0x0000000701c00000, 0x0000000701c00000|100%| O|  |TAMS 0x0000000701c00000, 0x0000000701b00000| Untracked 
|  28|0x0000000701c00000, 0x0000000701d00000, 0x0000000701d00000|100%| O|  |TAMS 0x0000000701d00000, 0x0000000701c00000| Untracked 
|  29|0x0000000701d00000, 0x0000000701e00000, 0x0000000701e00000|100%| O|  |TAMS 0x0000000701e00000, 0x0000000701d00000| Untracked 
|  30|0x0000000701e00000, 0x0000000701f00000, 0x0000000701f00000|100%| O|  |TAMS 0x0000000701f00000, 0x0000000701e00000| Untracked 
|  31|0x0000000701f00000, 0x0000000702000000, 0x0000000702000000|100%| O|  |TAMS 0x0000000702000000, 0x0000000701f00000| Untracked 
|  32|0x0000000702000000, 0x0000000702100000, 0x0000000702100000|100%| O|  |TAMS 0x0000000702100000, 0x0000000702000000| Untracked 
|  33|0x0000000702100000, 0x0000000702200000, 0x0000000702200000|100%| O|  |TAMS 0x0000000702200000, 0x0000000702100000| Untracked 
|  34|0x0000000702200000, 0x0000000702300000, 0x0000000702300000|100%| O|  |TAMS 0x0000000702300000, 0x0000000702200000| Untracked 
|  35|0x0000000702300000, 0x0000000702400000, 0x0000000702400000|100%| O|  |TAMS 0x0000000702400000, 0x0000000702300000| Untracked 
|  36|0x0000000702400000, 0x0000000702500000, 0x0000000702500000|100%| O|  |TAMS 0x0000000702500000, 0x0000000702400000| Untracked 
|  37|0x0000000702500000, 0x0000000702600000, 0x0000000702600000|100%| O|  |TAMS 0x0000000702600000, 0x0000000702500000| Untracked 
|  38|0x0000000702600000, 0x0000000702700000, 0x0000000702700000|100%| O|  |TAMS 0x0000000702700000, 0x0000000702600000| Untracked 
|  39|0x0000000702700000, 0x0000000702800000, 0x0000000702800000|100%| O|  |TAMS 0x0000000702800000, 0x0000000702700000| Untracked 
|  40|0x0000000702800000, 0x0000000702852c00, 0x0000000702900000| 32%| O|  |TAMS 0x0000000702852c00, 0x0000000702800000| Untracked 
|  41|0x0000000702900000, 0x00000007029f9400, 0x0000000702a00000| 97%| O|  |TAMS 0x00000007029f9400, 0x0000000702900000| Untracked 
|  42|0x0000000702a00000, 0x0000000702b00000, 0x0000000702b00000|100%| O|  |TAMS 0x0000000702a00000, 0x0000000702a00000| Untracked 
|  43|0x0000000702b00000, 0x0000000702c00000, 0x0000000702c00000|100%| O|  |TAMS 0x0000000702b00000, 0x0000000702b00000| Untracked 
|  44|0x0000000702c00000, 0x0000000702d00000, 0x0000000702d00000|100%| O|  |TAMS 0x0000000702c00000, 0x0000000702c00000| Untracked 
|  45|0x0000000702d00000, 0x0000000702e00000, 0x0000000702e00000|100%| O|  |TAMS 0x0000000702d00000, 0x0000000702d00000| Untracked 
|  46|0x0000000702e00000, 0x0000000702f00000, 0x0000000702f00000|100%| O|  |TAMS 0x0000000702e00000, 0x0000000702e00000| Untracked 
|  47|0x0000000702f00000, 0x0000000703000000, 0x0000000703000000|100%| O|  |TAMS 0x0000000702f00000, 0x0000000702f00000| Untracked 
|  48|0x0000000703000000, 0x0000000703077200, 0x0000000703100000| 46%| O|  |TAMS 0x0000000703000000, 0x0000000703000000| Untracked 
|  49|0x0000000703100000, 0x0000000703100000, 0x0000000703200000|  0%| F|  |TAMS 0x0000000703100000, 0x0000000703100000| Untracked 
|  50|0x0000000703200000, 0x0000000703200000, 0x0000000703300000|  0%| F|  |TAMS 0x0000000703200000, 0x0000000703200000| Untracked 
|  51|0x0000000703300000, 0x0000000703300000, 0x0000000703400000|  0%| F|  |TAMS 0x0000000703300000, 0x0000000703300000| Untracked 
|  52|0x0000000703400000, 0x0000000703400000, 0x0000000703500000|  0%| F|  |TAMS 0x0000000703400000, 0x0000000703400000| Untracked 
|  53|0x0000000703500000, 0x0000000703500000, 0x0000000703600000|  0%| F|  |TAMS 0x0000000703500000, 0x0000000703500000| Untracked 
|  54|0x0000000703600000, 0x0000000703600000, 0x0000000703700000|  0%| F|  |TAMS 0x0000000703600000, 0x0000000703600000| Untracked 
|  55|0x0000000703700000, 0x0000000703700000, 0x0000000703800000|  0%| F|  |TAMS 0x0000000703700000, 0x0000000703700000| Untracked 
|  56|0x0000000703800000, 0x0000000703800000, 0x0000000703900000|  0%| F|  |TAMS 0x0000000703800000, 0x0000000703800000| Untracked 
|  57|0x0000000703900000, 0x0000000703900000, 0x0000000703a00000|  0%| F|  |TAMS 0x0000000703900000, 0x0000000703900000| Untracked 
|  58|0x0000000703a00000, 0x0000000703a00000, 0x0000000703b00000|  0%| F|  |TAMS 0x0000000703a00000, 0x0000000703a00000| Untracked 
|  59|0x0000000703b00000, 0x0000000703b00000, 0x0000000703c00000|  0%| F|  |TAMS 0x0000000703b00000, 0x0000000703b00000| Untracked 
|  60|0x0000000703c00000, 0x0000000703c00000, 0x0000000703d00000|  0%| F|  |TAMS 0x0000000703c00000, 0x0000000703c00000| Untracked 
|  61|0x0000000703d00000, 0x0000000703d00000, 0x0000000703e00000|  0%| F|  |TAMS 0x0000000703d00000, 0x0000000703d00000| Untracked 
|  62|0x0000000703e00000, 0x0000000703e00000, 0x0000000703f00000|  0%| F|  |TAMS 0x0000000703e00000, 0x0000000703e00000| Untracked 
|  63|0x0000000703f00000, 0x0000000703f00000, 0x0000000704000000|  0%| F|  |TAMS 0x0000000703f00000, 0x0000000703f00000| Untracked 
|  64|0x0000000704000000, 0x0000000704000000, 0x0000000704100000|  0%| F|  |TAMS 0x0000000704000000, 0x0000000704000000| Untracked 
|  65|0x0000000704100000, 0x0000000704100000, 0x0000000704200000|  0%| F|  |TAMS 0x0000000704100000, 0x0000000704100000| Untracked 
|  66|0x0000000704200000, 0x0000000704200000, 0x0000000704300000|  0%| F|  |TAMS 0x0000000704200000, 0x0000000704200000| Untracked 
|  67|0x0000000704300000, 0x0000000704300000, 0x0000000704400000|  0%| F|  |TAMS 0x0000000704300000, 0x0000000704300000| Untracked 
|  68|0x0000000704400000, 0x0000000704400000, 0x0000000704500000|  0%| F|  |TAMS 0x0000000704400000, 0x0000000704400000| Untracked 
|  69|0x0000000704500000, 0x0000000704500000, 0x0000000704600000|  0%| F|  |TAMS 0x0000000704500000, 0x0000000704500000| Untracked 
|  70|0x0000000704600000, 0x0000000704600000, 0x0000000704700000|  0%| F|  |TAMS 0x0000000704600000, 0x0000000704600000| Untracked 
|  71|0x0000000704700000, 0x0000000704700000, 0x0000000704800000|  0%| F|  |TAMS 0x0000000704700000, 0x0000000704700000| Untracked 
|  72|0x0000000704800000, 0x0000000704800000, 0x0000000704900000|  0%| F|  |TAMS 0x0000000704800000, 0x0000000704800000| Untracked 
|  73|0x0000000704900000, 0x0000000704900000, 0x0000000704a00000|  0%| F|  |TAMS 0x0000000704900000, 0x0000000704900000| Untracked 
|  74|0x0000000704a00000, 0x0000000704a00000, 0x0000000704b00000|  0%| F|  |TAMS 0x0000000704a00000, 0x0000000704a00000| Untracked 
|  75|0x0000000704b00000, 0x0000000704b6a1f0, 0x0000000704c00000| 41%| S|CS|TAMS 0x0000000704b00000, 0x0000000704b00000| Complete 
|  76|0x0000000704c00000, 0x0000000704d00000, 0x0000000704d00000|100%| S|CS|TAMS 0x0000000704c00000, 0x0000000704c00000| Complete 
|  77|0x0000000704d00000, 0x0000000704e00000, 0x0000000704e00000|100%| S|CS|TAMS 0x0000000704d00000, 0x0000000704d00000| Complete 
|  78|0x0000000704e00000, 0x0000000704f00000, 0x0000000704f00000|100%| S|CS|TAMS 0x0000000704e00000, 0x0000000704e00000| Complete 
|  79|0x0000000704f00000, 0x0000000704f00000, 0x0000000705000000|  0%| F|  |TAMS 0x0000000704f00000, 0x0000000704f00000| Untracked 
|  80|0x0000000705000000, 0x0000000705000000, 0x0000000705100000|  0%| F|  |TAMS 0x0000000705000000, 0x0000000705000000| Untracked 
|  81|0x0000000705100000, 0x0000000705100000, 0x0000000705200000|  0%| F|  |TAMS 0x0000000705100000, 0x0000000705100000| Untracked 
|  82|0x0000000705200000, 0x0000000705200000, 0x0000000705300000|  0%| F|  |TAMS 0x0000000705200000, 0x0000000705200000| Untracked 
|  83|0x0000000705300000, 0x0000000705300000, 0x0000000705400000|  0%| F|  |TAMS 0x0000000705300000, 0x0000000705300000| Untracked 
|  84|0x0000000705400000, 0x0000000705400000, 0x0000000705500000|  0%| F|  |TAMS 0x0000000705400000, 0x0000000705400000| Untracked 
|  85|0x0000000705500000, 0x0000000705500000, 0x0000000705600000|  0%| F|  |TAMS 0x0000000705500000, 0x0000000705500000| Untracked 
|  86|0x0000000705600000, 0x0000000705600000, 0x0000000705700000|  0%| F|  |TAMS 0x0000000705600000, 0x0000000705600000| Untracked 
|  87|0x0000000705700000, 0x0000000705700000, 0x0000000705800000|  0%| F|  |TAMS 0x0000000705700000, 0x0000000705700000| Untracked 
|  88|0x0000000705800000, 0x0000000705800000, 0x0000000705900000|  0%| F|  |TAMS 0x0000000705800000, 0x0000000705800000| Untracked 
|  89|0x0000000705900000, 0x0000000705900000, 0x0000000705a00000|  0%| F|  |TAMS 0x0000000705900000, 0x0000000705900000| Untracked 
|  90|0x0000000705a00000, 0x0000000705a00000, 0x0000000705b00000|  0%| F|  |TAMS 0x0000000705a00000, 0x0000000705a00000| Untracked 
|  91|0x0000000705b00000, 0x0000000705b00000, 0x0000000705c00000|  0%| F|  |TAMS 0x0000000705b00000, 0x0000000705b00000| Untracked 
|  92|0x0000000705c00000, 0x0000000705c00000, 0x0000000705d00000|  0%| F|  |TAMS 0x0000000705c00000, 0x0000000705c00000| Untracked 
|  93|0x0000000705d00000, 0x0000000705d00000, 0x0000000705e00000|  0%| F|  |TAMS 0x0000000705d00000, 0x0000000705d00000| Untracked 
|  94|0x0000000705e00000, 0x0000000705e00000, 0x0000000705f00000|  0%| F|  |TAMS 0x0000000705e00000, 0x0000000705e00000| Untracked 
|  95|0x0000000705f00000, 0x0000000705f00000, 0x0000000706000000|  0%| F|  |TAMS 0x0000000705f00000, 0x0000000705f00000| Untracked 
|  96|0x0000000706000000, 0x0000000706000000, 0x0000000706100000|  0%| F|  |TAMS 0x0000000706000000, 0x0000000706000000| Untracked 
|  97|0x0000000706100000, 0x0000000706100000, 0x0000000706200000|  0%| F|  |TAMS 0x0000000706100000, 0x0000000706100000| Untracked 
|  98|0x0000000706200000, 0x0000000706200000, 0x0000000706300000|  0%| F|  |TAMS 0x0000000706200000, 0x0000000706200000| Untracked 
|  99|0x0000000706300000, 0x0000000706300000, 0x0000000706400000|  0%| F|  |TAMS 0x0000000706300000, 0x0000000706300000| Untracked 
| 100|0x0000000706400000, 0x0000000706400000, 0x0000000706500000|  0%| F|  |TAMS 0x0000000706400000, 0x0000000706400000| Untracked 
| 101|0x0000000706500000, 0x0000000706500000, 0x0000000706600000|  0%| F|  |TAMS 0x0000000706500000, 0x0000000706500000| Untracked 
| 102|0x0000000706600000, 0x0000000706600000, 0x0000000706700000|  0%| F|  |TAMS 0x0000000706600000, 0x0000000706600000| Untracked 
| 103|0x0000000706700000, 0x0000000706700000, 0x0000000706800000|  0%| F|  |TAMS 0x0000000706700000, 0x0000000706700000| Untracked 
| 104|0x0000000706800000, 0x0000000706800000, 0x0000000706900000|  0%| F|  |TAMS 0x0000000706800000, 0x0000000706800000| Untracked 
| 105|0x0000000706900000, 0x0000000706900000, 0x0000000706a00000|  0%| F|  |TAMS 0x0000000706900000, 0x0000000706900000| Untracked 
| 106|0x0000000706a00000, 0x0000000706a00000, 0x0000000706b00000|  0%| F|  |TAMS 0x0000000706a00000, 0x0000000706a00000| Untracked 
| 107|0x0000000706b00000, 0x0000000706b00000, 0x0000000706c00000|  0%| F|  |TAMS 0x0000000706b00000, 0x0000000706b00000| Untracked 
| 108|0x0000000706c00000, 0x0000000706c00000, 0x0000000706d00000|  0%| F|  |TAMS 0x0000000706c00000, 0x0000000706c00000| Untracked 
| 109|0x0000000706d00000, 0x0000000706d00000, 0x0000000706e00000|  0%| F|  |TAMS 0x0000000706d00000, 0x0000000706d00000| Untracked 
| 110|0x0000000706e00000, 0x0000000706e00000, 0x0000000706f00000|  0%| F|  |TAMS 0x0000000706e00000, 0x0000000706e00000| Untracked 
| 111|0x0000000706f00000, 0x0000000706f00000, 0x0000000707000000|  0%| F|  |TAMS 0x0000000706f00000, 0x0000000706f00000| Untracked 
| 112|0x0000000707000000, 0x0000000707000000, 0x0000000707100000|  0%| F|  |TAMS 0x0000000707000000, 0x0000000707000000| Untracked 
| 113|0x0000000707100000, 0x0000000707100000, 0x0000000707200000|  0%| F|  |TAMS 0x0000000707100000, 0x0000000707100000| Untracked 
| 114|0x0000000707200000, 0x0000000707200000, 0x0000000707300000|  0%| F|  |TAMS 0x0000000707200000, 0x0000000707200000| Untracked 
| 115|0x0000000707300000, 0x0000000707300000, 0x0000000707400000|  0%| F|  |TAMS 0x0000000707300000, 0x0000000707300000| Untracked 
| 116|0x0000000707400000, 0x0000000707400000, 0x0000000707500000|  0%| F|  |TAMS 0x0000000707400000, 0x0000000707400000| Untracked 
| 117|0x0000000707500000, 0x0000000707500000, 0x0000000707600000|  0%| F|  |TAMS 0x0000000707500000, 0x0000000707500000| Untracked 
| 118|0x0000000707600000, 0x0000000707600000, 0x0000000707700000|  0%| F|  |TAMS 0x0000000707600000, 0x0000000707600000| Untracked 
| 119|0x0000000707700000, 0x0000000707700000, 0x0000000707800000|  0%| F|  |TAMS 0x0000000707700000, 0x0000000707700000| Untracked 
| 120|0x0000000707800000, 0x0000000707800000, 0x0000000707900000|  0%| F|  |TAMS 0x0000000707800000, 0x0000000707800000| Untracked 
| 121|0x0000000707900000, 0x0000000707900000, 0x0000000707a00000|  0%| F|  |TAMS 0x0000000707900000, 0x0000000707900000| Untracked 
| 122|0x0000000707a00000, 0x0000000707a00000, 0x0000000707b00000|  0%| F|  |TAMS 0x0000000707a00000, 0x0000000707a00000| Untracked 
| 123|0x0000000707b00000, 0x0000000707b00000, 0x0000000707c00000|  0%| F|  |TAMS 0x0000000707b00000, 0x0000000707b00000| Untracked 
| 124|0x0000000707c00000, 0x0000000707c00000, 0x0000000707d00000|  0%| F|  |TAMS 0x0000000707c00000, 0x0000000707c00000| Untracked 
| 125|0x0000000707d00000, 0x0000000707d00000, 0x0000000707e00000|  0%| F|  |TAMS 0x0000000707d00000, 0x0000000707d00000| Untracked 
| 126|0x0000000707e00000, 0x0000000707e00000, 0x0000000707f00000|  0%| F|  |TAMS 0x0000000707e00000, 0x0000000707e00000| Untracked 
| 127|0x0000000707f00000, 0x0000000707f00000, 0x0000000708000000|  0%| F|  |TAMS 0x0000000707f00000, 0x0000000707f00000| Untracked 
| 128|0x0000000708000000, 0x0000000708000000, 0x0000000708100000|  0%| F|  |TAMS 0x0000000708000000, 0x0000000708000000| Untracked 
| 129|0x0000000708100000, 0x0000000708100000, 0x0000000708200000|  0%| F|  |TAMS 0x0000000708100000, 0x0000000708100000| Untracked 
| 130|0x0000000708200000, 0x0000000708200000, 0x0000000708300000|  0%| F|  |TAMS 0x0000000708200000, 0x0000000708200000| Untracked 
| 131|0x0000000708300000, 0x0000000708300000, 0x0000000708400000|  0%| F|  |TAMS 0x0000000708300000, 0x0000000708300000| Untracked 
| 132|0x0000000708400000, 0x0000000708400000, 0x0000000708500000|  0%| F|  |TAMS 0x0000000708400000, 0x0000000708400000| Untracked 
| 133|0x0000000708500000, 0x0000000708500000, 0x0000000708600000|  0%| F|  |TAMS 0x0000000708500000, 0x0000000708500000| Untracked 
| 134|0x0000000708600000, 0x0000000708600000, 0x0000000708700000|  0%| F|  |TAMS 0x0000000708600000, 0x0000000708600000| Untracked 
| 135|0x0000000708700000, 0x0000000708700000, 0x0000000708800000|  0%| F|  |TAMS 0x0000000708700000, 0x0000000708700000| Untracked 
| 136|0x0000000708800000, 0x0000000708800000, 0x0000000708900000|  0%| F|  |TAMS 0x0000000708800000, 0x0000000708800000| Untracked 
| 137|0x0000000708900000, 0x0000000708900000, 0x0000000708a00000|  0%| F|  |TAMS 0x0000000708900000, 0x0000000708900000| Untracked 
| 138|0x0000000708a00000, 0x0000000708a00000, 0x0000000708b00000|  0%| F|  |TAMS 0x0000000708a00000, 0x0000000708a00000| Untracked 
| 139|0x0000000708b00000, 0x0000000708b00000, 0x0000000708c00000|  0%| F|  |TAMS 0x0000000708b00000, 0x0000000708b00000| Untracked 
| 140|0x0000000708c00000, 0x0000000708c00000, 0x0000000708d00000|  0%| F|  |TAMS 0x0000000708c00000, 0x0000000708c00000| Untracked 
| 141|0x0000000708d00000, 0x0000000708d00000, 0x0000000708e00000|  0%| F|  |TAMS 0x0000000708d00000, 0x0000000708d00000| Untracked 
| 142|0x0000000708e00000, 0x0000000708e00000, 0x0000000708f00000|  0%| F|  |TAMS 0x0000000708e00000, 0x0000000708e00000| Untracked 
| 143|0x0000000708f00000, 0x0000000708f00000, 0x0000000709000000|  0%| F|  |TAMS 0x0000000708f00000, 0x0000000708f00000| Untracked 
| 144|0x0000000709000000, 0x0000000709000000, 0x0000000709100000|  0%| F|  |TAMS 0x0000000709000000, 0x0000000709000000| Untracked 
| 145|0x0000000709100000, 0x0000000709100000, 0x0000000709200000|  0%| F|  |TAMS 0x0000000709100000, 0x0000000709100000| Untracked 
| 146|0x0000000709200000, 0x0000000709200000, 0x0000000709300000|  0%| F|  |TAMS 0x0000000709200000, 0x0000000709200000| Untracked 
| 147|0x0000000709300000, 0x0000000709300000, 0x0000000709400000|  0%| F|  |TAMS 0x0000000709300000, 0x0000000709300000| Untracked 
| 148|0x0000000709400000, 0x0000000709400000, 0x0000000709500000|  0%| F|  |TAMS 0x0000000709400000, 0x0000000709400000| Untracked 
| 149|0x0000000709500000, 0x0000000709500000, 0x0000000709600000|  0%| F|  |TAMS 0x0000000709500000, 0x0000000709500000| Untracked 
| 150|0x0000000709600000, 0x0000000709600000, 0x0000000709700000|  0%| F|  |TAMS 0x0000000709600000, 0x0000000709600000| Untracked 
| 151|0x0000000709700000, 0x0000000709700000, 0x0000000709800000|  0%| F|  |TAMS 0x0000000709700000, 0x0000000709700000| Untracked 
| 152|0x0000000709800000, 0x0000000709800000, 0x0000000709900000|  0%| F|  |TAMS 0x0000000709800000, 0x0000000709800000| Untracked 
| 153|0x0000000709900000, 0x0000000709900000, 0x0000000709a00000|  0%| F|  |TAMS 0x0000000709900000, 0x0000000709900000| Untracked 
| 154|0x0000000709a00000, 0x0000000709a00000, 0x0000000709b00000|  0%| F|  |TAMS 0x0000000709a00000, 0x0000000709a00000| Untracked 
| 155|0x0000000709b00000, 0x0000000709b00000, 0x0000000709c00000|  0%| F|  |TAMS 0x0000000709b00000, 0x0000000709b00000| Untracked 
| 156|0x0000000709c00000, 0x0000000709c00000, 0x0000000709d00000|  0%| F|  |TAMS 0x0000000709c00000, 0x0000000709c00000| Untracked 
| 157|0x0000000709d00000, 0x0000000709d00000, 0x0000000709e00000|  0%| F|  |TAMS 0x0000000709d00000, 0x0000000709d00000| Untracked 
| 158|0x0000000709e00000, 0x0000000709e00000, 0x0000000709f00000|  0%| F|  |TAMS 0x0000000709e00000, 0x0000000709e00000| Untracked 
| 159|0x0000000709f00000, 0x0000000709f00000, 0x000000070a000000|  0%| F|  |TAMS 0x0000000709f00000, 0x0000000709f00000| Untracked 
| 160|0x000000070a000000, 0x000000070a000000, 0x000000070a100000|  0%| F|  |TAMS 0x000000070a000000, 0x000000070a000000| Untracked 
| 161|0x000000070a100000, 0x000000070a100000, 0x000000070a200000|  0%| F|  |TAMS 0x000000070a100000, 0x000000070a100000| Untracked 
| 162|0x000000070a200000, 0x000000070a200000, 0x000000070a300000|  0%| F|  |TAMS 0x000000070a200000, 0x000000070a200000| Untracked 
| 163|0x000000070a300000, 0x000000070a300000, 0x000000070a400000|  0%| F|  |TAMS 0x000000070a300000, 0x000000070a300000| Untracked 
| 164|0x000000070a400000, 0x000000070a400000, 0x000000070a500000|  0%| F|  |TAMS 0x000000070a400000, 0x000000070a400000| Untracked 
| 165|0x000000070a500000, 0x000000070a500000, 0x000000070a600000|  0%| F|  |TAMS 0x000000070a500000, 0x000000070a500000| Untracked 
| 166|0x000000070a600000, 0x000000070a600000, 0x000000070a700000|  0%| F|  |TAMS 0x000000070a600000, 0x000000070a600000| Untracked 
| 167|0x000000070a700000, 0x000000070a700000, 0x000000070a800000|  0%| F|  |TAMS 0x000000070a700000, 0x000000070a700000| Untracked 
| 168|0x000000070a800000, 0x000000070a800000, 0x000000070a900000|  0%| F|  |TAMS 0x000000070a800000, 0x000000070a800000| Untracked 
| 169|0x000000070a900000, 0x000000070a900000, 0x000000070aa00000|  0%| F|  |TAMS 0x000000070a900000, 0x000000070a900000| Untracked 
| 170|0x000000070aa00000, 0x000000070aa00000, 0x000000070ab00000|  0%| F|  |TAMS 0x000000070aa00000, 0x000000070aa00000| Untracked 
| 171|0x000000070ab00000, 0x000000070ab00000, 0x000000070ac00000|  0%| F|  |TAMS 0x000000070ab00000, 0x000000070ab00000| Untracked 
| 172|0x000000070ac00000, 0x000000070ad00000, 0x000000070ad00000|100%| E|  |TAMS 0x000000070ac00000, 0x000000070ac00000| Complete 
| 173|0x000000070ad00000, 0x000000070ae00000, 0x000000070ae00000|100%| E|CS|TAMS 0x000000070ad00000, 0x000000070ad00000| Complete 
| 174|0x000000070ae00000, 0x000000070af00000, 0x000000070af00000|100%| E|CS|TAMS 0x000000070ae00000, 0x000000070ae00000| Complete 
| 175|0x000000070af00000, 0x000000070b000000, 0x000000070b000000|100%| E|CS|TAMS 0x000000070af00000, 0x000000070af00000| Complete 
| 176|0x000000070b000000, 0x000000070b100000, 0x000000070b100000|100%| E|CS|TAMS 0x000000070b000000, 0x000000070b000000| Complete 
| 177|0x000000070b100000, 0x000000070b200000, 0x000000070b200000|100%| E|CS|TAMS 0x000000070b100000, 0x000000070b100000| Complete 
| 178|0x000000070b200000, 0x000000070b300000, 0x000000070b300000|100%| E|CS|TAMS 0x000000070b200000, 0x000000070b200000| Complete 
| 179|0x000000070b300000, 0x000000070b400000, 0x000000070b400000|100%| E|CS|TAMS 0x000000070b300000, 0x000000070b300000| Complete 
| 180|0x000000070b400000, 0x000000070b500000, 0x000000070b500000|100%| E|CS|TAMS 0x000000070b400000, 0x000000070b400000| Complete 
| 181|0x000000070b500000, 0x000000070b600000, 0x000000070b600000|100%| E|CS|TAMS 0x000000070b500000, 0x000000070b500000| Complete 
| 182|0x000000070b600000, 0x000000070b700000, 0x000000070b700000|100%| E|CS|TAMS 0x000000070b600000, 0x000000070b600000| Complete 
| 183|0x000000070b700000, 0x000000070b800000, 0x000000070b800000|100%| E|CS|TAMS 0x000000070b700000, 0x000000070b700000| Complete 
| 184|0x000000070b800000, 0x000000070b900000, 0x000000070b900000|100%| E|CS|TAMS 0x000000070b800000, 0x000000070b800000| Complete 
| 185|0x000000070b900000, 0x000000070ba00000, 0x000000070ba00000|100%| E|CS|TAMS 0x000000070b900000, 0x000000070b900000| Complete 
| 186|0x000000070ba00000, 0x000000070bb00000, 0x000000070bb00000|100%| E|CS|TAMS 0x000000070ba00000, 0x000000070ba00000| Complete 
| 187|0x000000070bb00000, 0x000000070bc00000, 0x000000070bc00000|100%| E|CS|TAMS 0x000000070bb00000, 0x000000070bb00000| Complete 
| 188|0x000000070bc00000, 0x000000070bd00000, 0x000000070bd00000|100%| E|CS|TAMS 0x000000070bc00000, 0x000000070bc00000| Complete 
| 189|0x000000070bd00000, 0x000000070be00000, 0x000000070be00000|100%| E|CS|TAMS 0x000000070bd00000, 0x000000070bd00000| Complete 
| 190|0x000000070be00000, 0x000000070bf00000, 0x000000070bf00000|100%| E|CS|TAMS 0x000000070be00000, 0x000000070be00000| Complete 
| 191|0x000000070bf00000, 0x000000070c000000, 0x000000070c000000|100%| E|CS|TAMS 0x000000070bf00000, 0x000000070bf00000| Complete 
| 192|0x000000070c000000, 0x000000070c100000, 0x000000070c100000|100%| E|CS|TAMS 0x000000070c000000, 0x000000070c000000| Complete 
| 193|0x000000070c100000, 0x000000070c200000, 0x000000070c200000|100%| E|CS|TAMS 0x000000070c100000, 0x000000070c100000| Complete 
| 194|0x000000070c200000, 0x000000070c300000, 0x000000070c300000|100%| E|CS|TAMS 0x000000070c200000, 0x000000070c200000| Complete 
| 195|0x000000070c300000, 0x000000070c400000, 0x000000070c400000|100%| E|CS|TAMS 0x000000070c300000, 0x000000070c300000| Complete 
| 196|0x000000070c400000, 0x000000070c500000, 0x000000070c500000|100%| E|CS|TAMS 0x000000070c400000, 0x000000070c400000| Complete 
| 231|0x000000070e700000, 0x000000070e800000, 0x000000070e800000|100%| E|CS|TAMS 0x000000070e700000, 0x000000070e700000| Complete 
| 305|0x0000000713100000, 0x0000000713200000, 0x0000000713200000|100%| E|CS|TAMS 0x0000000713100000, 0x0000000713100000| Complete 
| 306|0x0000000713200000, 0x0000000713300000, 0x0000000713300000|100%| E|CS|TAMS 0x0000000713200000, 0x0000000713200000| Complete 
| 307|0x0000000713300000, 0x0000000713400000, 0x0000000713400000|100%| E|CS|TAMS 0x0000000713300000, 0x0000000713300000| Complete 
|4090|0x00000007ffa00000, 0x00000007ffb00000, 0x00000007ffb00000|100%| O|  |TAMS 0x00000007ffb00000, 0x00000007ffa00000| Untracked 
|4091|0x00000007ffb00000, 0x00000007ffc00000, 0x00000007ffc00000|100%| O|  |TAMS 0x00000007ffc00000, 0x00000007ffb00000| Untracked 
|4092|0x00000007ffc00000, 0x00000007ffcffff8, 0x00000007ffd00000| 99%| O|  |TAMS 0x00000007ffcffff8, 0x00000007ffc00000| Untracked 
|4093|0x00000007ffd00000, 0x00000007ffe00000, 0x00000007ffe00000|100%| O|  |TAMS 0x00000007ffe00000, 0x00000007ffd00000| Untracked 
|4094|0x00000007ffe00000, 0x00000007fff00000, 0x00000007fff00000|100%| O|  |TAMS 0x00000007fff00000, 0x00000007ffe00000| Untracked 
|4095|0x00000007fff00000, 0x0000000800000000, 0x0000000800000000|100%| O|  |TAMS 0x0000000800000000, 0x00000007fff00000| Untracked 

Card table byte_map: [0x000001d1e8330000,0x000001d1e8b30000] _byte_map_base: 0x000001d1e4b30000

Marking Bits (Prev, Next): (CMBitMap*) 0x000001d1ce5dd8a8, (CMBitMap*) 0x000001d1ce5dd8e8
 Prev Bits: [0x000001d1e9330000, 0x000001d1ed330000)
 Next Bits: [0x000001d1ed330000, 0x000001d1f1330000)

Polling page: 0x000001d1ce510000

Metaspace:

Usage:
  Non-class:     31.71 MB capacity,    31.01 MB ( 98%) used,   571.91 KB (  2%) free+waste,   142.75 KB ( <1%) overhead. 
      Class:      4.44 MB capacity,     4.00 MB ( 90%) used,   390.41 KB (  9%) free+waste,    63.81 KB (  1%) overhead. 
       Both:     36.15 MB capacity,    35.01 MB ( 97%) used,   962.31 KB (  3%) free+waste,   206.56 KB ( <1%) overhead. 

Virtual space:
  Non-class space:       32.00 MB reserved,      31.75 MB (>99%) committed 
      Class space:        1.00 GB reserved,       4.50 MB ( <1%) committed 
             Both:        1.03 GB reserved,      36.25 MB (  3%) committed 

Chunk freelists:
   Non-Class:  42.00 KB
       Class:  0 bytes
        Both:  42.00 KB

MaxMetaspaceSize: 17179869184.00 GB
CompressedClassSpaceSize: 1.00 GB

CodeHeap 'non-profiled nmethods': size=120000Kb used=3609Kb max_used=3676Kb free=116390Kb
 bounds [0x000001d1dffe0000, 0x000001d1e0380000, 0x000001d1e7510000]
CodeHeap 'profiled nmethods': size=120000Kb used=11736Kb max_used=12267Kb free=108263Kb
 bounds [0x000001d1d8ab0000, 0x000001d1d96b0000, 0x000001d1dffe0000]
CodeHeap 'non-nmethods': size=5760Kb used=1263Kb max_used=1312Kb free=4496Kb
 bounds [0x000001d1d8510000, 0x000001d1d8780000, 0x000001d1d8ab0000]
 total_blobs=6127 nmethods=5586 adapters=453
 compilation: enabled
              stopped_count=0, restarted_count=0
 full_count=0

Compilation events (20 events):
Event: 2329.182 Thread 0x000001d1f3a08000 nmethod 7011 0x000001d1d8c0f290 code [0x000001d1d8c0f460, 0x000001d1d8c0f928]
Event: 2329.182 Thread 0x000001d1f3a08000 7012       3       io.cucumber.messages.Messages$TestCase$TestStep$StepMatchArgumentsList$StepMatchArgument$Builder::buildPartial (59 bytes)
Event: 2329.183 Thread 0x000001d1f3a08000 nmethod 7012 0x000001d1d9362910 code [0x000001d1d9362b20, 0x000001d1d9363588]
Event: 2329.184 Thread 0x000001d1f3a08000 7013       3       io.cucumber.messages.Messages$TestCase$TestStep$StepMatchArgumentsList$Builder::addStepMatchArguments (52 bytes)
Event: 2329.185 Thread 0x000001d1f3a08000 nmethod 7013 0x000001d1d90dec10 code [0x000001d1d90dee00, 0x000001d1d90df388]
Event: 2329.186 Thread 0x000001d1f3a08000 7014       3       io.cucumber.messages.Messages$TestCase$TestStep$Builder::maybeForceBuilderInitialization (12 bytes)
Event: 2329.189 Thread 0x000001d1f3a08000 nmethod 7014 0x000001d1d90de590 code [0x000001d1d90de740, 0x000001d1d90de928]
Event: 2329.189 Thread 0x000001d1f3a08000 7015       3       io.cucumber.messages.Messages$TestCase$TestStep::access$59200 (4 bytes)
Event: 2329.189 Thread 0x000001d1f3a08000 nmethod 7015 0x000001d1d9382990 code [0x000001d1d9382b20, 0x000001d1d9382c18]
Event: 2329.189 Thread 0x000001d1f3a08000 7016       3       io.cucumber.messages.Messages$TestCase$TestStep::<init> (6 bytes)
Event: 2329.190 Thread 0x000001d1f3a08000 nmethod 7016 0x000001d1d92d0610 code [0x000001d1d92d07e0, 0x000001d1d92d0b78]
Event: 2329.190 Thread 0x000001d1f3a08000 7017       3       io.cucumber.messages.Messages$TestCase$TestStep::<init> (11 bytes)
Event: 2329.190 Thread 0x000001d1f3a08000 nmethod 7017 0x000001d1d92cfd90 code [0x000001d1d92cff40, 0x000001d1d92d0278]
Event: 2329.190 Thread 0x000001d1f3a08000 7018       3       io.cucumber.messages.Messages$TestCase$TestStep::access$59402 (7 bytes)
Event: 2329.190 Thread 0x000001d1f3a08000 nmethod 7018 0x000001d1d93c7210 code [0x000001d1d93c73a0, 0x000001d1d93c74d8]
Event: 2329.190 Thread 0x000001d1f3a08000 7019       3       io.cucumber.messages.Messages$TestCase$TestStep::access$59502 (7 bytes)
Event: 2329.191 Thread 0x000001d1f3a08000 nmethod 7019 0x000001d1d94b1a10 code [0x000001d1d94b1ba0, 0x000001d1d94b1cd8]
Event: 2329.191 Thread 0x000001d1f3a08000 7020       3       java.util.TimSort::sort (229 bytes)
Event: 2329.193 Thread 0x000001d1f3a08000 nmethod 7020 0x000001d1d9671a90 code [0x000001d1d9671cc0, 0x000001d1d96723b8]
Event: 2329.219 Thread 0x000001d1f7ccb000 6988       4       sun.security.provider.DigestBase::engineUpdate (189 bytes)

GC Heap History (20 events):
Event: 9.664 GC heap before
{Heap before GC invocations=6 (full 0):
 garbage-first heap   total 315392K, used 209526K [0x0000000700000000, 0x0000000800000000)
  region size 1024K, 166 young (169984K), 8 survivors (8192K)
 Metaspace       used 15562K, capacity 16054K, committed 16256K, reserved 1062912K
  class space    used 1714K, capacity 1908K, committed 1920K, reserved 1048576K
}
Event: 9.677 GC heap after
{Heap after GC invocations=7 (full 0):
 garbage-first heap   total 315392K, used 48794K [0x0000000700000000, 0x0000000800000000)
  region size 1024K, 8 young (8192K), 8 survivors (8192K)
 Metaspace       used 15562K, capacity 16054K, committed 16256K, reserved 1062912K
  class space    used 1714K, capacity 1908K, committed 1920K, reserved 1048576K
}
Event: 11.475 GC heap before
{Heap before GC invocations=7 (full 0):
 garbage-first heap   total 315392K, used 129690K [0x0000000700000000, 0x0000000800000000)
  region size 1024K, 84 young (86016K), 8 survivors (8192K)
 Metaspace       used 20616K, capacity 21199K, committed 21248K, reserved 1069056K
  class space    used 2319K, capacity 2550K, committed 2560K, reserved 1048576K
}
Event: 11.505 GC heap after
{Heap after GC invocations=8 (full 0):
 garbage-first heap   total 315392K, used 59041K [0x0000000700000000, 0x0000000800000000)
  region size 1024K, 14 young (14336K), 14 survivors (14336K)
 Metaspace       used 20616K, capacity 21199K, committed 21248K, reserved 1069056K
  class space    used 2319K, capacity 2550K, committed 2560K, reserved 1048576K
}
Event: 16.032 GC heap before
{Heap before GC invocations=9 (full 0):
 garbage-first heap   total 211968K, used 209569K [0x0000000700000000, 0x0000000800000000)
  region size 1024K, 162 young (165888K), 14 survivors (14336K)
 Metaspace       used 30994K, capacity 31873K, committed 32128K, reserved 1077248K
  class space    used 3587K, capacity 3926K, committed 3968K, reserved 1048576K
}
Event: 16.070 GC heap after
{Heap after GC invocations=10 (full 0):
 garbage-first heap   total 228352K, used 57080K [0x0000000700000000, 0x0000000800000000)
  region size 1024K, 10 young (10240K), 10 survivors (10240K)
 Metaspace       used 30994K, capacity 31873K, committed 32128K, reserved 1077248K
  class space    used 3587K, capacity 3926K, committed 3968K, reserved 1048576K
}
Event: 39.543 GC heap before
{Heap before GC invocations=10 (full 0):
 garbage-first heap   total 228352K, used 180984K [0x0000000700000000, 0x0000000800000000)
  region size 1024K, 131 young (134144K), 10 survivors (10240K)
 Metaspace       used 34282K, capacity 35405K, committed 35456K, reserved 1081344K
  class space    used 4013K, capacity 4454K, committed 4480K, reserved 1048576K
}
Event: 39.562 GC heap after
{Heap after GC invocations=11 (full 0):
 garbage-first heap   total 228352K, used 58123K [0x0000000700000000, 0x0000000800000000)
  region size 1024K, 10 young (10240K), 10 survivors (10240K)
 Metaspace       used 34282K, capacity 35405K, committed 35456K, reserved 1081344K
  class space    used 4013K, capacity 4454K, committed 4480K, reserved 1048576K
}
Event: 43.651 GC heap before
{Heap before GC invocations=11 (full 0):
 garbage-first heap   total 228352K, used 85771K [0x0000000700000000, 0x0000000800000000)
  region size 1024K, 38 young (38912K), 10 survivors (10240K)
 Metaspace       used 34540K, capacity 35695K, committed 35840K, reserved 1081344K
  class space    used 4038K, capacity 4486K, committed 4608K, reserved 1048576K
}
Event: 43.669 GC heap after
{Heap after GC invocations=12 (full 0):
 garbage-first heap   total 228352K, used 58091K [0x0000000700000000, 0x0000000800000000)
  region size 1024K, 10 young (10240K), 10 survivors (10240K)
 Metaspace       used 34540K, capacity 35695K, committed 35840K, reserved 1081344K
  class space    used 4038K, capacity 4486K, committed 4608K, reserved 1048576K
}
Event: 70.900 GC heap before
{Heap before GC invocations=13 (full 0):
 garbage-first heap   total 211968K, used 184043K [0x0000000700000000, 0x0000000800000000)
  region size 1024K, 133 young (136192K), 10 survivors (10240K)
 Metaspace       used 34906K, capacity 36141K, committed 36352K, reserved 1081344K
  class space    used 4079K, capacity 4541K, committed 4608K, reserved 1048576K
}
Event: 70.920 GC heap after
{Heap after GC invocations=14 (full 0):
 garbage-first heap   total 211968K, used 58516K [0x0000000700000000, 0x0000000800000000)
  region size 1024K, 10 young (10240K), 10 survivors (10240K)
 Metaspace       used 34906K, capacity 36141K, committed 36352K, reserved 1081344K
  class space    used 4079K, capacity 4541K, committed 4608K, reserved 1048576K
}
Event: 101.177 GC heap before
{Heap before GC invocations=14 (full 0):
 garbage-first heap   total 211968K, used 175252K [0x0000000700000000, 0x0000000800000000)
  region size 1024K, 124 young (126976K), 10 survivors (10240K)
 Metaspace       used 35203K, capacity 36449K, committed 36608K, reserved 1081344K
  class space    used 4080K, capacity 4542K, committed 4608K, reserved 1048576K
}
Event: 101.214 GC heap after
{Heap after GC invocations=15 (full 0):
 garbage-first heap   total 211968K, used 57728K [0x0000000700000000, 0x0000000800000000)
  region size 1024K, 7 young (7168K), 7 survivors (7168K)
 Metaspace       used 35203K, capacity 36449K, committed 36608K, reserved 1081344K
  class space    used 4080K, capacity 4542K, committed 4608K, reserved 1048576K
}
Event: 130.982 GC heap before
{Heap before GC invocations=15 (full 0):
 garbage-first heap   total 211968K, used 177536K [0x0000000700000000, 0x0000000800000000)
  region size 1024K, 124 young (126976K), 7 survivors (7168K)
 Metaspace       used 35412K, capacity 36586K, committed 36864K, reserved 1081344K
  class space    used 4080K, capacity 4542K, committed 4608K, reserved 1048576K
}
Event: 131.017 GC heap after
{Heap after GC invocations=16 (full 0):
 garbage-first heap   total 211968K, used 60514K [0x0000000700000000, 0x0000000800000000)
  region size 1024K, 10 young (10240K), 10 survivors (10240K)
 Metaspace       used 35412K, capacity 36586K, committed 36864K, reserved 1081344K
  class space    used 4080K, capacity 4542K, committed 4608K, reserved 1048576K
}
Event: 1057.200 GC heap before
{Heap before GC invocations=16 (full 0):
 garbage-first heap   total 211968K, used 177250K [0x0000000700000000, 0x0000000800000000)
  region size 1024K, 124 young (126976K), 10 survivors (10240K)
 Metaspace       used 35670K, capacity 36861K, committed 37120K, reserved 1081344K
  class space    used 4091K, capacity 4544K, committed 4608K, reserved 1048576K
}
Event: 1057.223 GC heap after
{Heap after GC invocations=17 (full 0):
 garbage-first heap   total 211968K, used 59010K [0x0000000700000000, 0x0000000800000000)
  region size 1024K, 4 young (4096K), 4 survivors (4096K)
 Metaspace       used 35670K, capacity 36861K, committed 37120K, reserved 1081344K
  class space    used 4091K, capacity 4544K, committed 4608K, reserved 1048576K
}
Event: 2326.019 GC heap before
{Heap before GC invocations=17 (full 0):
 garbage-first heap   total 211968K, used 178818K [0x0000000700000000, 0x0000000800000000)
  region size 1024K, 122 young (124928K), 4 survivors (4096K)
 Metaspace       used 35818K, capacity 36953K, committed 37120K, reserved 1081344K
  class space    used 4092K, capacity 4547K, committed 4608K, reserved 1048576K
}
Event: 2326.032 GC heap after
{Heap after GC invocations=18 (full 0):
 garbage-first heap   total 211968K, used 58548K [0x0000000700000000, 0x0000000800000000)
  region size 1024K, 4 young (4096K), 4 survivors (4096K)
 Metaspace       used 35818K, capacity 36953K, committed 37120K, reserved 1081344K
  class space    used 4092K, capacity 4547K, committed 4608K, reserved 1048576K
}

Deoptimization events (20 events):
Event: 1057.509 Thread 0x000001d1f78fe800 DEOPT PACKING pc=0x000001d1d8fb6c9e sp=0x00000071eeffcd90
Event: 1057.509 Thread 0x000001d1f78fe800 DEOPT UNPACKING pc=0x000001d1d855964e sp=0x00000071eeffc248 mode 0
Event: 1058.563 Thread 0x000001d1f7cc8800 Uncommon trap: trap_request=0xffffff45 fr.pc=0x000001d1e0318658 relative=0x00000000000001d8
Event: 1058.563 Thread 0x000001d1f7cc8800 Uncommon trap: reason=unstable_if action=reinterpret pc=0x000001d1e0318658 method=sun.nio.ch.Util$BufferCache.get(I)Ljava/nio/ByteBuffer; @ 25 c2
Event: 1058.563 Thread 0x000001d1f7cc8800 DEOPT PACKING pc=0x000001d1e0318658 sp=0x00000071ef2fe5c0
Event: 1058.563 Thread 0x000001d1f7cc8800 DEOPT UNPACKING pc=0x000001d1d855912f sp=0x00000071ef2fe570 mode 2
Event: 1669.971 Thread 0x000001d1f78fe800 DEOPT PACKING pc=0x000001d1d9663c71 sp=0x00000071eeffe020
Event: 1669.972 Thread 0x000001d1f78fe800 DEOPT UNPACKING pc=0x000001d1d855964e sp=0x00000071eeffd578 mode 0
Event: 1670.224 Thread 0x000001d1f78fe800 DEOPT PACKING pc=0x000001d1d8fb6c9e sp=0x00000071eeffcf90
Event: 1670.224 Thread 0x000001d1f78fe800 DEOPT UNPACKING pc=0x000001d1d855964e sp=0x00000071eeffc448 mode 0
Event: 2325.972 Thread 0x000001d1f78fe800 DEOPT PACKING pc=0x000001d1d8fb6c9e sp=0x00000071eeffce70
Event: 2325.972 Thread 0x000001d1f78fe800 DEOPT UNPACKING pc=0x000001d1d855964e sp=0x00000071eeffc328 mode 0
Event: 2325.995 Thread 0x000001d1f78fe800 DEOPT PACKING pc=0x000001d1d94cfdf3 sp=0x00000071eeffcc30
Event: 2325.995 Thread 0x000001d1f78fe800 DEOPT UNPACKING pc=0x000001d1d855964e sp=0x00000071eeffc140 mode 0
Event: 2325.997 Thread 0x000001d1f78fe800 DEOPT PACKING pc=0x000001d1d8fb6c9e sp=0x00000071eeffce10
Event: 2325.997 Thread 0x000001d1f78fe800 DEOPT UNPACKING pc=0x000001d1d855964e sp=0x00000071eeffc2c8 mode 0
Event: 2329.125 Thread 0x000001d1f78fe800 DEOPT PACKING pc=0x000001d1d9663c71 sp=0x00000071eeffe020
Event: 2329.125 Thread 0x000001d1f78fe800 DEOPT UNPACKING pc=0x000001d1d855964e sp=0x00000071eeffd578 mode 0
Event: 2329.150 Thread 0x000001d1f78fe800 DEOPT PACKING pc=0x000001d1d9663c71 sp=0x00000071eeffe020
Event: 2329.150 Thread 0x000001d1f78fe800 DEOPT UNPACKING pc=0x000001d1d855964e sp=0x00000071eeffd578 mode 0

Classes unloaded (0 events):
No events

Classes redefined (0 events):
No events

Internal exceptions (20 events):
Event: 445.307 Thread 0x000001d1f78fe800 Exception <a 'java/lang/reflect/InvocationTargetException'{0x0000000709b5ce98}> (0x0000000709b5ce98) 
thrown [./open/src/hotspot/share/runtime/reflection.cpp, line 1188]
Event: 445.918 Thread 0x000001d1f78fe800 Exception <a 'java/net/SocketException'{0x0000000706b08128}: Socket is not connected: shutdown> (0x0000000706b08128) 
thrown [./open/src/hotspot/share/prims/jni.cpp, line 620]
Event: 446.484 Thread 0x000001d1f7cc3800 Exception <a 'java/net/SocketException'{0x0000000706be2ce0}: Socket is not connected: shutdown> (0x0000000706be2ce0) 
thrown [./open/src/hotspot/share/prims/jni.cpp, line 620]
Event: 446.996 Thread 0x000001d1f7cc3800 Exception <a 'java/net/SocketException'{0x0000000706be3fa0}: Socket is not connected: shutdown> (0x0000000706be3fa0) 
thrown [./open/src/hotspot/share/prims/jni.cpp, line 620]
Event: 449.654 Thread 0x000001d1f78fe800 Exception <a 'java/lang/NullPointerException'{0x00000007068c9628}> (0x00000007068c9628) 
thrown [./open/src/hotspot/share/interpreter/linkResolver.cpp, line 1348]
Event: 450.406 Thread 0x000001d1f78fe800 Exception <a 'java/lang/NullPointerException'{0x000000070632a8c8}> (0x000000070632a8c8) 
thrown [./open/src/hotspot/share/interpreter/linkResolver.cpp, line 1348]
Event: 451.206 Thread 0x000001d1f78fe800 Exception <a 'java/lang/NullPointerException'{0x0000000705f934b0}> (0x0000000705f934b0) 
thrown [./open/src/hotspot/share/interpreter/linkResolver.cpp, line 1348]
Event: 1057.188 Thread 0x000001d1f78fe800 Exception <a 'java/lang/reflect/InvocationTargetException'{0x0000000705736480}> (0x0000000705736480) 
thrown [./open/src/hotspot/share/runtime/reflection.cpp, line 1188]
Event: 1057.523 Thread 0x000001d1f78fe800 Exception <a 'java/net/SocketException'{0x0000000709bba918}: Socket is not connected: shutdown> (0x0000000709bba918) 
thrown [./open/src/hotspot/share/prims/jni.cpp, line 620]
Event: 1058.044 Thread 0x000001d1f7cc8800 Exception <a 'java/net/SocketException'{0x0000000709a4cfe0}: Socket is not connected: shutdown> (0x0000000709a4cfe0) 
thrown [./open/src/hotspot/share/prims/jni.cpp, line 620]
Event: 1062.833 Thread 0x000001d1f78fe800 Exception <a 'java/lang/NullPointerException'{0x000000070976a2f0}> (0x000000070976a2f0) 
thrown [./open/src/hotspot/share/interpreter/linkResolver.cpp, line 1348]
Event: 1063.525 Thread 0x000001d1f78fe800 Exception <a 'java/lang/NullPointerException'{0x00000007093c8980}> (0x00000007093c8980) 
thrown [./open/src/hotspot/share/interpreter/linkResolver.cpp, line 1348]
Event: 1064.165 Thread 0x000001d1f78fe800 Exception <a 'java/lang/NullPointerException'{0x0000000708e7e268}> (0x0000000708e7e268) 
thrown [./open/src/hotspot/share/interpreter/linkResolver.cpp, line 1348]
Event: 1669.937 Thread 0x000001d1f78fe800 Exception <a 'java/lang/reflect/InvocationTargetException'{0x00000007086210b0}> (0x00000007086210b0) 
thrown [./open/src/hotspot/share/runtime/reflection.cpp, line 1188]
Event: 1670.239 Thread 0x000001d1f78fe800 Exception <a 'java/net/SocketException'{0x00000007058a44c0}: Socket is not connected: shutdown> (0x00000007058a44c0) 
thrown [./open/src/hotspot/share/prims/jni.cpp, line 620]
Event: 1670.757 Thread 0x000001d1f7cc8800 Exception <a 'java/net/SocketException'{0x000000070574d060}: Socket is not connected: shutdown> (0x000000070574d060) 
thrown [./open/src/hotspot/share/prims/jni.cpp, line 620]
Event: 2325.960 Thread 0x000001d1f78fe800 Exception <a 'java/lang/reflect/InvocationTargetException'{0x00000007051e4bc8}> (0x00000007051e4bc8) 
thrown [./open/src/hotspot/share/runtime/reflection.cpp, line 1188]
Event: 2326.004 Thread 0x000001d1f78fe800 Exception <a 'java/net/SocketException'{0x0000000704f6ccd8}: Socket is not connected: shutdown> (0x0000000704f6ccd8) 
thrown [./open/src/hotspot/share/prims/jni.cpp, line 620]
Event: 2326.544 Thread 0x000001d1f7682800 Exception <a 'java/net/SocketException'{0x000000071334da98}: Socket is not connected: shutdown> (0x000000071334da98) 
thrown [./open/src/hotspot/share/prims/jni.cpp, line 620]
Event: 2327.064 Thread 0x000001d1f7682800 Exception <a 'java/net/SocketException'{0x000000071334ed58}: Socket is not connected: shutdown> (0x000000071334ed58) 
thrown [./open/src/hotspot/share/prims/jni.cpp, line 620]

Events (20 events):
Event: 2249.499 Thread 0x000001d1f429a000 flushing nmethod 0x000001d1d9694a10
Event: 2325.963 Executing VM operation: HandshakeAllThreads
Event: 2325.963 Executing VM operation: HandshakeAllThreads done
Event: 2325.984 Thread 0x000001d1f429a000 flushing nmethod 0x000001d1d95ad490
Event: 2326.014 Thread 0x000001d1f7687000 Thread added: 0x000001d1f7687000
Event: 2326.016 Thread 0x000001d1f7682800 Thread added: 0x000001d1f7682800
Event: 2326.018 Executing VM operation: G1CollectForAllocation
Event: 2326.032 Executing VM operation: G1CollectForAllocation done
Event: 2326.033 Executing VM operation: HandshakeOneThread
Event: 2326.033 Executing VM operation: HandshakeOneThread done
Event: 2326.063 Thread 0x000001d1f7683000 Thread added: 0x000001d1f7683000
Event: 2326.064 Thread 0x000001d1f7684000 Thread added: 0x000001d1f7684000
Event: 2327.103 Thread 0x000001d1f7cc7000 Thread added: 0x000001d1f7cc7000
Event: 2327.119 Thread 0x000001d1f7cc8000 Thread added: 0x000001d1f7cc8000
Event: 2327.119 Thread 0x000001d1f7cc8800 Thread added: 0x000001d1f7cc8800
Event: 2327.122 Executing VM operation: HandshakeOneThread
Event: 2327.122 Executing VM operation: HandshakeOneThread done
Event: 2327.123 Executing VM operation: HandshakeOneThread
Event: 2327.123 Executing VM operation: HandshakeOneThread done
Event: 2329.152 Thread 0x000001d1f7ccb000 Thread added: 0x000001d1f7ccb000


Dynamic libraries:
0x00007ff727de0000 - 0x00007ff727def000 	C:\Program Files\Java\jdk-14.0.2\bin\java.exe
0x00007ffa36170000 - 0x00007ffa36368000 	C:\WINDOWS\SYSTEM32\ntdll.dll
0x00007ffa0c470000 - 0x00007ffa0c4e4000 	C:\WINDOWS\System32\verifier.dll
0x00007ffa03bf0000 - 0x00007ffa03ce4000 	C:\WINDOWS\SYSTEM32\PayloadRestrictions.dll
0x00007ffa33870000 - 0x00007ffa33970000 	C:\WINDOWS\System32\ucrtbase.dll
0x00007ffa339c0000 - 0x00007ffa33c93000 	C:\WINDOWS\System32\kernelbase.dll
0x00007ffa359f0000 - 0x00007ffa35aad000 	C:\WINDOWS\System32\kernel32.dll
0x00007ffa23ef0000 - 0x00007ffa23f08000 	C:\Program Files\Java\jdk-14.0.2\bin\jli.dll
0x00007ffa35fc0000 - 0x00007ffa3606e000 	C:\WINDOWS\System32\ADVAPI32.dll
0x00007ffa34200000 - 0x00007ffa3429e000 	C:\WINDOWS\System32\msvcrt.dll
0x00007ffa34360000 - 0x00007ffa343fc000 	C:\WINDOWS\System32\sechost.dll
0x00007ffa35be0000 - 0x00007ffa35d05000 	C:\WINDOWS\System32\RPCRT4.dll
0x00007ffa35770000 - 0x00007ffa3590e000 	C:\WINDOWS\System32\USER32.dll
0x00007ffa33e50000 - 0x00007ffa33e72000 	C:\WINDOWS\System32\win32u.dll
0x00007ffa35f10000 - 0x00007ffa35f3c000 	C:\WINDOWS\System32\GDI32.dll
0x00007ffa33d30000 - 0x00007ffa33e44000 	C:\WINDOWS\System32\gdi32full.dll
0x00007ffa33f30000 - 0x00007ffa33fcd000 	C:\WINDOWS\System32\msvcp_win.dll
0x00007ffa23ed0000 - 0x00007ffa23ee5000 	C:\Program Files\Java\jdk-14.0.2\bin\VCRUNTIME140.dll
0x00007ffa1f750000 - 0x00007ffa1f9ea000 	C:\WINDOWS\WinSxS\amd64_microsoft.windows.common-controls_6595b64144ccf1df_6.0.19041.1110_none_60b5254171f9507e\COMCTL32.dll
0x00007ffa2bad0000 - 0x00007ffa2bada000 	C:\WINDOWS\SYSTEM32\VERSION.dll
0x00007ffa341d0000 - 0x00007ffa34200000 	C:\WINDOWS\System32\IMM32.DLL
0x00007ffa06810000 - 0x00007ffa068ab000 	C:\Program Files\Java\jdk-14.0.2\bin\msvcp140.dll
0x00007ff9faa80000 - 0x00007ff9fb59e000 	C:\Program Files\Java\jdk-14.0.2\bin\server\jvm.dll
0x00007ffa342a0000 - 0x00007ffa342a8000 	C:\WINDOWS\System32\PSAPI.DLL
0x00007ffa29340000 - 0x00007ffa29349000 	C:\WINDOWS\SYSTEM32\WSOCK32.dll
0x00007ffa35910000 - 0x00007ffa3597b000 	C:\WINDOWS\System32\WS2_32.dll
0x00007ffa29700000 - 0x00007ffa29727000 	C:\WINDOWS\SYSTEM32\WINMM.dll
0x00007ffa31750000 - 0x00007ffa31762000 	C:\WINDOWS\SYSTEM32\kernel.appcore.dll
0x00007ffa24300000 - 0x00007ffa2430a000 	C:\Program Files\Java\jdk-14.0.2\bin\jimage.dll
0x00007ffa29800000 - 0x00007ffa299e4000 	C:\WINDOWS\SYSTEM32\DBGHELP.DLL
0x00007ffa296d0000 - 0x00007ffa296fc000 	C:\WINDOWS\SYSTEM32\dbgcore.DLL
0x00007ffa33ca0000 - 0x00007ffa33d22000 	C:\WINDOWS\System32\bcryptPrimitives.dll
0x00007ffa1e6d0000 - 0x00007ffa1e6f5000 	C:\Program Files\Java\jdk-14.0.2\bin\java.dll
0x00007ffa23290000 - 0x00007ffa232a6000 	C:\Program Files\Java\jdk-14.0.2\bin\zip.dll
0x00007ffa34840000 - 0x00007ffa34f83000 	C:\WINDOWS\System32\SHELL32.dll
0x00007ffa31a40000 - 0x00007ffa321d4000 	C:\WINDOWS\SYSTEM32\windows.storage.dll
0x00007ffa34400000 - 0x00007ffa34754000 	C:\WINDOWS\System32\combase.dll
0x00007ffa33260000 - 0x00007ffa33290000 	C:\WINDOWS\SYSTEM32\Wldp.dll
0x00007ffa35ab0000 - 0x00007ffa35b5d000 	C:\WINDOWS\System32\SHCORE.dll
0x00007ffa36070000 - 0x00007ffa360c5000 	C:\WINDOWS\System32\shlwapi.dll
0x00007ffa337b0000 - 0x00007ffa337cf000 	C:\WINDOWS\SYSTEM32\profapi.dll
0x00007ffa1e890000 - 0x00007ffa1e8a9000 	C:\Program Files\Java\jdk-14.0.2\bin\net.dll
0x00007ffa2d2a0000 - 0x00007ffa2d3ad000 	C:\WINDOWS\SYSTEM32\WINHTTP.dll
0x00007ffa32fc0000 - 0x00007ffa3302a000 	C:\WINDOWS\system32\mswsock.dll
0x00007ffa0e960000 - 0x00007ffa0e972000 	C:\Program Files\Java\jdk-14.0.2\bin\nio.dll
0x00007ffa1e7f0000 - 0x00007ffa1e7f9000 	C:\Program Files\Java\jdk-14.0.2\bin\management.dll
0x00007ffa1e6c0000 - 0x00007ffa1e6cb000 	C:\Program Files\Java\jdk-14.0.2\bin\management_ext.dll
0x00007ffa23ec0000 - 0x00007ffa23ed0000 	C:\Program Files\Java\jdk-14.0.2\bin\verify.dll
0x00007ffa331b0000 - 0x00007ffa331c8000 	C:\WINDOWS\SYSTEM32\CRYPTSP.dll
0x00007ffa328e0000 - 0x00007ffa32914000 	C:\WINDOWS\system32\rsaenh.dll
0x00007ffa341a0000 - 0x00007ffa341c7000 	C:\WINDOWS\System32\bcrypt.dll
0x00007ffa33730000 - 0x00007ffa3375e000 	C:\WINDOWS\SYSTEM32\USERENV.dll
0x00007ffa331d0000 - 0x00007ffa331dc000 	C:\WINDOWS\SYSTEM32\CRYPTBASE.dll
0x00007ffa32cb0000 - 0x00007ffa32ceb000 	C:\WINDOWS\SYSTEM32\IPHLPAPI.DLL
0x00007ffa359e0000 - 0x00007ffa359e8000 	C:\WINDOWS\System32\NSI.dll
0x00007ffa2efa0000 - 0x00007ffa2efb7000 	C:\WINDOWS\SYSTEM32\dhcpcsvc6.DLL
0x00007ffa2ef80000 - 0x00007ffa2ef9d000 	C:\WINDOWS\SYSTEM32\dhcpcsvc.DLL
0x00007ffa32cf0000 - 0x00007ffa32dba000 	C:\WINDOWS\SYSTEM32\DNSAPI.dll
0x00007ffa1ad80000 - 0x00007ffa1ad8e000 	C:\Program Files\Java\jdk-14.0.2\bin\sunmscapi.dll
0x00007ffa33fd0000 - 0x00007ffa34126000 	C:\WINDOWS\System32\CRYPT32.dll
0x00007ffa332d0000 - 0x00007ffa332f7000 	C:\WINDOWS\SYSTEM32\ncrypt.dll
0x00007ffa33290000 - 0x00007ffa332cb000 	C:\WINDOWS\SYSTEM32\NTASN1.dll
0x00007ffa099c0000 - 0x00007ffa099e5000 	C:\Program Files\Java\jdk-14.0.2\bin\sunec.dll
0x00007ffa2d9e0000 - 0x00007ffa2d9ea000 	C:\Windows\System32\rasadhlp.dll
0x00007ffa2f000000 - 0x00007ffa2f080000 	C:\WINDOWS\System32\fwpuclnt.dll
0x00007ffa2b800000 - 0x00007ffa2b817000 	C:\WINDOWS\system32\napinsp.dll
0x00007ffa2b7e0000 - 0x00007ffa2b7fb000 	C:\WINDOWS\system32\pnrpnsp.dll
0x00007ffa2b7c0000 - 0x00007ffa2b7d5000 	C:\WINDOWS\system32\wshbth.dll
0x00007ffa2ecc0000 - 0x00007ffa2ecdd000 	C:\WINDOWS\system32\NLAapi.dll
0x00007ffa2b950000 - 0x00007ffa2b962000 	C:\WINDOWS\System32\winrnr.dll

dbghelp: loaded successfully - version: 4.0.5 - missing functions: none
symbol engine: initialized successfully - sym options: 0x614 - pdb path: .;C:\Program Files\Java\jdk-14.0.2\bin;C:\WINDOWS\SYSTEM32;C:\WINDOWS\WinSxS\amd64_microsoft.windows.common-controls_6595b64144ccf1df_6.0.19041.1110_none_60b5254171f9507e;C:\Program Files\Java\jdk-14.0.2\bin\server

VM Arguments:
jvm_args: -Dfile.encoding=UTF-8 
java_command: C:\Users\vvaidya\AppData\Local\Temp\surefire12317934954388764188\surefirebooter3690203045443469750.jar C:\Users\vvaidya\AppData\Local\Temp\surefire12317934954388764188 2022-10-25T14-06-58_319-jvmRun1 surefire6946254272920992407tmp surefire_0508473108983193358tmp
java_class_path (initial): C:\Users\vvaidya\AppData\Local\Temp\surefire12317934954388764188\surefirebooter3690203045443469750.jar
Launcher Type: SUN_STANDARD

[Global flags]
     intx CICompilerCount                          = 3                                         {product} {ergonomic}
     uint ConcGCThreads                            = 1                                         {product} {ergonomic}
     uint G1ConcRefinementThreads                  = 4                                         {product} {ergonomic}
   size_t G1HeapRegionSize                         = 1048576                                   {product} {ergonomic}
    uintx GCDrainStackTargetSize                   = 64                                        {product} {ergonomic}
   size_t InitialHeapSize                          = 268435456                                 {product} {ergonomic}
   size_t MarkStackSize                            = 4194304                                   {product} {ergonomic}
   size_t MaxHeapSize                              = 4294967296                                {product} {ergonomic}
   size_t MaxNewSize                               = 2576351232                                {product} {ergonomic}
   size_t MinHeapDeltaBytes                        = 1048576                                   {product} {ergonomic}
   size_t MinHeapSize                              = 8388608                                   {product} {ergonomic}
    uintx NonNMethodCodeHeapSize                   = 5832780                                {pd product} {ergonomic}
    uintx NonProfiledCodeHeapSize                  = 122912730                              {pd product} {ergonomic}
    uintx ProfiledCodeHeapSize                     = 122912730                              {pd product} {ergonomic}
    uintx ReservedCodeCacheSize                    = 251658240                              {pd product} {ergonomic}
     bool SegmentedCodeCache                       = true                                      {product} {ergonomic}
   size_t SoftMaxHeapSize                          = 4294967296                             {manageable} {ergonomic}
     bool UseCompressedClassPointers               = true                                 {lp64_product} {ergonomic}
     bool UseCompressedOops                        = true                                 {lp64_product} {ergonomic}
     bool UseG1GC                                  = true                                      {product} {ergonomic}
     bool UseLargePagesIndividualAllocation        = false                                  {pd product} {ergonomic}

Logging:
Log output configuration:
 #0: stdout all=warning uptime,level,tags
 #1: stderr all=off uptime,level,tags

Environment Variables:
PATH=%JAVA_HOME%\bin;C:\WINDOWS\system32;C:\WINDOWS;C:\WINDOWS\System32\Wbem;C:\WINDOWS\System32\WindowsPowerShell\v1.0\;C:\WINDOWS\System32\OpenSSH\;%MAVEN_HOME%\bin;C:\Program Files\TortoiseSVN\bin;C:\Program Files\Git\cmd;C:\Users\vvaidya\AppData\Local\Microsoft\WindowsApps;C:\Program Files\Java\jdk-14.0.2\bin;C:\Program Files\Maven\apache-maven-3.8.4\bin;
USERNAME=vvaidya



---------------  S Y S T E M  ---------------

OS: Windows 10 , 64 bit Build 19041 (10.0.19041.1889)
OS uptime: 19 days 22:54 hours
VMWare virtualization detected

CPU:total 4 (initial active 4) (2 cores per cpu, 1 threads per core) family 6 model 79 stepping 0, cmov, cx8, fxsr, mmx, sse, sse2, sse3, ssse3, sse4.1, sse4.2, popcnt, avx, avx2, aes, clmul, erms, 3dnowpref, lzcnt, tsc, tscinvbit, bmi1, bmi2, adx, fma

Memory: 4k page, system-wide physical 16383M (5425M free)
TotalPageFile size 29110M (AvailPageFile size 20M)
current process WorkingSet (physical memory assigned to process): 332M, peak: 382M
current process commit charge ("private bytes"): 383M, peak: 473M

vm_info: Java HotSpot(TM) 64-Bit Server VM (14.0.2+12-46) for windows-amd64 JRE (14.0.2+12-46), built on Jul  9 2020 00:35:52 by "mach5one" with MS VC++ 15.9 (VS2017)

END.
