#
# There is insufficient memory for the Java Runtime Environment to continue.
# Native memory allocation (malloc) failed to allocate 508496 bytes for Chunk::new
# Possible reasons:
#   The system is out of physical RAM or swap space
#   The process is running with CompressedOops enabled, and the Java Heap may be blocking the growth of the native heap
# Possible solutions:
#   Reduce memory load on the system
#   Increase physical memory or swap space
#   Check if swap backing store is full
#   Decrease Java heap size (-Xmx/-Xms)
#   Decrease number of Java threads
#   Decrease Java thread stack sizes (-Xss)
#   Set larger code cache with -XX:ReservedCodeCacheSize=
#   JVM is running with Zero Based Compressed Oops mode in which the Java heap is
#     placed in the first 32GB address space. The Java Heap base address is the
#     maximum limit for the native heap growth. Please use -XX:HeapBaseMinAddress
#     to set the Java Heap base and to place the Java Heap above 32GB virtual address.
# This output file may be truncated or incomplete.
#
#  Out of Memory Error (./open/src/hotspot/share/memory/arena.cpp:195), pid=15088, tid=8912
#
# JRE version: Java(TM) SE Runtime Environment (14.0.2+12) (build 14.0.2+12-46)
# Java VM: Java HotSpot(TM) 64-Bit Server VM (14.0.2+12-46, mixed mode, sharing, tiered, compressed oops, g1 gc, windows-amd64)
# No core dump will be written. Minidumps are not enabled by default on client versions of Windows
#

---------------  S U M M A R Y ------------

Command Line: -Dfile.encoding=UTF-8 C:\Users\vvaidya\AppData\Local\Temp\surefire2758362242628183535\surefirebooter6427021182926509522.jar C:\Users\vvaidya\AppData\Local\Temp\surefire2758362242628183535 2022-10-01T15-37-15_195-jvmRun1 surefire15499446683935366131tmp surefire_07451512376505854856tmp

Host: Intel(R) Xeon(R) Silver 4116 CPU @ 2.10GHz, 4 cores, 15G,  Windows 10 , 64 bit Build 19041 (10.0.19041.1889)
Time: Sat Oct  1 15:53:36 2022 Mountain Daylight Time elapsed time: 980 seconds (0d 0h 16m 20s)

---------------  T H R E A D  ---------------

Current thread (0x000001e5de58c800):  JavaThread "C2 CompilerThread1" daemon [_thread_in_native, id=8912, stack(0x00000047eb200000,0x00000047eb300000)]


Current CompileTask:
C2: 980068 8180       4       org.apache.maven.surefire.util.internal.StringUtils::escapeToPrintable (152 bytes)

Stack: [0x00000047eb200000,0x00000047eb300000]
Native frames: (J=compiled Java code, j=interpreted, Vv=VM code, C=native code)
V  [jvm.dll+0x5f8a9a]
V  [jvm.dll+0x74247a]
V  [jvm.dll+0x743c2f]
V  [jvm.dll+0x744273]
V  [jvm.dll+0x20d288]
V  [jvm.dll+0xabb07]
V  [jvm.dll+0xac1fc]
V  [jvm.dll+0x31c438]
V  [jvm.dll+0x2e6b38]
V  [jvm.dll+0x2e5f3a]
V  [jvm.dll+0x1e5e16]
V  [jvm.dll+0x1e50b8]
V  [jvm.dll+0x1779cc]
V  [jvm.dll+0x1f4105]
V  [jvm.dll+0x1f22eb]
V  [jvm.dll+0x7070cd]
V  [jvm.dll+0x6ffeda]
V  [jvm.dll+0x5f78f6]
C  [ucrtbase.dll+0x21bb2]
C  [kernel32.dll+0x17034]
C  [ntdll.dll+0x52651]


---------------  P R O C E S S  ---------------

Threads class SMR info:
_java_thread_list=0x000001e5dc61d900, length=72, elements={
0x000001e5b7387800, 0x000001e5da836000, 0x000001e5da837000, 0x000001e5da84e000,
0x000001e5da851800, 0x000001e5da853800, 0x000001e5db0e3000, 0x000001e5db0e6000,
0x000001e5db0f7000, 0x000001e5db231000, 0x000001e5db23d000, 0x000001e5db2af800,
0x000001e5db934800, 0x000001e5de54c800, 0x000001e5de54a000, 0x000001e5dcb25800,
0x000001e5dcd14800, 0x000001e5dcb53800, 0x000001e5dcb51800, 0x000001e5dcb4f000,
0x000001e5dcb4d800, 0x000001e5dcb50000, 0x000001e5dcb51000, 0x000001e5de629800,
0x000001e5de628800, 0x000001e5de626800, 0x000001e5de627000, 0x000001e5de628000,
0x000001e5de62b000, 0x000001e5de62a800, 0x000001e5de625800, 0x000001e5de631000,
0x000001e5de62f000, 0x000001e5de62e800, 0x000001e5de630000, 0x000001e5de62d000,
0x000001e5de631800, 0x000001e5de62c000, 0x000001e5de632800, 0x000001e5de633800,
0x000001e5de62d800, 0x000001e5de634000, 0x000001e5dd015800, 0x000001e5dd012000,
0x000001e5dd013000, 0x000001e5dd019800, 0x000001e5dd017000, 0x000001e5dd018800,
0x000001e5dd018000, 0x000001e5dd01a800, 0x000001e5dd014800, 0x000001e5dd01e800,
0x000001e5dd020000, 0x000001e5dd016000, 0x000001e5dd01f000, 0x000001e5dd021000,
0x000001e5dd01c000, 0x000001e5dd014000, 0x000001e5dd01c800, 0x000001e5dd01d800,
0x000001e5dcb52800, 0x000001e5dcb4d000, 0x000001e5de4eb000, 0x000001e5de4ed800,
0x000001e5de4f0000, 0x000001e5de4f1000, 0x000001e5de4ef800, 0x000001e5de4ee800,
0x000001e5de4ec000, 0x000001e5de4f1800, 0x000001e5de4ed000, 0x000001e5de58c800
}

Java Threads: ( => current thread )
  0x000001e5b7387800 JavaThread "main" [_thread_in_Java, id=14592, stack(0x00000047e5f00000,0x00000047e6000000)]
  0x000001e5da836000 JavaThread "Reference Handler" daemon [_thread_blocked, id=19180, stack(0x00000047e6600000,0x00000047e6700000)]
  0x000001e5da837000 JavaThread "Finalizer" daemon [_thread_blocked, id=15884, stack(0x00000047e6700000,0x00000047e6800000)]
  0x000001e5da84e000 JavaThread "Signal Dispatcher" daemon [_thread_blocked, id=24200, stack(0x00000047e6800000,0x00000047e6900000)]
  0x000001e5da851800 JavaThread "Attach Listener" daemon [_thread_blocked, id=26120, stack(0x00000047e6900000,0x00000047e6a00000)]
  0x000001e5da853800 JavaThread "Service Thread" daemon [_thread_blocked, id=12000, stack(0x00000047e6a00000,0x00000047e6b00000)]
  0x000001e5db0e3000 JavaThread "C2 CompilerThread0" daemon [_thread_blocked, id=14200, stack(0x00000047e6b00000,0x00000047e6c00000)]
  0x000001e5db0e6000 JavaThread "C1 CompilerThread0" daemon [_thread_blocked, id=21568, stack(0x00000047e6c00000,0x00000047e6d00000)]
  0x000001e5db0f7000 JavaThread "Sweeper thread" daemon [_thread_blocked, id=16336, stack(0x00000047e6d00000,0x00000047e6e00000)]
  0x000001e5db231000 JavaThread "Notification Thread" daemon [_thread_blocked, id=15276, stack(0x00000047e6e00000,0x00000047e6f00000)]
  0x000001e5db23d000 JavaThread "Common-Cleaner" daemon [_thread_blocked, id=10892, stack(0x00000047e7000000,0x00000047e7100000)]
  0x000001e5db2af800 JavaThread "surefire-forkedjvm-command-thread" daemon [_thread_in_native, id=7416, stack(0x00000047e7500000,0x00000047e7600000)]
  0x000001e5db934800 JavaThread "surefire-forkedjvm-ping-30s" daemon [_thread_blocked, id=23584, stack(0x00000047e7600000,0x00000047e7700000)]
  0x000001e5de54c800 JavaThread "AsyncAppender-Worker-ASYNC_CONSOLE" daemon [_thread_blocked, id=3732, stack(0x00000047e7800000,0x00000047e7900000)]
  0x000001e5de54a000 JavaThread "Exec Default Executor" daemon [_thread_in_native, id=12932, stack(0x00000047e7a00000,0x00000047e7b00000)]
  0x000001e5dcb25800 JavaThread "Exec Stream Pumper" daemon [_thread_in_native, id=23948, stack(0x00000047e7d00000,0x00000047e7e00000)]
  0x000001e5dcd14800 JavaThread "Exec Stream Pumper" daemon [_thread_in_native, id=20464, stack(0x00000047e7e00000,0x00000047e7f00000)]
  0x000001e5dcb53800 JavaThread "OkHttp ConnectionPool" daemon [_thread_blocked, id=472, stack(0x00000047e8300000,0x00000047e8400000)]
  0x000001e5dcb51800 JavaThread "Okio Watchdog" daemon [_thread_blocked, id=24516, stack(0x00000047e8400000,0x00000047e8500000)]
  0x000001e5dcb4f000 JavaThread "Exec Default Executor" daemon [_thread_in_native, id=2696, stack(0x00000047e8600000,0x00000047e8700000)]
  0x000001e5dcb4d800 JavaThread "Exec Stream Pumper" daemon [_thread_in_native, id=24504, stack(0x00000047e8700000,0x00000047e8800000)]
  0x000001e5dcb50000 JavaThread "Exec Stream Pumper" daemon [_thread_in_native, id=24008, stack(0x00000047e8800000,0x00000047e8900000)]
  0x000001e5dcb51000 JavaThread "Exec Default Executor" daemon [_thread_in_native, id=21412, stack(0x00000047e8900000,0x00000047e8a00000)]
  0x000001e5de629800 JavaThread "Exec Stream Pumper" daemon [_thread_in_native, id=21908, stack(0x00000047e8a00000,0x00000047e8b00000)]
  0x000001e5de628800 JavaThread "Exec Stream Pumper" daemon [_thread_in_native, id=2712, stack(0x00000047e8b00000,0x00000047e8c00000)]
  0x000001e5de626800 JavaThread "Exec Default Executor" daemon [_thread_in_native, id=12792, stack(0x00000047e7f00000,0x00000047e8000000)]
  0x000001e5de627000 JavaThread "Exec Stream Pumper" daemon [_thread_in_native, id=9908, stack(0x00000047e8500000,0x00000047e8600000)]
  0x000001e5de628000 JavaThread "Exec Stream Pumper" daemon [_thread_in_native, id=21292, stack(0x00000047e8c00000,0x00000047e8d00000)]
  0x000001e5de62b000 JavaThread "Exec Default Executor" daemon [_thread_in_native, id=4788, stack(0x00000047e8d00000,0x00000047e8e00000)]
  0x000001e5de62a800 JavaThread "Exec Stream Pumper" daemon [_thread_in_native, id=17544, stack(0x00000047e8e00000,0x00000047e8f00000)]
  0x000001e5de625800 JavaThread "Exec Stream Pumper" daemon [_thread_in_native, id=23068, stack(0x00000047e8f00000,0x00000047e9000000)]
  0x000001e5de631000 JavaThread "Exec Default Executor" daemon [_thread_in_native, id=26580, stack(0x00000047e9000000,0x00000047e9100000)]
  0x000001e5de62f000 JavaThread "Exec Stream Pumper" daemon [_thread_in_native, id=14204, stack(0x00000047e9100000,0x00000047e9200000)]
  0x000001e5de62e800 JavaThread "Exec Stream Pumper" daemon [_thread_in_native, id=17528, stack(0x00000047e9200000,0x00000047e9300000)]
  0x000001e5de630000 JavaThread "Exec Default Executor" daemon [_thread_in_native, id=22548, stack(0x00000047e9300000,0x00000047e9400000)]
  0x000001e5de62d000 JavaThread "Exec Stream Pumper" daemon [_thread_in_native, id=14340, stack(0x00000047e9400000,0x00000047e9500000)]
  0x000001e5de631800 JavaThread "Exec Stream Pumper" daemon [_thread_in_native, id=3940, stack(0x00000047e9500000,0x00000047e9600000)]
  0x000001e5de62c000 JavaThread "Exec Default Executor" daemon [_thread_in_native, id=19100, stack(0x00000047e9600000,0x00000047e9700000)]
  0x000001e5de632800 JavaThread "Exec Stream Pumper" daemon [_thread_in_native, id=10556, stack(0x00000047e9700000,0x00000047e9800000)]
  0x000001e5de633800 JavaThread "Exec Stream Pumper" daemon [_thread_in_native, id=8904, stack(0x00000047e9800000,0x00000047e9900000)]
  0x000001e5de62d800 JavaThread "Exec Default Executor" daemon [_thread_in_native, id=25984, stack(0x00000047e9900000,0x00000047e9a00000)]
  0x000001e5de634000 JavaThread "Exec Stream Pumper" daemon [_thread_in_native, id=24300, stack(0x00000047e9a00000,0x00000047e9b00000)]
  0x000001e5dd015800 JavaThread "Exec Stream Pumper" daemon [_thread_in_native, id=18240, stack(0x00000047e9b00000,0x00000047e9c00000)]
  0x000001e5dd012000 JavaThread "Exec Default Executor" daemon [_thread_in_native, id=10456, stack(0x00000047e7400000,0x00000047e7500000)]
  0x000001e5dd013000 JavaThread "Exec Stream Pumper" daemon [_thread_in_native, id=15528, stack(0x00000047e8000000,0x00000047e8100000)]
  0x000001e5dd019800 JavaThread "Exec Stream Pumper" daemon [_thread_in_native, id=23996, stack(0x00000047e8100000,0x00000047e8200000)]
  0x000001e5dd017000 JavaThread "ForkJoinPool.commonPool-worker-3" daemon [_thread_blocked, id=18752, stack(0x00000047e9d00000,0x00000047e9e00000)]
  0x000001e5dd018800 JavaThread "Exec Default Executor" daemon [_thread_in_native, id=22412, stack(0x00000047e9c00000,0x00000047e9d00000)]
  0x000001e5dd018000 JavaThread "Exec Stream Pumper" daemon [_thread_in_native, id=25344, stack(0x00000047e9f00000,0x00000047ea000000)]
  0x000001e5dd01a800 JavaThread "Exec Stream Pumper" daemon [_thread_in_native, id=2620, stack(0x00000047ea000000,0x00000047ea100000)]
  0x000001e5dd014800 JavaThread "Exec Default Executor" daemon [_thread_in_native, id=15752, stack(0x00000047ea100000,0x00000047ea200000)]
  0x000001e5dd01e800 JavaThread "Exec Stream Pumper" daemon [_thread_in_native, id=1244, stack(0x00000047ea500000,0x00000047ea600000)]
  0x000001e5dd020000 JavaThread "Exec Stream Pumper" daemon [_thread_in_native, id=25132, stack(0x00000047ea600000,0x00000047ea700000)]
  0x000001e5dd016000 JavaThread "Exec Default Executor" daemon [_thread_in_native, id=25872, stack(0x00000047e7b00000,0x00000047e7c00000)]
  0x000001e5dd01f000 JavaThread "Exec Stream Pumper" daemon [_thread_in_native, id=11724, stack(0x00000047e9e00000,0x00000047e9f00000)]
  0x000001e5dd021000 JavaThread "Exec Stream Pumper" daemon [_thread_in_native, id=21692, stack(0x00000047ea200000,0x00000047ea300000)]
  0x000001e5dd01c000 JavaThread "ForkJoinPool.commonPool-worker-7" daemon [_thread_blocked, id=17128, stack(0x00000047ea700000,0x00000047ea800000)]
  0x000001e5dd014000 JavaThread "Exec Default Executor" daemon [_thread_in_native, id=25308, stack(0x00000047e8200000,0x00000047e8300000)]
  0x000001e5dd01c800 JavaThread "Exec Stream Pumper" daemon [_thread_in_native, id=8740, stack(0x00000047ea400000,0x00000047ea500000)]
  0x000001e5dd01d800 JavaThread "Exec Stream Pumper" daemon [_thread_in_native, id=9524, stack(0x00000047ea800000,0x00000047ea900000)]
  0x000001e5dcb52800 JavaThread "Exec Default Executor" daemon [_thread_in_native, id=15680, stack(0x00000047ea900000,0x00000047eaa00000)]
  0x000001e5dcb4d000 JavaThread "Exec Stream Pumper" daemon [_thread_in_native, id=19588, stack(0x00000047eab00000,0x00000047eac00000)]
  0x000001e5de4eb000 JavaThread "Exec Stream Pumper" daemon [_thread_in_native, id=6372, stack(0x00000047eac00000,0x00000047ead00000)]
  0x000001e5de4ed800 JavaThread "Exec Default Executor" daemon [_thread_in_native, id=25164, stack(0x00000047eae00000,0x00000047eaf00000)]
  0x000001e5de4f0000 JavaThread "Exec Stream Pumper" daemon [_thread_in_native, id=19712, stack(0x00000047eaf00000,0x00000047eb000000)]
  0x000001e5de4f1000 JavaThread "Exec Stream Pumper" daemon [_thread_in_native, id=10492, stack(0x00000047eb000000,0x00000047eb100000)]
  0x000001e5de4ef800 JavaThread "Exec Default Executor" daemon [_thread_in_native, id=2228, stack(0x00000047ea300000,0x00000047ea400000)]
  0x000001e5de4ee800 JavaThread "UrlChecker-6" daemon [_thread_blocked, id=13584, stack(0x00000047eaa00000,0x00000047eab00000)]
  0x000001e5de4ec000 JavaThread "Exec Stream Pumper" daemon [_thread_in_native, id=6028, stack(0x00000047ead00000,0x00000047eae00000)]
  0x000001e5de4f1800 JavaThread "Exec Stream Pumper" daemon [_thread_in_native, id=25316, stack(0x00000047eb100000,0x00000047eb200000)]
  0x000001e5de4ed000 JavaThread "ForkJoinPool.commonPool-worker-5" daemon [_thread_blocked, id=24188, stack(0x00000047eb300000,0x00000047eb400000)]
=>0x000001e5de58c800 JavaThread "C2 CompilerThread1" daemon [_thread_in_native, id=8912, stack(0x00000047eb200000,0x00000047eb300000)]

Other Threads:
  0x000001e5da835000 VMThread "VM Thread" [stack: 0x00000047e6500000,0x00000047e6600000] [id=20604]
  0x000001e5db232000 WatcherThread [stack: 0x00000047e6f00000,0x00000047e7000000] [id=6488]
  0x000001e5b73ee800 GCTaskThread "GC Thread#0" [stack: 0x00000047e6000000,0x00000047e6100000] [id=2264]
  0x000001e5db26b000 GCTaskThread "GC Thread#1" [stack: 0x00000047e7100000,0x00000047e7200000] [id=648]
  0x000001e5db272800 GCTaskThread "GC Thread#2" [stack: 0x00000047e7200000,0x00000047e7300000] [id=9900]
  0x000001e5db274800 GCTaskThread "GC Thread#3" [stack: 0x00000047e7300000,0x00000047e7400000] [id=9492]
  0x000001e5b7410800 ConcurrentGCThread "G1 Main Marker" [stack: 0x00000047e6100000,0x00000047e6200000] [id=9912]
  0x000001e5b7412000 ConcurrentGCThread "G1 Conc#0" [stack: 0x00000047e6200000,0x00000047e6300000] [id=15728]
  0x000001e5da720800 ConcurrentGCThread "G1 Refine#0" [stack: 0x00000047e6300000,0x00000047e6400000] [id=13392]
  0x000001e5dd031000 ConcurrentGCThread "G1 Refine#1" [stack: 0x00000047e7700000,0x00000047e7800000] [id=17476]
  0x000001e5da721800 ConcurrentGCThread "G1 Young RemSet Sampling" [stack: 0x00000047e6400000,0x00000047e6500000] [id=4740]

Threads with active compile tasks:
C2 CompilerThread0   980119 8202  s    4       java.io.BufferedOutputStream::flush (12 bytes)
C2 CompilerThread1   980119 8180       4       org.apache.maven.surefire.util.internal.StringUtils::escapeToPrintable (152 bytes)

VM state:not at safepoint (normal execution)

VM Mutex/Monitor currently owned by a thread: None

Heap address: 0x0000000700000000, size: 4096 MB, Compressed Oops mode: Zero based, Oop shift amount: 3
Narrow klass base: 0x0000000800000000, Narrow klass shift: 3
Compressed class space size: 1073741824 Address: 0x0000000800b30000

Heap:
 garbage-first heap   total 163840K, used 85075K [0x0000000700000000, 0x0000000800000000)
  region size 1024K, 38 young (38912K), 4 survivors (4096K)
 Metaspace       used 37159K, capacity 38364K, committed 38528K, reserved 1083392K
  class space    used 4181K, capacity 4656K, committed 4736K, reserved 1048576K
Heap Regions: E=young(eden), S=young(survivor), O=old, HS=humongous(starts), HC=humongous(continues), CS=collection set, F=free, OA=open archive, CA=closed archive, TAMS=top-at-mark-start (previous, next)
|   0|0x0000000700000000, 0x0000000700100000, 0x0000000700100000|100%|HS|  |TAMS 0x0000000700100000, 0x0000000700000000| Complete 
|   1|0x0000000700100000, 0x0000000700200000, 0x0000000700200000|100%| O|  |TAMS 0x0000000700200000, 0x0000000700100000| Untracked 
|   2|0x0000000700200000, 0x0000000700300000, 0x0000000700300000|100%| O|  |TAMS 0x0000000700300000, 0x0000000700200000| Untracked 
|   3|0x0000000700300000, 0x0000000700400000, 0x0000000700400000|100%| O|  |TAMS 0x0000000700400000, 0x0000000700300000| Untracked 
|   4|0x0000000700400000, 0x0000000700500000, 0x0000000700500000|100%|HS|  |TAMS 0x0000000700500000, 0x0000000700400000| Complete 
|   5|0x0000000700500000, 0x0000000700600000, 0x0000000700600000|100%|HC|  |TAMS 0x0000000700600000, 0x0000000700500000| Complete 
|   6|0x0000000700600000, 0x0000000700700000, 0x0000000700700000|100%|HS|  |TAMS 0x0000000700700000, 0x0000000700600000| Complete 
|   7|0x0000000700700000, 0x0000000700800000, 0x0000000700800000|100%|HS|  |TAMS 0x0000000700800000, 0x0000000700700000| Complete 
|   8|0x0000000700800000, 0x0000000700900000, 0x0000000700900000|100%| O|  |TAMS 0x0000000700900000, 0x0000000700800000| Untracked 
|   9|0x0000000700900000, 0x0000000700a00000, 0x0000000700a00000|100%| O|  |TAMS 0x0000000700a00000, 0x0000000700900000| Untracked 
|  10|0x0000000700a00000, 0x0000000700b00000, 0x0000000700b00000|100%| O|  |TAMS 0x0000000700b00000, 0x0000000700a00000| Untracked 
|  11|0x0000000700b00000, 0x0000000700c00000, 0x0000000700c00000|100%| O|  |TAMS 0x0000000700c00000, 0x0000000700b00000| Untracked 
|  12|0x0000000700c00000, 0x0000000700d00000, 0x0000000700d00000|100%| O|  |TAMS 0x0000000700d00000, 0x0000000700c00000| Untracked 
|  13|0x0000000700d00000, 0x0000000700e00000, 0x0000000700e00000|100%| O|  |TAMS 0x0000000700e00000, 0x0000000700d00000| Untracked 
|  14|0x0000000700e00000, 0x0000000700f00000, 0x0000000700f00000|100%| O|  |TAMS 0x0000000700f00000, 0x0000000700e00000| Untracked 
|  15|0x0000000700f00000, 0x0000000701000000, 0x0000000701000000|100%| O|  |TAMS 0x0000000701000000, 0x0000000700f00000| Untracked 
|  16|0x0000000701000000, 0x0000000701100000, 0x0000000701100000|100%| O|  |TAMS 0x0000000701100000, 0x0000000701000000| Untracked 
|  17|0x0000000701100000, 0x0000000701200000, 0x0000000701200000|100%| O|  |TAMS 0x0000000701200000, 0x0000000701100000| Untracked 
|  18|0x0000000701200000, 0x0000000701300000, 0x0000000701300000|100%| O|  |TAMS 0x0000000701300000, 0x0000000701200000| Untracked 
|  19|0x0000000701300000, 0x0000000701400000, 0x0000000701400000|100%| O|  |TAMS 0x0000000701400000, 0x0000000701300000| Untracked 
|  20|0x0000000701400000, 0x0000000701500000, 0x0000000701500000|100%| O|  |TAMS 0x0000000701500000, 0x0000000701400000| Untracked 
|  21|0x0000000701500000, 0x0000000701600000, 0x0000000701600000|100%| O|  |TAMS 0x0000000701600000, 0x0000000701500000| Untracked 
|  22|0x0000000701600000, 0x0000000701700000, 0x0000000701700000|100%| O|  |TAMS 0x0000000701700000, 0x0000000701600000| Untracked 
|  23|0x0000000701700000, 0x0000000701800000, 0x0000000701800000|100%| O|  |TAMS 0x0000000701800000, 0x0000000701700000| Untracked 
|  24|0x0000000701800000, 0x0000000701900000, 0x0000000701900000|100%| O|  |TAMS 0x0000000701900000, 0x0000000701800000| Untracked 
|  25|0x0000000701900000, 0x0000000701a00000, 0x0000000701a00000|100%| O|  |TAMS 0x0000000701a00000, 0x0000000701900000| Untracked 
|  26|0x0000000701a00000, 0x0000000701b00000, 0x0000000701b00000|100%| O|  |TAMS 0x0000000701b00000, 0x0000000701a00000| Untracked 
|  27|0x0000000701b00000, 0x0000000701c00000, 0x0000000701c00000|100%| O|  |TAMS 0x0000000701c00000, 0x0000000701b00000| Untracked 
|  28|0x0000000701c00000, 0x0000000701d00000, 0x0000000701d00000|100%| O|  |TAMS 0x0000000701d00000, 0x0000000701c00000| Untracked 
|  29|0x0000000701d00000, 0x0000000701e00000, 0x0000000701e00000|100%| O|  |TAMS 0x0000000701e00000, 0x0000000701d00000| Untracked 
|  30|0x0000000701e00000, 0x0000000701f00000, 0x0000000701f00000|100%| O|  |TAMS 0x0000000701f00000, 0x0000000701e00000| Untracked 
|  31|0x0000000701f00000, 0x0000000701f57000, 0x0000000702000000| 33%| O|  |TAMS 0x0000000701f57000, 0x0000000701f00000| Untracked 
|  32|0x0000000702000000, 0x0000000702100000, 0x0000000702100000|100%| O|  |TAMS 0x0000000702100000, 0x0000000702000000| Untracked 
|  33|0x0000000702100000, 0x0000000702200000, 0x0000000702200000|100%| O|  |TAMS 0x0000000702200000, 0x0000000702100000| Untracked 
|  34|0x0000000702200000, 0x0000000702300000, 0x0000000702300000|100%| O|  |TAMS 0x0000000702300000, 0x0000000702200000| Untracked 
|  35|0x0000000702300000, 0x0000000702400000, 0x0000000702400000|100%| O|  |TAMS 0x0000000702400000, 0x0000000702300000| Untracked 
|  36|0x0000000702400000, 0x0000000702500000, 0x0000000702500000|100%| O|  |TAMS 0x00000007024fe400, 0x0000000702400000| Untracked 
|  37|0x0000000702500000, 0x0000000702600000, 0x0000000702600000|100%| O|  |TAMS 0x0000000702500000, 0x0000000702500000| Untracked 
|  38|0x0000000702600000, 0x0000000702700000, 0x0000000702700000|100%| O|  |TAMS 0x0000000702600000, 0x0000000702600000| Untracked 
|  39|0x0000000702700000, 0x000000070272d800, 0x0000000702800000| 17%| O|  |TAMS 0x0000000702700000, 0x0000000702700000| Untracked 
|  40|0x0000000702800000, 0x0000000702900000, 0x0000000702900000|100%| O|  |TAMS 0x0000000702800000, 0x0000000702800000| Untracked 
|  41|0x0000000702900000, 0x0000000702a00000, 0x0000000702a00000|100%| O|  |TAMS 0x0000000702900000, 0x0000000702900000| Untracked 
|  42|0x0000000702a00000, 0x0000000702b00000, 0x0000000702b00000|100%| O|  |TAMS 0x0000000702a00000, 0x0000000702a00000| Untracked 
|  43|0x0000000702b00000, 0x0000000702c00000, 0x0000000702c00000|100%| O|  |TAMS 0x0000000702b00000, 0x0000000702b00000| Untracked 
|  44|0x0000000702c00000, 0x0000000702d00000, 0x0000000702d00000|100%| O|  |TAMS 0x0000000702c00000, 0x0000000702c00000| Untracked 
|  45|0x0000000702d00000, 0x0000000702e00000, 0x0000000702e00000|100%| O|  |TAMS 0x0000000702d00000, 0x0000000702d00000| Untracked 
|  46|0x0000000702e00000, 0x0000000702f00000, 0x0000000702f00000|100%| O|  |TAMS 0x0000000702e00000, 0x0000000702e00000| Untracked 
|  47|0x0000000702f00000, 0x0000000702fe2600, 0x0000000703000000| 88%| O|  |TAMS 0x0000000702f00000, 0x0000000702f00000| Untracked 
|  48|0x0000000703000000, 0x0000000703000000, 0x0000000703100000|  0%| F|  |TAMS 0x0000000703000000, 0x0000000703000000| Untracked 
|  49|0x0000000703100000, 0x0000000703100000, 0x0000000703200000|  0%| F|  |TAMS 0x0000000703100000, 0x0000000703100000| Untracked 
|  50|0x0000000703200000, 0x0000000703200000, 0x0000000703300000|  0%| F|  |TAMS 0x0000000703200000, 0x0000000703200000| Untracked 
|  51|0x0000000703300000, 0x0000000703300000, 0x0000000703400000|  0%| F|  |TAMS 0x0000000703300000, 0x0000000703300000| Untracked 
|  52|0x0000000703400000, 0x0000000703400000, 0x0000000703500000|  0%| F|  |TAMS 0x0000000703400000, 0x0000000703400000| Untracked 
|  53|0x0000000703500000, 0x0000000703500000, 0x0000000703600000|  0%| F|  |TAMS 0x0000000703500000, 0x0000000703500000| Untracked 
|  54|0x0000000703600000, 0x0000000703600000, 0x0000000703700000|  0%| F|  |TAMS 0x0000000703600000, 0x0000000703600000| Untracked 
|  55|0x0000000703700000, 0x0000000703700000, 0x0000000703800000|  0%| F|  |TAMS 0x0000000703700000, 0x0000000703700000| Untracked 
|  56|0x0000000703800000, 0x0000000703800000, 0x0000000703900000|  0%| F|  |TAMS 0x0000000703800000, 0x0000000703800000| Untracked 
|  57|0x0000000703900000, 0x0000000703900000, 0x0000000703a00000|  0%| F|  |TAMS 0x0000000703900000, 0x0000000703900000| Untracked 
|  58|0x0000000703a00000, 0x0000000703a00000, 0x0000000703b00000|  0%| F|  |TAMS 0x0000000703a00000, 0x0000000703a00000| Untracked 
|  59|0x0000000703b00000, 0x0000000703b00000, 0x0000000703c00000|  0%| F|  |TAMS 0x0000000703b00000, 0x0000000703b00000| Untracked 
|  60|0x0000000703c00000, 0x0000000703c00000, 0x0000000703d00000|  0%| F|  |TAMS 0x0000000703c00000, 0x0000000703c00000| Untracked 
|  61|0x0000000703d00000, 0x0000000703d00000, 0x0000000703e00000|  0%| F|  |TAMS 0x0000000703d00000, 0x0000000703d00000| Untracked 
|  62|0x0000000703e00000, 0x0000000703e00000, 0x0000000703f00000|  0%| F|  |TAMS 0x0000000703e00000, 0x0000000703e00000| Untracked 
|  63|0x0000000703f00000, 0x0000000703f00000, 0x0000000704000000|  0%| F|  |TAMS 0x0000000703f00000, 0x0000000703f00000| Untracked 
|  64|0x0000000704000000, 0x0000000704000000, 0x0000000704100000|  0%| F|  |TAMS 0x0000000704000000, 0x0000000704000000| Untracked 
|  65|0x0000000704100000, 0x0000000704100000, 0x0000000704200000|  0%| F|  |TAMS 0x0000000704100000, 0x0000000704100000| Untracked 
|  66|0x0000000704200000, 0x0000000704200000, 0x0000000704300000|  0%| F|  |TAMS 0x0000000704200000, 0x0000000704200000| Untracked 
|  67|0x0000000704300000, 0x0000000704300000, 0x0000000704400000|  0%| F|  |TAMS 0x0000000704300000, 0x0000000704300000| Untracked 
|  68|0x0000000704400000, 0x0000000704400000, 0x0000000704500000|  0%| F|  |TAMS 0x0000000704400000, 0x0000000704400000| Untracked 
|  69|0x0000000704500000, 0x00000007045ae108, 0x0000000704600000| 67%| S|CS|TAMS 0x0000000704500000, 0x0000000704500000| Complete 
|  70|0x0000000704600000, 0x0000000704700000, 0x0000000704700000|100%| S|CS|TAMS 0x0000000704600000, 0x0000000704600000| Complete 
|  71|0x0000000704700000, 0x0000000704800000, 0x0000000704800000|100%| S|CS|TAMS 0x0000000704700000, 0x0000000704700000| Complete 
|  72|0x0000000704800000, 0x0000000704900000, 0x0000000704900000|100%| S|CS|TAMS 0x0000000704800000, 0x0000000704800000| Complete 
|  73|0x0000000704900000, 0x0000000704900000, 0x0000000704a00000|  0%| F|  |TAMS 0x0000000704900000, 0x0000000704900000| Untracked 
|  74|0x0000000704a00000, 0x0000000704a00000, 0x0000000704b00000|  0%| F|  |TAMS 0x0000000704a00000, 0x0000000704a00000| Untracked 
|  75|0x0000000704b00000, 0x0000000704b00000, 0x0000000704c00000|  0%| F|  |TAMS 0x0000000704b00000, 0x0000000704b00000| Untracked 
|  76|0x0000000704c00000, 0x0000000704c00000, 0x0000000704d00000|  0%| F|  |TAMS 0x0000000704c00000, 0x0000000704c00000| Untracked 
|  77|0x0000000704d00000, 0x0000000704d00000, 0x0000000704e00000|  0%| F|  |TAMS 0x0000000704d00000, 0x0000000704d00000| Untracked 
|  78|0x0000000704e00000, 0x0000000704e00000, 0x0000000704f00000|  0%| F|  |TAMS 0x0000000704e00000, 0x0000000704e00000| Untracked 
|  79|0x0000000704f00000, 0x0000000704f00000, 0x0000000705000000|  0%| F|  |TAMS 0x0000000704f00000, 0x0000000704f00000| Untracked 
|  80|0x0000000705000000, 0x0000000705000000, 0x0000000705100000|  0%| F|  |TAMS 0x0000000705000000, 0x0000000705000000| Untracked 
|  81|0x0000000705100000, 0x0000000705100000, 0x0000000705200000|  0%| F|  |TAMS 0x0000000705100000, 0x0000000705100000| Untracked 
|  82|0x0000000705200000, 0x0000000705200000, 0x0000000705300000|  0%| F|  |TAMS 0x0000000705200000, 0x0000000705200000| Untracked 
|  83|0x0000000705300000, 0x0000000705300000, 0x0000000705400000|  0%| F|  |TAMS 0x0000000705300000, 0x0000000705300000| Untracked 
|  84|0x0000000705400000, 0x0000000705400000, 0x0000000705500000|  0%| F|  |TAMS 0x0000000705400000, 0x0000000705400000| Untracked 
|  85|0x0000000705500000, 0x0000000705500000, 0x0000000705600000|  0%| F|  |TAMS 0x0000000705500000, 0x0000000705500000| Untracked 
|  86|0x0000000705600000, 0x0000000705600000, 0x0000000705700000|  0%| F|  |TAMS 0x0000000705600000, 0x0000000705600000| Untracked 
|  87|0x0000000705700000, 0x0000000705700000, 0x0000000705800000|  0%| F|  |TAMS 0x0000000705700000, 0x0000000705700000| Untracked 
|  88|0x0000000705800000, 0x0000000705800000, 0x0000000705900000|  0%| F|  |TAMS 0x0000000705800000, 0x0000000705800000| Untracked 
|  89|0x0000000705900000, 0x0000000705900000, 0x0000000705a00000|  0%| F|  |TAMS 0x0000000705900000, 0x0000000705900000| Untracked 
|  90|0x0000000705a00000, 0x0000000705a00000, 0x0000000705b00000|  0%| F|  |TAMS 0x0000000705a00000, 0x0000000705a00000| Untracked 
|  91|0x0000000705b00000, 0x0000000705b00000, 0x0000000705c00000|  0%| F|  |TAMS 0x0000000705b00000, 0x0000000705b00000| Untracked 
|  92|0x0000000705c00000, 0x0000000705c00000, 0x0000000705d00000|  0%| F|  |TAMS 0x0000000705c00000, 0x0000000705c00000| Untracked 
|  93|0x0000000705d00000, 0x0000000705d00000, 0x0000000705e00000|  0%| F|  |TAMS 0x0000000705d00000, 0x0000000705d00000| Untracked 
|  94|0x0000000705e00000, 0x0000000705e00000, 0x0000000705f00000|  0%| F|  |TAMS 0x0000000705e00000, 0x0000000705e00000| Untracked 
|  95|0x0000000705f00000, 0x0000000705f00000, 0x0000000706000000|  0%| F|  |TAMS 0x0000000705f00000, 0x0000000705f00000| Untracked 
|  96|0x0000000706000000, 0x0000000706000000, 0x0000000706100000|  0%| F|  |TAMS 0x0000000706000000, 0x0000000706000000| Untracked 
|  97|0x0000000706100000, 0x0000000706100000, 0x0000000706200000|  0%| F|  |TAMS 0x0000000706100000, 0x0000000706100000| Untracked 
|  98|0x0000000706200000, 0x0000000706200000, 0x0000000706300000|  0%| F|  |TAMS 0x0000000706200000, 0x0000000706200000| Untracked 
|  99|0x0000000706300000, 0x0000000706300000, 0x0000000706400000|  0%| F|  |TAMS 0x0000000706300000, 0x0000000706300000| Untracked 
| 100|0x0000000706400000, 0x0000000706400000, 0x0000000706500000|  0%| F|  |TAMS 0x0000000706400000, 0x0000000706400000| Untracked 
| 101|0x0000000706500000, 0x0000000706500000, 0x0000000706600000|  0%| F|  |TAMS 0x0000000706500000, 0x0000000706500000| Untracked 
| 102|0x0000000706600000, 0x0000000706600000, 0x0000000706700000|  0%| F|  |TAMS 0x0000000706600000, 0x0000000706600000| Untracked 
| 103|0x0000000706700000, 0x0000000706700000, 0x0000000706800000|  0%| F|  |TAMS 0x0000000706700000, 0x0000000706700000| Untracked 
| 104|0x0000000706800000, 0x0000000706800000, 0x0000000706900000|  0%| F|  |TAMS 0x0000000706800000, 0x0000000706800000| Untracked 
| 105|0x0000000706900000, 0x0000000706900000, 0x0000000706a00000|  0%| F|  |TAMS 0x0000000706900000, 0x0000000706900000| Untracked 
| 106|0x0000000706a00000, 0x0000000706a00000, 0x0000000706b00000|  0%| F|  |TAMS 0x0000000706a00000, 0x0000000706a00000| Untracked 
| 107|0x0000000706b00000, 0x0000000706b00000, 0x0000000706c00000|  0%| F|  |TAMS 0x0000000706b00000, 0x0000000706b00000| Untracked 
| 108|0x0000000706c00000, 0x0000000706c00000, 0x0000000706d00000|  0%| F|  |TAMS 0x0000000706c00000, 0x0000000706c00000| Untracked 
| 109|0x0000000706d00000, 0x0000000706d00000, 0x0000000706e00000|  0%| F|  |TAMS 0x0000000706d00000, 0x0000000706d00000| Untracked 
| 110|0x0000000706e00000, 0x0000000706e00000, 0x0000000706f00000|  0%| F|  |TAMS 0x0000000706e00000, 0x0000000706e00000| Untracked 
| 111|0x0000000706f00000, 0x0000000706f00000, 0x0000000707000000|  0%| F|  |TAMS 0x0000000706f00000, 0x0000000706f00000| Untracked 
| 112|0x0000000707000000, 0x0000000707000000, 0x0000000707100000|  0%| F|  |TAMS 0x0000000707000000, 0x0000000707000000| Untracked 
| 113|0x0000000707100000, 0x0000000707100000, 0x0000000707200000|  0%| F|  |TAMS 0x0000000707100000, 0x0000000707100000| Untracked 
| 114|0x0000000707200000, 0x0000000707200000, 0x0000000707300000|  0%| F|  |TAMS 0x0000000707200000, 0x0000000707200000| Untracked 
| 115|0x0000000707300000, 0x0000000707300000, 0x0000000707400000|  0%| F|  |TAMS 0x0000000707300000, 0x0000000707300000| Untracked 
| 116|0x0000000707400000, 0x0000000707400000, 0x0000000707500000|  0%| F|  |TAMS 0x0000000707400000, 0x0000000707400000| Untracked 
| 117|0x0000000707500000, 0x0000000707500000, 0x0000000707600000|  0%| F|  |TAMS 0x0000000707500000, 0x0000000707500000| Untracked 
| 118|0x0000000707600000, 0x0000000707600000, 0x0000000707700000|  0%| F|  |TAMS 0x0000000707600000, 0x0000000707600000| Untracked 
| 119|0x0000000707700000, 0x0000000707700000, 0x0000000707800000|  0%| F|  |TAMS 0x0000000707700000, 0x0000000707700000| Untracked 
| 120|0x0000000707800000, 0x0000000707800000, 0x0000000707900000|  0%| F|  |TAMS 0x0000000707800000, 0x0000000707800000| Untracked 
| 121|0x0000000707900000, 0x0000000707900000, 0x0000000707a00000|  0%| F|  |TAMS 0x0000000707900000, 0x0000000707900000| Untracked 
| 122|0x0000000707a00000, 0x0000000707a00000, 0x0000000707b00000|  0%| F|  |TAMS 0x0000000707a00000, 0x0000000707a00000| Untracked 
| 123|0x0000000707b00000, 0x0000000707b00000, 0x0000000707c00000|  0%| F|  |TAMS 0x0000000707b00000, 0x0000000707b00000| Untracked 
| 124|0x0000000707c00000, 0x0000000707c00000, 0x0000000707d00000|  0%| F|  |TAMS 0x0000000707c00000, 0x0000000707c00000| Untracked 
| 125|0x0000000707d00000, 0x0000000707d00000, 0x0000000707e00000|  0%| F|  |TAMS 0x0000000707d00000, 0x0000000707d00000| Untracked 
| 126|0x0000000707e00000, 0x0000000707f00000, 0x0000000707f00000|100%| E|  |TAMS 0x0000000707e00000, 0x0000000707e00000| Complete 
| 127|0x0000000707f00000, 0x0000000708000000, 0x0000000708000000|100%| E|CS|TAMS 0x0000000707f00000, 0x0000000707f00000| Complete 
| 128|0x0000000708000000, 0x0000000708100000, 0x0000000708100000|100%| E|CS|TAMS 0x0000000708000000, 0x0000000708000000| Complete 
| 129|0x0000000708100000, 0x0000000708200000, 0x0000000708200000|100%| E|CS|TAMS 0x0000000708100000, 0x0000000708100000| Complete 
| 130|0x0000000708200000, 0x0000000708300000, 0x0000000708300000|100%| E|CS|TAMS 0x0000000708200000, 0x0000000708200000| Complete 
| 131|0x0000000708300000, 0x0000000708400000, 0x0000000708400000|100%| E|CS|TAMS 0x0000000708300000, 0x0000000708300000| Complete 
| 132|0x0000000708400000, 0x0000000708500000, 0x0000000708500000|100%| E|CS|TAMS 0x0000000708400000, 0x0000000708400000| Complete 
| 133|0x0000000708500000, 0x0000000708600000, 0x0000000708600000|100%| E|CS|TAMS 0x0000000708500000, 0x0000000708500000| Complete 
| 134|0x0000000708600000, 0x0000000708700000, 0x0000000708700000|100%| E|CS|TAMS 0x0000000708600000, 0x0000000708600000| Complete 
| 135|0x0000000708700000, 0x0000000708800000, 0x0000000708800000|100%| E|CS|TAMS 0x0000000708700000, 0x0000000708700000| Complete 
| 136|0x0000000708800000, 0x0000000708900000, 0x0000000708900000|100%| E|CS|TAMS 0x0000000708800000, 0x0000000708800000| Complete 
| 137|0x0000000708900000, 0x0000000708a00000, 0x0000000708a00000|100%| E|CS|TAMS 0x0000000708900000, 0x0000000708900000| Complete 
| 138|0x0000000708a00000, 0x0000000708b00000, 0x0000000708b00000|100%| E|CS|TAMS 0x0000000708a00000, 0x0000000708a00000| Complete 
| 139|0x0000000708b00000, 0x0000000708c00000, 0x0000000708c00000|100%| E|CS|TAMS 0x0000000708b00000, 0x0000000708b00000| Complete 
| 140|0x0000000708c00000, 0x0000000708d00000, 0x0000000708d00000|100%| E|CS|TAMS 0x0000000708c00000, 0x0000000708c00000| Complete 
| 141|0x0000000708d00000, 0x0000000708e00000, 0x0000000708e00000|100%| E|CS|TAMS 0x0000000708d00000, 0x0000000708d00000| Complete 
| 142|0x0000000708e00000, 0x0000000708f00000, 0x0000000708f00000|100%| E|CS|TAMS 0x0000000708e00000, 0x0000000708e00000| Complete 
| 143|0x0000000708f00000, 0x0000000709000000, 0x0000000709000000|100%| E|CS|TAMS 0x0000000708f00000, 0x0000000708f00000| Complete 
| 144|0x0000000709000000, 0x0000000709100000, 0x0000000709100000|100%| E|CS|TAMS 0x0000000709000000, 0x0000000709000000| Complete 
| 145|0x0000000709100000, 0x0000000709200000, 0x0000000709200000|100%| E|CS|TAMS 0x0000000709100000, 0x0000000709100000| Complete 
| 146|0x0000000709200000, 0x0000000709300000, 0x0000000709300000|100%| E|CS|TAMS 0x0000000709200000, 0x0000000709200000| Complete 
| 147|0x0000000709300000, 0x0000000709400000, 0x0000000709400000|100%| E|CS|TAMS 0x0000000709300000, 0x0000000709300000| Complete 
| 148|0x0000000709400000, 0x0000000709500000, 0x0000000709500000|100%| E|CS|TAMS 0x0000000709400000, 0x0000000709400000| Complete 
| 149|0x0000000709500000, 0x0000000709600000, 0x0000000709600000|100%| E|CS|TAMS 0x0000000709500000, 0x0000000709500000| Complete 
| 150|0x0000000709600000, 0x0000000709700000, 0x0000000709700000|100%| E|CS|TAMS 0x0000000709600000, 0x0000000709600000| Complete 
| 151|0x0000000709700000, 0x0000000709800000, 0x0000000709800000|100%| E|CS|TAMS 0x0000000709700000, 0x0000000709700000| Complete 
| 152|0x0000000709800000, 0x0000000709900000, 0x0000000709900000|100%| E|CS|TAMS 0x0000000709800000, 0x0000000709800000| Complete 
| 153|0x0000000709900000, 0x0000000709a00000, 0x0000000709a00000|100%| E|CS|TAMS 0x0000000709900000, 0x0000000709900000| Complete 
| 154|0x0000000709a00000, 0x0000000709b00000, 0x0000000709b00000|100%| E|CS|TAMS 0x0000000709a00000, 0x0000000709a00000| Complete 
| 155|0x0000000709b00000, 0x0000000709c00000, 0x0000000709c00000|100%| E|CS|TAMS 0x0000000709b00000, 0x0000000709b00000| Complete 
| 156|0x0000000709c00000, 0x0000000709d00000, 0x0000000709d00000|100%| E|CS|TAMS 0x0000000709c00000, 0x0000000709c00000| Complete 
| 157|0x0000000709d00000, 0x0000000709e00000, 0x0000000709e00000|100%| E|CS|TAMS 0x0000000709d00000, 0x0000000709d00000| Complete 
| 158|0x0000000709e00000, 0x0000000709f00000, 0x0000000709f00000|100%| E|CS|TAMS 0x0000000709e00000, 0x0000000709e00000| Complete 
| 307|0x0000000713300000, 0x0000000713400000, 0x0000000713400000|100%| E|CS|TAMS 0x0000000713300000, 0x0000000713300000| Complete 

Card table byte_map: [0x000001e5cf330000,0x000001e5cfb30000] _byte_map_base: 0x000001e5cbb30000

Marking Bits (Prev, Next): (CMBitMap*) 0x000001e5b73ef4e8, (CMBitMap*) 0x000001e5b73ef528
 Prev Bits: [0x000001e5d0330000, 0x000001e5d4330000)
 Next Bits: [0x000001e5d4330000, 0x000001e5d8330000)

Polling page: 0x000001e5b5320000

Metaspace:

Usage:
  Non-class:     32.92 MB capacity,    32.21 MB ( 98%) used,   578.84 KB (  2%) free+waste,   150.94 KB ( <1%) overhead. 
      Class:      4.55 MB capacity,     4.08 MB ( 90%) used,   408.05 KB (  9%) free+waste,    66.75 KB (  1%) overhead. 
       Both:     37.46 MB capacity,    36.29 MB ( 97%) used,   986.89 KB (  3%) free+waste,   217.69 KB ( <1%) overhead. 

Virtual space:
  Non-class space:       34.00 MB reserved,      33.00 MB ( 97%) committed 
      Class space:        1.00 GB reserved,       4.63 MB ( <1%) committed 
             Both:        1.03 GB reserved,      37.63 MB (  4%) committed 

Chunk freelists:
   Non-Class:  20.00 KB
       Class:  16.00 KB
        Both:  36.00 KB

MaxMetaspaceSize: 17179869184.00 GB
CompressedClassSpaceSize: 1.00 GB

CodeHeap 'non-profiled nmethods': size=120000Kb used=4876Kb max_used=4876Kb free=115123Kb
 bounds [0x000001e5c7600000, 0x000001e5c7ad0000, 0x000001e5ceb30000]
CodeHeap 'profiled nmethods': size=120000Kb used=14142Kb max_used=15117Kb free=105857Kb
 bounds [0x000001e5c00d0000, 0x000001e5c0fa0000, 0x000001e5c7600000]
CodeHeap 'non-nmethods': size=5760Kb used=1265Kb max_used=1329Kb free=4494Kb
 bounds [0x000001e5bfb30000, 0x000001e5bfda0000, 0x000001e5c00d0000]
 total_blobs=7107 nmethods=6565 adapters=454
 compilation: enabled
              stopped_count=0, restarted_count=0
 full_count=0

Compilation events (20 events):
Event: 980.004 Thread 0x000001e5db0e6000 nmethod 8172 0x000001e5c0266b90 code [0x000001e5c0267540, 0x000001e5c026de28]
Event: 980.004 Thread 0x000001e5db0e6000 8174       3       sun.nio.cs.StreamEncoder::implWrite (137 bytes)
Event: 980.004 Thread 0x000001e5db0e6000 nmethod 8174 0x000001e5c0b17a10 code [0x000001e5c0b17c40, 0x000001e5c0b18448]
Event: 980.004 Thread 0x000001e5db0e6000 8173   !   3       sun.nio.cs.StreamEncoder::write (78 bytes)
Event: 980.005 Thread 0x000001e5db0e6000 nmethod 8173 0x000001e5c02fa390 code [0x000001e5c02fa5e0, 0x000001e5c02fb148]
Event: 980.005 Thread 0x000001e5db0e6000 8175       3       sun.nio.cs.StreamEncoder::implWrite (15 bytes)
Event: 980.006 Thread 0x000001e5db0e6000 nmethod 8175 0x000001e5c0418590 code [0x000001e5c0418780, 0x000001e5c0418c68]
Event: 980.006 Thread 0x000001e5db0e3000 nmethod 8176 0x000001e5c7ab9a90 code [0x000001e5c7ab9c60, 0x000001e5c7ab9fb8]
Event: 980.006 Thread 0x000001e5db0e3000 8177       4       sun.nio.cs.UTF_8$Decoder::decodeArrayLoop (691 bytes)
Event: 980.010 Thread 0x000001e5de58c800 nmethod 8164 0x000001e5c7aba290 code [0x000001e5c7aba660, 0x000001e5c7abb8d0]
Event: 980.021 Thread 0x000001e5db0e6000 8178       1       java.lang.ThreadGroup::getMaxPriority (5 bytes)
Event: 980.021 Thread 0x000001e5db0e6000 nmethod 8178 0x000001e5c7abc310 code [0x000001e5c7abc4a0, 0x000001e5c7abc578]
Event: 980.022 Thread 0x000001e5db0e6000 8179       3       java.lang.StringLatin1::replace (198 bytes)
Event: 980.023 Thread 0x000001e5db0e6000 nmethod 8179 0x000001e5c0877b10 code [0x000001e5c0877d80, 0x000001e5c0878b48]
Event: 980.038 Thread 0x000001e5de58c800 8180       4       org.apache.maven.surefire.util.internal.StringUtils::escapeToPrintable (152 bytes)
Event: 980.041 Thread 0x000001e5db0e3000 nmethod 8177 0x000001e5c7abc610 code [0x000001e5c7abcb60, 0x000001e5c7abe7d8]
Event: 980.048 Thread 0x000001e5db0e6000 8181       3       java.io.PrintStream::checkError (39 bytes)
Event: 980.049 Thread 0x000001e5db0e6000 nmethod 8181 0x000001e5c0417d10 code [0x000001e5c0417ee0, 0x000001e5c0418458]
Event: 980.049 Thread 0x000001e5db0e6000 8182       3       sun.invoke.util.Wrapper::isDoubleWord (15 bytes)
Event: 980.050 Thread 0x000001e5db0e6000 nmethod 8182 0x000001e5c0417890 code [0x000001e5c0417a20, 0x000001e5c0417b98]

GC Heap History (20 events):
Event: 336.990 GC heap before
{Heap before GC invocations=27 (full 0):
 garbage-first heap   total 163840K, used 142497K [0x0000000700000000, 0x0000000800000000)
  region size 1024K, 94 young (96256K), 3 survivors (3072K)
 Metaspace       used 36015K, capacity 37265K, committed 37376K, reserved 1081344K
  class space    used 4092K, capacity 4558K, committed 4608K, reserved 1048576K
}
Event: 336.995 GC heap after
{Heap after GC invocations=28 (full 0):
 garbage-first heap   total 163840K, used 49145K [0x0000000700000000, 0x0000000800000000)
  region size 1024K, 3 young (3072K), 3 survivors (3072K)
 Metaspace       used 36015K, capacity 37265K, committed 37376K, reserved 1081344K
  class space    used 4092K, capacity 4558K, committed 4608K, reserved 1048576K
}
Event: 348.180 GC heap before
{Heap before GC invocations=28 (full 0):
 garbage-first heap   total 163840K, used 140281K [0x0000000700000000, 0x0000000800000000)
  region size 1024K, 93 young (95232K), 3 survivors (3072K)
 Metaspace       used 36109K, capacity 37306K, committed 37376K, reserved 1081344K
  class space    used 4096K, capacity 4566K, committed 4608K, reserved 1048576K
}
Event: 348.186 GC heap after
{Heap after GC invocations=29 (full 0):
 garbage-first heap   total 163840K, used 49465K [0x0000000700000000, 0x0000000800000000)
  region size 1024K, 3 young (3072K), 3 survivors (3072K)
 Metaspace       used 36109K, capacity 37306K, committed 37376K, reserved 1081344K
  class space    used 4096K, capacity 4566K, committed 4608K, reserved 1048576K
}
Event: 366.758 GC heap before
{Heap before GC invocations=29 (full 0):
 garbage-first heap   total 163840K, used 141625K [0x0000000700000000, 0x0000000800000000)
  region size 1024K, 93 young (95232K), 3 survivors (3072K)
 Metaspace       used 36159K, capacity 37371K, committed 37632K, reserved 1083392K
  class space    used 4096K, capacity 4566K, committed 4608K, reserved 1048576K
}
Event: 366.763 GC heap after
{Heap after GC invocations=30 (full 0):
 garbage-first heap   total 163840K, used 49585K [0x0000000700000000, 0x0000000800000000)
  region size 1024K, 3 young (3072K), 3 survivors (3072K)
 Metaspace       used 36159K, capacity 37371K, committed 37632K, reserved 1083392K
  class space    used 4096K, capacity 4566K, committed 4608K, reserved 1048576K
}
Event: 385.899 GC heap before
{Heap before GC invocations=30 (full 0):
 garbage-first heap   total 163840K, used 141745K [0x0000000700000000, 0x0000000800000000)
  region size 1024K, 93 young (95232K), 3 survivors (3072K)
 Metaspace       used 36265K, capacity 37443K, committed 37632K, reserved 1083392K
  class space    used 4097K, capacity 4567K, committed 4608K, reserved 1048576K
}
Event: 385.904 GC heap after
{Heap after GC invocations=31 (full 0):
 garbage-first heap   total 163840K, used 49711K [0x0000000700000000, 0x0000000800000000)
  region size 1024K, 3 young (3072K), 3 survivors (3072K)
 Metaspace       used 36265K, capacity 37443K, committed 37632K, reserved 1083392K
  class space    used 4097K, capacity 4567K, committed 4608K, reserved 1048576K
}
Event: 551.908 GC heap before
{Heap before GC invocations=31 (full 0):
 garbage-first heap   total 163840K, used 141871K [0x0000000700000000, 0x0000000800000000)
  region size 1024K, 93 young (95232K), 3 survivors (3072K)
 Metaspace       used 36425K, capacity 37583K, committed 37632K, reserved 1083392K
  class space    used 4109K, capacity 4569K, committed 4608K, reserved 1048576K
}
Event: 551.918 GC heap after
{Heap after GC invocations=32 (full 0):
 garbage-first heap   total 163840K, used 50922K [0x0000000700000000, 0x0000000800000000)
  region size 1024K, 4 young (4096K), 4 survivors (4096K)
 Metaspace       used 36425K, capacity 37583K, committed 37632K, reserved 1083392K
  class space    used 4109K, capacity 4569K, committed 4608K, reserved 1048576K
}
Event: 563.361 GC heap before
{Heap before GC invocations=32 (full 0):
 garbage-first heap   total 163840K, used 140010K [0x0000000700000000, 0x0000000800000000)
  region size 1024K, 91 young (93184K), 4 survivors (4096K)
 Metaspace       used 36446K, capacity 37647K, committed 37888K, reserved 1083392K
  class space    used 4109K, capacity 4569K, committed 4608K, reserved 1048576K
}
Event: 563.367 GC heap after
{Heap after GC invocations=33 (full 0):
 garbage-first heap   total 163840K, used 50322K [0x0000000700000000, 0x0000000800000000)
  region size 1024K, 3 young (3072K), 3 survivors (3072K)
 Metaspace       used 36446K, capacity 37647K, committed 37888K, reserved 1083392K
  class space    used 4109K, capacity 4569K, committed 4608K, reserved 1048576K
}
Event: 582.116 GC heap before
{Heap before GC invocations=33 (full 0):
 garbage-first heap   total 163840K, used 140434K [0x0000000700000000, 0x0000000800000000)
  region size 1024K, 91 young (93184K), 3 survivors (3072K)
 Metaspace       used 36448K, capacity 37647K, committed 37888K, reserved 1083392K
  class space    used 4109K, capacity 4569K, committed 4608K, reserved 1048576K
}
Event: 582.122 GC heap after
{Heap after GC invocations=34 (full 0):
 garbage-first heap   total 163840K, used 50530K [0x0000000700000000, 0x0000000800000000)
  region size 1024K, 4 young (4096K), 4 survivors (4096K)
 Metaspace       used 36448K, capacity 37647K, committed 37888K, reserved 1083392K
  class space    used 4109K, capacity 4569K, committed 4608K, reserved 1048576K
}
Event: 599.799 GC heap before
{Heap before GC invocations=34 (full 0):
 garbage-first heap   total 163840K, used 139618K [0x0000000700000000, 0x0000000800000000)
  region size 1024K, 92 young (94208K), 4 survivors (4096K)
 Metaspace       used 36457K, capacity 37711K, committed 37888K, reserved 1083392K
  class space    used 4109K, capacity 4569K, committed 4608K, reserved 1048576K
}
Event: 599.805 GC heap after
{Heap after GC invocations=35 (full 0):
 garbage-first heap   total 163840K, used 50369K [0x0000000700000000, 0x0000000800000000)
  region size 1024K, 3 young (3072K), 3 survivors (3072K)
 Metaspace       used 36457K, capacity 37711K, committed 37888K, reserved 1083392K
  class space    used 4109K, capacity 4569K, committed 4608K, reserved 1048576K
}
Event: 828.382 GC heap before
{Heap before GC invocations=35 (full 0):
 garbage-first heap   total 163840K, used 141505K [0x0000000700000000, 0x0000000800000000)
  region size 1024K, 92 young (94208K), 3 survivors (3072K)
 Metaspace       used 36497K, capacity 37711K, committed 37888K, reserved 1083392K
  class space    used 4109K, capacity 4569K, committed 4608K, reserved 1048576K
}
Event: 828.392 GC heap after
{Heap after GC invocations=36 (full 0):
 garbage-first heap   total 163840K, used 51476K [0x0000000700000000, 0x0000000800000000)
  region size 1024K, 4 young (4096K), 4 survivors (4096K)
 Metaspace       used 36497K, capacity 37711K, committed 37888K, reserved 1083392K
  class space    used 4109K, capacity 4569K, committed 4608K, reserved 1048576K
}
Event: 959.651 GC heap before
{Heap before GC invocations=36 (full 0):
 garbage-first heap   total 163840K, used 140564K [0x0000000700000000, 0x0000000800000000)
  region size 1024K, 91 young (93184K), 4 survivors (4096K)
 Metaspace       used 36556K, capacity 37723K, committed 37888K, reserved 1083392K
  class space    used 4110K, capacity 4570K, committed 4608K, reserved 1048576K
}
Event: 959.659 GC heap after
{Heap after GC invocations=37 (full 0):
 garbage-first heap   total 163840K, used 51283K [0x0000000700000000, 0x0000000800000000)
  region size 1024K, 4 young (4096K), 4 survivors (4096K)
 Metaspace       used 36556K, capacity 37723K, committed 37888K, reserved 1083392K
  class space    used 4110K, capacity 4570K, committed 4608K, reserved 1048576K
}

Deoptimization events (20 events):
Event: 980.023 Thread 0x000001e5b7387800 Uncommon trap: trap_request=0xffffff45 fr.pc=0x000001e5c7a5b7c0 relative=0x0000000000000180
Event: 980.023 Thread 0x000001e5b7387800 Uncommon trap: reason=unstable_if action=reinterpret pc=0x000001e5c7a5b7c0 method=java.util.concurrent.locks.ReentrantLock$Sync.tryRelease(I)Z @ 26 c2
Event: 980.023 Thread 0x000001e5b7387800 DEOPT PACKING pc=0x000001e5c7a5b7c0 sp=0x00000047e5ffe6e0
Event: 980.023 Thread 0x000001e5b7387800 DEOPT UNPACKING pc=0x000001e5bfb7912f sp=0x00000047e5ffe638 mode 2
Event: 980.024 Thread 0x000001e5ddcc0000 Uncommon trap: trap_request=0xffffff45 fr.pc=0x000001e5c79d8064 relative=0x0000000000000044
Event: 980.024 Thread 0x000001e5ddcc0000 Uncommon trap: reason=unstable_if action=reinterpret pc=0x000001e5c79d8064 method=java.lang.Thread.interrupted()Z @ 10 c2
Event: 980.024 Thread 0x000001e5ddcc0000 DEOPT PACKING pc=0x000001e5c79d8064 sp=0x00000047e79fec90
Event: 980.024 Thread 0x000001e5ddcc0000 DEOPT UNPACKING pc=0x000001e5bfb7912f sp=0x00000047e79fec20 mode 2
Event: 980.024 Thread 0x000001e5b7387800 Uncommon trap: trap_request=0xffffff45 fr.pc=0x000001e5c7a19770 relative=0x00000000000000d0
Event: 980.024 Thread 0x000001e5b7387800 Uncommon trap: reason=unstable_if action=reinterpret pc=0x000001e5c7a19770 method=java.util.concurrent.locks.ReentrantLock$Sync.tryRelease(I)Z @ 26 c2
Event: 980.024 Thread 0x000001e5b7387800 DEOPT PACKING pc=0x000001e5c7a19770 sp=0x00000047e5ffe670
Event: 980.024 Thread 0x000001e5b7387800 DEOPT UNPACKING pc=0x000001e5bfb7912f sp=0x00000047e5ffe620 mode 2
Event: 980.024 Thread 0x000001e5b7387800 Uncommon trap: trap_request=0xffffff45 fr.pc=0x000001e5c79bb0d4 relative=0x0000000000000034
Event: 980.024 Thread 0x000001e5b7387800 Uncommon trap: reason=unstable_if action=reinterpret pc=0x000001e5c79bb0d4 method=java.util.concurrent.locks.AbstractQueuedSynchronizer.signalNext(Ljava/util/concurrent/locks/AbstractQueuedSynchronizer$Node;)V @ 10 c2
Event: 980.024 Thread 0x000001e5b7387800 DEOPT PACKING pc=0x000001e5c79bb0d4 sp=0x00000047e5ffe7b0
Event: 980.024 Thread 0x000001e5b7387800 DEOPT UNPACKING pc=0x000001e5bfb7912f sp=0x00000047e5ffe738 mode 2
Event: 980.041 Thread 0x000001e5b7387800 DEOPT PACKING pc=0x000001e5c0255582 sp=0x00000047e5ffe460
Event: 980.041 Thread 0x000001e5b7387800 DEOPT UNPACKING pc=0x000001e5bfb7964e sp=0x00000047e5ffd938 mode 0
Event: 980.045 Thread 0x000001e5b7387800 DEOPT PACKING pc=0x000001e5c0255582 sp=0x00000047e5ffe460
Event: 980.045 Thread 0x000001e5b7387800 DEOPT UNPACKING pc=0x000001e5bfb7964e sp=0x00000047e5ffd938 mode 0

Classes unloaded (0 events):
No events

Classes redefined (0 events):
No events

Internal exceptions (20 events):
Event: 967.102 Thread 0x000001e5de4ee800 Exception <a 'java/net/SocketException'{0x0000000709d0c430}: Socket is not connected: shutdown> (0x0000000709d0c430) 
thrown [./open/src/hotspot/share/prims/jni.cpp, line 620]
Event: 967.923 Thread 0x000001e5de4ee800 Exception <a 'java/net/SocketException'{0x0000000709d0d610}: Socket is not connected: shutdown> (0x0000000709d0d610) 
thrown [./open/src/hotspot/share/prims/jni.cpp, line 620]
Event: 968.745 Thread 0x000001e5de4ee800 Exception <a 'java/net/SocketException'{0x0000000709d0e7f0}: Socket is not connected: shutdown> (0x0000000709d0e7f0) 
thrown [./open/src/hotspot/share/prims/jni.cpp, line 620]
Event: 969.567 Thread 0x000001e5de4ee800 Exception <a 'java/net/SocketException'{0x0000000709d0f9d0}: Socket is not connected: shutdown> (0x0000000709d0f9d0) 
thrown [./open/src/hotspot/share/prims/jni.cpp, line 620]
Event: 970.388 Thread 0x000001e5de4ee800 Exception <a 'java/net/SocketException'{0x0000000709d10bb0}: Socket is not connected: shutdown> (0x0000000709d10bb0) 
thrown [./open/src/hotspot/share/prims/jni.cpp, line 620]
Event: 971.209 Thread 0x000001e5de4ee800 Exception <a 'java/net/SocketException'{0x0000000709d11d90}: Socket is not connected: shutdown> (0x0000000709d11d90) 
thrown [./open/src/hotspot/share/prims/jni.cpp, line 620]
Event: 972.032 Thread 0x000001e5de4ee800 Exception <a 'java/net/SocketException'{0x0000000709d12f70}: Socket is not connected: shutdown> (0x0000000709d12f70) 
thrown [./open/src/hotspot/share/prims/jni.cpp, line 620]
Event: 972.854 Thread 0x000001e5de4ee800 Exception <a 'java/net/SocketException'{0x0000000709d14150}: Socket is not connected: shutdown> (0x0000000709d14150) 
thrown [./open/src/hotspot/share/prims/jni.cpp, line 620]
Event: 973.675 Thread 0x000001e5de4ee800 Exception <a 'java/net/SocketException'{0x0000000709d15330}: Socket is not connected: shutdown> (0x0000000709d15330) 
thrown [./open/src/hotspot/share/prims/jni.cpp, line 620]
Event: 974.496 Thread 0x000001e5de4ee800 Exception <a 'java/net/SocketException'{0x0000000709d16510}: Socket is not connected: shutdown> (0x0000000709d16510) 
thrown [./open/src/hotspot/share/prims/jni.cpp, line 620]
Event: 975.318 Thread 0x000001e5de4ee800 Exception <a 'java/net/SocketException'{0x0000000709d176f0}: Socket is not connected: shutdown> (0x0000000709d176f0) 
thrown [./open/src/hotspot/share/prims/jni.cpp, line 620]
Event: 976.141 Thread 0x000001e5de4ee800 Exception <a 'java/net/SocketException'{0x0000000709d188d0}: Socket is not connected: shutdown> (0x0000000709d188d0) 
thrown [./open/src/hotspot/share/prims/jni.cpp, line 620]
Event: 976.963 Thread 0x000001e5de4ee800 Exception <a 'java/net/SocketException'{0x0000000709dac9a0}: Socket is not connected: shutdown> (0x0000000709dac9a0) 
thrown [./open/src/hotspot/share/prims/jni.cpp, line 620]
Event: 977.785 Thread 0x000001e5de4ee800 Exception <a 'java/net/SocketException'{0x0000000709dadb80}: Socket is not connected: shutdown> (0x0000000709dadb80) 
thrown [./open/src/hotspot/share/prims/jni.cpp, line 620]
Event: 978.607 Thread 0x000001e5de4ee800 Exception <a 'java/net/SocketException'{0x0000000709daed60}: Socket is not connected: shutdown> (0x0000000709daed60) 
thrown [./open/src/hotspot/share/prims/jni.cpp, line 620]
Event: 979.428 Thread 0x000001e5de4ee800 Exception <a 'java/net/SocketException'{0x0000000709daff40}: Socket is not connected: shutdown> (0x0000000709daff40) 
thrown [./open/src/hotspot/share/prims/jni.cpp, line 620]
Event: 979.674 Thread 0x000001e5de4ee800 Exception <a 'java/lang/InterruptedException'{0x0000000709db0250}: sleep interrupted> (0x0000000709db0250) 
thrown [./open/src/hotspot/share/prims/jvm.cpp, line 3074]
Event: 979.682 Thread 0x000001e5ddcc0000 Exception <a 'java/lang/ClassNotFoundException'{0x0000000709ed4d40}: sun/util/logging/resources/spi/loggingProvider> (0x0000000709ed4d40) 
thrown [./open/src/hotspot/share/classfile/systemDictionary.cpp, line 226]
Event: 979.684 Thread 0x000001e5ddcc0000 Implicit null exception at 0x000001e5c7793a13 to 0x000001e5c7794c30
Event: 979.861 Thread 0x000001e5b7387800 Implicit null exception at 0x000001e5c7795ac1 to 0x000001e5c7795b78

Events (20 events):
Event: 979.865 Executing VM operation: HandshakeAllThreads done
Event: 979.942 Executing VM operation: HandshakeOneThread
Event: 979.942 Executing VM operation: HandshakeOneThread done
Event: 979.942 Executing VM operation: HandshakeOneThread
Event: 979.943 Executing VM operation: HandshakeOneThread done
Event: 979.975 loading class sun/nio/cs/Surrogate$Parser
Event: 979.975 loading class sun/nio/cs/Surrogate$Parser done
Event: 979.975 loading class sun/nio/cs/Surrogate
Event: 979.975 loading class sun/nio/cs/Surrogate done
Event: 980.018 loading class java/util/stream/ReferencePipeline$4
Event: 980.018 loading class java/util/stream/ReferencePipeline$4 done
Event: 980.018 loading class java/util/function/IntBinaryOperator
Event: 980.018 loading class java/util/function/IntBinaryOperator done
Event: 980.018 loading class java/util/stream/ReduceOps$6
Event: 980.018 loading class java/util/stream/ReduceOps$6 done
Event: 980.019 loading class java/util/stream/ReduceOps$5ReducingSink
Event: 980.019 loading class java/util/stream/ReduceOps$5ReducingSink done
Event: 980.019 loading class java/util/stream/ReferencePipeline$4$1
Event: 980.019 loading class java/util/stream/ReferencePipeline$4$1 done
Event: 980.025 Thread 0x000001e5ddcc0000 Thread exited: 0x000001e5ddcc0000


Dynamic libraries:
0x00007ff6bd260000 - 0x00007ff6bd26f000 	C:\Program Files\Java\jdk-14.0.2\bin\java.exe
0x00007ffa05bf0000 - 0x00007ffa05de8000 	C:\WINDOWS\SYSTEM32\ntdll.dll
0x00007ff9f5310000 - 0x00007ff9f5384000 	C:\WINDOWS\System32\verifier.dll
0x00007ff9dd9d0000 - 0x00007ff9ddac4000 	C:\WINDOWS\SYSTEM32\PayloadRestrictions.dll
0x00007ffa03650000 - 0x00007ffa03750000 	C:\WINDOWS\System32\ucrtbase.dll
0x00007ffa037f0000 - 0x00007ffa03abe000 	C:\WINDOWS\System32\kernelbase.dll
0x00007ffa03fd0000 - 0x00007ffa0408d000 	C:\WINDOWS\System32\kernel32.dll
0x00007ff9fe9d0000 - 0x00007ff9fe9e8000 	C:\Program Files\Java\jdk-14.0.2\bin\jli.dll
0x00007ffa03e20000 - 0x00007ffa03ece000 	C:\WINDOWS\System32\ADVAPI32.dll
0x00007ffa04be0000 - 0x00007ffa04c7e000 	C:\WINDOWS\System32\msvcrt.dll
0x00007ffa04e30000 - 0x00007ffa04ecc000 	C:\WINDOWS\System32\sechost.dll
0x00007ffa05950000 - 0x00007ffa05a75000 	C:\WINDOWS\System32\RPCRT4.dll
0x00007ffa05740000 - 0x00007ffa058e0000 	C:\WINDOWS\System32\USER32.dll
0x00007ffa03570000 - 0x00007ffa03592000 	C:\WINDOWS\System32\win32u.dll
0x00007ffa05700000 - 0x00007ffa0572a000 	C:\WINDOWS\System32\GDI32.dll
0x00007ffa03b10000 - 0x00007ffa03c1b000 	C:\WINDOWS\System32\gdi32full.dll
0x00007ffa03750000 - 0x00007ffa037ed000 	C:\WINDOWS\System32\msvcp_win.dll
0x00007ff9f8df0000 - 0x00007ff9f8e05000 	C:\Program Files\Java\jdk-14.0.2\bin\VCRUNTIME140.dll
0x00007ff9edc30000 - 0x00007ff9edeca000 	C:\WINDOWS\WinSxS\amd64_microsoft.windows.common-controls_6595b64144ccf1df_6.0.19041.1110_none_60b5254171f9507e\COMCTL32.dll
0x00007ff9fc950000 - 0x00007ff9fc95a000 	C:\WINDOWS\SYSTEM32\VERSION.dll
0x00007ffa04090000 - 0x00007ffa040c0000 	C:\WINDOWS\System32\IMM32.DLL
0x00007ff9ecca0000 - 0x00007ff9ecd3b000 	C:\Program Files\Java\jdk-14.0.2\bin\msvcp140.dll
0x00007ff9cf940000 - 0x00007ff9d045e000 	C:\Program Files\Java\jdk-14.0.2\bin\server\jvm.dll
0x00007ffa04480000 - 0x00007ffa04488000 	C:\WINDOWS\System32\PSAPI.DLL
0x00007ff9fc340000 - 0x00007ff9fc349000 	C:\WINDOWS\SYSTEM32\WSOCK32.dll
0x00007ffa05050000 - 0x00007ffa050bb000 	C:\WINDOWS\System32\WS2_32.dll
0x00007ff9f7f70000 - 0x00007ff9f7f97000 	C:\WINDOWS\SYSTEM32\WINMM.dll
0x00007ffa01230000 - 0x00007ffa01242000 	C:\WINDOWS\SYSTEM32\kernel.appcore.dll
0x00007ff9fbb50000 - 0x00007ff9fbb5a000 	C:\Program Files\Java\jdk-14.0.2\bin\jimage.dll
0x00007ff9f7fa0000 - 0x00007ff9f8184000 	C:\WINDOWS\SYSTEM32\DBGHELP.DLL
0x00007ff9f7f40000 - 0x00007ff9f7f6c000 	C:\WINDOWS\SYSTEM32\dbgcore.DLL
0x00007ffa034e0000 - 0x00007ffa03562000 	C:\WINDOWS\System32\bcryptPrimitives.dll
0x00007ff9f8dc0000 - 0x00007ff9f8de5000 	C:\Program Files\Java\jdk-14.0.2\bin\java.dll
0x00007ff9f8da0000 - 0x00007ff9f8db6000 	C:\Program Files\Java\jdk-14.0.2\bin\zip.dll
0x00007ffa04490000 - 0x00007ffa04bd4000 	C:\WINDOWS\System32\SHELL32.dll
0x00007ffa01430000 - 0x00007ffa01bc4000 	C:\WINDOWS\SYSTEM32\windows.storage.dll
0x00007ffa04120000 - 0x00007ffa04474000 	C:\WINDOWS\System32\combase.dll
0x00007ffa02d00000 - 0x00007ffa02d30000 	C:\WINDOWS\SYSTEM32\Wldp.dll
0x00007ffa04ed0000 - 0x00007ffa04f7d000 	C:\WINDOWS\System32\SHCORE.dll
0x00007ffa040c0000 - 0x00007ffa04115000 	C:\WINDOWS\System32\shlwapi.dll
0x00007ffa03250000 - 0x00007ffa0326f000 	C:\WINDOWS\SYSTEM32\profapi.dll
0x00007ff9f8d80000 - 0x00007ff9f8d99000 	C:\Program Files\Java\jdk-14.0.2\bin\net.dll
0x00007ff9fcb40000 - 0x00007ff9fcc4a000 	C:\WINDOWS\SYSTEM32\WINHTTP.dll
0x00007ffa02a60000 - 0x00007ffa02aca000 	C:\WINDOWS\system32\mswsock.dll
0x00007ff9f8d60000 - 0x00007ff9f8d72000 	C:\Program Files\Java\jdk-14.0.2\bin\nio.dll
0x00007ff9f8d20000 - 0x00007ff9f8d29000 	C:\Program Files\Java\jdk-14.0.2\bin\management.dll
0x00007ff9f8d10000 - 0x00007ff9f8d1b000 	C:\Program Files\Java\jdk-14.0.2\bin\management_ext.dll
0x00007ff9f98f0000 - 0x00007ff9f9900000 	C:\Program Files\Java\jdk-14.0.2\bin\verify.dll
0x00007ffa02c50000 - 0x00007ffa02c68000 	C:\WINDOWS\SYSTEM32\CRYPTSP.dll
0x00007ffa023e0000 - 0x00007ffa02414000 	C:\WINDOWS\system32\rsaenh.dll
0x00007ffa03c20000 - 0x00007ffa03c47000 	C:\WINDOWS\System32\bcrypt.dll
0x00007ffa031d0000 - 0x00007ffa031fe000 	C:\WINDOWS\SYSTEM32\USERENV.dll
0x00007ffa02c70000 - 0x00007ffa02c7c000 	C:\WINDOWS\SYSTEM32\CRYPTBASE.dll
0x00007ffa02750000 - 0x00007ffa0278b000 	C:\WINDOWS\SYSTEM32\IPHLPAPI.DLL
0x00007ffa058e0000 - 0x00007ffa058e8000 	C:\WINDOWS\System32\NSI.dll
0x00007ff9fe110000 - 0x00007ff9fe127000 	C:\WINDOWS\SYSTEM32\dhcpcsvc6.DLL
0x00007ff9fe0f0000 - 0x00007ff9fe10d000 	C:\WINDOWS\SYSTEM32\dhcpcsvc.DLL
0x00007ffa02790000 - 0x00007ffa0285a000 	C:\WINDOWS\SYSTEM32\DNSAPI.dll
0x00007ff9f9080000 - 0x00007ff9f908e000 	C:\Program Files\Java\jdk-14.0.2\bin\sunmscapi.dll
0x00007ffa03380000 - 0x00007ffa034d6000 	C:\WINDOWS\System32\CRYPT32.dll
0x00007ffa02d70000 - 0x00007ffa02d97000 	C:\WINDOWS\SYSTEM32\ncrypt.dll
0x00007ffa02d30000 - 0x00007ffa02d6b000 	C:\WINDOWS\SYSTEM32\NTASN1.dll
0x00007ff9eda30000 - 0x00007ff9eda55000 	C:\Program Files\Java\jdk-14.0.2\bin\sunec.dll
0x00007ff9fdc80000 - 0x00007ff9fdc8a000 	C:\Windows\System32\rasadhlp.dll
0x00007ff9fdf70000 - 0x00007ff9fdff0000 	C:\WINDOWS\System32\fwpuclnt.dll
0x00007ff9fc740000 - 0x00007ff9fc757000 	C:\WINDOWS\system32\napinsp.dll
0x00007ff9fc760000 - 0x00007ff9fc77b000 	C:\WINDOWS\system32\pnrpnsp.dll
0x00007ff9fc780000 - 0x00007ff9fc795000 	C:\WINDOWS\system32\wshbth.dll
0x00007ff9fef40000 - 0x00007ff9fef5d000 	C:\WINDOWS\system32\NLAapi.dll
0x00007ff9fc930000 - 0x00007ff9fc942000 	C:\WINDOWS\System32\winrnr.dll

dbghelp: loaded successfully - version: 4.0.5 - missing functions: none
symbol engine: initialized successfully - sym options: 0x614 - pdb path: .;C:\Program Files\Java\jdk-14.0.2\bin;C:\WINDOWS\SYSTEM32;C:\WINDOWS\WinSxS\amd64_microsoft.windows.common-controls_6595b64144ccf1df_6.0.19041.1110_none_60b5254171f9507e;C:\Program Files\Java\jdk-14.0.2\bin\server

VM Arguments:
jvm_args: -Dfile.encoding=UTF-8 
java_command: C:\Users\vvaidya\AppData\Local\Temp\surefire2758362242628183535\surefirebooter6427021182926509522.jar C:\Users\vvaidya\AppData\Local\Temp\surefire2758362242628183535 2022-10-01T15-37-15_195-jvmRun1 surefire15499446683935366131tmp surefire_07451512376505854856tmp
java_class_path (initial): C:\Users\vvaidya\AppData\Local\Temp\surefire2758362242628183535\surefirebooter6427021182926509522.jar
Launcher Type: SUN_STANDARD

[Global flags]
     intx CICompilerCount                          = 3                                         {product} {ergonomic}
     uint ConcGCThreads                            = 1                                         {product} {ergonomic}
     uint G1ConcRefinementThreads                  = 4                                         {product} {ergonomic}
   size_t G1HeapRegionSize                         = 1048576                                   {product} {ergonomic}
    uintx GCDrainStackTargetSize                   = 64                                        {product} {ergonomic}
   size_t InitialHeapSize                          = 268435456                                 {product} {ergonomic}
   size_t MarkStackSize                            = 4194304                                   {product} {ergonomic}
   size_t MaxHeapSize                              = 4294967296                                {product} {ergonomic}
   size_t MaxNewSize                               = 2576351232                                {product} {ergonomic}
   size_t MinHeapDeltaBytes                        = 1048576                                   {product} {ergonomic}
   size_t MinHeapSize                              = 8388608                                   {product} {ergonomic}
    uintx NonNMethodCodeHeapSize                   = 5832780                                {pd product} {ergonomic}
    uintx NonProfiledCodeHeapSize                  = 122912730                              {pd product} {ergonomic}
    uintx ProfiledCodeHeapSize                     = 122912730                              {pd product} {ergonomic}
    uintx ReservedCodeCacheSize                    = 251658240                              {pd product} {ergonomic}
     bool SegmentedCodeCache                       = true                                      {product} {ergonomic}
   size_t SoftMaxHeapSize                          = 4294967296                             {manageable} {ergonomic}
     bool UseCompressedClassPointers               = true                                 {lp64_product} {ergonomic}
     bool UseCompressedOops                        = true                                 {lp64_product} {ergonomic}
     bool UseG1GC                                  = true                                      {product} {ergonomic}
     bool UseLargePagesIndividualAllocation        = false                                  {pd product} {ergonomic}

Logging:
Log output configuration:
 #0: stdout all=warning uptime,level,tags
 #1: stderr all=off uptime,level,tags

Environment Variables:
PATH=%JAVA_HOME%\bin;C:\WINDOWS\system32;C:\WINDOWS;C:\WINDOWS\System32\Wbem;C:\WINDOWS\System32\WindowsPowerShell\v1.0\;C:\WINDOWS\System32\OpenSSH\;%MAVEN_HOME%\bin;C:\Program Files\TortoiseSVN\bin;C:\Program Files\Git\cmd;C:\Users\vvaidya\AppData\Local\Microsoft\WindowsApps;C:\Program Files\Java\jdk-14.0.2\bin;C:\Program Files\Maven\apache-maven-3.8.4\bin;
USERNAME=vvaidya



---------------  S Y S T E M  ---------------

OS: Windows 10 , 64 bit Build 19041 (10.0.19041.1889)
OS uptime: 40 days 1:20 hours
VMWare virtualization detected

CPU:total 4 (initial active 4) (2 cores per cpu, 1 threads per core) family 6 model 79 stepping 0, cmov, cx8, fxsr, mmx, sse, sse2, sse3, ssse3, sse4.1, sse4.2, popcnt, avx, avx2, aes, clmul, erms, 3dnowpref, lzcnt, tsc, tscinvbit, bmi1, bmi2, adx, fma

Memory: 4k page, system-wide physical 16383M (6145M free)
TotalPageFile size 29110M (AvailPageFile size 5M)
current process WorkingSet (physical memory assigned to process): 309M, peak: 372M
current process commit charge ("private bytes"): 347M, peak: 469M

vm_info: Java HotSpot(TM) 64-Bit Server VM (14.0.2+12-46) for windows-amd64 JRE (14.0.2+12-46), built on Jul  9 2020 00:35:52 by "mach5one" with MS VC++ 15.9 (VS2017)

END.
