#
# There is insufficient memory for the Java Runtime Environment to continue.
# Native memory allocation (malloc) failed to allocate 32744 bytes for ChunkPool::allocate
# Possible reasons:
#   The system is out of physical RAM or swap space
#   The process is running with CompressedOops enabled, and the Java Heap may be blocking the growth of the native heap
# Possible solutions:
#   Reduce memory load on the system
#   Increase physical memory or swap space
#   Check if swap backing store is full
#   Decrease Java heap size (-Xmx/-Xms)
#   Decrease number of Java threads
#   Decrease Java thread stack sizes (-Xss)
#   Set larger code cache with -XX:ReservedCodeCacheSize=
#   JVM is running with Zero Based Compressed Oops mode in which the Java heap is
#     placed in the first 32GB address space. The Java Heap base address is the
#     maximum limit for the native heap growth. Please use -XX:HeapBaseMinAddress
#     to set the Java Heap base and to place the Java Heap above 32GB virtual address.
# This output file may be truncated or incomplete.
#
#  Out of Memory Error (./open/src/hotspot/share/memory/arena.cpp:79), pid=22568, tid=1532
#
# JRE version: Java(TM) SE Runtime Environment (14.0.2+12) (build 14.0.2+12-46)
# Java VM: Java HotSpot(TM) 64-Bit Server VM (14.0.2+12-46, mixed mode, sharing, tiered, compressed oops, g1 gc, windows-amd64)
# No core dump will be written. Minidumps are not enabled by default on client versions of Windows
#

---------------  S U M M A R Y ------------

Command Line: -Dclassworlds.conf=C:\Program Files\Maven\apache-maven-3.8.4\bin\m2.conf -Dmaven.home=C:\Program Files\Maven\apache-maven-3.8.4 -Dlibrary.jansi.path=C:\Program Files\Maven\apache-maven-3.8.4\lib\jansi-native -Dmaven.multiModuleProjectDirectory=D:\ngtp-official315 org.codehaus.plexus.classworlds.launcher.Launcher clean install -Dsource.feature=D:/ngtp-official315/src/test/resources/C2M_EYDemo/features/C2M_EYDemo_temp -Dapplication=C2M_EYDemo -Daccessibility=false -Daccessibility_report_type=JSON -Ddefault_select_by_type=Text -DallowDynamicData=true -DparallelDataInjection=false -Dinput_data_type=YAML -Dpage_object_format=YAML -Dheadless=false -Dflashfill=false -Dimplicit_wait_duration_sec=100 -Ddefault_wait_duration_sec=30 -Dgrid=false -DgridURL=http://localhost:4444/wd/hub -DUpdate_Historical_Properties=false -DDeploy_Self-Healing=false -DWait_For_Element_Before_Calling_SH=1 -Dtakes_screenshot=true -Drecord_test_video=false -Dbrowser=chrome -Ddefault_assertion=soft -Denvironment=C2MTEST -DLICENSE_PATH=C:\Users\licenses\NGTP\license.bin -Dcucumber.filter.tags=@NGTPUI_NGTPUI or @DM006_NGTPUI or @regression_NGTPUI -DtestType=Feature -DforkCount=1

Host: Intel(R) Xeon(R) Silver 4116 CPU @ 2.10GHz, 4 cores, 15G,  Windows 10 , 64 bit Build 19041 (10.0.19041.1889)
Time: Sat Oct  1 15:53:36 2022 Mountain Daylight Time elapsed time: 1006 seconds (0d 0h 16m 46s)

---------------  T H R E A D  ---------------

Current thread (0x0000021ea851d000):  JavaThread "C1 CompilerThread0" daemon [_thread_in_native, id=1532, stack(0x000000d06be00000,0x000000d06bf00000)]


Current CompileTask:
C1:1006549 9097   !   3       org.fusesource.jansi.io.AnsiProcessor::processEscapeCommand (969 bytes)

Stack: [0x000000d06be00000,0x000000d06bf00000]
Native frames: (J=compiled Java code, j=interpreted, Vv=VM code, C=native code)
V  [jvm.dll+0x5f8a9a]
V  [jvm.dll+0x74247a]
V  [jvm.dll+0x743c2f]
V  [jvm.dll+0x744273]
V  [jvm.dll+0x20d288]
V  [jvm.dll+0xabea6]
V  [jvm.dll+0xac1fc]
V  [jvm.dll+0x1592f9]
V  [jvm.dll+0x15a0f2]
V  [jvm.dll+0x15a1a7]
V  [jvm.dll+0x15caa9]
V  [jvm.dll+0x15e511]
V  [jvm.dll+0x117b55]
V  [jvm.dll+0x1173cf]
V  [jvm.dll+0x1175ff]
V  [jvm.dll+0x116884]
V  [jvm.dll+0x1187d7]
V  [jvm.dll+0x1f4105]
V  [jvm.dll+0x1f22eb]
V  [jvm.dll+0x7070cd]
V  [jvm.dll+0x6ffeda]
V  [jvm.dll+0x5f78f6]
C  [ucrtbase.dll+0x21bb2]
C  [kernel32.dll+0x17034]
C  [ntdll.dll+0x52651]


---------------  P R O C E S S  ---------------

Threads class SMR info:
_java_thread_list=0x0000021eae10c0d0, length=22, elements={
0x0000021e8515b000, 0x0000021ea84f6800, 0x0000021ea84f7800, 0x0000021ea8513800,
0x0000021ea8514800, 0x0000021ea8518000, 0x0000021ea851c000, 0x0000021ea851d000,
0x0000021ea851e000, 0x0000021ea8f02800, 0x0000021ea8f12000, 0x0000021eae4ee800,
0x0000021eaa902800, 0x0000021eae7e3800, 0x0000021eae7e6000, 0x0000021eadd70000,
0x0000021eac770800, 0x0000021eae40e800, 0x0000021eaa496000, 0x0000021eaa31f800,
0x0000021eaa31d800, 0x0000021eaa31e000
}

Java Threads: ( => current thread )
  0x0000021e8515b000 JavaThread "main" [_thread_in_native, id=14916, stack(0x000000d06b100000,0x000000d06b200000)]
  0x0000021ea84f6800 JavaThread "Reference Handler" daemon [_thread_blocked, id=19596, stack(0x000000d06b800000,0x000000d06b900000)]
  0x0000021ea84f7800 JavaThread "Finalizer" daemon [_thread_blocked, id=7252, stack(0x000000d06b900000,0x000000d06ba00000)]
  0x0000021ea8513800 JavaThread "Signal Dispatcher" daemon [_thread_blocked, id=17924, stack(0x000000d06ba00000,0x000000d06bb00000)]
  0x0000021ea8514800 JavaThread "Attach Listener" daemon [_thread_blocked, id=25560, stack(0x000000d06bb00000,0x000000d06bc00000)]
  0x0000021ea8518000 JavaThread "Service Thread" daemon [_thread_blocked, id=8144, stack(0x000000d06bc00000,0x000000d06bd00000)]
  0x0000021ea851c000 JavaThread "C2 CompilerThread0" daemon [_thread_in_native, id=5336, stack(0x000000d06bd00000,0x000000d06be00000)]
=>0x0000021ea851d000 JavaThread "C1 CompilerThread0" daemon [_thread_in_native, id=1532, stack(0x000000d06be00000,0x000000d06bf00000)]
  0x0000021ea851e000 JavaThread "Sweeper thread" daemon [_thread_blocked, id=8392, stack(0x000000d06bf00000,0x000000d06c000000)]
  0x0000021ea8f02800 JavaThread "Notification Thread" daemon [_thread_blocked, id=13664, stack(0x000000d06c000000,0x000000d06c100000)]
  0x0000021ea8f12000 JavaThread "Common-Cleaner" daemon [_thread_blocked, id=23572, stack(0x000000d06c200000,0x000000d06c300000)]
  0x0000021eae4ee800 JavaThread "resolver-1" daemon [_thread_blocked, id=3700, stack(0x000000d06ca00000,0x000000d06cb00000)]
  0x0000021eaa902800 JavaThread "resolver-2" daemon [_thread_blocked, id=25072, stack(0x000000d06cb00000,0x000000d06cc00000)]
  0x0000021eae7e3800 JavaThread "resolver-3" daemon [_thread_blocked, id=9924, stack(0x000000d06cc00000,0x000000d06cd00000)]
  0x0000021eae7e6000 JavaThread "resolver-4" daemon [_thread_blocked, id=6744, stack(0x000000d06cd00000,0x000000d06ce00000)]
  0x0000021eadd70000 JavaThread "resolver-5" daemon [_thread_blocked, id=19060, stack(0x000000d06ce00000,0x000000d06cf00000)]
  0x0000021eac770800 JavaThread "timeout-check-timer" daemon [_thread_blocked, id=7652, stack(0x000000d06cf00000,0x000000d06d000000)]
  0x0000021eae40e800 JavaThread "ping-timer-10s" daemon [_thread_blocked, id=15472, stack(0x000000d06d000000,0x000000d06d100000)]
  0x0000021eaa496000 JavaThread "ThreadedStreamConsumer" daemon [_thread_in_native, id=20956, stack(0x000000d06d100000,0x000000d06d200000)]
  0x0000021eaa31f800 JavaThread "Thread-3" [_thread_blocked, id=5760, stack(0x000000d06d200000,0x000000d06d300000)]
  0x0000021eaa31d800 JavaThread "Thread-4" [_thread_in_native, id=19868, stack(0x000000d06d300000,0x000000d06d400000)]
  0x0000021eaa31e000 JavaThread "Thread-5" [_thread_in_native, id=19268, stack(0x000000d06d400000,0x000000d06d500000)]

Other Threads:
  0x0000021ea84f4800 VMThread "VM Thread" [stack: 0x000000d06b700000,0x000000d06b800000] [id=7512]
  0x0000021ea8f0d000 WatcherThread [stack: 0x000000d06c100000,0x000000d06c200000] [id=18316]
  0x0000021e851c0800 GCTaskThread "GC Thread#0" [stack: 0x000000d06b200000,0x000000d06b300000] [id=23680]
  0x0000021ea9940000 GCTaskThread "GC Thread#1" [stack: 0x000000d06c300000,0x000000d06c400000] [id=6432]
  0x0000021ea98bf800 GCTaskThread "GC Thread#2" [stack: 0x000000d06c400000,0x000000d06c500000] [id=18560]
  0x0000021ea98c0000 GCTaskThread "GC Thread#3" [stack: 0x000000d06c500000,0x000000d06c600000] [id=22920]
  0x0000021e851e4800 ConcurrentGCThread "G1 Main Marker" [stack: 0x000000d06b300000,0x000000d06b400000] [id=15644]
  0x0000021e851e6000 ConcurrentGCThread "G1 Conc#0" [stack: 0x000000d06b400000,0x000000d06b500000] [id=21628]
  0x0000021ea83db800 ConcurrentGCThread "G1 Refine#0" [stack: 0x000000d06b500000,0x000000d06b600000] [id=24924]
  0x0000021eabc15000 ConcurrentGCThread "G1 Refine#1" [stack: 0x000000d06c700000,0x000000d06c800000] [id=14488]
  0x0000021eaa6fb000 ConcurrentGCThread "G1 Refine#2" [stack: 0x000000d06c600000,0x000000d06c700000] [id=21484]
  0x0000021eaa6fa000 ConcurrentGCThread "G1 Refine#3" [stack: 0x000000d06c800000,0x000000d06c900000] [id=7808]
  0x0000021ea83dd800 ConcurrentGCThread "G1 Young RemSet Sampling" [stack: 0x000000d06b600000,0x000000d06b700000] [id=23124]

Threads with active compile tasks:
C2 CompilerThread0  1006599 9095       4       org.fusesource.jansi.io.AnsiOutputStream::write (898 bytes)
C1 CompilerThread0  1006599 9097   !   3       org.fusesource.jansi.io.AnsiProcessor::processEscapeCommand (969 bytes)

VM state:not at safepoint (normal execution)

VM Mutex/Monitor currently owned by a thread: None

Heap address: 0x0000000700000000, size: 4096 MB, Compressed Oops mode: Zero based, Oop shift amount: 3
Narrow klass base: 0x0000000800000000, Narrow klass shift: 3
Compressed class space size: 1073741824 Address: 0x0000000800b30000

Heap:
 garbage-first heap   total 328704K, used 145265K [0x0000000700000000, 0x0000000800000000)
  region size 1024K, 23 young (23552K), 4 survivors (4096K)
 Metaspace       used 32202K, capacity 33112K, committed 33480K, reserved 1079296K
  class space    used 3394K, capacity 3719K, committed 3840K, reserved 1048576K
Heap Regions: E=young(eden), S=young(survivor), O=old, HS=humongous(starts), HC=humongous(continues), CS=collection set, F=free, OA=open archive, CA=closed archive, TAMS=top-at-mark-start (previous, next)
|   0|0x0000000700000000, 0x0000000700100000, 0x0000000700100000|100%| O|  |TAMS 0x0000000700100000, 0x0000000700000000| Untracked 
|   1|0x0000000700100000, 0x0000000700200000, 0x0000000700200000|100%| O|  |TAMS 0x0000000700200000, 0x0000000700100000| Untracked 
|   2|0x0000000700200000, 0x0000000700300000, 0x0000000700300000|100%| O|  |TAMS 0x0000000700300000, 0x0000000700200000| Untracked 
|   3|0x0000000700300000, 0x0000000700400000, 0x0000000700400000|100%| O|  |TAMS 0x0000000700400000, 0x0000000700300000| Untracked 
|   4|0x0000000700400000, 0x0000000700500000, 0x0000000700500000|100%| O|  |TAMS 0x0000000700500000, 0x0000000700400000| Untracked 
|   5|0x0000000700500000, 0x0000000700500000, 0x0000000700600000|  0%| F|  |TAMS 0x0000000700500000, 0x0000000700500000| Untracked 
|   6|0x0000000700600000, 0x0000000700700000, 0x0000000700700000|100%| O|  |TAMS 0x0000000700700000, 0x0000000700600000| Untracked 
|   7|0x0000000700700000, 0x0000000700800000, 0x0000000700800000|100%| O|  |TAMS 0x0000000700800000, 0x0000000700700000| Untracked 
|   8|0x0000000700800000, 0x0000000700900000, 0x0000000700900000|100%| O|  |TAMS 0x0000000700900000, 0x0000000700800000| Untracked 
|   9|0x0000000700900000, 0x0000000700a00000, 0x0000000700a00000|100%| O|  |TAMS 0x0000000700a00000, 0x0000000700900000| Untracked 
|  10|0x0000000700a00000, 0x0000000700b00000, 0x0000000700b00000|100%| O|  |TAMS 0x0000000700b00000, 0x0000000700a00000| Untracked 
|  11|0x0000000700b00000, 0x0000000700c00000, 0x0000000700c00000|100%| O|  |TAMS 0x0000000700c00000, 0x0000000700b00000| Untracked 
|  12|0x0000000700c00000, 0x0000000700d00000, 0x0000000700d00000|100%| O|  |TAMS 0x0000000700d00000, 0x0000000700c00000| Untracked 
|  13|0x0000000700d00000, 0x0000000700e00000, 0x0000000700e00000|100%| O|  |TAMS 0x0000000700e00000, 0x0000000700d00000| Untracked 
|  14|0x0000000700e00000, 0x0000000700f00000, 0x0000000700f00000|100%| O|  |TAMS 0x0000000700f00000, 0x0000000700e00000| Untracked 
|  15|0x0000000700f00000, 0x0000000701000000, 0x0000000701000000|100%| O|  |TAMS 0x0000000701000000, 0x0000000700f00000| Untracked 
|  16|0x0000000701000000, 0x0000000701100000, 0x0000000701100000|100%| O|  |TAMS 0x0000000701100000, 0x0000000701000000| Untracked 
|  17|0x0000000701100000, 0x0000000701200000, 0x0000000701200000|100%| O|  |TAMS 0x0000000701200000, 0x0000000701100000| Untracked 
|  18|0x0000000701200000, 0x00000007012d1a00, 0x0000000701300000| 81%| O|  |TAMS 0x00000007012d1a00, 0x0000000701200000| Untracked 
|  19|0x0000000701300000, 0x0000000701400000, 0x0000000701400000|100%|HS|  |TAMS 0x0000000701300000, 0x0000000701300000| Complete 
|  20|0x0000000701400000, 0x0000000701500000, 0x0000000701500000|100%| O|  |TAMS 0x0000000701500000, 0x0000000701400000| Untracked 
|  21|0x0000000701500000, 0x0000000701600000, 0x0000000701600000|100%| O|  |TAMS 0x0000000701500000, 0x0000000701500000| Untracked 
|  22|0x0000000701600000, 0x0000000701700000, 0x0000000701700000|100%|HS|  |TAMS 0x0000000701700000, 0x0000000701600000| Complete 
|  23|0x0000000701700000, 0x0000000701800000, 0x0000000701800000|100%| O|  |TAMS 0x0000000701800000, 0x0000000701700000| Untracked 
|  24|0x0000000701800000, 0x0000000701900000, 0x0000000701900000|100%| O|  |TAMS 0x0000000701900000, 0x0000000701800000| Untracked 
|  25|0x0000000701900000, 0x0000000701a00000, 0x0000000701a00000|100%| O|  |TAMS 0x0000000701a00000, 0x0000000701900000| Untracked 
|  26|0x0000000701a00000, 0x0000000701b00000, 0x0000000701b00000|100%| O|  |TAMS 0x0000000701b00000, 0x0000000701a00000| Untracked 
|  27|0x0000000701b00000, 0x0000000701c00000, 0x0000000701c00000|100%| O|  |TAMS 0x0000000701c00000, 0x0000000701b00000| Untracked 
|  28|0x0000000701c00000, 0x0000000701d00000, 0x0000000701d00000|100%| O|  |TAMS 0x0000000701d00000, 0x0000000701c00000| Untracked 
|  29|0x0000000701d00000, 0x0000000701e00000, 0x0000000701e00000|100%| O|  |TAMS 0x0000000701e00000, 0x0000000701d00000| Untracked 
|  30|0x0000000701e00000, 0x0000000701f00000, 0x0000000701f00000|100%| O|  |TAMS 0x0000000701f00000, 0x0000000701e00000| Untracked 
|  31|0x0000000701f00000, 0x0000000702000000, 0x0000000702000000|100%| O|  |TAMS 0x0000000701f00000, 0x0000000701f00000| Untracked 
|  32|0x0000000702000000, 0x0000000702100000, 0x0000000702100000|100%|HS|  |TAMS 0x0000000702000000, 0x0000000702000000| Complete 
|  33|0x0000000702100000, 0x0000000702200000, 0x0000000702200000|100%| O|  |TAMS 0x0000000702100000, 0x0000000702100000| Untracked 
|  34|0x0000000702200000, 0x0000000702300000, 0x0000000702300000|100%| O|  |TAMS 0x0000000702200000, 0x0000000702200000| Untracked 
|  35|0x0000000702300000, 0x0000000702400000, 0x0000000702400000|100%| O|  |TAMS 0x0000000702300000, 0x0000000702300000| Untracked 
|  36|0x0000000702400000, 0x0000000702500000, 0x0000000702500000|100%| O|  |TAMS 0x0000000702400000, 0x0000000702400000| Untracked 
|  37|0x0000000702500000, 0x0000000702600000, 0x0000000702600000|100%| O|  |TAMS 0x0000000702500000, 0x0000000702500000| Untracked 
|  38|0x0000000702600000, 0x0000000702700000, 0x0000000702700000|100%| O|  |TAMS 0x0000000702700000, 0x0000000702600000| Untracked 
|  39|0x0000000702700000, 0x0000000702800000, 0x0000000702800000|100%| O|  |TAMS 0x0000000702800000, 0x0000000702700000| Untracked 
|  40|0x0000000702800000, 0x0000000702900000, 0x0000000702900000|100%| O|  |TAMS 0x0000000702900000, 0x0000000702800000| Untracked 
|  41|0x0000000702900000, 0x0000000702a00000, 0x0000000702a00000|100%| O|  |TAMS 0x0000000702a00000, 0x0000000702900000| Untracked 
|  42|0x0000000702a00000, 0x0000000702b00000, 0x0000000702b00000|100%| O|  |TAMS 0x0000000702b00000, 0x0000000702a00000| Untracked 
|  43|0x0000000702b00000, 0x0000000702c00000, 0x0000000702c00000|100%| O|  |TAMS 0x0000000702c00000, 0x0000000702b00000| Untracked 
|  44|0x0000000702c00000, 0x0000000702d00000, 0x0000000702d00000|100%| O|  |TAMS 0x0000000702c00000, 0x0000000702c00000| Untracked 
|  45|0x0000000702d00000, 0x0000000702e00000, 0x0000000702e00000|100%| O|  |TAMS 0x0000000702d00000, 0x0000000702d00000| Untracked 
|  46|0x0000000702e00000, 0x0000000702f00000, 0x0000000702f00000|100%| O|  |TAMS 0x0000000702e00000, 0x0000000702e00000| Untracked 
|  47|0x0000000702f00000, 0x0000000703000000, 0x0000000703000000|100%| O|  |TAMS 0x0000000703000000, 0x0000000702f00000| Untracked 
|  48|0x0000000703000000, 0x0000000703100000, 0x0000000703100000|100%| O|  |TAMS 0x0000000703100000, 0x0000000703000000| Untracked 
|  49|0x0000000703100000, 0x0000000703200000, 0x0000000703200000|100%| O|  |TAMS 0x0000000703100000, 0x0000000703100000| Untracked 
|  50|0x0000000703200000, 0x0000000703300000, 0x0000000703300000|100%| O|  |TAMS 0x0000000703200000, 0x0000000703200000| Untracked 
|  51|0x0000000703300000, 0x0000000703400000, 0x0000000703400000|100%| O|  |TAMS 0x0000000703300000, 0x0000000703300000| Untracked 
|  52|0x0000000703400000, 0x0000000703500000, 0x0000000703500000|100%| O|  |TAMS 0x0000000703400000, 0x0000000703400000| Untracked 
|  53|0x0000000703500000, 0x0000000703600000, 0x0000000703600000|100%| O|  |TAMS 0x0000000703500000, 0x0000000703500000| Untracked 
|  54|0x0000000703600000, 0x0000000703700000, 0x0000000703700000|100%| O|  |TAMS 0x0000000703700000, 0x0000000703600000| Untracked 
|  55|0x0000000703700000, 0x0000000703800000, 0x0000000703800000|100%| O|  |TAMS 0x0000000703700000, 0x0000000703700000| Untracked 
|  56|0x0000000703800000, 0x0000000703900000, 0x0000000703900000|100%| O|  |TAMS 0x0000000703800000, 0x0000000703800000| Untracked 
|  57|0x0000000703900000, 0x0000000703a00000, 0x0000000703a00000|100%| O|  |TAMS 0x0000000703900000, 0x0000000703900000| Untracked 
|  58|0x0000000703a00000, 0x0000000703b00000, 0x0000000703b00000|100%| O|  |TAMS 0x0000000703a00000, 0x0000000703a00000| Untracked 
|  59|0x0000000703b00000, 0x0000000703c00000, 0x0000000703c00000|100%| O|  |TAMS 0x0000000703b00000, 0x0000000703b00000| Untracked 
|  60|0x0000000703c00000, 0x0000000703d00000, 0x0000000703d00000|100%| O|  |TAMS 0x0000000703c00000, 0x0000000703c00000| Untracked 
|  61|0x0000000703d00000, 0x0000000703e00000, 0x0000000703e00000|100%| O|  |TAMS 0x0000000703d00000, 0x0000000703d00000| Untracked 
|  62|0x0000000703e00000, 0x0000000703f00000, 0x0000000703f00000|100%| O|  |TAMS 0x0000000703e00000, 0x0000000703e00000| Untracked 
|  63|0x0000000703f00000, 0x0000000704000000, 0x0000000704000000|100%| O|  |TAMS 0x0000000703f00000, 0x0000000703f00000| Untracked 
|  64|0x0000000704000000, 0x0000000704100000, 0x0000000704100000|100%| O|  |TAMS 0x0000000704000000, 0x0000000704000000| Untracked 
|  65|0x0000000704100000, 0x0000000704200000, 0x0000000704200000|100%| O|  |TAMS 0x0000000704100000, 0x0000000704100000| Untracked 
|  66|0x0000000704200000, 0x0000000704300000, 0x0000000704300000|100%| O|  |TAMS 0x0000000704200000, 0x0000000704200000| Untracked 
|  67|0x0000000704300000, 0x0000000704400000, 0x0000000704400000|100%| O|  |TAMS 0x0000000704300000, 0x0000000704300000| Untracked 
|  68|0x0000000704400000, 0x0000000704500000, 0x0000000704500000|100%| O|  |TAMS 0x0000000704400000, 0x0000000704400000| Untracked 
|  69|0x0000000704500000, 0x0000000704600000, 0x0000000704600000|100%| O|  |TAMS 0x0000000704500000, 0x0000000704500000| Untracked 
|  70|0x0000000704600000, 0x0000000704700000, 0x0000000704700000|100%| O|  |TAMS 0x0000000704600000, 0x0000000704600000| Untracked 
|  71|0x0000000704700000, 0x0000000704800000, 0x0000000704800000|100%| O|  |TAMS 0x0000000704800000, 0x0000000704700000| Untracked 
|  72|0x0000000704800000, 0x0000000704900000, 0x0000000704900000|100%| O|  |TAMS 0x0000000704800000, 0x0000000704800000| Untracked 
|  73|0x0000000704900000, 0x0000000704a00000, 0x0000000704a00000|100%| O|  |TAMS 0x0000000704900000, 0x0000000704900000| Untracked 
|  74|0x0000000704a00000, 0x0000000704b00000, 0x0000000704b00000|100%| O|  |TAMS 0x0000000704a00000, 0x0000000704a00000| Untracked 
|  75|0x0000000704b00000, 0x0000000704c00000, 0x0000000704c00000|100%| O|  |TAMS 0x0000000704b00000, 0x0000000704b00000| Untracked 
|  76|0x0000000704c00000, 0x0000000704d00000, 0x0000000704d00000|100%| O|  |TAMS 0x0000000704d00000, 0x0000000704c00000| Untracked 
|  77|0x0000000704d00000, 0x0000000704e00000, 0x0000000704e00000|100%| O|  |TAMS 0x0000000704d00000, 0x0000000704d00000| Untracked 
|  78|0x0000000704e00000, 0x0000000704f00000, 0x0000000704f00000|100%| O|  |TAMS 0x0000000704e00000, 0x0000000704e00000| Untracked 
|  79|0x0000000704f00000, 0x0000000705000000, 0x0000000705000000|100%| O|  |TAMS 0x0000000704f00000, 0x0000000704f00000| Untracked 
|  80|0x0000000705000000, 0x0000000705100000, 0x0000000705100000|100%|HS|  |TAMS 0x0000000705000000, 0x0000000705000000| Complete 
|  81|0x0000000705100000, 0x0000000705200000, 0x0000000705200000|100%|HC|  |TAMS 0x0000000705100000, 0x0000000705100000| Complete 
|  82|0x0000000705200000, 0x0000000705300000, 0x0000000705300000|100%| O|  |TAMS 0x0000000705300000, 0x0000000705200000| Untracked 
|  83|0x0000000705300000, 0x0000000705400000, 0x0000000705400000|100%| O|  |TAMS 0x0000000705300000, 0x0000000705300000| Untracked 
|  84|0x0000000705400000, 0x0000000705500000, 0x0000000705500000|100%| O|  |TAMS 0x0000000705400000, 0x0000000705400000| Untracked 
|  85|0x0000000705500000, 0x0000000705600000, 0x0000000705600000|100%| O|  |TAMS 0x0000000705500000, 0x0000000705500000| Untracked 
|  86|0x0000000705600000, 0x0000000705700000, 0x0000000705700000|100%| O|  |TAMS 0x0000000705600000, 0x0000000705600000| Untracked 
|  87|0x0000000705700000, 0x0000000705800000, 0x0000000705800000|100%| O|  |TAMS 0x0000000705700000, 0x0000000705700000| Untracked 
|  88|0x0000000705800000, 0x0000000705900000, 0x0000000705900000|100%| O|  |TAMS 0x0000000705800000, 0x0000000705800000| Untracked 
|  89|0x0000000705900000, 0x0000000705a00000, 0x0000000705a00000|100%| O|  |TAMS 0x0000000705900000, 0x0000000705900000| Untracked 
|  90|0x0000000705a00000, 0x0000000705b00000, 0x0000000705b00000|100%| O|  |TAMS 0x0000000705a00000, 0x0000000705a00000| Untracked 
|  91|0x0000000705b00000, 0x0000000705b00000, 0x0000000705c00000|  0%| F|  |TAMS 0x0000000705b00000, 0x0000000705b00000| Untracked 
|  92|0x0000000705c00000, 0x0000000705c00000, 0x0000000705d00000|  0%| F|  |TAMS 0x0000000705c00000, 0x0000000705c00000| Untracked 
|  93|0x0000000705d00000, 0x0000000705d00000, 0x0000000705e00000|  0%| F|  |TAMS 0x0000000705d00000, 0x0000000705d00000| Untracked 
|  94|0x0000000705e00000, 0x0000000705e00000, 0x0000000705f00000|  0%| F|  |TAMS 0x0000000705e00000, 0x0000000705e00000| Untracked 
|  95|0x0000000705f00000, 0x0000000706000000, 0x0000000706000000|100%| O|  |TAMS 0x0000000706000000, 0x0000000705f00000| Untracked 
|  96|0x0000000706000000, 0x0000000706100000, 0x0000000706100000|100%| O|  |TAMS 0x0000000706100000, 0x0000000706000000| Untracked 
|  97|0x0000000706100000, 0x0000000706200000, 0x0000000706200000|100%| O|  |TAMS 0x0000000706200000, 0x0000000706100000| Untracked 
|  98|0x0000000706200000, 0x0000000706300000, 0x0000000706300000|100%| O|  |TAMS 0x0000000706300000, 0x0000000706200000| Untracked 
|  99|0x0000000706300000, 0x0000000706400000, 0x0000000706400000|100%| O|  |TAMS 0x0000000706400000, 0x0000000706300000| Untracked 
| 100|0x0000000706400000, 0x0000000706500000, 0x0000000706500000|100%| O|  |TAMS 0x0000000706500000, 0x0000000706400000| Untracked 
| 101|0x0000000706500000, 0x0000000706600000, 0x0000000706600000|100%| O|  |TAMS 0x0000000706600000, 0x0000000706500000| Untracked 
| 102|0x0000000706600000, 0x0000000706700000, 0x0000000706700000|100%| O|  |TAMS 0x0000000706700000, 0x0000000706600000| Untracked 
| 103|0x0000000706700000, 0x0000000706800000, 0x0000000706800000|100%| O|  |TAMS 0x0000000706800000, 0x0000000706700000| Untracked 
| 104|0x0000000706800000, 0x0000000706900000, 0x0000000706900000|100%| O|  |TAMS 0x0000000706900000, 0x0000000706800000| Untracked 
| 105|0x0000000706900000, 0x0000000706a00000, 0x0000000706a00000|100%| O|  |TAMS 0x0000000706a00000, 0x0000000706900000| Untracked 
| 106|0x0000000706a00000, 0x0000000706b00000, 0x0000000706b00000|100%| O|  |TAMS 0x0000000706b00000, 0x0000000706a00000| Untracked 
| 107|0x0000000706b00000, 0x0000000706c00000, 0x0000000706c00000|100%| O|  |TAMS 0x0000000706c00000, 0x0000000706b00000| Untracked 
| 108|0x0000000706c00000, 0x0000000706d00000, 0x0000000706d00000|100%| O|  |TAMS 0x0000000706d00000, 0x0000000706c00000| Untracked 
| 109|0x0000000706d00000, 0x0000000706e00000, 0x0000000706e00000|100%| O|  |TAMS 0x0000000706e00000, 0x0000000706d00000| Untracked 
| 110|0x0000000706e00000, 0x0000000706e56c00, 0x0000000706f00000| 33%| O|  |TAMS 0x0000000706e00000, 0x0000000706e00000| Untracked 
| 111|0x0000000706f00000, 0x0000000706f00000, 0x0000000707000000|  0%| F|  |TAMS 0x0000000706f00000, 0x0000000706f00000| Untracked 
| 112|0x0000000707000000, 0x0000000707000000, 0x0000000707100000|  0%| F|  |TAMS 0x0000000707000000, 0x0000000707000000| Untracked 
| 113|0x0000000707100000, 0x0000000707200000, 0x0000000707200000|100%| O|  |TAMS 0x0000000707200000, 0x0000000707100000| Untracked 
| 114|0x0000000707200000, 0x0000000707300000, 0x0000000707300000|100%| O|  |TAMS 0x0000000707300000, 0x0000000707200000| Untracked 
| 115|0x0000000707300000, 0x0000000707400000, 0x0000000707400000|100%| O|  |TAMS 0x0000000707351a00, 0x0000000707300000| Untracked 
| 116|0x0000000707400000, 0x0000000707500000, 0x0000000707500000|100%| O|  |TAMS 0x0000000707400000, 0x0000000707400000| Untracked 
| 117|0x0000000707500000, 0x0000000707600000, 0x0000000707600000|100%| O|  |TAMS 0x0000000707500000, 0x0000000707500000| Untracked 
| 118|0x0000000707600000, 0x0000000707700000, 0x0000000707700000|100%| O|  |TAMS 0x0000000707600000, 0x0000000707600000| Untracked 
| 119|0x0000000707700000, 0x0000000707800000, 0x0000000707800000|100%| O|  |TAMS 0x0000000707700000, 0x0000000707700000| Untracked 
| 120|0x0000000707800000, 0x0000000707900000, 0x0000000707900000|100%|HS|  |TAMS 0x0000000707800000, 0x0000000707800000| Complete 
| 121|0x0000000707900000, 0x0000000707a00000, 0x0000000707a00000|100%|HC|  |TAMS 0x0000000707900000, 0x0000000707900000| Complete 
| 122|0x0000000707a00000, 0x0000000707a00000, 0x0000000707b00000|  0%| F|  |TAMS 0x0000000707a00000, 0x0000000707a00000| Untracked 
| 123|0x0000000707b00000, 0x0000000707b00000, 0x0000000707c00000|  0%| F|  |TAMS 0x0000000707b00000, 0x0000000707b00000| Untracked 
| 124|0x0000000707c00000, 0x0000000707c00000, 0x0000000707d00000|  0%| F|  |TAMS 0x0000000707c00000, 0x0000000707c00000| Untracked 
| 125|0x0000000707d00000, 0x0000000707d00000, 0x0000000707e00000|  0%| F|  |TAMS 0x0000000707d00000, 0x0000000707d00000| Untracked 
| 126|0x0000000707e00000, 0x0000000707e00000, 0x0000000707f00000|  0%| F|  |TAMS 0x0000000707e00000, 0x0000000707e00000| Untracked 
| 127|0x0000000707f00000, 0x0000000707f00000, 0x0000000708000000|  0%| F|  |TAMS 0x0000000707f00000, 0x0000000707f00000| Untracked 
| 128|0x0000000708000000, 0x0000000708000000, 0x0000000708100000|  0%| F|  |TAMS 0x0000000708000000, 0x0000000708000000| Untracked 
| 129|0x0000000708100000, 0x0000000708100000, 0x0000000708200000|  0%| F|  |TAMS 0x0000000708100000, 0x0000000708100000| Untracked 
| 130|0x0000000708200000, 0x0000000708200000, 0x0000000708300000|  0%| F|  |TAMS 0x0000000708200000, 0x0000000708200000| Untracked 
| 131|0x0000000708300000, 0x0000000708300000, 0x0000000708400000|  0%| F|  |TAMS 0x0000000708300000, 0x0000000708300000| Untracked 
| 132|0x0000000708400000, 0x0000000708400000, 0x0000000708500000|  0%| F|  |TAMS 0x0000000708400000, 0x0000000708400000| Untracked 
| 133|0x0000000708500000, 0x0000000708500000, 0x0000000708600000|  0%| F|  |TAMS 0x0000000708500000, 0x0000000708500000| Untracked 
| 134|0x0000000708600000, 0x0000000708600000, 0x0000000708700000|  0%| F|  |TAMS 0x0000000708600000, 0x0000000708600000| Untracked 
| 135|0x0000000708700000, 0x0000000708700000, 0x0000000708800000|  0%| F|  |TAMS 0x0000000708700000, 0x0000000708700000| Untracked 
| 136|0x0000000708800000, 0x0000000708800000, 0x0000000708900000|  0%| F|  |TAMS 0x0000000708800000, 0x0000000708800000| Untracked 
| 137|0x0000000708900000, 0x0000000708900000, 0x0000000708a00000|  0%| F|  |TAMS 0x0000000708900000, 0x0000000708900000| Untracked 
| 138|0x0000000708a00000, 0x0000000708a00000, 0x0000000708b00000|  0%| F|  |TAMS 0x0000000708a00000, 0x0000000708a00000| Untracked 
| 139|0x0000000708b00000, 0x0000000708b00000, 0x0000000708c00000|  0%| F|  |TAMS 0x0000000708b00000, 0x0000000708b00000| Untracked 
| 140|0x0000000708c00000, 0x0000000708c00000, 0x0000000708d00000|  0%| F|  |TAMS 0x0000000708c00000, 0x0000000708c00000| Untracked 
| 141|0x0000000708d00000, 0x0000000708d00000, 0x0000000708e00000|  0%| F|  |TAMS 0x0000000708d00000, 0x0000000708d00000| Untracked 
| 142|0x0000000708e00000, 0x0000000708e00000, 0x0000000708f00000|  0%| F|  |TAMS 0x0000000708e00000, 0x0000000708e00000| Untracked 
| 143|0x0000000708f00000, 0x0000000708f00000, 0x0000000709000000|  0%| F|  |TAMS 0x0000000708f00000, 0x0000000708f00000| Untracked 
| 144|0x0000000709000000, 0x0000000709000000, 0x0000000709100000|  0%| F|  |TAMS 0x0000000709000000, 0x0000000709000000| Untracked 
| 145|0x0000000709100000, 0x0000000709100000, 0x0000000709200000|  0%| F|  |TAMS 0x0000000709100000, 0x0000000709100000| Untracked 
| 146|0x0000000709200000, 0x0000000709200000, 0x0000000709300000|  0%| F|  |TAMS 0x0000000709200000, 0x0000000709200000| Untracked 
| 147|0x0000000709300000, 0x0000000709300000, 0x0000000709400000|  0%| F|  |TAMS 0x0000000709300000, 0x0000000709300000| Untracked 
| 148|0x0000000709400000, 0x0000000709400000, 0x0000000709500000|  0%| F|  |TAMS 0x0000000709400000, 0x0000000709400000| Untracked 
| 149|0x0000000709500000, 0x0000000709500000, 0x0000000709600000|  0%| F|  |TAMS 0x0000000709500000, 0x0000000709500000| Untracked 
| 150|0x0000000709600000, 0x0000000709600000, 0x0000000709700000|  0%| F|  |TAMS 0x0000000709600000, 0x0000000709600000| Untracked 
| 151|0x0000000709700000, 0x0000000709700000, 0x0000000709800000|  0%| F|  |TAMS 0x0000000709700000, 0x0000000709700000| Untracked 
| 152|0x0000000709800000, 0x0000000709800000, 0x0000000709900000|  0%| F|  |TAMS 0x0000000709800000, 0x0000000709800000| Untracked 
| 153|0x0000000709900000, 0x0000000709900000, 0x0000000709a00000|  0%| F|  |TAMS 0x0000000709900000, 0x0000000709900000| Untracked 
| 154|0x0000000709a00000, 0x0000000709a00000, 0x0000000709b00000|  0%| F|  |TAMS 0x0000000709a00000, 0x0000000709a00000| Untracked 
| 155|0x0000000709b00000, 0x0000000709b00000, 0x0000000709c00000|  0%| F|  |TAMS 0x0000000709b00000, 0x0000000709b00000| Untracked 
| 156|0x0000000709c00000, 0x0000000709c00000, 0x0000000709d00000|  0%| F|  |TAMS 0x0000000709c00000, 0x0000000709c00000| Untracked 
| 157|0x0000000709d00000, 0x0000000709d00000, 0x0000000709e00000|  0%| F|  |TAMS 0x0000000709d00000, 0x0000000709d00000| Untracked 
| 158|0x0000000709e00000, 0x0000000709e00000, 0x0000000709f00000|  0%| F|  |TAMS 0x0000000709e00000, 0x0000000709e00000| Untracked 
| 159|0x0000000709f00000, 0x0000000709f00000, 0x000000070a000000|  0%| F|  |TAMS 0x0000000709f00000, 0x0000000709f00000| Untracked 
| 160|0x000000070a000000, 0x000000070a000000, 0x000000070a100000|  0%| F|  |TAMS 0x000000070a000000, 0x000000070a000000| Untracked 
| 161|0x000000070a100000, 0x000000070a100000, 0x000000070a200000|  0%| F|  |TAMS 0x000000070a100000, 0x000000070a100000| Untracked 
| 162|0x000000070a200000, 0x000000070a200000, 0x000000070a300000|  0%| F|  |TAMS 0x000000070a200000, 0x000000070a200000| Untracked 
| 163|0x000000070a300000, 0x000000070a300000, 0x000000070a400000|  0%| F|  |TAMS 0x000000070a300000, 0x000000070a300000| Untracked 
| 164|0x000000070a400000, 0x000000070a400000, 0x000000070a500000|  0%| F|  |TAMS 0x000000070a400000, 0x000000070a400000| Untracked 
| 165|0x000000070a500000, 0x000000070a500000, 0x000000070a600000|  0%| F|  |TAMS 0x000000070a500000, 0x000000070a500000| Untracked 
| 166|0x000000070a600000, 0x000000070a600000, 0x000000070a700000|  0%| F|  |TAMS 0x000000070a600000, 0x000000070a600000| Untracked 
| 167|0x000000070a700000, 0x000000070a700000, 0x000000070a800000|  0%| F|  |TAMS 0x000000070a700000, 0x000000070a700000| Untracked 
| 168|0x000000070a800000, 0x000000070a800000, 0x000000070a900000|  0%| F|  |TAMS 0x000000070a800000, 0x000000070a800000| Untracked 
| 169|0x000000070a900000, 0x000000070a900000, 0x000000070aa00000|  0%| F|  |TAMS 0x000000070a900000, 0x000000070a900000| Untracked 
| 170|0x000000070aa00000, 0x000000070aa00000, 0x000000070ab00000|  0%| F|  |TAMS 0x000000070aa00000, 0x000000070aa00000| Untracked 
| 171|0x000000070ab00000, 0x000000070ab00000, 0x000000070ac00000|  0%| F|  |TAMS 0x000000070ab00000, 0x000000070ab00000| Untracked 
| 172|0x000000070ac00000, 0x000000070ac00000, 0x000000070ad00000|  0%| F|  |TAMS 0x000000070ac00000, 0x000000070ac00000| Untracked 
| 173|0x000000070ad00000, 0x000000070ad00000, 0x000000070ae00000|  0%| F|  |TAMS 0x000000070ad00000, 0x000000070ad00000| Untracked 
| 174|0x000000070ae00000, 0x000000070ae00000, 0x000000070af00000|  0%| F|  |TAMS 0x000000070ae00000, 0x000000070ae00000| Untracked 
| 175|0x000000070af00000, 0x000000070af00000, 0x000000070b000000|  0%| F|  |TAMS 0x000000070af00000, 0x000000070af00000| Untracked 
| 176|0x000000070b000000, 0x000000070b000000, 0x000000070b100000|  0%| F|  |TAMS 0x000000070b000000, 0x000000070b000000| Untracked 
| 177|0x000000070b100000, 0x000000070b100000, 0x000000070b200000|  0%| F|  |TAMS 0x000000070b100000, 0x000000070b100000| Untracked 
| 178|0x000000070b200000, 0x000000070b200000, 0x000000070b300000|  0%| F|  |TAMS 0x000000070b200000, 0x000000070b200000| Untracked 
| 179|0x000000070b300000, 0x000000070b300000, 0x000000070b400000|  0%| F|  |TAMS 0x000000070b300000, 0x000000070b300000| Untracked 
| 180|0x000000070b400000, 0x000000070b400000, 0x000000070b500000|  0%| F|  |TAMS 0x000000070b400000, 0x000000070b400000| Untracked 
| 181|0x000000070b500000, 0x000000070b500000, 0x000000070b600000|  0%| F|  |TAMS 0x000000070b500000, 0x000000070b500000| Untracked 
| 182|0x000000070b600000, 0x000000070b600000, 0x000000070b700000|  0%| F|  |TAMS 0x000000070b600000, 0x000000070b600000| Untracked 
| 183|0x000000070b700000, 0x000000070b700000, 0x000000070b800000|  0%| F|  |TAMS 0x000000070b700000, 0x000000070b700000| Untracked 
| 184|0x000000070b800000, 0x000000070b800000, 0x000000070b900000|  0%| F|  |TAMS 0x000000070b800000, 0x000000070b800000| Untracked 
| 185|0x000000070b900000, 0x000000070b900000, 0x000000070ba00000|  0%| F|  |TAMS 0x000000070b900000, 0x000000070b900000| Untracked 
| 186|0x000000070ba00000, 0x000000070ba00000, 0x000000070bb00000|  0%| F|  |TAMS 0x000000070ba00000, 0x000000070ba00000| Untracked 
| 187|0x000000070bb00000, 0x000000070bb00000, 0x000000070bc00000|  0%| F|  |TAMS 0x000000070bb00000, 0x000000070bb00000| Untracked 
| 188|0x000000070bc00000, 0x000000070bc00000, 0x000000070bd00000|  0%| F|  |TAMS 0x000000070bc00000, 0x000000070bc00000| Untracked 
| 189|0x000000070bd00000, 0x000000070bd00000, 0x000000070be00000|  0%| F|  |TAMS 0x000000070bd00000, 0x000000070bd00000| Untracked 
| 190|0x000000070be00000, 0x000000070be00000, 0x000000070bf00000|  0%| F|  |TAMS 0x000000070be00000, 0x000000070be00000| Untracked 
| 191|0x000000070bf00000, 0x000000070bf00000, 0x000000070c000000|  0%| F|  |TAMS 0x000000070bf00000, 0x000000070bf00000| Untracked 
| 192|0x000000070c000000, 0x000000070c000000, 0x000000070c100000|  0%| F|  |TAMS 0x000000070c000000, 0x000000070c000000| Untracked 
| 193|0x000000070c100000, 0x000000070c100000, 0x000000070c200000|  0%| F|  |TAMS 0x000000070c100000, 0x000000070c100000| Untracked 
| 194|0x000000070c200000, 0x000000070c200000, 0x000000070c300000|  0%| F|  |TAMS 0x000000070c200000, 0x000000070c200000| Untracked 
| 195|0x000000070c300000, 0x000000070c300000, 0x000000070c400000|  0%| F|  |TAMS 0x000000070c300000, 0x000000070c300000| Untracked 
| 196|0x000000070c400000, 0x000000070c400000, 0x000000070c500000|  0%| F|  |TAMS 0x000000070c400000, 0x000000070c400000| Untracked 
| 197|0x000000070c500000, 0x000000070c500000, 0x000000070c600000|  0%| F|  |TAMS 0x000000070c500000, 0x000000070c500000| Untracked 
| 198|0x000000070c600000, 0x000000070c600000, 0x000000070c700000|  0%| F|  |TAMS 0x000000070c600000, 0x000000070c600000| Untracked 
| 199|0x000000070c700000, 0x000000070c700000, 0x000000070c800000|  0%| F|  |TAMS 0x000000070c700000, 0x000000070c700000| Untracked 
| 200|0x000000070c800000, 0x000000070c800000, 0x000000070c900000|  0%| F|  |TAMS 0x000000070c800000, 0x000000070c800000| Untracked 
| 201|0x000000070c900000, 0x000000070c900000, 0x000000070ca00000|  0%| F|  |TAMS 0x000000070c900000, 0x000000070c900000| Untracked 
| 202|0x000000070ca00000, 0x000000070ca00000, 0x000000070cb00000|  0%| F|  |TAMS 0x000000070ca00000, 0x000000070ca00000| Untracked 
| 203|0x000000070cb00000, 0x000000070cb00000, 0x000000070cc00000|  0%| F|  |TAMS 0x000000070cb00000, 0x000000070cb00000| Untracked 
| 204|0x000000070cc00000, 0x000000070cc00000, 0x000000070cd00000|  0%| F|  |TAMS 0x000000070cc00000, 0x000000070cc00000| Untracked 
| 205|0x000000070cd00000, 0x000000070cd00000, 0x000000070ce00000|  0%| F|  |TAMS 0x000000070cd00000, 0x000000070cd00000| Untracked 
| 206|0x000000070ce00000, 0x000000070ce00000, 0x000000070cf00000|  0%| F|  |TAMS 0x000000070ce00000, 0x000000070ce00000| Untracked 
| 207|0x000000070cf00000, 0x000000070cf00000, 0x000000070d000000|  0%| F|  |TAMS 0x000000070cf00000, 0x000000070cf00000| Untracked 
| 208|0x000000070d000000, 0x000000070d000000, 0x000000070d100000|  0%| F|  |TAMS 0x000000070d000000, 0x000000070d000000| Untracked 
| 209|0x000000070d100000, 0x000000070d100000, 0x000000070d200000|  0%| F|  |TAMS 0x000000070d100000, 0x000000070d100000| Untracked 
| 210|0x000000070d200000, 0x000000070d200000, 0x000000070d300000|  0%| F|  |TAMS 0x000000070d200000, 0x000000070d200000| Untracked 
| 211|0x000000070d300000, 0x000000070d300000, 0x000000070d400000|  0%| F|  |TAMS 0x000000070d300000, 0x000000070d300000| Untracked 
| 212|0x000000070d400000, 0x000000070d400000, 0x000000070d500000|  0%| F|  |TAMS 0x000000070d400000, 0x000000070d400000| Untracked 
| 213|0x000000070d500000, 0x000000070d500000, 0x000000070d600000|  0%| F|  |TAMS 0x000000070d500000, 0x000000070d500000| Untracked 
| 214|0x000000070d600000, 0x000000070d600000, 0x000000070d700000|  0%| F|  |TAMS 0x000000070d600000, 0x000000070d600000| Untracked 
| 215|0x000000070d700000, 0x000000070d700000, 0x000000070d800000|  0%| F|  |TAMS 0x000000070d700000, 0x000000070d700000| Untracked 
| 216|0x000000070d800000, 0x000000070d800000, 0x000000070d900000|  0%| F|  |TAMS 0x000000070d800000, 0x000000070d800000| Untracked 
| 217|0x000000070d900000, 0x000000070d900000, 0x000000070da00000|  0%| F|  |TAMS 0x000000070d900000, 0x000000070d900000| Untracked 
| 218|0x000000070da00000, 0x000000070da00000, 0x000000070db00000|  0%| F|  |TAMS 0x000000070da00000, 0x000000070da00000| Untracked 
| 219|0x000000070db00000, 0x000000070db00000, 0x000000070dc00000|  0%| F|  |TAMS 0x000000070db00000, 0x000000070db00000| Untracked 
| 220|0x000000070dc00000, 0x000000070dc00000, 0x000000070dd00000|  0%| F|  |TAMS 0x000000070dc00000, 0x000000070dc00000| Untracked 
| 221|0x000000070dd00000, 0x000000070ddb4000, 0x000000070de00000| 70%| S|CS|TAMS 0x000000070dd00000, 0x000000070dd00000| Complete 
| 222|0x000000070de00000, 0x000000070de00000, 0x000000070df00000|  0%| F|  |TAMS 0x000000070de00000, 0x000000070de00000| Untracked 
| 223|0x000000070df00000, 0x000000070df00000, 0x000000070e000000|  0%| F|  |TAMS 0x000000070df00000, 0x000000070df00000| Untracked 
| 224|0x000000070e000000, 0x000000070e000000, 0x000000070e100000|  0%| F|  |TAMS 0x000000070e000000, 0x000000070e000000| Untracked 
| 225|0x000000070e100000, 0x000000070e100000, 0x000000070e200000|  0%| F|  |TAMS 0x000000070e100000, 0x000000070e100000| Untracked 
| 226|0x000000070e200000, 0x000000070e200000, 0x000000070e300000|  0%| F|  |TAMS 0x000000070e200000, 0x000000070e200000| Untracked 
| 227|0x000000070e300000, 0x000000070e300000, 0x000000070e400000|  0%| F|  |TAMS 0x000000070e300000, 0x000000070e300000| Untracked 
| 228|0x000000070e400000, 0x000000070e400000, 0x000000070e500000|  0%| F|  |TAMS 0x000000070e400000, 0x000000070e400000| Untracked 
| 229|0x000000070e500000, 0x000000070e500000, 0x000000070e600000|  0%| F|  |TAMS 0x000000070e500000, 0x000000070e500000| Untracked 
| 230|0x000000070e600000, 0x000000070e600000, 0x000000070e700000|  0%| F|  |TAMS 0x000000070e600000, 0x000000070e600000| Untracked 
| 231|0x000000070e700000, 0x000000070e700000, 0x000000070e800000|  0%| F|  |TAMS 0x000000070e700000, 0x000000070e700000| Untracked 
| 232|0x000000070e800000, 0x000000070e800000, 0x000000070e900000|  0%| F|  |TAMS 0x000000070e800000, 0x000000070e800000| Untracked 
| 233|0x000000070e900000, 0x000000070ea00000, 0x000000070ea00000|100%| S|CS|TAMS 0x000000070e900000, 0x000000070e900000| Complete 
| 234|0x000000070ea00000, 0x000000070eb00000, 0x000000070eb00000|100%| S|CS|TAMS 0x000000070ea00000, 0x000000070ea00000| Complete 
| 235|0x000000070eb00000, 0x000000070ec00000, 0x000000070ec00000|100%| S|CS|TAMS 0x000000070eb00000, 0x000000070eb00000| Complete 
| 236|0x000000070ec00000, 0x000000070ec00000, 0x000000070ed00000|  0%| F|  |TAMS 0x000000070ec00000, 0x000000070ec00000| Untracked 
| 237|0x000000070ed00000, 0x000000070ed00000, 0x000000070ee00000|  0%| F|  |TAMS 0x000000070ed00000, 0x000000070ed00000| Untracked 
| 238|0x000000070ee00000, 0x000000070ee00000, 0x000000070ef00000|  0%| F|  |TAMS 0x000000070ee00000, 0x000000070ee00000| Untracked 
| 239|0x000000070ef00000, 0x000000070ef00000, 0x000000070f000000|  0%| F|  |TAMS 0x000000070ef00000, 0x000000070ef00000| Untracked 
| 240|0x000000070f000000, 0x000000070f000000, 0x000000070f100000|  0%| F|  |TAMS 0x000000070f000000, 0x000000070f000000| Untracked 
| 241|0x000000070f100000, 0x000000070f100000, 0x000000070f200000|  0%| F|  |TAMS 0x000000070f100000, 0x000000070f100000| Untracked 
| 242|0x000000070f200000, 0x000000070f200000, 0x000000070f300000|  0%| F|  |TAMS 0x000000070f200000, 0x000000070f200000| Untracked 
| 243|0x000000070f300000, 0x000000070f300000, 0x000000070f400000|  0%| F|  |TAMS 0x000000070f300000, 0x000000070f300000| Untracked 
| 244|0x000000070f400000, 0x000000070f400000, 0x000000070f500000|  0%| F|  |TAMS 0x000000070f400000, 0x000000070f400000| Untracked 
| 245|0x000000070f500000, 0x000000070f500000, 0x000000070f600000|  0%| F|  |TAMS 0x000000070f500000, 0x000000070f500000| Untracked 
| 246|0x000000070f600000, 0x000000070f600000, 0x000000070f700000|  0%| F|  |TAMS 0x000000070f600000, 0x000000070f600000| Untracked 
| 247|0x000000070f700000, 0x000000070f700000, 0x000000070f800000|  0%| F|  |TAMS 0x000000070f700000, 0x000000070f700000| Untracked 
| 248|0x000000070f800000, 0x000000070f800000, 0x000000070f900000|  0%| F|  |TAMS 0x000000070f800000, 0x000000070f800000| Untracked 
| 249|0x000000070f900000, 0x000000070f900000, 0x000000070fa00000|  0%| F|  |TAMS 0x000000070f900000, 0x000000070f900000| Untracked 
| 250|0x000000070fa00000, 0x000000070fa00000, 0x000000070fb00000|  0%| F|  |TAMS 0x000000070fa00000, 0x000000070fa00000| Untracked 
| 251|0x000000070fb00000, 0x000000070fb00000, 0x000000070fc00000|  0%| F|  |TAMS 0x000000070fb00000, 0x000000070fb00000| Untracked 
| 252|0x000000070fc00000, 0x000000070fc00000, 0x000000070fd00000|  0%| F|  |TAMS 0x000000070fc00000, 0x000000070fc00000| Untracked 
| 253|0x000000070fd00000, 0x000000070fd00000, 0x000000070fe00000|  0%| F|  |TAMS 0x000000070fd00000, 0x000000070fd00000| Untracked 
| 254|0x000000070fe00000, 0x000000070fe00000, 0x000000070ff00000|  0%| F|  |TAMS 0x000000070fe00000, 0x000000070fe00000| Untracked 
| 255|0x000000070ff00000, 0x000000070ff00000, 0x0000000710000000|  0%| F|  |TAMS 0x000000070ff00000, 0x000000070ff00000| Untracked 
| 256|0x0000000710000000, 0x0000000710000000, 0x0000000710100000|  0%| F|  |TAMS 0x0000000710000000, 0x0000000710000000| Untracked 
| 257|0x0000000710100000, 0x0000000710100000, 0x0000000710200000|  0%| F|  |TAMS 0x0000000710100000, 0x0000000710100000| Untracked 
| 258|0x0000000710200000, 0x0000000710200000, 0x0000000710300000|  0%| F|  |TAMS 0x0000000710200000, 0x0000000710200000| Untracked 
| 259|0x0000000710300000, 0x0000000710300000, 0x0000000710400000|  0%| F|  |TAMS 0x0000000710300000, 0x0000000710300000| Untracked 
| 260|0x0000000710400000, 0x0000000710400000, 0x0000000710500000|  0%| F|  |TAMS 0x0000000710400000, 0x0000000710400000| Untracked 
| 261|0x0000000710500000, 0x0000000710500000, 0x0000000710600000|  0%| F|  |TAMS 0x0000000710500000, 0x0000000710500000| Untracked 
| 262|0x0000000710600000, 0x0000000710600000, 0x0000000710700000|  0%| F|  |TAMS 0x0000000710600000, 0x0000000710600000| Untracked 
| 263|0x0000000710700000, 0x0000000710700000, 0x0000000710800000|  0%| F|  |TAMS 0x0000000710700000, 0x0000000710700000| Untracked 
| 264|0x0000000710800000, 0x0000000710800000, 0x0000000710900000|  0%| F|  |TAMS 0x0000000710800000, 0x0000000710800000| Untracked 
| 265|0x0000000710900000, 0x0000000710900000, 0x0000000710a00000|  0%| F|  |TAMS 0x0000000710900000, 0x0000000710900000| Untracked 
| 266|0x0000000710a00000, 0x0000000710a00000, 0x0000000710b00000|  0%| F|  |TAMS 0x0000000710a00000, 0x0000000710a00000| Untracked 
| 267|0x0000000710b00000, 0x0000000710b00000, 0x0000000710c00000|  0%| F|  |TAMS 0x0000000710b00000, 0x0000000710b00000| Untracked 
| 268|0x0000000710c00000, 0x0000000710c00000, 0x0000000710d00000|  0%| F|  |TAMS 0x0000000710c00000, 0x0000000710c00000| Untracked 
| 269|0x0000000710d00000, 0x0000000710d00000, 0x0000000710e00000|  0%| F|  |TAMS 0x0000000710d00000, 0x0000000710d00000| Untracked 
| 270|0x0000000710e00000, 0x0000000710e00000, 0x0000000710f00000|  0%| F|  |TAMS 0x0000000710e00000, 0x0000000710e00000| Untracked 
| 271|0x0000000710f00000, 0x0000000710f00000, 0x0000000711000000|  0%| F|  |TAMS 0x0000000710f00000, 0x0000000710f00000| Untracked 
| 272|0x0000000711000000, 0x0000000711000000, 0x0000000711100000|  0%| F|  |TAMS 0x0000000711000000, 0x0000000711000000| Untracked 
| 273|0x0000000711100000, 0x0000000711100000, 0x0000000711200000|  0%| F|  |TAMS 0x0000000711100000, 0x0000000711100000| Untracked 
| 274|0x0000000711200000, 0x0000000711200000, 0x0000000711300000|  0%| F|  |TAMS 0x0000000711200000, 0x0000000711200000| Untracked 
| 275|0x0000000711300000, 0x0000000711300000, 0x0000000711400000|  0%| F|  |TAMS 0x0000000711300000, 0x0000000711300000| Untracked 
| 276|0x0000000711400000, 0x0000000711400000, 0x0000000711500000|  0%| F|  |TAMS 0x0000000711400000, 0x0000000711400000| Untracked 
| 277|0x0000000711500000, 0x0000000711500000, 0x0000000711600000|  0%| F|  |TAMS 0x0000000711500000, 0x0000000711500000| Untracked 
| 278|0x0000000711600000, 0x0000000711600000, 0x0000000711700000|  0%| F|  |TAMS 0x0000000711600000, 0x0000000711600000| Untracked 
| 279|0x0000000711700000, 0x0000000711700000, 0x0000000711800000|  0%| F|  |TAMS 0x0000000711700000, 0x0000000711700000| Untracked 
| 280|0x0000000711800000, 0x0000000711800000, 0x0000000711900000|  0%| F|  |TAMS 0x0000000711800000, 0x0000000711800000| Untracked 
| 281|0x0000000711900000, 0x0000000711900000, 0x0000000711a00000|  0%| F|  |TAMS 0x0000000711900000, 0x0000000711900000| Untracked 
| 282|0x0000000711a00000, 0x0000000711a00000, 0x0000000711b00000|  0%| F|  |TAMS 0x0000000711a00000, 0x0000000711a00000| Untracked 
| 283|0x0000000711b00000, 0x0000000711b00000, 0x0000000711c00000|  0%| F|  |TAMS 0x0000000711b00000, 0x0000000711b00000| Untracked 
| 284|0x0000000711c00000, 0x0000000711c00000, 0x0000000711d00000|  0%| F|  |TAMS 0x0000000711c00000, 0x0000000711c00000| Untracked 
| 285|0x0000000711d00000, 0x0000000711d00000, 0x0000000711e00000|  0%| F|  |TAMS 0x0000000711d00000, 0x0000000711d00000| Untracked 
| 286|0x0000000711e00000, 0x0000000711e00000, 0x0000000711f00000|  0%| F|  |TAMS 0x0000000711e00000, 0x0000000711e00000| Untracked 
| 287|0x0000000711f00000, 0x0000000711f00000, 0x0000000712000000|  0%| F|  |TAMS 0x0000000711f00000, 0x0000000711f00000| Untracked 
| 288|0x0000000712000000, 0x0000000712000000, 0x0000000712100000|  0%| F|  |TAMS 0x0000000712000000, 0x0000000712000000| Untracked 
| 289|0x0000000712100000, 0x0000000712100000, 0x0000000712200000|  0%| F|  |TAMS 0x0000000712100000, 0x0000000712100000| Untracked 
| 290|0x0000000712200000, 0x0000000712200000, 0x0000000712300000|  0%| F|  |TAMS 0x0000000712200000, 0x0000000712200000| Untracked 
| 291|0x0000000712300000, 0x0000000712300000, 0x0000000712400000|  0%| F|  |TAMS 0x0000000712300000, 0x0000000712300000| Untracked 
| 292|0x0000000712400000, 0x0000000712400000, 0x0000000712500000|  0%| F|  |TAMS 0x0000000712400000, 0x0000000712400000| Untracked 
| 293|0x0000000712500000, 0x0000000712500000, 0x0000000712600000|  0%| F|  |TAMS 0x0000000712500000, 0x0000000712500000| Untracked 
| 294|0x0000000712600000, 0x0000000712600000, 0x0000000712700000|  0%| F|  |TAMS 0x0000000712600000, 0x0000000712600000| Untracked 
| 295|0x0000000712700000, 0x0000000712700000, 0x0000000712800000|  0%| F|  |TAMS 0x0000000712700000, 0x0000000712700000| Untracked 
| 296|0x0000000712800000, 0x0000000712900000, 0x0000000712900000|100%| E|  |TAMS 0x0000000712800000, 0x0000000712800000| Complete 
| 297|0x0000000712900000, 0x0000000712a00000, 0x0000000712a00000|100%| E|CS|TAMS 0x0000000712900000, 0x0000000712900000| Complete 
| 298|0x0000000712a00000, 0x0000000712b00000, 0x0000000712b00000|100%| E|CS|TAMS 0x0000000712a00000, 0x0000000712a00000| Complete 
| 299|0x0000000712b00000, 0x0000000712c00000, 0x0000000712c00000|100%| E|CS|TAMS 0x0000000712b00000, 0x0000000712b00000| Complete 
| 300|0x0000000712c00000, 0x0000000712d00000, 0x0000000712d00000|100%| E|CS|TAMS 0x0000000712c00000, 0x0000000712c00000| Complete 
| 301|0x0000000712d00000, 0x0000000712e00000, 0x0000000712e00000|100%| E|CS|TAMS 0x0000000712d00000, 0x0000000712d00000| Complete 
| 307|0x0000000713300000, 0x0000000713400000, 0x0000000713400000|100%| E|CS|TAMS 0x0000000713300000, 0x0000000713300000| Complete 
|4078|0x00000007fee00000, 0x00000007fef00000, 0x00000007fef00000|100%| E|CS|TAMS 0x00000007fee00000, 0x00000007fee00000| Complete 
|4079|0x00000007fef00000, 0x00000007ff000000, 0x00000007ff000000|100%| O|  |TAMS 0x00000007ff000000, 0x00000007fef00000| Untracked 
|4080|0x00000007ff000000, 0x00000007ff100000, 0x00000007ff100000|100%| O|  |TAMS 0x00000007ff100000, 0x00000007ff000000| Untracked 
|4081|0x00000007ff100000, 0x00000007ff200000, 0x00000007ff200000|100%| O|  |TAMS 0x00000007ff200000, 0x00000007ff100000| Untracked 
|4082|0x00000007ff200000, 0x00000007ff300000, 0x00000007ff300000|100%| E|CS|TAMS 0x00000007ff200000, 0x00000007ff200000| Complete 
|4083|0x00000007ff300000, 0x00000007ff400000, 0x00000007ff400000|100%| E|CS|TAMS 0x00000007ff300000, 0x00000007ff300000| Complete 
|4084|0x00000007ff400000, 0x00000007ff500000, 0x00000007ff500000|100%| O|  |TAMS 0x00000007ff500000, 0x00000007ff400000| Untracked 
|4085|0x00000007ff500000, 0x00000007ff600000, 0x00000007ff600000|100%| O|  |TAMS 0x00000007ff600000, 0x00000007ff500000| Untracked 
|4086|0x00000007ff600000, 0x00000007ff700000, 0x00000007ff700000|100%| O|  |TAMS 0x00000007ff700000, 0x00000007ff600000| Untracked 
|4087|0x00000007ff700000, 0x00000007ff800000, 0x00000007ff800000|100%| E|CS|TAMS 0x00000007ff700000, 0x00000007ff700000| Complete 
|4088|0x00000007ff800000, 0x00000007ff900000, 0x00000007ff900000|100%| E|CS|TAMS 0x00000007ff800000, 0x00000007ff800000| Complete 
|4089|0x00000007ff900000, 0x00000007ffa00000, 0x00000007ffa00000|100%| E|CS|TAMS 0x00000007ff900000, 0x00000007ff900000| Complete 
|4090|0x00000007ffa00000, 0x00000007ffb00000, 0x00000007ffb00000|100%| E|CS|TAMS 0x00000007ffa00000, 0x00000007ffa00000| Complete 
|4091|0x00000007ffb00000, 0x00000007ffc00000, 0x00000007ffc00000|100%| E|CS|TAMS 0x00000007ffb00000, 0x00000007ffb00000| Complete 
|4092|0x00000007ffc00000, 0x00000007ffd00000, 0x00000007ffd00000|100%| E|CS|TAMS 0x00000007ffc00000, 0x00000007ffc00000| Complete 
|4093|0x00000007ffd00000, 0x00000007ffe00000, 0x00000007ffe00000|100%| E|CS|TAMS 0x00000007ffd00000, 0x00000007ffd00000| Complete 
|4094|0x00000007ffe00000, 0x00000007fff00000, 0x00000007fff00000|100%| E|CS|TAMS 0x00000007ffe00000, 0x00000007ffe00000| Complete 
|4095|0x00000007fff00000, 0x0000000800000000, 0x0000000800000000|100%| E|CS|TAMS 0x00000007fff00000, 0x00000007fff00000| Complete 

Card table byte_map: [0x0000021e9d100000,0x0000021e9d900000] _byte_map_base: 0x0000021e99900000

Marking Bits (Prev, Next): (CMBitMap*) 0x0000021e851c3788, (CMBitMap*) 0x0000021e851c37c8
 Prev Bits: [0x0000021e9e100000, 0x0000021ea2100000)
 Next Bits: [0x0000021ea2100000, 0x0000021ea6100000)

Polling page: 0x0000021e82e80000

Metaspace:

Usage:
  Non-class:     28.70 MB capacity,    28.14 MB ( 98%) used,   504.31 KB (  2%) free+waste,    77.19 KB ( <1%) overhead. 
      Class:      3.63 MB capacity,     3.32 MB ( 91%) used,   290.55 KB (  8%) free+waste,    33.19 KB ( <1%) overhead. 
       Both:     32.34 MB capacity,    31.45 MB ( 97%) used,   794.86 KB (  2%) free+waste,   110.38 KB ( <1%) overhead. 

Virtual space:
  Non-class space:       30.00 MB reserved,      28.95 MB ( 96%) committed 
      Class space:        1.00 GB reserved,       3.75 MB ( <1%) committed 
             Both:        1.03 GB reserved,      32.70 MB (  3%) committed 

Chunk freelists:
   Non-Class:  55.00 KB
       Class:  25.00 KB
        Both:  80.00 KB

MaxMetaspaceSize: 17179869184.00 GB
CompressedClassSpaceSize: 1.00 GB

CodeHeap 'non-profiled nmethods': size=120000Kb used=4899Kb max_used=5769Kb free=115100Kb
 bounds [0x0000021e953d0000, 0x0000021e95980000, 0x0000021e9c900000]
CodeHeap 'profiled nmethods': size=120000Kb used=17119Kb max_used=18695Kb free=102881Kb
 bounds [0x0000021e8dea0000, 0x0000021e8f0f0000, 0x0000021e953d0000]
CodeHeap 'non-nmethods': size=5760Kb used=1257Kb max_used=1309Kb free=4502Kb
 bounds [0x0000021e8d900000, 0x0000021e8db70000, 0x0000021e8dea0000]
 total_blobs=7823 nmethods=7292 adapters=443
 compilation: enabled
              stopped_count=0, restarted_count=0
 full_count=0

Compilation events (20 events):
Event: 557.012 Thread 0x0000021ea851c000 9084       4       java.util.concurrent.locks.AbstractQueuedSynchronizer$ConditionObject::enableWait (84 bytes)
Event: 557.019 Thread 0x0000021ea851c000 nmethod 9084 0x0000021e956b9010 code [0x0000021e956b9220, 0x0000021e956b97e8]
Event: 557.107 Thread 0x0000021ea851c000 9085   !   4       java.util.concurrent.ThreadPoolExecutor::getTask (177 bytes)
Event: 557.168 Thread 0x0000021ea851c000 nmethod 9085 0x0000021e958dde10 code [0x0000021e958de360, 0x0000021e958e04c0]
Event: 557.310 Thread 0x0000021ea851c000 9086       4       java.util.concurrent.ThreadPoolExecutor$Worker::lock (6 bytes)
Event: 557.312 Thread 0x0000021ea851c000 nmethod 9086 0x0000021e95807910 code [0x0000021e95807aa0, 0x0000021e95807c18]
Event: 558.029 Thread 0x0000021ea851c000 9087       4       java.util.concurrent.ScheduledThreadPoolExecutor$DelayedWorkQueue::add (9 bytes)
Event: 558.041 Thread 0x0000021ea851c000 nmethod 9087 0x0000021e957e2b10 code [0x0000021e957e2e00, 0x0000021e957e3868]
Event: 558.041 Thread 0x0000021ea851c000 9088   !   4       java.util.concurrent.ScheduledThreadPoolExecutor$DelayedWorkQueue::offer (123 bytes)
Event: 558.055 Thread 0x0000021ea851c000 nmethod 9088 0x0000021e95617d10 code [0x0000021e95618000, 0x0000021e95618a68]
Event: 558.210 Thread 0x0000021ea851c000 9089       4       java.util.concurrent.ScheduledThreadPoolExecutor$ScheduledFutureTask::run (57 bytes)
Event: 558.229 Thread 0x0000021ea851c000 nmethod 9089 0x0000021e9542dc90 code [0x0000021e9542e020, 0x0000021e9542ec48]
Event: 558.229 Thread 0x0000021ea851c000 9090       4       java.util.concurrent.ScheduledThreadPoolExecutor$ScheduledFutureTask::setNextRunTime (38 bytes)
Event: 558.230 Thread 0x0000021ea851c000 nmethod 9090 0x0000021e9542d990 code [0x0000021e9542db20, 0x0000021e9542dbf8]
Event: 576.115 Thread 0x0000021ea851c000 9093       4       java.util.concurrent.ConcurrentLinkedQueue$Itr::next (96 bytes)
Event: 576.118 Thread 0x0000021ea851c000 nmethod 9093 0x0000021e954ea590 code [0x0000021e954ea740, 0x0000021e954eaa38]
Event: 1006.537 Thread 0x0000021ea851c000 9094       4       sun.nio.cs.SingleByte$Encoder::encode (32 bytes)
Event: 1006.538 Thread 0x0000021ea851d000 9097   !   3       org.fusesource.jansi.io.AnsiProcessor::processEscapeCommand (969 bytes)
Event: 1006.539 Thread 0x0000021ea851c000 nmethod 9094 0x0000021e956c3990 code [0x0000021e956c3b40, 0x0000021e956c3cb8]
Event: 1006.539 Thread 0x0000021ea851c000 9095       4       org.fusesource.jansi.io.AnsiOutputStream::write (898 bytes)

GC Heap History (20 events):
Event: 20.433 GC heap before
{Heap before GC invocations=25 (full 0):
 garbage-first heap   total 227328K, used 174709K [0x0000000700000000, 0x0000000800000000)
  region size 1024K, 59 young (60416K), 2 survivors (2048K)
 Metaspace       used 27188K, capacity 27927K, committed 28104K, reserved 1075200K
  class space    used 2918K, capacity 3221K, committed 3328K, reserved 1048576K
}
Event: 20.440 GC heap after
{Heap after GC invocations=26 (full 0):
 garbage-first heap   total 227328K, used 127775K [0x0000000700000000, 0x0000000800000000)
  region size 1024K, 8 young (8192K), 8 survivors (8192K)
 Metaspace       used 27188K, capacity 27927K, committed 28104K, reserved 1075200K
  class space    used 2918K, capacity 3221K, committed 3328K, reserved 1048576K
}
Event: 20.481 GC heap before
{Heap before GC invocations=26 (full 0):
 garbage-first heap   total 227328K, used 130847K [0x0000000700000000, 0x0000000800000000)
  region size 1024K, 11 young (11264K), 8 survivors (8192K)
 Metaspace       used 27188K, capacity 27927K, committed 28104K, reserved 1075200K
  class space    used 2918K, capacity 3221K, committed 3328K, reserved 1048576K
}
Event: 20.495 GC heap after
{Heap after GC invocations=27 (full 0):
 garbage-first heap   total 227328K, used 113108K [0x0000000700000000, 0x0000000800000000)
  region size 1024K, 2 young (2048K), 2 survivors (2048K)
 Metaspace       used 27188K, capacity 27927K, committed 28104K, reserved 1075200K
  class space    used 2918K, capacity 3221K, committed 3328K, reserved 1048576K
}
Event: 20.717 GC heap before
{Heap before GC invocations=27 (full 0):
 garbage-first heap   total 227328K, used 121300K [0x0000000700000000, 0x0000000800000000)
  region size 1024K, 12 young (12288K), 2 survivors (2048K)
 Metaspace       used 27272K, capacity 27996K, committed 28104K, reserved 1075200K
  class space    used 2920K, capacity 3221K, committed 3328K, reserved 1048576K
}
Event: 20.723 GC heap after
{Heap after GC invocations=28 (full 0):
 garbage-first heap   total 227328K, used 117587K [0x0000000700000000, 0x0000000800000000)
  region size 1024K, 7 young (7168K), 7 survivors (7168K)
 Metaspace       used 27272K, capacity 27996K, committed 28104K, reserved 1075200K
  class space    used 2920K, capacity 3221K, committed 3328K, reserved 1048576K
}
Event: 21.378 GC heap before
{Heap before GC invocations=29 (full 0):
 garbage-first heap   total 227328K, used 158547K [0x0000000700000000, 0x0000000800000000)
  region size 1024K, 46 young (47104K), 7 survivors (7168K)
 Metaspace       used 27295K, capacity 28068K, committed 28360K, reserved 1075200K
  class space    used 2921K, capacity 3223K, committed 3328K, reserved 1048576K
}
Event: 21.395 GC heap after
{Heap after GC invocations=30 (full 0):
 garbage-first heap   total 273408K, used 130454K [0x0000000700000000, 0x0000000800000000)
  region size 1024K, 6 young (6144K), 6 survivors (6144K)
 Metaspace       used 27295K, capacity 28068K, committed 28360K, reserved 1075200K
  class space    used 2921K, capacity 3223K, committed 3328K, reserved 1048576K
}
Event: 21.538 GC heap before
{Heap before GC invocations=30 (full 0):
 garbage-first heap   total 273408K, used 137622K [0x0000000700000000, 0x0000000800000000)
  region size 1024K, 13 young (13312K), 6 survivors (6144K)
 Metaspace       used 27303K, capacity 28070K, committed 28360K, reserved 1075200K
  class space    used 2921K, capacity 3223K, committed 3328K, reserved 1048576K
}
Event: 21.547 GC heap after
{Heap after GC invocations=31 (full 0):
 garbage-first heap   total 273408K, used 133261K [0x0000000700000000, 0x0000000800000000)
  region size 1024K, 2 young (2048K), 2 survivors (2048K)
 Metaspace       used 27303K, capacity 28070K, committed 28360K, reserved 1075200K
  class space    used 2921K, capacity 3223K, committed 3328K, reserved 1048576K
}
Event: 22.186 GC heap before
{Heap before GC invocations=31 (full 0):
 garbage-first heap   total 273408K, used 166029K [0x0000000700000000, 0x0000000800000000)
  region size 1024K, 35 young (35840K), 2 survivors (2048K)
 Metaspace       used 27307K, capacity 28070K, committed 28360K, reserved 1075200K
  class space    used 2921K, capacity 3223K, committed 3328K, reserved 1048576K
}
Event: 22.197 GC heap after
{Heap after GC invocations=32 (full 0):
 garbage-first heap   total 273408K, used 142650K [0x0000000700000000, 0x0000000800000000)
  region size 1024K, 7 young (7168K), 7 survivors (7168K)
 Metaspace       used 27307K, capacity 28070K, committed 28360K, reserved 1075200K
  class space    used 2921K, capacity 3223K, committed 3328K, reserved 1048576K
}
Event: 22.739 GC heap before
{Heap before GC invocations=33 (full 0):
 garbage-first heap   total 273408K, used 165178K [0x0000000700000000, 0x0000000800000000)
  region size 1024K, 57 young (58368K), 7 survivors (7168K)
 Metaspace       used 27308K, capacity 28134K, committed 28360K, reserved 1075200K
  class space    used 2921K, capacity 3223K, committed 3328K, reserved 1048576K
}
Event: 22.756 GC heap after
{Heap after GC invocations=34 (full 0):
 garbage-first heap   total 273408K, used 131254K [0x0000000700000000, 0x0000000800000000)
  region size 1024K, 8 young (8192K), 8 survivors (8192K)
 Metaspace       used 27308K, capacity 28134K, committed 28360K, reserved 1075200K
  class space    used 2921K, capacity 3223K, committed 3328K, reserved 1048576K
}
Event: 22.781 GC heap before
{Heap before GC invocations=34 (full 0):
 garbage-first heap   total 273408K, used 136374K [0x0000000700000000, 0x0000000800000000)
  region size 1024K, 13 young (13312K), 8 survivors (8192K)
 Metaspace       used 27308K, capacity 28134K, committed 28360K, reserved 1075200K
  class space    used 2921K, capacity 3223K, committed 3328K, reserved 1048576K
}
Event: 22.797 GC heap after
{Heap after GC invocations=35 (full 0):
 garbage-first heap   total 328704K, used 111410K [0x0000000700000000, 0x0000000800000000)
  region size 1024K, 2 young (2048K), 2 survivors (2048K)
 Metaspace       used 27308K, capacity 28134K, committed 28360K, reserved 1075200K
  class space    used 2921K, capacity 3223K, committed 3328K, reserved 1048576K
}
Event: 24.362 GC heap before
{Heap before GC invocations=35 (full 0):
 garbage-first heap   total 328704K, used 195378K [0x0000000700000000, 0x0000000800000000)
  region size 1024K, 82 young (83968K), 2 survivors (2048K)
 Metaspace       used 28281K, capacity 29110K, committed 29256K, reserved 1075200K
  class space    used 3008K, capacity 3334K, committed 3456K, reserved 1048576K
}
Event: 24.386 GC heap after
{Heap after GC invocations=36 (full 0):
 garbage-first heap   total 328704K, used 127814K [0x0000000700000000, 0x0000000800000000)
  region size 1024K, 11 young (11264K), 11 survivors (11264K)
 Metaspace       used 28281K, capacity 29110K, committed 29256K, reserved 1075200K
  class space    used 3008K, capacity 3334K, committed 3456K, reserved 1048576K
}
Event: 26.038 GC heap before
{Heap before GC invocations=36 (full 0):
 garbage-first heap   total 328704K, used 208710K [0x0000000700000000, 0x0000000800000000)
  region size 1024K, 90 young (92160K), 11 survivors (11264K)
 Metaspace       used 31336K, capacity 32243K, committed 32328K, reserved 1077248K
  class space    used 3316K, capacity 3685K, committed 3712K, reserved 1048576K
}
Event: 26.055 GC heap after
{Heap after GC invocations=37 (full 0):
 garbage-first heap   total 328704K, used 126833K [0x0000000700000000, 0x0000000800000000)
  region size 1024K, 4 young (4096K), 4 survivors (4096K)
 Metaspace       used 31336K, capacity 32243K, committed 32328K, reserved 1077248K
  class space    used 3316K, capacity 3685K, committed 3712K, reserved 1048576K
}

Deoptimization events (20 events):
Event: 82.052 Thread 0x0000021eaa496000 DEOPT PACKING pc=0x0000021e8f0b7355 sp=0x000000d06d1fefb0
Event: 82.052 Thread 0x0000021eaa496000 DEOPT UNPACKING pc=0x0000021e8d94964e sp=0x000000d06d1fe4b8 mode 0
Event: 82.053 Thread 0x0000021eaa496000 DEOPT PACKING pc=0x0000021e8f0b7355 sp=0x000000d06d1fefb0
Event: 82.053 Thread 0x0000021eaa496000 DEOPT UNPACKING pc=0x0000021e8d94964e sp=0x000000d06d1fe4b8 mode 0
Event: 82.060 Thread 0x0000021eaa496000 DEOPT PACKING pc=0x0000021e8f0b7355 sp=0x000000d06d1fefb0
Event: 82.060 Thread 0x0000021eaa496000 DEOPT UNPACKING pc=0x0000021e8d94964e sp=0x000000d06d1fe4b8 mode 0
Event: 82.073 Thread 0x0000021eaa496000 DEOPT PACKING pc=0x0000021e8f0b7355 sp=0x000000d06d1fefb0
Event: 82.073 Thread 0x0000021eaa496000 DEOPT UNPACKING pc=0x0000021e8d94964e sp=0x000000d06d1fe4b8 mode 0
Event: 82.074 Thread 0x0000021eaa496000 DEOPT PACKING pc=0x0000021e8f0b86e8 sp=0x000000d06d1fefd0
Event: 82.074 Thread 0x0000021eaa496000 DEOPT UNPACKING pc=0x0000021e8d94964e sp=0x000000d06d1fe4b8 mode 0
Event: 82.074 Thread 0x0000021eaa496000 DEOPT PACKING pc=0x0000021e8f0b7355 sp=0x000000d06d1fefb0
Event: 82.074 Thread 0x0000021eaa496000 DEOPT UNPACKING pc=0x0000021e8d94964e sp=0x000000d06d1fe4b8 mode 0
Event: 82.075 Thread 0x0000021eaa496000 DEOPT PACKING pc=0x0000021e8f0b7355 sp=0x000000d06d1fefb0
Event: 82.075 Thread 0x0000021eaa496000 DEOPT UNPACKING pc=0x0000021e8d94964e sp=0x000000d06d1fe4b8 mode 0
Event: 82.076 Thread 0x0000021eaa496000 DEOPT PACKING pc=0x0000021e8f0b7355 sp=0x000000d06d1fefb0
Event: 82.076 Thread 0x0000021eaa496000 DEOPT UNPACKING pc=0x0000021e8d94964e sp=0x000000d06d1fe4b8 mode 0
Event: 82.077 Thread 0x0000021eaa496000 DEOPT PACKING pc=0x0000021e8f0b7355 sp=0x000000d06d1fefb0
Event: 82.077 Thread 0x0000021eaa496000 DEOPT UNPACKING pc=0x0000021e8d94964e sp=0x000000d06d1fe4b8 mode 0
Event: 1006.537 Thread 0x0000021eaa496000 DEOPT PACKING pc=0x0000021e8f0c0c60 sp=0x000000d06d1fe7a0
Event: 1006.537 Thread 0x0000021eaa496000 DEOPT UNPACKING pc=0x0000021e8d94964e sp=0x000000d06d1fdd08 mode 0

Classes unloaded (0 events):
No events

Classes redefined (0 events):
No events

Internal exceptions (20 events):
Event: 24.884 Thread 0x0000021e8515b000 Exception <a 'sun/nio/fs/WindowsException'{0x00000007ff391088}> (0x00000007ff391088) 
thrown [./open/src/hotspot/share/prims/jni.cpp, line 599]
Event: 24.884 Thread 0x0000021e8515b000 Exception <a 'sun/nio/fs/WindowsException'{0x00000007ff395308}> (0x00000007ff395308) 
thrown [./open/src/hotspot/share/prims/jni.cpp, line 599]
Event: 24.884 Thread 0x0000021e8515b000 Exception <a 'sun/nio/fs/WindowsException'{0x00000007ff395558}> (0x00000007ff395558) 
thrown [./open/src/hotspot/share/prims/jni.cpp, line 599]
Event: 24.884 Thread 0x0000021e8515b000 Exception <a 'sun/nio/fs/WindowsException'{0x00000007ff396ed8}> (0x00000007ff396ed8) 
thrown [./open/src/hotspot/share/prims/jni.cpp, line 599]
Event: 24.884 Thread 0x0000021e8515b000 Exception <a 'sun/nio/fs/WindowsException'{0x00000007ff3971f0}> (0x00000007ff3971f0) 
thrown [./open/src/hotspot/share/prims/jni.cpp, line 599]
Event: 24.885 Thread 0x0000021e8515b000 Exception <a 'sun/nio/fs/WindowsException'{0x00000007ff3a9bd8}> (0x00000007ff3a9bd8) 
thrown [./open/src/hotspot/share/prims/jni.cpp, line 599]
Event: 24.885 Thread 0x0000021e8515b000 Exception <a 'sun/nio/fs/WindowsException'{0x00000007ff3a9e30}> (0x00000007ff3a9e30) 
thrown [./open/src/hotspot/share/prims/jni.cpp, line 599]
Event: 24.886 Thread 0x0000021e8515b000 Exception <a 'sun/nio/fs/WindowsException'{0x00000007ff3ab190}> (0x00000007ff3ab190) 
thrown [./open/src/hotspot/share/prims/jni.cpp, line 599]
Event: 24.886 Thread 0x0000021e8515b000 Exception <a 'sun/nio/fs/WindowsException'{0x00000007ff3ab3c8}> (0x00000007ff3ab3c8) 
thrown [./open/src/hotspot/share/prims/jni.cpp, line 599]
Event: 24.886 Thread 0x0000021e8515b000 Exception <a 'sun/nio/fs/WindowsException'{0x00000007ff3b6548}> (0x00000007ff3b6548) 
thrown [./open/src/hotspot/share/prims/jni.cpp, line 599]
Event: 24.886 Thread 0x0000021e8515b000 Exception <a 'sun/nio/fs/WindowsException'{0x00000007ff3b66e0}> (0x00000007ff3b66e0) 
thrown [./open/src/hotspot/share/prims/jni.cpp, line 599]
Event: 24.886 Thread 0x0000021e8515b000 Exception <a 'sun/nio/fs/WindowsException'{0x00000007ff3c6dc8}> (0x00000007ff3c6dc8) 
thrown [./open/src/hotspot/share/prims/jni.cpp, line 599]
Event: 24.887 Thread 0x0000021e8515b000 Exception <a 'sun/nio/fs/WindowsException'{0x00000007ff3c6ff8}> (0x00000007ff3c6ff8) 
thrown [./open/src/hotspot/share/prims/jni.cpp, line 599]
Event: 24.887 Thread 0x0000021e8515b000 Exception <a 'sun/nio/fs/WindowsException'{0x00000007ff3c8418}> (0x00000007ff3c8418) 
thrown [./open/src/hotspot/share/prims/jni.cpp, line 599]
Event: 24.887 Thread 0x0000021e8515b000 Exception <a 'sun/nio/fs/WindowsException'{0x00000007ff3c8710}> (0x00000007ff3c8710) 
thrown [./open/src/hotspot/share/prims/jni.cpp, line 599]
Event: 24.891 Thread 0x0000021e8515b000 Exception <a 'sun/nio/fs/WindowsException'{0x00000007ff2228d0}> (0x00000007ff2228d0) 
thrown [./open/src/hotspot/share/prims/jni.cpp, line 599]
Event: 25.114 Thread 0x0000021eae9c6800 Exception <a 'java/lang/NoSuchMethodError'{0x00000007125cb7c8}: 'java.lang.Object java.lang.invoke.DirectMethodHandle$Holder.invokeStaticInit(java.lang.Object, java.lang.Object, long, java.lang.Object)'> (0x00000007125cb7c8) 
thrown [./open/src/hotspot/share/interpreter/linkResolver.cpp, line 766]
Event: 25.115 Thread 0x0000021eae9c6800 Exception <a 'java/lang/NoSuchMethodError'{0x00000007125d11d0}: 'java.lang.Object java.lang.invoke.Invokers$Holder.linkToTargetMethod(java.lang.Object, long, java.lang.Object)'> (0x00000007125d11d0) 
thrown [./open/src/hotspot/share/interpreter/linkResolver.cpp, line 766]
Event: 25.778 Thread 0x0000021e8515b000 Exception <a 'java/lang/NoSuchMethodError'{0x00000007107c5c98}: 'java.lang.Object java.lang.invoke.DirectMethodHandle$Holder.invokeStaticInit(java.lang.Object, java.lang.Object, int, int, int, int)'> (0x00000007107c5c98) 
thrown [./open/src/hotspot/share/interpreter/linkResolver.cpp, line 766]
Event: 26.287 Thread 0x0000021e8515b000 Exception <a 'java/lang/NoSuchMethodError'{0x000000071331c788}: 'void java.lang.invoke.DirectMethodHandle$Holder.invokeStatic(java.lang.Object, long)'> (0x000000071331c788) 
thrown [./open/src/hotspot/share/interpreter/linkResolver.cpp, line 766]

Events (20 events):
Event: 292.208 Executing VM operation: HandshakeAllThreads
Event: 292.208 Executing VM operation: HandshakeAllThreads done
Event: 292.213 Thread 0x0000021ea851e000 flushing nmethod 0x0000021e8e1b7c90
Event: 292.226 Thread 0x0000021ea851e000 flushing nmethod 0x0000021e8f0c3e10
Event: 316.127 Executing VM operation: HandshakeAllThreads
Event: 316.127 Executing VM operation: HandshakeAllThreads done
Event: 316.141 Thread 0x0000021ea851e000 flushing nmethod 0x0000021e8f0ba390
Event: 336.123 Executing VM operation: HandshakeAllThreads
Event: 336.129 Executing VM operation: HandshakeAllThreads done
Event: 446.123 Executing VM operation: HandshakeAllThreads
Event: 446.124 Executing VM operation: HandshakeAllThreads done
Event: 446.142 Thread 0x0000021ea851e000 flushing nmethod 0x0000021e8f0c6010
Event: 526.122 Executing VM operation: HandshakeAllThreads
Event: 526.122 Executing VM operation: HandshakeAllThreads done
Event: 556.613 Executing VM operation: HandshakeAllThreads
Event: 556.613 Executing VM operation: HandshakeAllThreads done
Event: 576.118 Executing VM operation: HandshakeAllThreads
Event: 576.118 Executing VM operation: HandshakeAllThreads done
Event: 1006.539 Executing VM operation: HandshakeAllThreads
Event: 1006.539 Executing VM operation: HandshakeAllThreads done


Dynamic libraries:
0x00007ff6bd260000 - 0x00007ff6bd26f000 	C:\Program Files\Java\jdk-14.0.2\bin\java.exe
0x00007ffa05bf0000 - 0x00007ffa05de8000 	C:\WINDOWS\SYSTEM32\ntdll.dll
0x00007ff9f5310000 - 0x00007ff9f5384000 	C:\WINDOWS\System32\verifier.dll
0x00007ff9dd9d0000 - 0x00007ff9ddac4000 	C:\WINDOWS\SYSTEM32\PayloadRestrictions.dll
0x00007ffa03650000 - 0x00007ffa03750000 	C:\WINDOWS\System32\ucrtbase.dll
0x00007ffa037f0000 - 0x00007ffa03abe000 	C:\WINDOWS\System32\kernelbase.dll
0x00007ffa03fd0000 - 0x00007ffa0408d000 	C:\WINDOWS\System32\kernel32.dll
0x00007ff9fe9d0000 - 0x00007ff9fe9e8000 	C:\Program Files\Java\jdk-14.0.2\bin\jli.dll
0x00007ffa03e20000 - 0x00007ffa03ece000 	C:\WINDOWS\System32\ADVAPI32.dll
0x00007ffa04be0000 - 0x00007ffa04c7e000 	C:\WINDOWS\System32\msvcrt.dll
0x00007ffa04e30000 - 0x00007ffa04ecc000 	C:\WINDOWS\System32\sechost.dll
0x00007ffa05950000 - 0x00007ffa05a75000 	C:\WINDOWS\System32\RPCRT4.dll
0x00007ffa05740000 - 0x00007ffa058e0000 	C:\WINDOWS\System32\USER32.dll
0x00007ffa03570000 - 0x00007ffa03592000 	C:\WINDOWS\System32\win32u.dll
0x00007ffa05700000 - 0x00007ffa0572a000 	C:\WINDOWS\System32\GDI32.dll
0x00007ffa03b10000 - 0x00007ffa03c1b000 	C:\WINDOWS\System32\gdi32full.dll
0x00007ffa03750000 - 0x00007ffa037ed000 	C:\WINDOWS\System32\msvcp_win.dll
0x00007ff9f8df0000 - 0x00007ff9f8e05000 	C:\Program Files\Java\jdk-14.0.2\bin\VCRUNTIME140.dll
0x00007ff9edc30000 - 0x00007ff9edeca000 	C:\WINDOWS\WinSxS\amd64_microsoft.windows.common-controls_6595b64144ccf1df_6.0.19041.1110_none_60b5254171f9507e\COMCTL32.dll
0x00007ff9fc950000 - 0x00007ff9fc95a000 	C:\WINDOWS\SYSTEM32\VERSION.dll
0x00007ffa04090000 - 0x00007ffa040c0000 	C:\WINDOWS\System32\IMM32.DLL
0x00007ff9ecca0000 - 0x00007ff9ecd3b000 	C:\Program Files\Java\jdk-14.0.2\bin\msvcp140.dll
0x00007ff9cf940000 - 0x00007ff9d045e000 	C:\Program Files\Java\jdk-14.0.2\bin\server\jvm.dll
0x00007ffa04480000 - 0x00007ffa04488000 	C:\WINDOWS\System32\PSAPI.DLL
0x00007ff9fc340000 - 0x00007ff9fc349000 	C:\WINDOWS\SYSTEM32\WSOCK32.dll
0x00007ffa05050000 - 0x00007ffa050bb000 	C:\WINDOWS\System32\WS2_32.dll
0x00007ff9f7f70000 - 0x00007ff9f7f97000 	C:\WINDOWS\SYSTEM32\WINMM.dll
0x00007ffa01230000 - 0x00007ffa01242000 	C:\WINDOWS\SYSTEM32\kernel.appcore.dll
0x00007ff9fbb50000 - 0x00007ff9fbb5a000 	C:\Program Files\Java\jdk-14.0.2\bin\jimage.dll
0x00007ff9f7fa0000 - 0x00007ff9f8184000 	C:\WINDOWS\SYSTEM32\DBGHELP.DLL
0x00007ff9f7f40000 - 0x00007ff9f7f6c000 	C:\WINDOWS\SYSTEM32\dbgcore.DLL
0x00007ffa034e0000 - 0x00007ffa03562000 	C:\WINDOWS\System32\bcryptPrimitives.dll
0x00007ff9f8dc0000 - 0x00007ff9f8de5000 	C:\Program Files\Java\jdk-14.0.2\bin\java.dll
0x00007ff9f8da0000 - 0x00007ff9f8db6000 	C:\Program Files\Java\jdk-14.0.2\bin\zip.dll
0x00007ffa04490000 - 0x00007ffa04bd4000 	C:\WINDOWS\System32\SHELL32.dll
0x00007ffa01430000 - 0x00007ffa01bc4000 	C:\WINDOWS\SYSTEM32\windows.storage.dll
0x00007ffa04120000 - 0x00007ffa04474000 	C:\WINDOWS\System32\combase.dll
0x00007ffa02d00000 - 0x00007ffa02d30000 	C:\WINDOWS\SYSTEM32\Wldp.dll
0x00007ffa04ed0000 - 0x00007ffa04f7d000 	C:\WINDOWS\System32\SHCORE.dll
0x00007ffa040c0000 - 0x00007ffa04115000 	C:\WINDOWS\System32\shlwapi.dll
0x00007ffa03250000 - 0x00007ffa0326f000 	C:\WINDOWS\SYSTEM32\profapi.dll
0x00007ff9f8d80000 - 0x00007ff9f8d99000 	C:\Program Files\Java\jdk-14.0.2\bin\net.dll
0x00007ff9fcb40000 - 0x00007ff9fcc4a000 	C:\WINDOWS\SYSTEM32\WINHTTP.dll
0x00007ffa02a60000 - 0x00007ffa02aca000 	C:\WINDOWS\system32\mswsock.dll
0x00007ff9f8d60000 - 0x00007ff9f8d72000 	C:\Program Files\Java\jdk-14.0.2\bin\nio.dll
0x0000000069ac0000 - 0x0000000069ae4000 	C:\Program Files\Maven\apache-maven-3.8.4\lib\jansi-native\Windows\x86_64\jansi.dll
0x00007ff9f98f0000 - 0x00007ff9f9900000 	C:\Program Files\Java\jdk-14.0.2\bin\verify.dll
0x00007ffa02c50000 - 0x00007ffa02c68000 	C:\WINDOWS\SYSTEM32\CRYPTSP.dll
0x00007ffa023e0000 - 0x00007ffa02414000 	C:\WINDOWS\system32\rsaenh.dll
0x00007ffa03c20000 - 0x00007ffa03c47000 	C:\WINDOWS\System32\bcrypt.dll
0x00007ffa031d0000 - 0x00007ffa031fe000 	C:\WINDOWS\SYSTEM32\USERENV.dll
0x00007ffa02c70000 - 0x00007ffa02c7c000 	C:\WINDOWS\SYSTEM32\CRYPTBASE.dll
0x00007ffa02750000 - 0x00007ffa0278b000 	C:\WINDOWS\SYSTEM32\IPHLPAPI.DLL
0x00007ffa058e0000 - 0x00007ffa058e8000 	C:\WINDOWS\System32\NSI.dll
0x00007ff9fe110000 - 0x00007ff9fe127000 	C:\WINDOWS\SYSTEM32\dhcpcsvc6.DLL
0x00007ff9fe0f0000 - 0x00007ff9fe10d000 	C:\WINDOWS\SYSTEM32\dhcpcsvc.DLL
0x00007ffa02790000 - 0x00007ffa0285a000 	C:\WINDOWS\SYSTEM32\DNSAPI.dll

dbghelp: loaded successfully - version: 4.0.5 - missing functions: none
symbol engine: initialized successfully - sym options: 0x614 - pdb path: .;C:\Program Files\Java\jdk-14.0.2\bin;C:\WINDOWS\SYSTEM32;C:\WINDOWS\WinSxS\amd64_microsoft.windows.common-controls_6595b64144ccf1df_6.0.19041.1110_none_60b5254171f9507e;C:\Program Files\Java\jdk-14.0.2\bin\server;C:\Program Files\Maven\apache-maven-3.8.4\lib\jansi-native\Windows\x86_64

VM Arguments:
jvm_args: -Dclassworlds.conf=C:\Program Files\Maven\apache-maven-3.8.4\bin\m2.conf -Dmaven.home=C:\Program Files\Maven\apache-maven-3.8.4 -Dlibrary.jansi.path=C:\Program Files\Maven\apache-maven-3.8.4\lib\jansi-native -Dmaven.multiModuleProjectDirectory=D:\ngtp-official315 
java_command: org.codehaus.plexus.classworlds.launcher.Launcher clean install -Dsource.feature=D:/ngtp-official315/src/test/resources/C2M_EYDemo/features/C2M_EYDemo_temp -Dapplication=C2M_EYDemo -Daccessibility=false -Daccessibility_report_type=JSON -Ddefault_select_by_type=Text -DallowDynamicData=true -DparallelDataInjection=false -Dinput_data_type=YAML -Dpage_object_format=YAML -Dheadless=false -Dflashfill=false -Dimplicit_wait_duration_sec=100 -Ddefault_wait_duration_sec=30 -Dgrid=false -DgridURL=http://localhost:4444/wd/hub -DUpdate_Historical_Properties=false -DDeploy_Self-Healing=false -DWait_For_Element_Before_Calling_SH=1 -Dtakes_screenshot=true -Drecord_test_video=false -Dbrowser=chrome -Ddefault_assertion=soft -Denvironment=C2MTEST -DLICENSE_PATH=C:\Users\licenses\NGTP\license.bin -Dcucumber.filter.tags=@NGTPUI_NGTPUI or @DM006_NGTPUI or @regression_NGTPUI -DtestType=Feature -DforkCount=1
java_class_path (initial): C:\Program Files\Maven\apache-maven-3.8.4\boot\plexus-classworlds-2.6.0.jar
Launcher Type: SUN_STANDARD

[Global flags]
     intx CICompilerCount                          = 3                                         {product} {ergonomic}
     uint ConcGCThreads                            = 1                                         {product} {ergonomic}
     uint G1ConcRefinementThreads                  = 4                                         {product} {ergonomic}
   size_t G1HeapRegionSize                         = 1048576                                   {product} {ergonomic}
    uintx GCDrainStackTargetSize                   = 64                                        {product} {ergonomic}
   size_t InitialHeapSize                          = 268435456                                 {product} {ergonomic}
   size_t MarkStackSize                            = 4194304                                   {product} {ergonomic}
   size_t MaxHeapSize                              = 4294967296                                {product} {ergonomic}
   size_t MaxNewSize                               = 2576351232                                {product} {ergonomic}
   size_t MinHeapDeltaBytes                        = 1048576                                   {product} {ergonomic}
   size_t MinHeapSize                              = 8388608                                   {product} {ergonomic}
    uintx NonNMethodCodeHeapSize                   = 5832780                                {pd product} {ergonomic}
    uintx NonProfiledCodeHeapSize                  = 122912730                              {pd product} {ergonomic}
    uintx ProfiledCodeHeapSize                     = 122912730                              {pd product} {ergonomic}
    uintx ReservedCodeCacheSize                    = 251658240                              {pd product} {ergonomic}
     bool SegmentedCodeCache                       = true                                      {product} {ergonomic}
   size_t SoftMaxHeapSize                          = 4294967296                             {manageable} {ergonomic}
     bool UseCompressedClassPointers               = true                                 {lp64_product} {ergonomic}
     bool UseCompressedOops                        = true                                 {lp64_product} {ergonomic}
     bool UseG1GC                                  = true                                      {product} {ergonomic}
     bool UseLargePagesIndividualAllocation        = false                                  {pd product} {ergonomic}

Logging:
Log output configuration:
 #0: stdout all=warning uptime,level,tags
 #1: stderr all=off uptime,level,tags

Environment Variables:
PATH=%JAVA_HOME%\bin;C:\WINDOWS\system32;C:\WINDOWS;C:\WINDOWS\System32\Wbem;C:\WINDOWS\System32\WindowsPowerShell\v1.0\;C:\WINDOWS\System32\OpenSSH\;%MAVEN_HOME%\bin;C:\Program Files\TortoiseSVN\bin;C:\Program Files\Git\cmd;C:\Users\vvaidya\AppData\Local\Microsoft\WindowsApps;C:\Program Files\Java\jdk-14.0.2\bin;C:\Program Files\Maven\apache-maven-3.8.4\bin;
USERNAME=vvaidya



---------------  S Y S T E M  ---------------

OS: Windows 10 , 64 bit Build 19041 (10.0.19041.1889)
OS uptime: 40 days 1:20 hours
VMWare virtualization detected

CPU:total 4 (initial active 4) (2 cores per cpu, 1 threads per core) family 6 model 79 stepping 0, cmov, cx8, fxsr, mmx, sse, sse2, sse3, ssse3, sse4.1, sse4.2, popcnt, avx, avx2, aes, clmul, erms, 3dnowpref, lzcnt, tsc, tscinvbit, bmi1, bmi2, adx, fma

Memory: 4k page, system-wide physical 16383M (6139M free)
TotalPageFile size 29110M (AvailPageFile size 5M)
current process WorkingSet (physical memory assigned to process): 463M, peak: 505M
current process commit charge ("private bytes"): 501M, peak: 547M

vm_info: Java HotSpot(TM) 64-Bit Server VM (14.0.2+12-46) for windows-amd64 JRE (14.0.2+12-46), built on Jul  9 2020 00:35:52 by "mach5one" with MS VC++ 15.9 (VS2017)

END.
