#
# There is insufficient memory for the Java Runtime Environment to continue.
# Native memory allocation (malloc) failed to allocate 612176 bytes for Chunk::new
# Possible reasons:
#   The system is out of physical RAM or swap space
#   The process is running with CompressedOops enabled, and the Java Heap may be blocking the growth of the native heap
# Possible solutions:
#   Reduce memory load on the system
#   Increase physical memory or swap space
#   Check if swap backing store is full
#   Decrease Java heap size (-Xmx/-Xms)
#   Decrease number of Java threads
#   Decrease Java thread stack sizes (-Xss)
#   Set larger code cache with -XX:ReservedCodeCacheSize=
#   JVM is running with Zero Based Compressed Oops mode in which the Java heap is
#     placed in the first 32GB address space. The Java Heap base address is the
#     maximum limit for the native heap growth. Please use -XX:HeapBaseMinAddress
#     to set the Java Heap base and to place the Java Heap above 32GB virtual address.
# This output file may be truncated or incomplete.
#
#  Out of Memory Error (./open/src/hotspot/share/memory/arena.cpp:195), pid=18192, tid=20396
#
# JRE version: Java(TM) SE Runtime Environment (14.0.2+12) (build 14.0.2+12-46)
# Java VM: Java HotSpot(TM) 64-Bit Server VM (14.0.2+12-46, mixed mode, sharing, tiered, compressed oops, g1 gc, windows-amd64)
# No core dump will be written. Minidumps are not enabled by default on client versions of Windows
#

---------------  S U M M A R Y ------------

Command Line: -Dfile.encoding=UTF-8 C:\Users\vvaidya\AppData\Local\Temp\surefire16203787893637271650\surefirebooter17087063180490952071.jar C:\Users\vvaidya\AppData\Local\Temp\surefire16203787893637271650 2022-09-27T12-39-16_110-jvmRun1 surefire14525892303486388559tmp surefire_011399175007606965699tmp

Host: Intel(R) Xeon(R) Silver 4116 CPU @ 2.10GHz, 4 cores, 15G,  Windows 10 , 64 bit Build 19041 (10.0.19041.1889)
Time: Tue Sep 27 12:40:39 2022 Mountain Daylight Time elapsed time: 81 seconds (0d 0h 1m 21s)

---------------  T H R E A D  ---------------

Current thread (0x000002515facd800):  JavaThread "C2 CompilerThread1" daemon [_thread_in_native, id=20396, stack(0x0000007467100000,0x0000007467200000)]


Current CompileTask:
C2:  81806 6293       4       sun.nio.fs.WindowsPathParser::normalize (233 bytes)

Stack: [0x0000007467100000,0x0000007467200000]
Native frames: (J=compiled Java code, j=interpreted, Vv=VM code, C=native code)
V  [jvm.dll+0x5f8a9a]
V  [jvm.dll+0x74247a]
V  [jvm.dll+0x743c2f]
V  [jvm.dll+0x744273]
V  [jvm.dll+0x20d288]
V  [jvm.dll+0xabb07]
V  [jvm.dll+0xac1fc]
V  [jvm.dll+0x31c438]
V  [jvm.dll+0x2e6b38]
V  [jvm.dll+0x2e5f3a]
V  [jvm.dll+0x1e5e16]
V  [jvm.dll+0x1e50b8]
V  [jvm.dll+0x1779cc]
V  [jvm.dll+0x1f4105]
V  [jvm.dll+0x1f22eb]
V  [jvm.dll+0x7070cd]
V  [jvm.dll+0x6ffeda]
V  [jvm.dll+0x5f78f6]
C  [ucrtbase.dll+0x21bb2]
C  [kernel32.dll+0x17034]
C  [ntdll.dll+0x52651]


---------------  P R O C E S S  ---------------

Threads class SMR info:
_java_thread_list=0x000002515c328970, length=32, elements={
0x0000025134787800, 0x000002515a4b8800, 0x000002515a4b9800, 0x000002515a4d4800,
0x000002515a4d5800, 0x000002515a4d8000, 0x000002515a4e4000, 0x000002515a4e7800,
0x000002515a55d800, 0x000002515a63e000, 0x000002515a64f000, 0x000002515a6f4000,
0x000002515ab28800, 0x000002515ca6a000, 0x000002515ab68800, 0x000002515e10f800,
0x000002515c120800, 0x000002515e3b5800, 0x000002515b000800, 0x000002515ce40000,
0x000002515ce3d800, 0x000002515ce3e000, 0x000002515c77a000, 0x000002515c77b000,
0x000002515c77b800, 0x000002515c77f000, 0x000002515c77e000, 0x000002515c77c800,
0x000002515c77d800, 0x000002515c779000, 0x000002515c783000, 0x000002515facd800
}

Java Threads: ( => current thread )
  0x0000025134787800 JavaThread "main" [_thread_blocked, id=23452, stack(0x0000007464400000,0x0000007464500000)]
  0x000002515a4b8800 JavaThread "Reference Handler" daemon [_thread_blocked, id=21008, stack(0x0000007464b00000,0x0000007464c00000)]
  0x000002515a4b9800 JavaThread "Finalizer" daemon [_thread_blocked, id=26140, stack(0x0000007464c00000,0x0000007464d00000)]
  0x000002515a4d4800 JavaThread "Signal Dispatcher" daemon [_thread_blocked, id=24976, stack(0x0000007464d00000,0x0000007464e00000)]
  0x000002515a4d5800 JavaThread "Attach Listener" daemon [_thread_blocked, id=26108, stack(0x0000007464e00000,0x0000007464f00000)]
  0x000002515a4d8000 JavaThread "Service Thread" daemon [_thread_blocked, id=24444, stack(0x0000007464f00000,0x0000007465000000)]
  0x000002515a4e4000 JavaThread "C2 CompilerThread0" daemon [_thread_blocked, id=20828, stack(0x0000007465000000,0x0000007465100000)]
  0x000002515a4e7800 JavaThread "C1 CompilerThread0" daemon [_thread_blocked, id=8532, stack(0x0000007465100000,0x0000007465200000)]
  0x000002515a55d800 JavaThread "Sweeper thread" daemon [_thread_blocked, id=22756, stack(0x0000007465200000,0x0000007465300000)]
  0x000002515a63e000 JavaThread "Notification Thread" daemon [_thread_blocked, id=23472, stack(0x0000007465300000,0x0000007465400000)]
  0x000002515a64f000 JavaThread "Common-Cleaner" daemon [_thread_blocked, id=25872, stack(0x0000007465500000,0x0000007465600000)]
  0x000002515a6f4000 JavaThread "surefire-forkedjvm-command-thread" daemon [_thread_in_native, id=22592, stack(0x0000007465a00000,0x0000007465b00000)]
  0x000002515ab28800 JavaThread "surefire-forkedjvm-ping-30s" daemon [_thread_blocked, id=20036, stack(0x0000007465b00000,0x0000007465c00000)]
  0x000002515ca6a000 JavaThread "AsyncAppender-Worker-ASYNC_CONSOLE" daemon [_thread_blocked, id=23596, stack(0x0000007465900000,0x0000007465a00000)]
  0x000002515ab68800 JavaThread "Forwarding newSession on session null to remote" daemon [_thread_blocked, id=21092, stack(0x0000007465d00000,0x0000007465e00000)]
  0x000002515e10f800 JavaThread "Exec Default Executor" daemon [_thread_in_native, id=25624, stack(0x0000007465e00000,0x0000007465f00000)]
  0x000002515c120800 JavaThread "UrlChecker-2" daemon [_thread_in_native, id=26136, stack(0x0000007465f00000,0x0000007466000000)]
  0x000002515e3b5800 JavaThread "Exec Stream Pumper" daemon [_thread_in_native, id=15072, stack(0x0000007466100000,0x0000007466200000)]
  0x000002515b000800 JavaThread "Exec Stream Pumper" daemon [_thread_in_native, id=772, stack(0x0000007466200000,0x0000007466300000)]
  0x000002515ce40000 JavaThread "ForkJoinPool.commonPool-worker-3" daemon [_thread_blocked, id=18320, stack(0x0000007466500000,0x0000007466600000)]
  0x000002515ce3d800 JavaThread "ForkJoinPool.commonPool-worker-5" daemon [_thread_blocked, id=3588, stack(0x0000007466600000,0x0000007466700000)]
  0x000002515ce3e000 JavaThread "ForkJoinPool.commonPool-worker-7" daemon [_thread_blocked, id=18920, stack(0x0000007466700000,0x0000007466800000)]
  0x000002515c77a000 JavaThread "OkHttp ConnectionPool" daemon [_thread_blocked, id=648, stack(0x0000007466400000,0x0000007466500000)]
  0x000002515c77b000 JavaThread "Okio Watchdog" daemon [_thread_blocked, id=26392, stack(0x0000007466800000,0x0000007466900000)]
  0x000002515c77b800 JavaThread "Exec Default Executor" daemon [_thread_in_native, id=25072, stack(0x0000007466b00000,0x0000007466c00000)]
  0x000002515c77f000 JavaThread "Exec Stream Pumper" daemon [_thread_in_native, id=19492, stack(0x0000007466c00000,0x0000007466d00000)]
  0x000002515c77e000 JavaThread "Exec Stream Pumper" daemon [_thread_in_native, id=7760, stack(0x0000007466d00000,0x0000007466e00000)]
  0x000002515c77c800 JavaThread "Exec Default Executor" daemon [_thread_in_native, id=21104, stack(0x0000007466a00000,0x0000007466b00000)]
  0x000002515c77d800 JavaThread "Exec Stream Pumper" daemon [_thread_in_native, id=22700, stack(0x0000007466e00000,0x0000007466f00000)]
  0x000002515c779000 JavaThread "Exec Stream Pumper" daemon [_thread_in_native, id=4020, stack(0x0000007466f00000,0x0000007467000000)]
  0x000002515c783000 JavaThread "Keep-Alive-Timer" daemon [_thread_blocked, id=15340, stack(0x0000007467000000,0x0000007467100000)]
=>0x000002515facd800 JavaThread "C2 CompilerThread1" daemon [_thread_in_native, id=20396, stack(0x0000007467100000,0x0000007467200000)]

Other Threads:
  0x0000025159a0e800 VMThread "VM Thread" [stack: 0x0000007464a00000,0x0000007464b00000] [id=19172]
  0x000002515a642800 WatcherThread [stack: 0x0000007465400000,0x0000007465500000] [id=364]
  0x00000251347ef000 GCTaskThread "GC Thread#0" [stack: 0x0000007464500000,0x0000007464600000] [id=22096]
  0x000002515a658800 GCTaskThread "GC Thread#1" [stack: 0x0000007465600000,0x0000007465700000] [id=20688]
  0x000002515a659000 GCTaskThread "GC Thread#2" [stack: 0x0000007465700000,0x0000007465800000] [id=18632]
  0x000002515a667000 GCTaskThread "GC Thread#3" [stack: 0x0000007465800000,0x0000007465900000] [id=22888]
  0x0000025134811000 ConcurrentGCThread "G1 Main Marker" [stack: 0x0000007464600000,0x0000007464700000] [id=17616]
  0x0000025134812000 ConcurrentGCThread "G1 Conc#0" [stack: 0x0000007464700000,0x0000007464800000] [id=12692]
  0x0000025159906800 ConcurrentGCThread "G1 Refine#0" [stack: 0x0000007464800000,0x0000007464900000] [id=9640]
  0x000002515bfbe000 ConcurrentGCThread "G1 Refine#1" [stack: 0x0000007465c00000,0x0000007465d00000] [id=21984]
  0x0000025159907800 ConcurrentGCThread "G1 Young RemSet Sampling" [stack: 0x0000007464900000,0x0000007464a00000] [id=23812]

Threads with active compile tasks:
C2 CompilerThread1    81853 6293       4       sun.nio.fs.WindowsPathParser::normalize (233 bytes)

VM state:not at safepoint (normal execution)

VM Mutex/Monitor currently owned by a thread: None

Heap address: 0x0000000700000000, size: 4096 MB, Compressed Oops mode: Zero based, Oop shift amount: 3
Narrow klass base: 0x0000000800000000, Narrow klass shift: 3
Compressed class space size: 1073741824 Address: 0x0000000800b30000

Heap:
 garbage-first heap   total 160768K, used 74807K [0x0000000700000000, 0x0000000800000000)
  region size 1024K, 37 young (37888K), 9 survivors (9216K)
 Metaspace       used 35061K, capacity 36241K, committed 36352K, reserved 1081344K
  class space    used 4032K, capacity 4468K, committed 4480K, reserved 1048576K
Heap Regions: E=young(eden), S=young(survivor), O=old, HS=humongous(starts), HC=humongous(continues), CS=collection set, F=free, OA=open archive, CA=closed archive, TAMS=top-at-mark-start (previous, next)
|   0|0x0000000700000000, 0x0000000700100000, 0x0000000700100000|100%|HS|  |TAMS 0x0000000700100000, 0x0000000700000000| Complete 
|   1|0x0000000700100000, 0x0000000700200000, 0x0000000700200000|100%| O|  |TAMS 0x0000000700200000, 0x0000000700100000| Untracked 
|   2|0x0000000700200000, 0x0000000700300000, 0x0000000700300000|100%| O|  |TAMS 0x0000000700300000, 0x0000000700200000| Untracked 
|   3|0x0000000700300000, 0x0000000700400000, 0x0000000700400000|100%| O|  |TAMS 0x0000000700400000, 0x0000000700300000| Untracked 
|   4|0x0000000700400000, 0x0000000700500000, 0x0000000700500000|100%|HS|  |TAMS 0x0000000700500000, 0x0000000700400000| Complete 
|   5|0x0000000700500000, 0x0000000700600000, 0x0000000700600000|100%|HC|  |TAMS 0x0000000700600000, 0x0000000700500000| Complete 
|   6|0x0000000700600000, 0x0000000700700000, 0x0000000700700000|100%|HS|  |TAMS 0x0000000700700000, 0x0000000700600000| Complete 
|   7|0x0000000700700000, 0x0000000700800000, 0x0000000700800000|100%|HS|  |TAMS 0x0000000700800000, 0x0000000700700000| Complete 
|   8|0x0000000700800000, 0x0000000700900000, 0x0000000700900000|100%| O|  |TAMS 0x0000000700900000, 0x0000000700800000| Untracked 
|   9|0x0000000700900000, 0x0000000700a00000, 0x0000000700a00000|100%| O|  |TAMS 0x0000000700a00000, 0x0000000700900000| Untracked 
|  10|0x0000000700a00000, 0x0000000700b00000, 0x0000000700b00000|100%| O|  |TAMS 0x0000000700b00000, 0x0000000700a00000| Untracked 
|  11|0x0000000700b00000, 0x0000000700c00000, 0x0000000700c00000|100%| O|  |TAMS 0x0000000700c00000, 0x0000000700b00000| Untracked 
|  12|0x0000000700c00000, 0x0000000700d00000, 0x0000000700d00000|100%| O|  |TAMS 0x0000000700d00000, 0x0000000700c00000| Untracked 
|  13|0x0000000700d00000, 0x0000000700e00000, 0x0000000700e00000|100%| O|  |TAMS 0x0000000700e00000, 0x0000000700d00000| Untracked 
|  14|0x0000000700e00000, 0x0000000700f00000, 0x0000000700f00000|100%| O|  |TAMS 0x0000000700f00000, 0x0000000700e00000| Untracked 
|  15|0x0000000700f00000, 0x0000000701000000, 0x0000000701000000|100%| O|  |TAMS 0x0000000701000000, 0x0000000700f00000| Untracked 
|  16|0x0000000701000000, 0x0000000701100000, 0x0000000701100000|100%| O|  |TAMS 0x0000000701100000, 0x0000000701000000| Untracked 
|  17|0x0000000701100000, 0x0000000701200000, 0x0000000701200000|100%| O|  |TAMS 0x0000000701200000, 0x0000000701100000| Untracked 
|  18|0x0000000701200000, 0x0000000701300000, 0x0000000701300000|100%| O|  |TAMS 0x0000000701300000, 0x0000000701200000| Untracked 
|  19|0x0000000701300000, 0x0000000701400000, 0x0000000701400000|100%| O|  |TAMS 0x0000000701400000, 0x0000000701300000| Untracked 
|  20|0x0000000701400000, 0x0000000701500000, 0x0000000701500000|100%| O|  |TAMS 0x0000000701500000, 0x0000000701400000| Untracked 
|  21|0x0000000701500000, 0x0000000701600000, 0x0000000701600000|100%| O|  |TAMS 0x0000000701600000, 0x0000000701500000| Untracked 
|  22|0x0000000701600000, 0x0000000701700000, 0x0000000701700000|100%| O|  |TAMS 0x0000000701700000, 0x0000000701600000| Untracked 
|  23|0x0000000701700000, 0x0000000701800000, 0x0000000701800000|100%| O|  |TAMS 0x0000000701800000, 0x0000000701700000| Untracked 
|  24|0x0000000701800000, 0x0000000701900000, 0x0000000701900000|100%| O|  |TAMS 0x0000000701900000, 0x0000000701800000| Untracked 
|  25|0x0000000701900000, 0x0000000701a00000, 0x0000000701a00000|100%| O|  |TAMS 0x0000000701a00000, 0x0000000701900000| Untracked 
|  26|0x0000000701a00000, 0x0000000701b00000, 0x0000000701b00000|100%| O|  |TAMS 0x0000000701b00000, 0x0000000701a00000| Untracked 
|  27|0x0000000701b00000, 0x0000000701c00000, 0x0000000701c00000|100%| O|  |TAMS 0x0000000701c00000, 0x0000000701b00000| Untracked 
|  28|0x0000000701c00000, 0x0000000701d00000, 0x0000000701d00000|100%| O|  |TAMS 0x0000000701d00000, 0x0000000701c00000| Untracked 
|  29|0x0000000701d00000, 0x0000000701e00000, 0x0000000701e00000|100%| O|  |TAMS 0x0000000701e00000, 0x0000000701d00000| Untracked 
|  30|0x0000000701e00000, 0x0000000701f00000, 0x0000000701f00000|100%| O|  |TAMS 0x0000000701f00000, 0x0000000701e00000| Untracked 
|  31|0x0000000701f00000, 0x0000000702000000, 0x0000000702000000|100%| O|  |TAMS 0x0000000702000000, 0x0000000701f00000| Untracked 
|  32|0x0000000702000000, 0x0000000702100000, 0x0000000702100000|100%| O|  |TAMS 0x0000000702100000, 0x0000000702000000| Untracked 
|  33|0x0000000702100000, 0x0000000702200000, 0x0000000702200000|100%| O|  |TAMS 0x0000000702200000, 0x0000000702100000| Untracked 
|  34|0x0000000702200000, 0x0000000702300000, 0x0000000702300000|100%| O|  |TAMS 0x00000007022ddc00, 0x0000000702200000| Untracked 
|  35|0x0000000702300000, 0x0000000702400000, 0x0000000702400000|100%| O|  |TAMS 0x0000000702300000, 0x0000000702300000| Untracked 
|  36|0x0000000702400000, 0x0000000702500000, 0x0000000702500000|100%| O|  |TAMS 0x0000000702400000, 0x0000000702400000| Untracked 
|  37|0x0000000702500000, 0x0000000702522c00, 0x0000000702600000| 13%| O|  |TAMS 0x0000000702500000, 0x0000000702500000| Untracked 
|  38|0x0000000702600000, 0x0000000702600000, 0x0000000702700000|  0%| F|  |TAMS 0x0000000702600000, 0x0000000702600000| Untracked 
|  39|0x0000000702700000, 0x0000000702700000, 0x0000000702800000|  0%| F|  |TAMS 0x0000000702700000, 0x0000000702700000| Untracked 
|  40|0x0000000702800000, 0x0000000702800000, 0x0000000702900000|  0%| F|  |TAMS 0x0000000702800000, 0x0000000702800000| Untracked 
|  41|0x0000000702900000, 0x0000000702900000, 0x0000000702a00000|  0%| F|  |TAMS 0x0000000702900000, 0x0000000702900000| Untracked 
|  42|0x0000000702a00000, 0x0000000702a00000, 0x0000000702b00000|  0%| F|  |TAMS 0x0000000702a00000, 0x0000000702a00000| Untracked 
|  43|0x0000000702b00000, 0x0000000702b00000, 0x0000000702c00000|  0%| F|  |TAMS 0x0000000702b00000, 0x0000000702b00000| Untracked 
|  44|0x0000000702c00000, 0x0000000702c00000, 0x0000000702d00000|  0%| F|  |TAMS 0x0000000702c00000, 0x0000000702c00000| Untracked 
|  45|0x0000000702d00000, 0x0000000702d00000, 0x0000000702e00000|  0%| F|  |TAMS 0x0000000702d00000, 0x0000000702d00000| Untracked 
|  46|0x0000000702e00000, 0x0000000702eeb250, 0x0000000702f00000| 91%| S|CS|TAMS 0x0000000702e00000, 0x0000000702e00000| Complete 
|  47|0x0000000702f00000, 0x0000000703000000, 0x0000000703000000|100%| S|CS|TAMS 0x0000000702f00000, 0x0000000702f00000| Complete 
|  48|0x0000000703000000, 0x0000000703100000, 0x0000000703100000|100%| S|CS|TAMS 0x0000000703000000, 0x0000000703000000| Complete 
|  49|0x0000000703100000, 0x0000000703200000, 0x0000000703200000|100%| S|CS|TAMS 0x0000000703100000, 0x0000000703100000| Complete 
|  50|0x0000000703200000, 0x0000000703300000, 0x0000000703300000|100%| S|CS|TAMS 0x0000000703200000, 0x0000000703200000| Complete 
|  51|0x0000000703300000, 0x0000000703400000, 0x0000000703400000|100%| S|CS|TAMS 0x0000000703300000, 0x0000000703300000| Complete 
|  52|0x0000000703400000, 0x0000000703500000, 0x0000000703500000|100%| S|CS|TAMS 0x0000000703400000, 0x0000000703400000| Complete 
|  53|0x0000000703500000, 0x0000000703600000, 0x0000000703600000|100%| S|CS|TAMS 0x0000000703500000, 0x0000000703500000| Complete 
|  54|0x0000000703600000, 0x0000000703700000, 0x0000000703700000|100%| S|CS|TAMS 0x0000000703600000, 0x0000000703600000| Complete 
|  55|0x0000000703700000, 0x0000000703700000, 0x0000000703800000|  0%| F|  |TAMS 0x0000000703700000, 0x0000000703700000| Untracked 
|  56|0x0000000703800000, 0x0000000703800000, 0x0000000703900000|  0%| F|  |TAMS 0x0000000703800000, 0x0000000703800000| Untracked 
|  57|0x0000000703900000, 0x0000000703900000, 0x0000000703a00000|  0%| F|  |TAMS 0x0000000703900000, 0x0000000703900000| Untracked 
|  58|0x0000000703a00000, 0x0000000703a00000, 0x0000000703b00000|  0%| F|  |TAMS 0x0000000703a00000, 0x0000000703a00000| Untracked 
|  59|0x0000000703b00000, 0x0000000703b00000, 0x0000000703c00000|  0%| F|  |TAMS 0x0000000703b00000, 0x0000000703b00000| Untracked 
|  60|0x0000000703c00000, 0x0000000703c00000, 0x0000000703d00000|  0%| F|  |TAMS 0x0000000703c00000, 0x0000000703c00000| Untracked 
|  61|0x0000000703d00000, 0x0000000703d00000, 0x0000000703e00000|  0%| F|  |TAMS 0x0000000703d00000, 0x0000000703d00000| Untracked 
|  62|0x0000000703e00000, 0x0000000703e00000, 0x0000000703f00000|  0%| F|  |TAMS 0x0000000703e00000, 0x0000000703e00000| Untracked 
|  63|0x0000000703f00000, 0x0000000703f00000, 0x0000000704000000|  0%| F|  |TAMS 0x0000000703f00000, 0x0000000703f00000| Untracked 
|  64|0x0000000704000000, 0x0000000704000000, 0x0000000704100000|  0%| F|  |TAMS 0x0000000704000000, 0x0000000704000000| Untracked 
|  65|0x0000000704100000, 0x0000000704100000, 0x0000000704200000|  0%| F|  |TAMS 0x0000000704100000, 0x0000000704100000| Untracked 
|  66|0x0000000704200000, 0x0000000704200000, 0x0000000704300000|  0%| F|  |TAMS 0x0000000704200000, 0x0000000704200000| Untracked 
|  67|0x0000000704300000, 0x0000000704300000, 0x0000000704400000|  0%| F|  |TAMS 0x0000000704300000, 0x0000000704300000| Untracked 
|  68|0x0000000704400000, 0x0000000704400000, 0x0000000704500000|  0%| F|  |TAMS 0x0000000704400000, 0x0000000704400000| Untracked 
|  69|0x0000000704500000, 0x0000000704500000, 0x0000000704600000|  0%| F|  |TAMS 0x0000000704500000, 0x0000000704500000| Untracked 
|  70|0x0000000704600000, 0x0000000704600000, 0x0000000704700000|  0%| F|  |TAMS 0x0000000704600000, 0x0000000704600000| Untracked 
|  71|0x0000000704700000, 0x0000000704700000, 0x0000000704800000|  0%| F|  |TAMS 0x0000000704700000, 0x0000000704700000| Untracked 
|  72|0x0000000704800000, 0x0000000704800000, 0x0000000704900000|  0%| F|  |TAMS 0x0000000704800000, 0x0000000704800000| Untracked 
|  73|0x0000000704900000, 0x0000000704900000, 0x0000000704a00000|  0%| F|  |TAMS 0x0000000704900000, 0x0000000704900000| Untracked 
|  74|0x0000000704a00000, 0x0000000704a00000, 0x0000000704b00000|  0%| F|  |TAMS 0x0000000704a00000, 0x0000000704a00000| Untracked 
|  75|0x0000000704b00000, 0x0000000704b00000, 0x0000000704c00000|  0%| F|  |TAMS 0x0000000704b00000, 0x0000000704b00000| Untracked 
|  76|0x0000000704c00000, 0x0000000704c00000, 0x0000000704d00000|  0%| F|  |TAMS 0x0000000704c00000, 0x0000000704c00000| Untracked 
|  77|0x0000000704d00000, 0x0000000704d00000, 0x0000000704e00000|  0%| F|  |TAMS 0x0000000704d00000, 0x0000000704d00000| Untracked 
|  78|0x0000000704e00000, 0x0000000704e00000, 0x0000000704f00000|  0%| F|  |TAMS 0x0000000704e00000, 0x0000000704e00000| Untracked 
|  79|0x0000000704f00000, 0x0000000704f00000, 0x0000000705000000|  0%| F|  |TAMS 0x0000000704f00000, 0x0000000704f00000| Untracked 
|  80|0x0000000705000000, 0x0000000705000000, 0x0000000705100000|  0%| F|  |TAMS 0x0000000705000000, 0x0000000705000000| Untracked 
|  81|0x0000000705100000, 0x0000000705100000, 0x0000000705200000|  0%| F|  |TAMS 0x0000000705100000, 0x0000000705100000| Untracked 
|  82|0x0000000705200000, 0x0000000705200000, 0x0000000705300000|  0%| F|  |TAMS 0x0000000705200000, 0x0000000705200000| Untracked 
|  83|0x0000000705300000, 0x0000000705300000, 0x0000000705400000|  0%| F|  |TAMS 0x0000000705300000, 0x0000000705300000| Untracked 
|  84|0x0000000705400000, 0x0000000705400000, 0x0000000705500000|  0%| F|  |TAMS 0x0000000705400000, 0x0000000705400000| Untracked 
|  85|0x0000000705500000, 0x0000000705500000, 0x0000000705600000|  0%| F|  |TAMS 0x0000000705500000, 0x0000000705500000| Untracked 
|  86|0x0000000705600000, 0x0000000705600000, 0x0000000705700000|  0%| F|  |TAMS 0x0000000705600000, 0x0000000705600000| Untracked 
|  87|0x0000000705700000, 0x0000000705700000, 0x0000000705800000|  0%| F|  |TAMS 0x0000000705700000, 0x0000000705700000| Untracked 
|  88|0x0000000705800000, 0x0000000705800000, 0x0000000705900000|  0%| F|  |TAMS 0x0000000705800000, 0x0000000705800000| Untracked 
|  89|0x0000000705900000, 0x0000000705900000, 0x0000000705a00000|  0%| F|  |TAMS 0x0000000705900000, 0x0000000705900000| Untracked 
|  90|0x0000000705a00000, 0x0000000705a00000, 0x0000000705b00000|  0%| F|  |TAMS 0x0000000705a00000, 0x0000000705a00000| Untracked 
|  91|0x0000000705b00000, 0x0000000705b00000, 0x0000000705c00000|  0%| F|  |TAMS 0x0000000705b00000, 0x0000000705b00000| Untracked 
|  92|0x0000000705c00000, 0x0000000705c00000, 0x0000000705d00000|  0%| F|  |TAMS 0x0000000705c00000, 0x0000000705c00000| Untracked 
|  93|0x0000000705d00000, 0x0000000705d00000, 0x0000000705e00000|  0%| F|  |TAMS 0x0000000705d00000, 0x0000000705d00000| Untracked 
|  94|0x0000000705e00000, 0x0000000705e00000, 0x0000000705f00000|  0%| F|  |TAMS 0x0000000705e00000, 0x0000000705e00000| Untracked 
|  95|0x0000000705f00000, 0x0000000705f00000, 0x0000000706000000|  0%| F|  |TAMS 0x0000000705f00000, 0x0000000705f00000| Untracked 
|  96|0x0000000706000000, 0x0000000706000000, 0x0000000706100000|  0%| F|  |TAMS 0x0000000706000000, 0x0000000706000000| Untracked 
|  97|0x0000000706100000, 0x0000000706100000, 0x0000000706200000|  0%| F|  |TAMS 0x0000000706100000, 0x0000000706100000| Untracked 
|  98|0x0000000706200000, 0x0000000706200000, 0x0000000706300000|  0%| F|  |TAMS 0x0000000706200000, 0x0000000706200000| Untracked 
|  99|0x0000000706300000, 0x0000000706300000, 0x0000000706400000|  0%| F|  |TAMS 0x0000000706300000, 0x0000000706300000| Untracked 
| 100|0x0000000706400000, 0x0000000706400000, 0x0000000706500000|  0%| F|  |TAMS 0x0000000706400000, 0x0000000706400000| Untracked 
| 101|0x0000000706500000, 0x0000000706500000, 0x0000000706600000|  0%| F|  |TAMS 0x0000000706500000, 0x0000000706500000| Untracked 
| 102|0x0000000706600000, 0x0000000706600000, 0x0000000706700000|  0%| F|  |TAMS 0x0000000706600000, 0x0000000706600000| Untracked 
| 103|0x0000000706700000, 0x0000000706700000, 0x0000000706800000|  0%| F|  |TAMS 0x0000000706700000, 0x0000000706700000| Untracked 
| 104|0x0000000706800000, 0x0000000706800000, 0x0000000706900000|  0%| F|  |TAMS 0x0000000706800000, 0x0000000706800000| Untracked 
| 105|0x0000000706900000, 0x0000000706900000, 0x0000000706a00000|  0%| F|  |TAMS 0x0000000706900000, 0x0000000706900000| Untracked 
| 106|0x0000000706a00000, 0x0000000706a00000, 0x0000000706b00000|  0%| F|  |TAMS 0x0000000706a00000, 0x0000000706a00000| Untracked 
| 107|0x0000000706b00000, 0x0000000706b00000, 0x0000000706c00000|  0%| F|  |TAMS 0x0000000706b00000, 0x0000000706b00000| Untracked 
| 108|0x0000000706c00000, 0x0000000706c00000, 0x0000000706d00000|  0%| F|  |TAMS 0x0000000706c00000, 0x0000000706c00000| Untracked 
| 109|0x0000000706d00000, 0x0000000706d00000, 0x0000000706e00000|  0%| F|  |TAMS 0x0000000706d00000, 0x0000000706d00000| Untracked 
| 110|0x0000000706e00000, 0x0000000706e00000, 0x0000000706f00000|  0%| F|  |TAMS 0x0000000706e00000, 0x0000000706e00000| Untracked 
| 111|0x0000000706f00000, 0x0000000706f00000, 0x0000000707000000|  0%| F|  |TAMS 0x0000000706f00000, 0x0000000706f00000| Untracked 
| 112|0x0000000707000000, 0x0000000707000000, 0x0000000707100000|  0%| F|  |TAMS 0x0000000707000000, 0x0000000707000000| Untracked 
| 113|0x0000000707100000, 0x0000000707100000, 0x0000000707200000|  0%| F|  |TAMS 0x0000000707100000, 0x0000000707100000| Untracked 
| 114|0x0000000707200000, 0x0000000707200000, 0x0000000707300000|  0%| F|  |TAMS 0x0000000707200000, 0x0000000707200000| Untracked 
| 115|0x0000000707300000, 0x0000000707300000, 0x0000000707400000|  0%| F|  |TAMS 0x0000000707300000, 0x0000000707300000| Untracked 
| 116|0x0000000707400000, 0x0000000707400000, 0x0000000707500000|  0%| F|  |TAMS 0x0000000707400000, 0x0000000707400000| Untracked 
| 117|0x0000000707500000, 0x0000000707500000, 0x0000000707600000|  0%| F|  |TAMS 0x0000000707500000, 0x0000000707500000| Untracked 
| 118|0x0000000707600000, 0x0000000707600000, 0x0000000707700000|  0%| F|  |TAMS 0x0000000707600000, 0x0000000707600000| Untracked 
| 119|0x0000000707700000, 0x0000000707700000, 0x0000000707800000|  0%| F|  |TAMS 0x0000000707700000, 0x0000000707700000| Untracked 
| 120|0x0000000707800000, 0x0000000707800000, 0x0000000707900000|  0%| F|  |TAMS 0x0000000707800000, 0x0000000707800000| Untracked 
| 121|0x0000000707900000, 0x0000000707900000, 0x0000000707a00000|  0%| F|  |TAMS 0x0000000707900000, 0x0000000707900000| Untracked 
| 122|0x0000000707a00000, 0x0000000707a00000, 0x0000000707b00000|  0%| F|  |TAMS 0x0000000707a00000, 0x0000000707a00000| Untracked 
| 123|0x0000000707b00000, 0x0000000707b00000, 0x0000000707c00000|  0%| F|  |TAMS 0x0000000707b00000, 0x0000000707b00000| Untracked 
| 124|0x0000000707c00000, 0x0000000707c00000, 0x0000000707d00000|  0%| F|  |TAMS 0x0000000707c00000, 0x0000000707c00000| Untracked 
| 125|0x0000000707d00000, 0x0000000707d00000, 0x0000000707e00000|  0%| F|  |TAMS 0x0000000707d00000, 0x0000000707d00000| Untracked 
| 126|0x0000000707e00000, 0x0000000707e00000, 0x0000000707f00000|  0%| F|  |TAMS 0x0000000707e00000, 0x0000000707e00000| Untracked 
| 127|0x0000000707f00000, 0x0000000707f00000, 0x0000000708000000|  0%| F|  |TAMS 0x0000000707f00000, 0x0000000707f00000| Untracked 
| 128|0x0000000708000000, 0x0000000708000000, 0x0000000708100000|  0%| F|  |TAMS 0x0000000708000000, 0x0000000708000000| Untracked 
| 129|0x0000000708100000, 0x00000007081b5890, 0x0000000708200000| 70%| E|  |TAMS 0x0000000708100000, 0x0000000708100000| Complete 
| 130|0x0000000708200000, 0x0000000708300000, 0x0000000708300000|100%| E|CS|TAMS 0x0000000708200000, 0x0000000708200000| Complete 
| 131|0x0000000708300000, 0x0000000708400000, 0x0000000708400000|100%| E|CS|TAMS 0x0000000708300000, 0x0000000708300000| Complete 
| 132|0x0000000708400000, 0x0000000708500000, 0x0000000708500000|100%| E|CS|TAMS 0x0000000708400000, 0x0000000708400000| Complete 
| 133|0x0000000708500000, 0x0000000708600000, 0x0000000708600000|100%| E|CS|TAMS 0x0000000708500000, 0x0000000708500000| Complete 
| 134|0x0000000708600000, 0x0000000708700000, 0x0000000708700000|100%| E|CS|TAMS 0x0000000708600000, 0x0000000708600000| Complete 
| 135|0x0000000708700000, 0x0000000708800000, 0x0000000708800000|100%| E|CS|TAMS 0x0000000708700000, 0x0000000708700000| Complete 
| 136|0x0000000708800000, 0x0000000708900000, 0x0000000708900000|100%| E|CS|TAMS 0x0000000708800000, 0x0000000708800000| Complete 
| 137|0x0000000708900000, 0x0000000708a00000, 0x0000000708a00000|100%| E|CS|TAMS 0x0000000708900000, 0x0000000708900000| Complete 
| 138|0x0000000708a00000, 0x0000000708b00000, 0x0000000708b00000|100%| E|CS|TAMS 0x0000000708a00000, 0x0000000708a00000| Complete 
| 139|0x0000000708b00000, 0x0000000708c00000, 0x0000000708c00000|100%| E|CS|TAMS 0x0000000708b00000, 0x0000000708b00000| Complete 
| 140|0x0000000708c00000, 0x0000000708d00000, 0x0000000708d00000|100%| E|CS|TAMS 0x0000000708c00000, 0x0000000708c00000| Complete 
| 141|0x0000000708d00000, 0x0000000708e00000, 0x0000000708e00000|100%| E|CS|TAMS 0x0000000708d00000, 0x0000000708d00000| Complete 
| 142|0x0000000708e00000, 0x0000000708f00000, 0x0000000708f00000|100%| E|CS|TAMS 0x0000000708e00000, 0x0000000708e00000| Complete 
| 143|0x0000000708f00000, 0x0000000709000000, 0x0000000709000000|100%| E|CS|TAMS 0x0000000708f00000, 0x0000000708f00000| Complete 
| 144|0x0000000709000000, 0x0000000709100000, 0x0000000709100000|100%| E|CS|TAMS 0x0000000709000000, 0x0000000709000000| Complete 
| 145|0x0000000709100000, 0x0000000709200000, 0x0000000709200000|100%| E|CS|TAMS 0x0000000709100000, 0x0000000709100000| Complete 
| 146|0x0000000709200000, 0x0000000709300000, 0x0000000709300000|100%| E|CS|TAMS 0x0000000709200000, 0x0000000709200000| Complete 
| 147|0x0000000709300000, 0x0000000709400000, 0x0000000709400000|100%| E|CS|TAMS 0x0000000709300000, 0x0000000709300000| Complete 
| 148|0x0000000709400000, 0x0000000709500000, 0x0000000709500000|100%| E|CS|TAMS 0x0000000709400000, 0x0000000709400000| Complete 
| 149|0x0000000709500000, 0x0000000709600000, 0x0000000709600000|100%| E|CS|TAMS 0x0000000709500000, 0x0000000709500000| Complete 
| 150|0x0000000709600000, 0x0000000709700000, 0x0000000709700000|100%| E|CS|TAMS 0x0000000709600000, 0x0000000709600000| Complete 
| 151|0x0000000709700000, 0x0000000709800000, 0x0000000709800000|100%| E|CS|TAMS 0x0000000709700000, 0x0000000709700000| Complete 
| 152|0x0000000709800000, 0x0000000709900000, 0x0000000709900000|100%| E|CS|TAMS 0x0000000709800000, 0x0000000709800000| Complete 
| 153|0x0000000709900000, 0x0000000709a00000, 0x0000000709a00000|100%| E|CS|TAMS 0x0000000709900000, 0x0000000709900000| Complete 
| 154|0x0000000709a00000, 0x0000000709b00000, 0x0000000709b00000|100%| E|CS|TAMS 0x0000000709a00000, 0x0000000709a00000| Complete 
| 155|0x0000000709b00000, 0x0000000709c00000, 0x0000000709c00000|100%| E|CS|TAMS 0x0000000709b00000, 0x0000000709b00000| Complete 
| 307|0x0000000713300000, 0x0000000713400000, 0x0000000713400000|100%| E|CS|TAMS 0x0000000713300000, 0x0000000713300000| Complete 

Card table byte_map: [0x000002514e560000,0x000002514ed60000] _byte_map_base: 0x000002514ad60000

Marking Bits (Prev, Next): (CMBitMap*) 0x00000251347ef8f8, (CMBitMap*) 0x00000251347ef938
 Prev Bits: [0x000002514f560000, 0x0000025153560000)
 Next Bits: [0x0000025153560000, 0x0000025157560000)

Polling page: 0x0000025134720000

Metaspace:

Usage:
  Non-class:     31.03 MB capacity,    30.30 MB ( 98%) used,   605.23 KB (  2%) free+waste,   139.13 KB ( <1%) overhead. 
      Class:      4.36 MB capacity,     3.94 MB ( 90%) used,   372.89 KB (  8%) free+waste,    62.75 KB (  1%) overhead. 
       Both:     35.39 MB capacity,    34.24 MB ( 97%) used,   978.12 KB (  3%) free+waste,   201.88 KB ( <1%) overhead. 

Virtual space:
  Non-class space:       32.00 MB reserved,      31.13 MB ( 97%) committed 
      Class space:        1.00 GB reserved,       4.38 MB ( <1%) committed 
             Both:        1.03 GB reserved,      35.50 MB (  3%) committed 

Chunk freelists:
   Non-Class:  35.00 KB
       Class:  0 bytes
        Both:  35.00 KB

MaxMetaspaceSize: 17179869184.00 GB
CompressedClassSpaceSize: 1.00 GB

CodeHeap 'non-profiled nmethods': size=120000Kb used=3734Kb max_used=3734Kb free=116265Kb
 bounds [0x0000025146210000, 0x00000251465c0000, 0x000002514d740000]
CodeHeap 'profiled nmethods': size=120000Kb used=12147Kb max_used=12147Kb free=107853Kb
 bounds [0x000002513ece0000, 0x000002513f8c0000, 0x0000025146210000]
CodeHeap 'non-nmethods': size=5760Kb used=1263Kb max_used=1315Kb free=4496Kb
 bounds [0x000002513e740000, 0x000002513e9b0000, 0x000002513ece0000]
 total_blobs=5996 nmethods=5457 adapters=451
 compilation: enabled
              stopped_count=0, restarted_count=0
 full_count=0

Compilation events (20 events):
Event: 81.742 Thread 0x000002515a4e7800 nmethod 6287 0x000002513f8b6710 code [0x000002513f8b6940, 0x000002513f8b73a8]
Event: 81.742 Thread 0x000002515a4e7800 6288   !   3       ch.qos.logback.classic.LoggerContext::getLogger (164 bytes)
Event: 81.743 Thread 0x000002515a4e7800 nmethod 6288 0x000002513f8b7710 code [0x000002513f8b7960, 0x000002513f8b8418]
Event: 81.744 Thread 0x000002515a4e7800 6289       3       org.slf4j.impl.StaticLoggerBinder::getSingleton (4 bytes)
Event: 81.744 Thread 0x000002515a4e7800 nmethod 6289 0x000002513f8b8810 code [0x000002513f8b89a0, 0x000002513f8b8a98]
Event: 81.746 Thread 0x000002515a4e7800 6290       3       org.slf4j.LoggerFactory::getLogger (12 bytes)
Event: 81.746 Thread 0x000002515a4e7800 nmethod 6290 0x000002513f8b8b10 code [0x000002513f8b8cc0, 0x000002513f8b8e98]
Event: 81.746 Thread 0x000002515a4e7800 6291   !   3       org.slf4j.LoggerFactory::getILoggerFactory (103 bytes)
Event: 81.747 Thread 0x000002515a4e7800 nmethod 6291 0x000002513f8b8f90 code [0x000002513f8b91c0, 0x000002513f8b9968]
Event: 81.747 Thread 0x000002515a4e7800 6292       3       org.slf4j.LoggerFactory::getLogger (65 bytes)
Event: 81.748 Thread 0x000002515a4e7800 nmethod 6292 0x000002513f8b9b90 code [0x000002513f8b9f40, 0x000002513f8bb538]
Event: 81.752 Thread 0x000002515facd800 6293       4       sun.nio.fs.WindowsPathParser::normalize (233 bytes)
Event: 81.754 Thread 0x000002515a4e7800 6294       3       org.openqa.selenium.os.ExecutableFinder::canExecute (27 bytes)
Event: 81.755 Thread 0x000002515a4e7800 nmethod 6294 0x000002513f8bbd10 code [0x000002513f8bbf20, 0x000002513f8bc4c8]
Event: 81.757 Thread 0x000002515a4e4000 6295       4       java.net.URL::<init> (8 bytes)
Event: 81.758 Thread 0x000002515a4e4000 nmethod 6295 0x00000251465b3f10 code [0x00000251465b40a0, 0x00000251465b4148]
Event: 81.758 Thread 0x000002515a4e4000 6296       4       java.security.MessageDigest::update (14 bytes)
Event: 81.776 Thread 0x000002515a4e7800 6297       3       java.lang.ProcessEnvironment$CheckedEntry::getValue (13 bytes)
Event: 81.776 Thread 0x000002515a4e7800 nmethod 6297 0x000002513f8bc690 code [0x000002513f8bc840, 0x000002513f8bcb48]
Event: 81.791 Thread 0x000002515a4e4000 nmethod 6296 0x00000251465b4210 code [0x00000251465b4540, 0x00000251465b53b0]

GC Heap History (20 events):
Event: 0.362 GC heap before
{Heap before GC invocations=0 (full 0):
 garbage-first heap   total 262144K, used 12288K [0x0000000700000000, 0x0000000800000000)
  region size 1024K, 13 young (13312K), 0 survivors (0K)
 Metaspace       used 251K, capacity 4480K, committed 4480K, reserved 1056768K
  class space    used 10K, capacity 384K, committed 384K, reserved 1048576K
}
Event: 0.366 GC heap after
{Heap after GC invocations=1 (full 0):
 garbage-first heap   total 262144K, used 633K [0x0000000700000000, 0x0000000800000000)
  region size 1024K, 1 young (1024K), 1 survivors (1024K)
 Metaspace       used 251K, capacity 4480K, committed 4480K, reserved 1056768K
  class space    used 10K, capacity 384K, committed 384K, reserved 1048576K
}
Event: 0.987 GC heap before
{Heap before GC invocations=1 (full 0):
 garbage-first heap   total 262144K, used 20089K [0x0000000700000000, 0x0000000800000000)
  region size 1024K, 20 young (20480K), 1 survivors (1024K)
 Metaspace       used 2195K, capacity 5172K, committed 5504K, reserved 1056768K
  class space    used 224K, capacity 519K, committed 640K, reserved 1048576K
}
Event: 0.993 GC heap after
{Heap after GC invocations=2 (full 0):
 garbage-first heap   total 262144K, used 6154K [0x0000000700000000, 0x0000000800000000)
  region size 1024K, 3 young (3072K), 3 survivors (3072K)
 Metaspace       used 2195K, capacity 5172K, committed 5504K, reserved 1056768K
  class space    used 224K, capacity 519K, committed 640K, reserved 1048576K
}
Event: 3.631 GC heap before
{Heap before GC invocations=2 (full 0):
 garbage-first heap   total 262144K, used 162826K [0x0000000700000000, 0x0000000800000000)
  region size 1024K, 153 young (156672K), 3 survivors (3072K)
 Metaspace       used 8619K, capacity 9617K, committed 9728K, reserved 1058816K
  class space    used 856K, capacity 1024K, committed 1024K, reserved 1048576K
}
Event: 3.650 GC heap after
{Heap after GC invocations=3 (full 0):
 garbage-first heap   total 262144K, used 32106K [0x0000000700000000, 0x0000000800000000)
  region size 1024K, 20 young (20480K), 20 survivors (20480K)
 Metaspace       used 8619K, capacity 9617K, committed 9728K, reserved 1058816K
  class space    used 856K, capacity 1024K, committed 1024K, reserved 1048576K
}
Event: 4.543 GC heap before
{Heap before GC invocations=3 (full 0):
 garbage-first heap   total 262144K, used 94570K [0x0000000700000000, 0x0000000800000000)
  region size 1024K, 81 young (82944K), 20 survivors (20480K)
 Metaspace       used 10593K, capacity 10957K, committed 11264K, reserved 1058816K
  class space    used 1093K, capacity 1227K, committed 1280K, reserved 1048576K
}
Event: 4.565 GC heap after
{Heap after GC invocations=4 (full 0):
 garbage-first heap   total 262144K, used 34816K [0x0000000700000000, 0x0000000800000000)
  region size 1024K, 3 young (3072K), 3 survivors (3072K)
 Metaspace       used 10593K, capacity 10957K, committed 11264K, reserved 1058816K
  class space    used 1093K, capacity 1227K, committed 1280K, reserved 1048576K
}
Event: 8.737 GC heap before
{Heap before GC invocations=4 (full 0):
 garbage-first heap   total 262144K, used 179200K [0x0000000700000000, 0x0000000800000000)
  region size 1024K, 144 young (147456K), 3 survivors (3072K)
 Metaspace       used 15589K, capacity 16115K, committed 16256K, reserved 1062912K
  class space    used 1716K, capacity 1908K, committed 1920K, reserved 1048576K
}
Event: 8.744 GC heap after
{Heap after GC invocations=5 (full 0):
 garbage-first heap   total 315392K, used 36157K [0x0000000700000000, 0x0000000800000000)
  region size 1024K, 5 young (5120K), 5 survivors (5120K)
 Metaspace       used 15589K, capacity 16115K, committed 16256K, reserved 1062912K
  class space    used 1716K, capacity 1908K, committed 1920K, reserved 1048576K
}
Event: 10.926 GC heap before
{Heap before GC invocations=5 (full 0):
 garbage-first heap   total 315392K, used 116029K [0x0000000700000000, 0x0000000800000000)
  region size 1024K, 80 young (81920K), 5 survivors (5120K)
 Metaspace       used 20636K, capacity 21196K, committed 21248K, reserved 1069056K
  class space    used 2322K, capacity 2550K, committed 2560K, reserved 1048576K
}
Event: 10.938 GC heap after
{Heap after GC invocations=6 (full 0):
 garbage-first heap   total 315392K, used 46466K [0x0000000700000000, 0x0000000800000000)
  region size 1024K, 11 young (11264K), 11 survivors (11264K)
 Metaspace       used 20636K, capacity 21196K, committed 21248K, reserved 1069056K
  class space    used 2322K, capacity 2550K, committed 2560K, reserved 1048576K
}
Event: 13.646 GC heap before
{Heap before GC invocations=7 (full 0):
 garbage-first heap   total 163840K, used 163202K [0x0000000700000000, 0x0000000800000000)
  region size 1024K, 125 young (128000K), 11 survivors (11264K)
 Metaspace       used 28324K, capacity 29176K, committed 29440K, reserved 1075200K
  class space    used 3215K, capacity 3557K, committed 3584K, reserved 1048576K
}
Event: 13.670 GC heap after
{Heap after GC invocations=8 (full 0):
 garbage-first heap   total 175104K, used 42496K [0x0000000700000000, 0x0000000800000000)
  region size 1024K, 11 young (11264K), 11 survivors (11264K)
 Metaspace       used 28324K, capacity 29176K, committed 29440K, reserved 1075200K
  class space    used 3215K, capacity 3557K, committed 3584K, reserved 1048576K
}
Event: 21.596 GC heap before
{Heap before GC invocations=8 (full 0):
 garbage-first heap   total 175104K, used 134656K [0x0000000700000000, 0x0000000800000000)
  region size 1024K, 102 young (104448K), 11 survivors (11264K)
 Metaspace       used 33926K, capacity 35066K, committed 35200K, reserved 1079296K
  class space    used 4001K, capacity 4439K, committed 4480K, reserved 1048576K
}
Event: 21.614 GC heap after
{Heap after GC invocations=9 (full 0):
 garbage-first heap   total 175104K, used 45894K [0x0000000700000000, 0x0000000800000000)
  region size 1024K, 10 young (10240K), 10 survivors (10240K)
 Metaspace       used 33926K, capacity 35066K, committed 35200K, reserved 1079296K
  class space    used 4001K, capacity 4439K, committed 4480K, reserved 1048576K
}
Event: 49.657 GC heap before
{Heap before GC invocations=9 (full 0):
 garbage-first heap   total 175104K, used 119622K [0x0000000700000000, 0x0000000800000000)
  region size 1024K, 83 young (84992K), 10 survivors (10240K)
 Metaspace       used 34687K, capacity 35796K, committed 35840K, reserved 1081344K
  class space    used 4003K, capacity 4441K, committed 4480K, reserved 1048576K
}
Event: 49.670 GC heap after
{Heap after GC invocations=10 (full 0):
 garbage-first heap   total 175104K, used 45641K [0x0000000700000000, 0x0000000800000000)
  region size 1024K, 8 young (8192K), 8 survivors (8192K)
 Metaspace       used 34687K, capacity 35796K, committed 35840K, reserved 1081344K
  class space    used 4003K, capacity 4441K, committed 4480K, reserved 1048576K
}
Event: 81.512 GC heap before
{Heap before GC invocations=11 (full 0):
 garbage-first heap   total 160768K, used 141897K [0x0000000700000000, 0x0000000800000000)
  region size 1024K, 102 young (104448K), 8 survivors (8192K)
 Metaspace       used 35031K, capacity 36177K, committed 36352K, reserved 1081344K
  class space    used 4031K, capacity 4468K, committed 4480K, reserved 1048576K
}
Event: 81.535 GC heap after
{Heap after GC invocations=12 (full 0):
 garbage-first heap   total 160768K, used 47159K [0x0000000700000000, 0x0000000800000000)
  region size 1024K, 9 young (9216K), 9 survivors (9216K)
 Metaspace       used 35031K, capacity 36177K, committed 36352K, reserved 1081344K
  class space    used 4031K, capacity 4468K, committed 4480K, reserved 1048576K
}

Deoptimization events (20 events):
Event: 81.640 Thread 0x000002515ab68800 DEOPT PACKING pc=0x000002513f83d149 sp=0x0000007465dfcfd0
Event: 81.640 Thread 0x000002515ab68800 DEOPT UNPACKING pc=0x000002513e78964e sp=0x0000007465dfc548 mode 0
Event: 81.650 Thread 0x000002515ab68800 DEOPT PACKING pc=0x000002513f586c4e sp=0x0000007465dfd900
Event: 81.650 Thread 0x000002515ab68800 DEOPT UNPACKING pc=0x000002513e78964e sp=0x0000007465dfcd98 mode 0
Event: 81.693 Thread 0x000002515ab68800 DEOPT PACKING pc=0x000002513f586c4e sp=0x0000007465dfd900
Event: 81.693 Thread 0x000002515ab68800 DEOPT UNPACKING pc=0x000002513e78964e sp=0x0000007465dfcd98 mode 0
Event: 81.714 Thread 0x000002515ab68800 DEOPT PACKING pc=0x000002513f586c4e sp=0x0000007465dfd900
Event: 81.714 Thread 0x000002515ab68800 DEOPT UNPACKING pc=0x000002513e78964e sp=0x0000007465dfcd98 mode 0
Event: 81.725 Thread 0x000002515ab68800 Uncommon trap: trap_request=0xffffffde fr.pc=0x00000251462e7084 relative=0x0000000000000424
Event: 81.725 Thread 0x000002515ab68800 Uncommon trap: reason=class_check action=maybe_recompile pc=0x00000251462e7084 method=java.security.MessageDigest$Delegate.engineDigest()[B @ 4 c2
Event: 81.725 Thread 0x000002515ab68800 DEOPT PACKING pc=0x00000251462e7084 sp=0x0000007465dfda40
Event: 81.725 Thread 0x000002515ab68800 DEOPT UNPACKING pc=0x000002513e78912f sp=0x0000007465dfda28 mode 2
Event: 81.725 Thread 0x000002515ab68800 Uncommon trap: trap_request=0xffffffde fr.pc=0x00000251462f3e7c relative=0x000000000000043c
Event: 81.725 Thread 0x000002515ab68800 Uncommon trap: reason=class_check action=maybe_recompile pc=0x00000251462f3e7c method=sun.security.provider.DigestBase.engineDigest([BII)I @ 97 c2
Event: 81.725 Thread 0x000002515ab68800 DEOPT PACKING pc=0x00000251462f3e7c sp=0x0000007465dfd9d0
Event: 81.725 Thread 0x000002515ab68800 DEOPT UNPACKING pc=0x000002513e78912f sp=0x0000007465dfd928 mode 2
Event: 81.744 Thread 0x000002515ab68800 DEOPT PACKING pc=0x000002513f8b726e sp=0x0000007465dfd230
Event: 81.744 Thread 0x000002515ab68800 DEOPT UNPACKING pc=0x000002513e78964e sp=0x0000007465dfc6e8 mode 0
Event: 81.752 Thread 0x000002515ab68800 DEOPT PACKING pc=0x000002513edda25c sp=0x0000007465dfca60
Event: 81.752 Thread 0x000002515ab68800 DEOPT UNPACKING pc=0x000002513e78964e sp=0x0000007465dfc000 mode 0

Classes unloaded (0 events):
No events

Classes redefined (0 events):
No events

Internal exceptions (20 events):
Event: 69.003 Thread 0x000002515c120800 Exception <a 'java/net/SocketException'{0x0000000704f9f4f8}: Socket is not connected: shutdown> (0x0000000704f9f4f8) 
thrown [./open/src/hotspot/share/prims/jni.cpp, line 620]
Event: 69.825 Thread 0x000002515c120800 Exception <a 'java/net/SocketException'{0x0000000704fa07b8}: Socket is not connected: shutdown> (0x0000000704fa07b8) 
thrown [./open/src/hotspot/share/prims/jni.cpp, line 620]
Event: 70.648 Thread 0x000002515c120800 Exception <a 'java/net/SocketException'{0x0000000704fa1a78}: Socket is not connected: shutdown> (0x0000000704fa1a78) 
thrown [./open/src/hotspot/share/prims/jni.cpp, line 620]
Event: 71.470 Thread 0x000002515c120800 Exception <a 'java/net/SocketException'{0x0000000704fa2d38}: Socket is not connected: shutdown> (0x0000000704fa2d38) 
thrown [./open/src/hotspot/share/prims/jni.cpp, line 620]
Event: 72.292 Thread 0x000002515c120800 Exception <a 'java/net/SocketException'{0x0000000704fa3ff8}: Socket is not connected: shutdown> (0x0000000704fa3ff8) 
thrown [./open/src/hotspot/share/prims/jni.cpp, line 620]
Event: 73.114 Thread 0x000002515c120800 Exception <a 'java/net/SocketException'{0x0000000704fa52b8}: Socket is not connected: shutdown> (0x0000000704fa52b8) 
thrown [./open/src/hotspot/share/prims/jni.cpp, line 620]
Event: 73.937 Thread 0x000002515c120800 Exception <a 'java/net/SocketException'{0x0000000704fa6578}: Socket is not connected: shutdown> (0x0000000704fa6578) 
thrown [./open/src/hotspot/share/prims/jni.cpp, line 620]
Event: 74.758 Thread 0x000002515c120800 Exception <a 'java/net/SocketException'{0x0000000704fa7838}: Socket is not connected: shutdown> (0x0000000704fa7838) 
thrown [./open/src/hotspot/share/prims/jni.cpp, line 620]
Event: 75.581 Thread 0x000002515c120800 Exception <a 'java/net/SocketException'{0x0000000704fa8af8}: Socket is not connected: shutdown> (0x0000000704fa8af8) 
thrown [./open/src/hotspot/share/prims/jni.cpp, line 620]
Event: 76.402 Thread 0x000002515c120800 Exception <a 'java/net/SocketException'{0x0000000704fa9db8}: Socket is not connected: shutdown> (0x0000000704fa9db8) 
thrown [./open/src/hotspot/share/prims/jni.cpp, line 620]
Event: 77.223 Thread 0x000002515c120800 Exception <a 'java/net/SocketException'{0x0000000704fab078}: Socket is not connected: shutdown> (0x0000000704fab078) 
thrown [./open/src/hotspot/share/prims/jni.cpp, line 620]
Event: 78.044 Thread 0x000002515c120800 Exception <a 'java/net/SocketException'{0x0000000704fac338}: Socket is not connected: shutdown> (0x0000000704fac338) 
thrown [./open/src/hotspot/share/prims/jni.cpp, line 620]
Event: 78.866 Thread 0x000002515c120800 Exception <a 'java/net/SocketException'{0x0000000704fad5f8}: Socket is not connected: shutdown> (0x0000000704fad5f8) 
thrown [./open/src/hotspot/share/prims/jni.cpp, line 620]
Event: 79.085 Thread 0x000002515c120800 Exception <a 'java/lang/InterruptedException'{0x0000000704fad908}: sleep interrupted> (0x0000000704fad908) 
thrown [./open/src/hotspot/share/prims/jvm.cpp, line 3074]
Event: 79.097 Thread 0x000002515ab68800 Exception <a 'java/lang/ClassNotFoundException'{0x0000000704ba6708}: sun/util/logging/resources/spi/loggingProvider> (0x0000000704ba6708) 
thrown [./open/src/hotspot/share/classfile/systemDictionary.cpp, line 226]
Event: 79.100 Thread 0x000002515ab68800 Exception <a 'java/lang/reflect/InvocationTargetException'{0x0000000704bb1e18}> (0x0000000704bb1e18) 
thrown [./open/src/hotspot/share/runtime/reflection.cpp, line 1188]
Event: 79.130 Thread 0x000002515ab68800 Exception <a 'java/net/SocketException'{0x0000000704715a38}: Socket is not connected: shutdown> (0x0000000704715a38) 
thrown [./open/src/hotspot/share/prims/jni.cpp, line 620]
Event: 79.635 Thread 0x000002515c120800 Exception <a 'java/net/SocketException'{0x0000000704faeb68}: Socket is not connected: shutdown> (0x0000000704faeb68) 
thrown [./open/src/hotspot/share/prims/jni.cpp, line 620]
Event: 80.147 Thread 0x000002515c120800 Exception <a 'java/net/SocketException'{0x0000000704fafda8}: Socket is not connected: shutdown> (0x0000000704fafda8) 
thrown [./open/src/hotspot/share/prims/jni.cpp, line 620]
Event: 81.754 Thread 0x000002515ab68800 Exception <a 'java/net/SocketException'{0x00000007082e4570}: Socket is not connected: shutdown> (0x00000007082e4570) 
thrown [./open/src/hotspot/share/prims/jni.cpp, line 620]

Events (20 events):
Event: 79.135 Thread 0x000002515c77c800 Thread added: 0x000002515c77c800
Event: 79.135 Executing VM operation: HandshakeOneThread
Event: 79.135 Executing VM operation: HandshakeOneThread done
Event: 79.149 Thread 0x000002515c77d800 Thread added: 0x000002515c77d800
Event: 79.149 Thread 0x000002515c779000 Thread added: 0x000002515c779000
Event: 80.170 Thread 0x000002515c783000 Thread added: 0x000002515c783000
Event: 80.178 Executing VM operation: HandshakeOneThread
Event: 80.178 Executing VM operation: HandshakeOneThread done
Event: 80.179 Executing VM operation: HandshakeOneThread
Event: 80.179 Executing VM operation: HandshakeOneThread done
Event: 80.179 Executing VM operation: BulkRevokeBias
Event: 80.180 Executing VM operation: BulkRevokeBias done
Event: 81.432 Thread 0x000002515facd800 Thread added: 0x000002515facd800
Event: 81.512 Executing VM operation: G1CollectForAllocation
Event: 81.538 Executing VM operation: G1CollectForAllocation done
Event: 81.758 Thread 0x000002515c780800 Thread added: 0x000002515c780800
Event: 81.776 Executing VM operation: HandshakeOneThread
Event: 81.776 Executing VM operation: HandshakeOneThread done
Event: 81.790 Thread 0x000002515c77f800 Thread added: 0x000002515c77f800
Event: 81.790 Thread 0x000002515c784000 Thread added: 0x000002515c784000


Dynamic libraries:
0x00007ff624b50000 - 0x00007ff624b5f000 	C:\Program Files\Java\jdk-14.0.2\bin\java.exe
0x00007ffa05bf0000 - 0x00007ffa05de8000 	C:\WINDOWS\SYSTEM32\ntdll.dll
0x00007ff9d8b00000 - 0x00007ff9d8b74000 	C:\WINDOWS\System32\verifier.dll
0x00007ff9dd6e0000 - 0x00007ff9dd7d4000 	C:\WINDOWS\SYSTEM32\PayloadRestrictions.dll
0x00007ffa03650000 - 0x00007ffa03750000 	C:\WINDOWS\System32\ucrtbase.dll
0x00007ffa037f0000 - 0x00007ffa03abe000 	C:\WINDOWS\System32\kernelbase.dll
0x00007ffa03fd0000 - 0x00007ffa0408d000 	C:\WINDOWS\System32\kernel32.dll
0x00007ff9f6fe0000 - 0x00007ff9f6ff8000 	C:\Program Files\Java\jdk-14.0.2\bin\jli.dll
0x00007ffa03e20000 - 0x00007ffa03ece000 	C:\WINDOWS\System32\ADVAPI32.dll
0x00007ffa04be0000 - 0x00007ffa04c7e000 	C:\WINDOWS\System32\msvcrt.dll
0x00007ffa04e30000 - 0x00007ffa04ecc000 	C:\WINDOWS\System32\sechost.dll
0x00007ffa05950000 - 0x00007ffa05a75000 	C:\WINDOWS\System32\RPCRT4.dll
0x00007ffa05740000 - 0x00007ffa058e0000 	C:\WINDOWS\System32\USER32.dll
0x00007ffa03570000 - 0x00007ffa03592000 	C:\WINDOWS\System32\win32u.dll
0x00007ffa05700000 - 0x00007ffa0572a000 	C:\WINDOWS\System32\GDI32.dll
0x00007ffa03b10000 - 0x00007ffa03c1b000 	C:\WINDOWS\System32\gdi32full.dll
0x00007ffa03750000 - 0x00007ffa037ed000 	C:\WINDOWS\System32\msvcp_win.dll
0x00007ff9f09b0000 - 0x00007ff9f09c5000 	C:\Program Files\Java\jdk-14.0.2\bin\VCRUNTIME140.dll
0x00007ff9edc30000 - 0x00007ff9edeca000 	C:\WINDOWS\WinSxS\amd64_microsoft.windows.common-controls_6595b64144ccf1df_6.0.19041.1110_none_60b5254171f9507e\COMCTL32.dll
0x00007ff9fc950000 - 0x00007ff9fc95a000 	C:\WINDOWS\SYSTEM32\VERSION.dll
0x00007ffa04090000 - 0x00007ffa040c0000 	C:\WINDOWS\System32\IMM32.DLL
0x00007ff9e39d0000 - 0x00007ff9e3a6b000 	C:\Program Files\Java\jdk-14.0.2\bin\msvcp140.dll
0x00007ff9d2720000 - 0x00007ff9d323e000 	C:\Program Files\Java\jdk-14.0.2\bin\server\jvm.dll
0x00007ffa04480000 - 0x00007ffa04488000 	C:\WINDOWS\System32\PSAPI.DLL
0x00007ff9fc340000 - 0x00007ff9fc349000 	C:\WINDOWS\SYSTEM32\WSOCK32.dll
0x00007ffa05050000 - 0x00007ffa050bb000 	C:\WINDOWS\System32\WS2_32.dll
0x00007ff9f7f70000 - 0x00007ff9f7f97000 	C:\WINDOWS\SYSTEM32\WINMM.dll
0x00007ffa01230000 - 0x00007ffa01242000 	C:\WINDOWS\SYSTEM32\kernel.appcore.dll
0x00007ff9fe150000 - 0x00007ff9fe15a000 	C:\Program Files\Java\jdk-14.0.2\bin\jimage.dll
0x00007ff9f7fa0000 - 0x00007ff9f8184000 	C:\WINDOWS\SYSTEM32\DBGHELP.DLL
0x00007ff9f7f40000 - 0x00007ff9f7f6c000 	C:\WINDOWS\SYSTEM32\dbgcore.DLL
0x00007ffa034e0000 - 0x00007ffa03562000 	C:\WINDOWS\System32\bcryptPrimitives.dll
0x00007ff9eb310000 - 0x00007ff9eb335000 	C:\Program Files\Java\jdk-14.0.2\bin\java.dll
0x00007ff9ef1b0000 - 0x00007ff9ef1c6000 	C:\Program Files\Java\jdk-14.0.2\bin\zip.dll
0x00007ffa04490000 - 0x00007ffa04bd4000 	C:\WINDOWS\System32\SHELL32.dll
0x00007ffa01430000 - 0x00007ffa01bc4000 	C:\WINDOWS\SYSTEM32\windows.storage.dll
0x00007ffa04120000 - 0x00007ffa04474000 	C:\WINDOWS\System32\combase.dll
0x00007ffa02d00000 - 0x00007ffa02d30000 	C:\WINDOWS\SYSTEM32\Wldp.dll
0x00007ffa04ed0000 - 0x00007ffa04f7d000 	C:\WINDOWS\System32\SHCORE.dll
0x00007ffa040c0000 - 0x00007ffa04115000 	C:\WINDOWS\System32\shlwapi.dll
0x00007ffa03250000 - 0x00007ffa0326f000 	C:\WINDOWS\SYSTEM32\profapi.dll
0x00007ff9ea8f0000 - 0x00007ff9ea909000 	C:\Program Files\Java\jdk-14.0.2\bin\net.dll
0x00007ff9fcb40000 - 0x00007ff9fcc4a000 	C:\WINDOWS\SYSTEM32\WINHTTP.dll
0x00007ffa02a60000 - 0x00007ffa02aca000 	C:\WINDOWS\system32\mswsock.dll
0x00007ff9ea810000 - 0x00007ff9ea822000 	C:\Program Files\Java\jdk-14.0.2\bin\nio.dll
0x00007ff9f4280000 - 0x00007ff9f4289000 	C:\Program Files\Java\jdk-14.0.2\bin\management.dll
0x00007ff9f1210000 - 0x00007ff9f121b000 	C:\Program Files\Java\jdk-14.0.2\bin\management_ext.dll
0x00007ff9f6fa0000 - 0x00007ff9f6fb0000 	C:\Program Files\Java\jdk-14.0.2\bin\verify.dll
0x00007ffa02c50000 - 0x00007ffa02c68000 	C:\WINDOWS\SYSTEM32\CRYPTSP.dll
0x00007ffa023e0000 - 0x00007ffa02414000 	C:\WINDOWS\system32\rsaenh.dll
0x00007ffa03c20000 - 0x00007ffa03c47000 	C:\WINDOWS\System32\bcrypt.dll
0x00007ffa031d0000 - 0x00007ffa031fe000 	C:\WINDOWS\SYSTEM32\USERENV.dll
0x00007ffa02c70000 - 0x00007ffa02c7c000 	C:\WINDOWS\SYSTEM32\CRYPTBASE.dll
0x00007ffa02750000 - 0x00007ffa0278b000 	C:\WINDOWS\SYSTEM32\IPHLPAPI.DLL
0x00007ffa058e0000 - 0x00007ffa058e8000 	C:\WINDOWS\System32\NSI.dll
0x00007ff9fe110000 - 0x00007ff9fe127000 	C:\WINDOWS\SYSTEM32\dhcpcsvc6.DLL
0x00007ff9fe0f0000 - 0x00007ff9fe10d000 	C:\WINDOWS\SYSTEM32\dhcpcsvc.DLL
0x00007ffa02790000 - 0x00007ffa0285a000 	C:\WINDOWS\SYSTEM32\DNSAPI.dll
0x00007ff9f0660000 - 0x00007ff9f066e000 	C:\Program Files\Java\jdk-14.0.2\bin\sunmscapi.dll
0x00007ffa03380000 - 0x00007ffa034d6000 	C:\WINDOWS\System32\CRYPT32.dll
0x00007ffa02d70000 - 0x00007ffa02d97000 	C:\WINDOWS\SYSTEM32\ncrypt.dll
0x00007ffa02d30000 - 0x00007ffa02d6b000 	C:\WINDOWS\SYSTEM32\NTASN1.dll
0x00007ff9ea760000 - 0x00007ff9ea785000 	C:\Program Files\Java\jdk-14.0.2\bin\sunec.dll
0x00007ff9fdc80000 - 0x00007ff9fdc8a000 	C:\Windows\System32\rasadhlp.dll
0x00007ff9fdf70000 - 0x00007ff9fdff0000 	C:\WINDOWS\System32\fwpuclnt.dll
0x00007ff9fc740000 - 0x00007ff9fc757000 	C:\WINDOWS\system32\napinsp.dll
0x00007ff9fc760000 - 0x00007ff9fc77b000 	C:\WINDOWS\system32\pnrpnsp.dll
0x00007ff9fc780000 - 0x00007ff9fc795000 	C:\WINDOWS\system32\wshbth.dll
0x00007ff9fef40000 - 0x00007ff9fef5d000 	C:\WINDOWS\system32\NLAapi.dll
0x00007ff9fc930000 - 0x00007ff9fc942000 	C:\WINDOWS\System32\winrnr.dll

dbghelp: loaded successfully - version: 4.0.5 - missing functions: none
symbol engine: initialized successfully - sym options: 0x614 - pdb path: .;C:\Program Files\Java\jdk-14.0.2\bin;C:\WINDOWS\SYSTEM32;C:\WINDOWS\WinSxS\amd64_microsoft.windows.common-controls_6595b64144ccf1df_6.0.19041.1110_none_60b5254171f9507e;C:\Program Files\Java\jdk-14.0.2\bin\server

VM Arguments:
jvm_args: -Dfile.encoding=UTF-8 
java_command: C:\Users\vvaidya\AppData\Local\Temp\surefire16203787893637271650\surefirebooter17087063180490952071.jar C:\Users\vvaidya\AppData\Local\Temp\surefire16203787893637271650 2022-09-27T12-39-16_110-jvmRun1 surefire14525892303486388559tmp surefire_011399175007606965699tmp
java_class_path (initial): C:\Users\vvaidya\AppData\Local\Temp\surefire16203787893637271650\surefirebooter17087063180490952071.jar
Launcher Type: SUN_STANDARD

[Global flags]
     intx CICompilerCount                          = 3                                         {product} {ergonomic}
     uint ConcGCThreads                            = 1                                         {product} {ergonomic}
     uint G1ConcRefinementThreads                  = 4                                         {product} {ergonomic}
   size_t G1HeapRegionSize                         = 1048576                                   {product} {ergonomic}
    uintx GCDrainStackTargetSize                   = 64                                        {product} {ergonomic}
   size_t InitialHeapSize                          = 268435456                                 {product} {ergonomic}
   size_t MarkStackSize                            = 4194304                                   {product} {ergonomic}
   size_t MaxHeapSize                              = 4294967296                                {product} {ergonomic}
   size_t MaxNewSize                               = 2576351232                                {product} {ergonomic}
   size_t MinHeapDeltaBytes                        = 1048576                                   {product} {ergonomic}
   size_t MinHeapSize                              = 8388608                                   {product} {ergonomic}
    uintx NonNMethodCodeHeapSize                   = 5832780                                {pd product} {ergonomic}
    uintx NonProfiledCodeHeapSize                  = 122912730                              {pd product} {ergonomic}
    uintx ProfiledCodeHeapSize                     = 122912730                              {pd product} {ergonomic}
    uintx ReservedCodeCacheSize                    = 251658240                              {pd product} {ergonomic}
     bool SegmentedCodeCache                       = true                                      {product} {ergonomic}
   size_t SoftMaxHeapSize                          = 4294967296                             {manageable} {ergonomic}
     bool UseCompressedClassPointers               = true                                 {lp64_product} {ergonomic}
     bool UseCompressedOops                        = true                                 {lp64_product} {ergonomic}
     bool UseG1GC                                  = true                                      {product} {ergonomic}
     bool UseLargePagesIndividualAllocation        = false                                  {pd product} {ergonomic}

Logging:
Log output configuration:
 #0: stdout all=warning uptime,level,tags
 #1: stderr all=off uptime,level,tags

Environment Variables:
PATH=%JAVA_HOME%\bin;C:\WINDOWS\system32;C:\WINDOWS;C:\WINDOWS\System32\Wbem;C:\WINDOWS\System32\WindowsPowerShell\v1.0\;C:\WINDOWS\System32\OpenSSH\;%MAVEN_HOME%\bin;C:\Program Files\TortoiseSVN\bin;C:\Program Files\Git\cmd;C:\Users\vvaidya\AppData\Local\Microsoft\WindowsApps;C:\Program Files\Java\jdk-14.0.2\bin;C:\Program Files\Maven\apache-maven-3.8.4\bin;
USERNAME=vvaidya



---------------  S Y S T E M  ---------------

OS: Windows 10 , 64 bit Build 19041 (10.0.19041.1889)
OS uptime: 35 days 22:07 hours
VMWare virtualization detected

CPU:total 4 (initial active 4) (2 cores per cpu, 1 threads per core) family 6 model 79 stepping 0, cmov, cx8, fxsr, mmx, sse, sse2, sse3, ssse3, sse4.1, sse4.2, popcnt, avx, avx2, aes, clmul, erms, 3dnowpref, lzcnt, tsc, tscinvbit, bmi1, bmi2, adx, fma

Memory: 4k page, system-wide physical 16383M (6249M free)
TotalPageFile size 29110M (AvailPageFile size 4M)
current process WorkingSet (physical memory assigned to process): 297M, peak: 368M
current process commit charge ("private bytes"): 332M, peak: 466M

vm_info: Java HotSpot(TM) 64-Bit Server VM (14.0.2+12-46) for windows-amd64 JRE (14.0.2+12-46), built on Jul  9 2020 00:35:52 by "mach5one" with MS VC++ 15.9 (VS2017)

END.
