#
# There is insufficient memory for the Java Runtime Environment to continue.
# Native memory allocation (malloc) failed to allocate 385296 bytes for Chunk::new
# Possible reasons:
#   The system is out of physical RAM or swap space
#   The process is running with CompressedOops enabled, and the Java Heap may be blocking the growth of the native heap
# Possible solutions:
#   Reduce memory load on the system
#   Increase physical memory or swap space
#   Check if swap backing store is full
#   Decrease Java heap size (-Xmx/-Xms)
#   Decrease number of Java threads
#   Decrease Java thread stack sizes (-Xss)
#   Set larger code cache with -XX:ReservedCodeCacheSize=
#   JVM is running with Zero Based Compressed Oops mode in which the Java heap is
#     placed in the first 32GB address space. The Java Heap base address is the
#     maximum limit for the native heap growth. Please use -XX:HeapBaseMinAddress
#     to set the Java Heap base and to place the Java Heap above 32GB virtual address.
# This output file may be truncated or incomplete.
#
#  Out of Memory Error (./open/src/hotspot/share/memory/arena.cpp:195), pid=6100, tid=17204
#
# JRE version: Java(TM) SE Runtime Environment (14.0.2+12) (build 14.0.2+12-46)
# Java VM: Java HotSpot(TM) 64-Bit Server VM (14.0.2+12-46, mixed mode, sharing, tiered, compressed oops, g1 gc, windows-amd64)
# No core dump will be written. Minidumps are not enabled by default on client versions of Windows
#

---------------  S U M M A R Y ------------

Command Line: -Dfile.encoding=UTF-8 C:\Users\vvaidya\AppData\Local\Temp\surefire4000489004995617477\surefirebooter13972109447881786335.jar C:\Users\vvaidya\AppData\Local\Temp\surefire4000489004995617477 2022-09-27T12-44-07_970-jvmRun1 surefire11250051877390387736tmp surefire_07505811545597179059tmp

Host: Intel(R) Xeon(R) Silver 4116 CPU @ 2.10GHz, 4 cores, 15G,  Windows 10 , 64 bit Build 19041 (10.0.19041.1889)
Time: Tue Sep 27 12:44:59 2022 Mountain Daylight Time elapsed time: 50 seconds (0d 0h 0m 50s)

---------------  T H R E A D  ---------------

Current thread (0x000001a5ad758800):  JavaThread "C2 CompilerThread0" daemon [_thread_in_native, id=17204, stack(0x0000002227400000,0x0000002227500000)]


Current CompileTask:
C2:  50286 6218       4       io.cucumber.messages.internal.com.google.protobuf.util.JsonFormat$PrinterImpl::printSingleFieldValue (886 bytes)

Stack: [0x0000002227400000,0x0000002227500000]
Native frames: (J=compiled Java code, j=interpreted, Vv=VM code, C=native code)
V  [jvm.dll+0x5f8a9a]
V  [jvm.dll+0x74247a]
V  [jvm.dll+0x743c2f]
V  [jvm.dll+0x744273]
V  [jvm.dll+0x20d288]
V  [jvm.dll+0xabb07]
V  [jvm.dll+0xac1fc]
V  [jvm.dll+0x276db4]
V  [jvm.dll+0x50cffa]
V  [jvm.dll+0x1ee1da]
V  [jvm.dll+0x1e7cfb]
V  [jvm.dll+0x1e4f98]
V  [jvm.dll+0x1779cc]
V  [jvm.dll+0x1f4105]
V  [jvm.dll+0x1f22eb]
V  [jvm.dll+0x7070cd]
V  [jvm.dll+0x6ffeda]
V  [jvm.dll+0x5f78f6]
C  [ucrtbase.dll+0x21bb2]
C  [kernel32.dll+0x17034]
C  [ntdll.dll+0x52651]


---------------  P R O C E S S  ---------------

Threads class SMR info:
_java_thread_list=0x000001a5b016c8f0, length=31, elements={
0x000001a58a286800, 0x000001a5ad733800, 0x000001a5ad734800, 0x000001a5ad74e800,
0x000001a5ad751800, 0x000001a5ad754000, 0x000001a5ad758800, 0x000001a5adfea000,
0x000001a5ad75e000, 0x000001a5ae13d000, 0x000001a5ae149800, 0x000001a5ae19f800,
0x000001a5ae29d000, 0x000001a5b01e5800, 0x000001a5afe52800, 0x000001a5afed4000,
0x000001a5af42d800, 0x000001a5b04e2000, 0x000001a5b070e800, 0x000001a5b2265800,
0x000001a5b2268000, 0x000001a5b2264800, 0x000001a5b2266800, 0x000001a5b2263000,
0x000001a5b2264000, 0x000001a5b2262800, 0x000001a5b2269000, 0x000001a5b2267000,
0x000001a5b1bd7000, 0x000001a5b1bdc000, 0x000001a5b1bd9800
}

Java Threads: ( => current thread )
  0x000001a58a286800 JavaThread "main" [_thread_blocked, id=19528, stack(0x0000002226800000,0x0000002226900000)]
  0x000001a5ad733800 JavaThread "Reference Handler" daemon [_thread_blocked, id=25640, stack(0x0000002226f00000,0x0000002227000000)]
  0x000001a5ad734800 JavaThread "Finalizer" daemon [_thread_blocked, id=24532, stack(0x0000002227000000,0x0000002227100000)]
  0x000001a5ad74e800 JavaThread "Signal Dispatcher" daemon [_thread_blocked, id=18760, stack(0x0000002227100000,0x0000002227200000)]
  0x000001a5ad751800 JavaThread "Attach Listener" daemon [_thread_blocked, id=19304, stack(0x0000002227200000,0x0000002227300000)]
  0x000001a5ad754000 JavaThread "Service Thread" daemon [_thread_blocked, id=19188, stack(0x0000002227300000,0x0000002227400000)]
=>0x000001a5ad758800 JavaThread "C2 CompilerThread0" daemon [_thread_in_native, id=17204, stack(0x0000002227400000,0x0000002227500000)]
  0x000001a5adfea000 JavaThread "C1 CompilerThread0" daemon [_thread_blocked, id=24352, stack(0x0000002227500000,0x0000002227600000)]
  0x000001a5ad75e000 JavaThread "Sweeper thread" daemon [_thread_blocked, id=23100, stack(0x0000002227600000,0x0000002227700000)]
  0x000001a5ae13d000 JavaThread "Notification Thread" daemon [_thread_blocked, id=25372, stack(0x0000002227700000,0x0000002227800000)]
  0x000001a5ae149800 JavaThread "Common-Cleaner" daemon [_thread_blocked, id=24900, stack(0x0000002227900000,0x0000002227a00000)]
  0x000001a5ae19f800 JavaThread "surefire-forkedjvm-command-thread" daemon [_thread_in_native, id=15752, stack(0x0000002227e00000,0x0000002227f00000)]
  0x000001a5ae29d000 JavaThread "surefire-forkedjvm-ping-30s" daemon [_thread_blocked, id=22944, stack(0x0000002227f00000,0x0000002228000000)]
  0x000001a5b01e5800 JavaThread "AsyncAppender-Worker-ASYNC_CONSOLE" daemon [_thread_blocked, id=22456, stack(0x0000002228200000,0x0000002228300000)]
  0x000001a5afe52800 JavaThread "Forwarding newSession on session null to remote" daemon [_thread_blocked, id=25572, stack(0x0000002228300000,0x0000002228400000)]
  0x000001a5afed4000 JavaThread "Exec Default Executor" daemon [_thread_in_native, id=21136, stack(0x0000002227d00000,0x0000002227e00000)]
  0x000001a5af42d800 JavaThread "UrlChecker-2" daemon [_thread_in_native, id=19084, stack(0x0000002228400000,0x0000002228500000)]
  0x000001a5b04e2000 JavaThread "Exec Stream Pumper" daemon [_thread_in_native, id=23668, stack(0x0000002228600000,0x0000002228700000)]
  0x000001a5b070e800 JavaThread "Exec Stream Pumper" daemon [_thread_in_native, id=21672, stack(0x0000002228700000,0x0000002228800000)]
  0x000001a5b2265800 JavaThread "ForkJoinPool.commonPool-worker-3" daemon [_thread_blocked, id=22160, stack(0x0000002228a00000,0x0000002228b00000)]
  0x000001a5b2268000 JavaThread "ForkJoinPool.commonPool-worker-5" daemon [_thread_blocked, id=11440, stack(0x0000002228b00000,0x0000002228c00000)]
  0x000001a5b2264800 JavaThread "ForkJoinPool.commonPool-worker-7" daemon [_thread_blocked, id=5852, stack(0x0000002228c00000,0x0000002228d00000)]
  0x000001a5b2266800 JavaThread "OkHttp ConnectionPool" daemon [_thread_blocked, id=18484, stack(0x0000002228d00000,0x0000002228e00000)]
  0x000001a5b2263000 JavaThread "Okio Watchdog" daemon [_thread_blocked, id=23648, stack(0x0000002228e00000,0x0000002228f00000)]
  0x000001a5b2264000 JavaThread "Exec Default Executor" daemon [_thread_in_native, id=21292, stack(0x0000002229000000,0x0000002229100000)]
  0x000001a5b2262800 JavaThread "Exec Stream Pumper" daemon [_thread_in_native, id=7516, stack(0x0000002229100000,0x0000002229200000)]
  0x000001a5b2269000 JavaThread "Exec Stream Pumper" daemon [_thread_in_native, id=11648, stack(0x0000002229200000,0x0000002229300000)]
  0x000001a5b2267000 JavaThread "Keep-Alive-Timer" daemon [_thread_blocked, id=1696, stack(0x0000002228f00000,0x0000002229000000)]
  0x000001a5b1bd7000 JavaThread "Exec Default Executor" daemon [_thread_in_native, id=20932, stack(0x0000002229300000,0x0000002229400000)]
  0x000001a5b1bdc000 JavaThread "Exec Stream Pumper" daemon [_thread_in_native, id=26004, stack(0x0000002229400000,0x0000002229500000)]
  0x000001a5b1bd9800 JavaThread "Exec Stream Pumper" daemon [_thread_in_native, id=9992, stack(0x0000002229500000,0x0000002229600000)]

Other Threads:
  0x000001a5ad732800 VMThread "VM Thread" [stack: 0x0000002226e00000,0x0000002226f00000] [id=18392]
  0x000001a5ae13e000 WatcherThread [stack: 0x0000002227800000,0x0000002227900000] [id=25556]
  0x000001a58a2ec800 GCTaskThread "GC Thread#0" [stack: 0x0000002226900000,0x0000002226a00000] [id=21524]
  0x000001a5ae156800 GCTaskThread "GC Thread#1" [stack: 0x0000002227a00000,0x0000002227b00000] [id=12656]
  0x000001a5ae15b800 GCTaskThread "GC Thread#2" [stack: 0x0000002227b00000,0x0000002227c00000] [id=21376]
  0x000001a5ae15c000 GCTaskThread "GC Thread#3" [stack: 0x0000002227c00000,0x0000002227d00000] [id=24332]
  0x000001a58a310000 ConcurrentGCThread "G1 Main Marker" [stack: 0x0000002226a00000,0x0000002226b00000] [id=24572]
  0x000001a58a311000 ConcurrentGCThread "G1 Conc#0" [stack: 0x0000002226b00000,0x0000002226c00000] [id=26436]
  0x000001a5ad61b800 ConcurrentGCThread "G1 Refine#0" [stack: 0x0000002226c00000,0x0000002226d00000] [id=25444]
  0x000001a5ae573800 ConcurrentGCThread "G1 Refine#1" [stack: 0x0000002228000000,0x0000002228100000] [id=20880]
  0x000001a5af295800 ConcurrentGCThread "G1 Refine#2" [stack: 0x0000002228100000,0x0000002228200000] [id=25844]
  0x000001a5ad61c800 ConcurrentGCThread "G1 Young RemSet Sampling" [stack: 0x0000002226d00000,0x0000002226e00000] [id=25520]

Threads with active compile tasks:
C2 CompilerThread0    50337 6218       4       io.cucumber.messages.internal.com.google.protobuf.util.JsonFormat$PrinterImpl::printSingleFieldValue (886 bytes)

VM state:not at safepoint (normal execution)

VM Mutex/Monitor currently owned by a thread: None

Heap address: 0x0000000700000000, size: 4096 MB, Compressed Oops mode: Zero based, Oop shift amount: 3
Narrow klass base: 0x0000000800000000, Narrow klass shift: 3
Compressed class space size: 1073741824 Address: 0x0000000800b30000

Heap:
 garbage-first heap   total 165888K, used 65017K [0x0000000700000000, 0x0000000800000000)
  region size 1024K, 28 young (28672K), 8 survivors (8192K)
 Metaspace       used 34959K, capacity 36156K, committed 36352K, reserved 1081344K
  class space    used 4025K, capacity 4462K, committed 4480K, reserved 1048576K
Heap Regions: E=young(eden), S=young(survivor), O=old, HS=humongous(starts), HC=humongous(continues), CS=collection set, F=free, OA=open archive, CA=closed archive, TAMS=top-at-mark-start (previous, next)
|   0|0x0000000700000000, 0x0000000700100000, 0x0000000700100000|100%|HS|  |TAMS 0x0000000700100000, 0x0000000700000000| Complete 
|   1|0x0000000700100000, 0x0000000700200000, 0x0000000700200000|100%| O|  |TAMS 0x0000000700200000, 0x0000000700100000| Untracked 
|   2|0x0000000700200000, 0x0000000700300000, 0x0000000700300000|100%| O|  |TAMS 0x0000000700300000, 0x0000000700200000| Untracked 
|   3|0x0000000700300000, 0x0000000700400000, 0x0000000700400000|100%| O|  |TAMS 0x0000000700400000, 0x0000000700300000| Untracked 
|   4|0x0000000700400000, 0x0000000700500000, 0x0000000700500000|100%|HS|  |TAMS 0x0000000700500000, 0x0000000700400000| Complete 
|   5|0x0000000700500000, 0x0000000700600000, 0x0000000700600000|100%|HC|  |TAMS 0x0000000700600000, 0x0000000700500000| Complete 
|   6|0x0000000700600000, 0x0000000700700000, 0x0000000700700000|100%|HS|  |TAMS 0x0000000700700000, 0x0000000700600000| Complete 
|   7|0x0000000700700000, 0x0000000700800000, 0x0000000700800000|100%|HS|  |TAMS 0x0000000700800000, 0x0000000700700000| Complete 
|   8|0x0000000700800000, 0x0000000700900000, 0x0000000700900000|100%| O|  |TAMS 0x0000000700900000, 0x0000000700800000| Untracked 
|   9|0x0000000700900000, 0x0000000700a00000, 0x0000000700a00000|100%| O|  |TAMS 0x0000000700a00000, 0x0000000700900000| Untracked 
|  10|0x0000000700a00000, 0x0000000700b00000, 0x0000000700b00000|100%| O|  |TAMS 0x0000000700b00000, 0x0000000700a00000| Untracked 
|  11|0x0000000700b00000, 0x0000000700c00000, 0x0000000700c00000|100%| O|  |TAMS 0x0000000700c00000, 0x0000000700b00000| Untracked 
|  12|0x0000000700c00000, 0x0000000700d00000, 0x0000000700d00000|100%| O|  |TAMS 0x0000000700d00000, 0x0000000700c00000| Untracked 
|  13|0x0000000700d00000, 0x0000000700e00000, 0x0000000700e00000|100%| O|  |TAMS 0x0000000700e00000, 0x0000000700d00000| Untracked 
|  14|0x0000000700e00000, 0x0000000700f00000, 0x0000000700f00000|100%| O|  |TAMS 0x0000000700f00000, 0x0000000700e00000| Untracked 
|  15|0x0000000700f00000, 0x0000000701000000, 0x0000000701000000|100%| O|  |TAMS 0x0000000701000000, 0x0000000700f00000| Untracked 
|  16|0x0000000701000000, 0x0000000701100000, 0x0000000701100000|100%| O|  |TAMS 0x0000000701100000, 0x0000000701000000| Untracked 
|  17|0x0000000701100000, 0x0000000701200000, 0x0000000701200000|100%| O|  |TAMS 0x0000000701200000, 0x0000000701100000| Untracked 
|  18|0x0000000701200000, 0x0000000701300000, 0x0000000701300000|100%| O|  |TAMS 0x0000000701300000, 0x0000000701200000| Untracked 
|  19|0x0000000701300000, 0x0000000701400000, 0x0000000701400000|100%| O|  |TAMS 0x0000000701400000, 0x0000000701300000| Untracked 
|  20|0x0000000701400000, 0x0000000701500000, 0x0000000701500000|100%| O|  |TAMS 0x0000000701500000, 0x0000000701400000| Untracked 
|  21|0x0000000701500000, 0x0000000701600000, 0x0000000701600000|100%| O|  |TAMS 0x0000000701600000, 0x0000000701500000| Untracked 
|  22|0x0000000701600000, 0x0000000701700000, 0x0000000701700000|100%| O|  |TAMS 0x0000000701700000, 0x0000000701600000| Untracked 
|  23|0x0000000701700000, 0x0000000701800000, 0x0000000701800000|100%| O|  |TAMS 0x0000000701800000, 0x0000000701700000| Untracked 
|  24|0x0000000701800000, 0x0000000701900000, 0x0000000701900000|100%| O|  |TAMS 0x0000000701900000, 0x0000000701800000| Untracked 
|  25|0x0000000701900000, 0x0000000701a00000, 0x0000000701a00000|100%| O|  |TAMS 0x0000000701a00000, 0x0000000701900000| Untracked 
|  26|0x0000000701a00000, 0x0000000701b00000, 0x0000000701b00000|100%| O|  |TAMS 0x0000000701b00000, 0x0000000701a00000| Untracked 
|  27|0x0000000701b00000, 0x0000000701c00000, 0x0000000701c00000|100%| O|  |TAMS 0x0000000701c00000, 0x0000000701b00000| Untracked 
|  28|0x0000000701c00000, 0x0000000701d00000, 0x0000000701d00000|100%| O|  |TAMS 0x0000000701d00000, 0x0000000701c00000| Untracked 
|  29|0x0000000701d00000, 0x0000000701e00000, 0x0000000701e00000|100%| O|  |TAMS 0x0000000701e00000, 0x0000000701d00000| Untracked 
|  30|0x0000000701e00000, 0x0000000701ec4600, 0x0000000701f00000| 76%| O|  |TAMS 0x0000000701ec4600, 0x0000000701e00000| Untracked 
|  31|0x0000000701f00000, 0x0000000702000000, 0x0000000702000000|100%| O|  |TAMS 0x0000000702000000, 0x0000000701f00000| Untracked 
|  32|0x0000000702000000, 0x0000000702100000, 0x0000000702100000|100%| O|  |TAMS 0x0000000702100000, 0x0000000702000000| Untracked 
|  33|0x0000000702100000, 0x0000000702200000, 0x0000000702200000|100%| O|  |TAMS 0x0000000702200000, 0x0000000702100000| Untracked 
|  34|0x0000000702200000, 0x0000000702300000, 0x0000000702300000|100%| O|  |TAMS 0x00000007022ec800, 0x0000000702200000| Untracked 
|  35|0x0000000702300000, 0x0000000702400000, 0x0000000702400000|100%| O|  |TAMS 0x0000000702300000, 0x0000000702300000| Untracked 
|  36|0x0000000702400000, 0x0000000702500000, 0x0000000702500000|100%| O|  |TAMS 0x0000000702400000, 0x0000000702400000| Untracked 
|  37|0x0000000702500000, 0x0000000702546c00, 0x0000000702600000| 27%| O|  |TAMS 0x0000000702500000, 0x0000000702500000| Untracked 
|  38|0x0000000702600000, 0x0000000702600000, 0x0000000702700000|  0%| F|  |TAMS 0x0000000702600000, 0x0000000702600000| Untracked 
|  39|0x0000000702700000, 0x0000000702700000, 0x0000000702800000|  0%| F|  |TAMS 0x0000000702700000, 0x0000000702700000| Untracked 
|  40|0x0000000702800000, 0x0000000702800000, 0x0000000702900000|  0%| F|  |TAMS 0x0000000702800000, 0x0000000702800000| Untracked 
|  41|0x0000000702900000, 0x0000000702900000, 0x0000000702a00000|  0%| F|  |TAMS 0x0000000702900000, 0x0000000702900000| Untracked 
|  42|0x0000000702a00000, 0x0000000702a00000, 0x0000000702b00000|  0%| F|  |TAMS 0x0000000702a00000, 0x0000000702a00000| Untracked 
|  43|0x0000000702b00000, 0x0000000702b00000, 0x0000000702c00000|  0%| F|  |TAMS 0x0000000702b00000, 0x0000000702b00000| Untracked 
|  44|0x0000000702c00000, 0x0000000702c00000, 0x0000000702d00000|  0%| F|  |TAMS 0x0000000702c00000, 0x0000000702c00000| Untracked 
|  45|0x0000000702d00000, 0x0000000702d00000, 0x0000000702e00000|  0%| F|  |TAMS 0x0000000702d00000, 0x0000000702d00000| Untracked 
|  46|0x0000000702e00000, 0x0000000702e00000, 0x0000000702f00000|  0%| F|  |TAMS 0x0000000702e00000, 0x0000000702e00000| Untracked 
|  47|0x0000000702f00000, 0x0000000702f00000, 0x0000000703000000|  0%| F|  |TAMS 0x0000000702f00000, 0x0000000702f00000| Untracked 
|  48|0x0000000703000000, 0x0000000703000000, 0x0000000703100000|  0%| F|  |TAMS 0x0000000703000000, 0x0000000703000000| Untracked 
|  49|0x0000000703100000, 0x0000000703100000, 0x0000000703200000|  0%| F|  |TAMS 0x0000000703100000, 0x0000000703100000| Untracked 
|  50|0x0000000703200000, 0x0000000703200000, 0x0000000703300000|  0%| F|  |TAMS 0x0000000703200000, 0x0000000703200000| Untracked 
|  51|0x0000000703300000, 0x0000000703300000, 0x0000000703400000|  0%| F|  |TAMS 0x0000000703300000, 0x0000000703300000| Untracked 
|  52|0x0000000703400000, 0x0000000703400000, 0x0000000703500000|  0%| F|  |TAMS 0x0000000703400000, 0x0000000703400000| Untracked 
|  53|0x0000000703500000, 0x0000000703500000, 0x0000000703600000|  0%| F|  |TAMS 0x0000000703500000, 0x0000000703500000| Untracked 
|  54|0x0000000703600000, 0x0000000703600000, 0x0000000703700000|  0%| F|  |TAMS 0x0000000703600000, 0x0000000703600000| Untracked 
|  55|0x0000000703700000, 0x0000000703700000, 0x0000000703800000|  0%| F|  |TAMS 0x0000000703700000, 0x0000000703700000| Untracked 
|  56|0x0000000703800000, 0x0000000703800000, 0x0000000703900000|  0%| F|  |TAMS 0x0000000703800000, 0x0000000703800000| Untracked 
|  57|0x0000000703900000, 0x0000000703900000, 0x0000000703a00000|  0%| F|  |TAMS 0x0000000703900000, 0x0000000703900000| Untracked 
|  58|0x0000000703a00000, 0x0000000703a00000, 0x0000000703b00000|  0%| F|  |TAMS 0x0000000703a00000, 0x0000000703a00000| Untracked 
|  59|0x0000000703b00000, 0x0000000703b00000, 0x0000000703c00000|  0%| F|  |TAMS 0x0000000703b00000, 0x0000000703b00000| Untracked 
|  60|0x0000000703c00000, 0x0000000703c00000, 0x0000000703d00000|  0%| F|  |TAMS 0x0000000703c00000, 0x0000000703c00000| Untracked 
|  61|0x0000000703d00000, 0x0000000703d00000, 0x0000000703e00000|  0%| F|  |TAMS 0x0000000703d00000, 0x0000000703d00000| Untracked 
|  62|0x0000000703e00000, 0x0000000703e00000, 0x0000000703f00000|  0%| F|  |TAMS 0x0000000703e00000, 0x0000000703e00000| Untracked 
|  63|0x0000000703f00000, 0x0000000703f00000, 0x0000000704000000|  0%| F|  |TAMS 0x0000000703f00000, 0x0000000703f00000| Untracked 
|  64|0x0000000704000000, 0x0000000704000000, 0x0000000704100000|  0%| F|  |TAMS 0x0000000704000000, 0x0000000704000000| Untracked 
|  65|0x0000000704100000, 0x0000000704100000, 0x0000000704200000|  0%| F|  |TAMS 0x0000000704100000, 0x0000000704100000| Untracked 
|  66|0x0000000704200000, 0x0000000704200000, 0x0000000704300000|  0%| F|  |TAMS 0x0000000704200000, 0x0000000704200000| Untracked 
|  67|0x0000000704300000, 0x0000000704300000, 0x0000000704400000|  0%| F|  |TAMS 0x0000000704300000, 0x0000000704300000| Untracked 
|  68|0x0000000704400000, 0x0000000704400000, 0x0000000704500000|  0%| F|  |TAMS 0x0000000704400000, 0x0000000704400000| Untracked 
|  69|0x0000000704500000, 0x0000000704500000, 0x0000000704600000|  0%| F|  |TAMS 0x0000000704500000, 0x0000000704500000| Untracked 
|  70|0x0000000704600000, 0x0000000704600000, 0x0000000704700000|  0%| F|  |TAMS 0x0000000704600000, 0x0000000704600000| Untracked 
|  71|0x0000000704700000, 0x0000000704700000, 0x0000000704800000|  0%| F|  |TAMS 0x0000000704700000, 0x0000000704700000| Untracked 
|  72|0x0000000704800000, 0x0000000704800000, 0x0000000704900000|  0%| F|  |TAMS 0x0000000704800000, 0x0000000704800000| Untracked 
|  73|0x0000000704900000, 0x0000000704900000, 0x0000000704a00000|  0%| F|  |TAMS 0x0000000704900000, 0x0000000704900000| Untracked 
|  74|0x0000000704a00000, 0x0000000704a00000, 0x0000000704b00000|  0%| F|  |TAMS 0x0000000704a00000, 0x0000000704a00000| Untracked 
|  75|0x0000000704b00000, 0x0000000704b00000, 0x0000000704c00000|  0%| F|  |TAMS 0x0000000704b00000, 0x0000000704b00000| Untracked 
|  76|0x0000000704c00000, 0x0000000704c00000, 0x0000000704d00000|  0%| F|  |TAMS 0x0000000704c00000, 0x0000000704c00000| Untracked 
|  77|0x0000000704d00000, 0x0000000704d00000, 0x0000000704e00000|  0%| F|  |TAMS 0x0000000704d00000, 0x0000000704d00000| Untracked 
|  78|0x0000000704e00000, 0x0000000704e00000, 0x0000000704f00000|  0%| F|  |TAMS 0x0000000704e00000, 0x0000000704e00000| Untracked 
|  79|0x0000000704f00000, 0x0000000704f00000, 0x0000000705000000|  0%| F|  |TAMS 0x0000000704f00000, 0x0000000704f00000| Untracked 
|  80|0x0000000705000000, 0x0000000705000000, 0x0000000705100000|  0%| F|  |TAMS 0x0000000705000000, 0x0000000705000000| Untracked 
|  81|0x0000000705100000, 0x0000000705100000, 0x0000000705200000|  0%| F|  |TAMS 0x0000000705100000, 0x0000000705100000| Untracked 
|  82|0x0000000705200000, 0x0000000705200000, 0x0000000705300000|  0%| F|  |TAMS 0x0000000705200000, 0x0000000705200000| Untracked 
|  83|0x0000000705300000, 0x0000000705300000, 0x0000000705400000|  0%| F|  |TAMS 0x0000000705300000, 0x0000000705300000| Untracked 
|  84|0x0000000705400000, 0x0000000705400000, 0x0000000705500000|  0%| F|  |TAMS 0x0000000705400000, 0x0000000705400000| Untracked 
|  85|0x0000000705500000, 0x0000000705500000, 0x0000000705600000|  0%| F|  |TAMS 0x0000000705500000, 0x0000000705500000| Untracked 
|  86|0x0000000705600000, 0x0000000705600000, 0x0000000705700000|  0%| F|  |TAMS 0x0000000705600000, 0x0000000705600000| Untracked 
|  87|0x0000000705700000, 0x0000000705700000, 0x0000000705800000|  0%| F|  |TAMS 0x0000000705700000, 0x0000000705700000| Untracked 
|  88|0x0000000705800000, 0x0000000705800000, 0x0000000705900000|  0%| F|  |TAMS 0x0000000705800000, 0x0000000705800000| Untracked 
|  89|0x0000000705900000, 0x0000000705900000, 0x0000000705a00000|  0%| F|  |TAMS 0x0000000705900000, 0x0000000705900000| Untracked 
|  90|0x0000000705a00000, 0x0000000705a00000, 0x0000000705b00000|  0%| F|  |TAMS 0x0000000705a00000, 0x0000000705a00000| Untracked 
|  91|0x0000000705b00000, 0x0000000705b00000, 0x0000000705c00000|  0%| F|  |TAMS 0x0000000705b00000, 0x0000000705b00000| Untracked 
|  92|0x0000000705c00000, 0x0000000705c00000, 0x0000000705d00000|  0%| F|  |TAMS 0x0000000705c00000, 0x0000000705c00000| Untracked 
|  93|0x0000000705d00000, 0x0000000705d00000, 0x0000000705e00000|  0%| F|  |TAMS 0x0000000705d00000, 0x0000000705d00000| Untracked 
|  94|0x0000000705e00000, 0x0000000705e00000, 0x0000000705f00000|  0%| F|  |TAMS 0x0000000705e00000, 0x0000000705e00000| Untracked 
|  95|0x0000000705f00000, 0x0000000705f00000, 0x0000000706000000|  0%| F|  |TAMS 0x0000000705f00000, 0x0000000705f00000| Untracked 
|  96|0x0000000706000000, 0x0000000706000000, 0x0000000706100000|  0%| F|  |TAMS 0x0000000706000000, 0x0000000706000000| Untracked 
|  97|0x0000000706100000, 0x0000000706100000, 0x0000000706200000|  0%| F|  |TAMS 0x0000000706100000, 0x0000000706100000| Untracked 
|  98|0x0000000706200000, 0x0000000706200000, 0x0000000706300000|  0%| F|  |TAMS 0x0000000706200000, 0x0000000706200000| Untracked 
|  99|0x0000000706300000, 0x0000000706300000, 0x0000000706400000|  0%| F|  |TAMS 0x0000000706300000, 0x0000000706300000| Untracked 
| 100|0x0000000706400000, 0x0000000706400000, 0x0000000706500000|  0%| F|  |TAMS 0x0000000706400000, 0x0000000706400000| Untracked 
| 101|0x0000000706500000, 0x0000000706500000, 0x0000000706600000|  0%| F|  |TAMS 0x0000000706500000, 0x0000000706500000| Untracked 
| 102|0x0000000706600000, 0x0000000706600000, 0x0000000706700000|  0%| F|  |TAMS 0x0000000706600000, 0x0000000706600000| Untracked 
| 103|0x0000000706700000, 0x0000000706700000, 0x0000000706800000|  0%| F|  |TAMS 0x0000000706700000, 0x0000000706700000| Untracked 
| 104|0x0000000706800000, 0x0000000706800000, 0x0000000706900000|  0%| F|  |TAMS 0x0000000706800000, 0x0000000706800000| Untracked 
| 105|0x0000000706900000, 0x0000000706900000, 0x0000000706a00000|  0%| F|  |TAMS 0x0000000706900000, 0x0000000706900000| Untracked 
| 106|0x0000000706a00000, 0x0000000706a00000, 0x0000000706b00000|  0%| F|  |TAMS 0x0000000706a00000, 0x0000000706a00000| Untracked 
| 107|0x0000000706b00000, 0x0000000706b00000, 0x0000000706c00000|  0%| F|  |TAMS 0x0000000706b00000, 0x0000000706b00000| Untracked 
| 108|0x0000000706c00000, 0x0000000706c00000, 0x0000000706d00000|  0%| F|  |TAMS 0x0000000706c00000, 0x0000000706c00000| Untracked 
| 109|0x0000000706d00000, 0x0000000706d00000, 0x0000000706e00000|  0%| F|  |TAMS 0x0000000706d00000, 0x0000000706d00000| Untracked 
| 110|0x0000000706e00000, 0x0000000706e00000, 0x0000000706f00000|  0%| F|  |TAMS 0x0000000706e00000, 0x0000000706e00000| Untracked 
| 111|0x0000000706f00000, 0x0000000706f00000, 0x0000000707000000|  0%| F|  |TAMS 0x0000000706f00000, 0x0000000706f00000| Untracked 
| 112|0x0000000707000000, 0x0000000707000000, 0x0000000707100000|  0%| F|  |TAMS 0x0000000707000000, 0x0000000707000000| Untracked 
| 113|0x0000000707100000, 0x0000000707100000, 0x0000000707200000|  0%| F|  |TAMS 0x0000000707100000, 0x0000000707100000| Untracked 
| 114|0x0000000707200000, 0x0000000707200000, 0x0000000707300000|  0%| F|  |TAMS 0x0000000707200000, 0x0000000707200000| Untracked 
| 115|0x0000000707300000, 0x0000000707300000, 0x0000000707400000|  0%| F|  |TAMS 0x0000000707300000, 0x0000000707300000| Untracked 
| 116|0x0000000707400000, 0x0000000707400000, 0x0000000707500000|  0%| F|  |TAMS 0x0000000707400000, 0x0000000707400000| Untracked 
| 117|0x0000000707500000, 0x0000000707500000, 0x0000000707600000|  0%| F|  |TAMS 0x0000000707500000, 0x0000000707500000| Untracked 
| 118|0x0000000707600000, 0x0000000707600000, 0x0000000707700000|  0%| F|  |TAMS 0x0000000707600000, 0x0000000707600000| Untracked 
| 119|0x0000000707700000, 0x0000000707700000, 0x0000000707800000|  0%| F|  |TAMS 0x0000000707700000, 0x0000000707700000| Untracked 
| 120|0x0000000707800000, 0x0000000707800000, 0x0000000707900000|  0%| F|  |TAMS 0x0000000707800000, 0x0000000707800000| Untracked 
| 121|0x0000000707900000, 0x0000000707900000, 0x0000000707a00000|  0%| F|  |TAMS 0x0000000707900000, 0x0000000707900000| Untracked 
| 122|0x0000000707a00000, 0x0000000707a00000, 0x0000000707b00000|  0%| F|  |TAMS 0x0000000707a00000, 0x0000000707a00000| Untracked 
| 123|0x0000000707b00000, 0x0000000707b00000, 0x0000000707c00000|  0%| F|  |TAMS 0x0000000707b00000, 0x0000000707b00000| Untracked 
| 124|0x0000000707c00000, 0x0000000707c00000, 0x0000000707d00000|  0%| F|  |TAMS 0x0000000707c00000, 0x0000000707c00000| Untracked 
| 125|0x0000000707d00000, 0x0000000707d00000, 0x0000000707e00000|  0%| F|  |TAMS 0x0000000707d00000, 0x0000000707d00000| Untracked 
| 126|0x0000000707e00000, 0x0000000707e00000, 0x0000000707f00000|  0%| F|  |TAMS 0x0000000707e00000, 0x0000000707e00000| Untracked 
| 127|0x0000000707f00000, 0x0000000707f00000, 0x0000000708000000|  0%| F|  |TAMS 0x0000000707f00000, 0x0000000707f00000| Untracked 
| 128|0x0000000708000000, 0x0000000708000000, 0x0000000708100000|  0%| F|  |TAMS 0x0000000708000000, 0x0000000708000000| Untracked 
| 129|0x0000000708100000, 0x0000000708100000, 0x0000000708200000|  0%| F|  |TAMS 0x0000000708100000, 0x0000000708100000| Untracked 
| 130|0x0000000708200000, 0x0000000708200000, 0x0000000708300000|  0%| F|  |TAMS 0x0000000708200000, 0x0000000708200000| Untracked 
| 131|0x0000000708300000, 0x0000000708300000, 0x0000000708400000|  0%| F|  |TAMS 0x0000000708300000, 0x0000000708300000| Untracked 
| 132|0x0000000708400000, 0x0000000708400000, 0x0000000708500000|  0%| F|  |TAMS 0x0000000708400000, 0x0000000708400000| Untracked 
| 133|0x0000000708500000, 0x0000000708500000, 0x0000000708600000|  0%| F|  |TAMS 0x0000000708500000, 0x0000000708500000| Untracked 
| 134|0x0000000708600000, 0x000000070864c740, 0x0000000708700000| 29%| E|  |TAMS 0x0000000708600000, 0x0000000708600000| Complete 
| 135|0x0000000708700000, 0x0000000708800000, 0x0000000708800000|100%| E|CS|TAMS 0x0000000708700000, 0x0000000708700000| Complete 
| 136|0x0000000708800000, 0x0000000708900000, 0x0000000708900000|100%| E|CS|TAMS 0x0000000708800000, 0x0000000708800000| Complete 
| 137|0x0000000708900000, 0x0000000708a00000, 0x0000000708a00000|100%| E|CS|TAMS 0x0000000708900000, 0x0000000708900000| Complete 
| 138|0x0000000708a00000, 0x0000000708b00000, 0x0000000708b00000|100%| E|CS|TAMS 0x0000000708a00000, 0x0000000708a00000| Complete 
| 139|0x0000000708b00000, 0x0000000708c00000, 0x0000000708c00000|100%| E|CS|TAMS 0x0000000708b00000, 0x0000000708b00000| Complete 
| 140|0x0000000708c00000, 0x0000000708d00000, 0x0000000708d00000|100%| E|CS|TAMS 0x0000000708c00000, 0x0000000708c00000| Complete 
| 141|0x0000000708d00000, 0x0000000708e00000, 0x0000000708e00000|100%| E|CS|TAMS 0x0000000708d00000, 0x0000000708d00000| Complete 
| 142|0x0000000708e00000, 0x0000000708f00000, 0x0000000708f00000|100%| E|CS|TAMS 0x0000000708e00000, 0x0000000708e00000| Complete 
| 143|0x0000000708f00000, 0x0000000709000000, 0x0000000709000000|100%| E|CS|TAMS 0x0000000708f00000, 0x0000000708f00000| Complete 
| 144|0x0000000709000000, 0x0000000709100000, 0x0000000709100000|100%| E|CS|TAMS 0x0000000709000000, 0x0000000709000000| Complete 
| 145|0x0000000709100000, 0x0000000709200000, 0x0000000709200000|100%| E|CS|TAMS 0x0000000709100000, 0x0000000709100000| Complete 
| 146|0x0000000709200000, 0x0000000709300000, 0x0000000709300000|100%| E|CS|TAMS 0x0000000709200000, 0x0000000709200000| Complete 
| 147|0x0000000709300000, 0x0000000709400000, 0x0000000709400000|100%| E|CS|TAMS 0x0000000709300000, 0x0000000709300000| Complete 
| 148|0x0000000709400000, 0x0000000709500000, 0x0000000709500000|100%| E|CS|TAMS 0x0000000709400000, 0x0000000709400000| Complete 
| 149|0x0000000709500000, 0x0000000709600000, 0x0000000709600000|100%| E|CS|TAMS 0x0000000709500000, 0x0000000709500000| Complete 
| 150|0x0000000709600000, 0x0000000709700000, 0x0000000709700000|100%| E|CS|TAMS 0x0000000709600000, 0x0000000709600000| Complete 
| 151|0x0000000709700000, 0x0000000709800000, 0x0000000709800000|100%| E|CS|TAMS 0x0000000709700000, 0x0000000709700000| Complete 
| 152|0x0000000709800000, 0x0000000709900000, 0x0000000709900000|100%| E|CS|TAMS 0x0000000709800000, 0x0000000709800000| Complete 
| 153|0x0000000709900000, 0x0000000709a00000, 0x0000000709a00000|100%| S|CS|TAMS 0x0000000709900000, 0x0000000709900000| Complete 
| 154|0x0000000709a00000, 0x0000000709b00000, 0x0000000709b00000|100%| S|CS|TAMS 0x0000000709a00000, 0x0000000709a00000| Complete 
| 155|0x0000000709b00000, 0x0000000709c00000, 0x0000000709c00000|100%| S|CS|TAMS 0x0000000709b00000, 0x0000000709b00000| Complete 
| 156|0x0000000709c00000, 0x0000000709d00000, 0x0000000709d00000|100%| S|CS|TAMS 0x0000000709c00000, 0x0000000709c00000| Complete 
| 157|0x0000000709d00000, 0x0000000709e00000, 0x0000000709e00000|100%| S|CS|TAMS 0x0000000709d00000, 0x0000000709d00000| Complete 
| 158|0x0000000709e00000, 0x0000000709f00000, 0x0000000709f00000|100%| S|CS|TAMS 0x0000000709e00000, 0x0000000709e00000| Complete 
| 159|0x0000000709f00000, 0x000000070a000000, 0x000000070a000000|100%| S|CS|TAMS 0x0000000709f00000, 0x0000000709f00000| Complete 
| 160|0x000000070a000000, 0x000000070a073500, 0x000000070a100000| 45%| S|CS|TAMS 0x000000070a000000, 0x000000070a000000| Complete 
| 307|0x0000000713300000, 0x0000000713400000, 0x0000000713400000|100%| E|CS|TAMS 0x0000000713300000, 0x0000000713300000| Complete 

Card table byte_map: [0x000001a5a2230000,0x000001a5a2a30000] _byte_map_base: 0x000001a59ea30000

Marking Bits (Prev, Next): (CMBitMap*) 0x000001a58a2ed828, (CMBitMap*) 0x000001a58a2ed868
 Prev Bits: [0x000001a5a3230000, 0x000001a5a7230000)
 Next Bits: [0x000001a5a7230000, 0x000001a5ab230000)

Polling page: 0x000001a588420000

Metaspace:

Usage:
  Non-class:     30.95 MB capacity,    30.21 MB ( 98%) used,   622.23 KB (  2%) free+waste,   138.13 KB ( <1%) overhead. 
      Class:      4.36 MB capacity,     3.93 MB ( 90%) used,   374.01 KB (  8%) free+waste,    62.38 KB (  1%) overhead. 
       Both:     35.31 MB capacity,    34.14 MB ( 97%) used,   996.24 KB (  3%) free+waste,   200.50 KB ( <1%) overhead. 

Virtual space:
  Non-class space:       32.00 MB reserved,      31.13 MB ( 97%) committed 
      Class space:        1.00 GB reserved,       4.38 MB ( <1%) committed 
             Both:        1.03 GB reserved,      35.50 MB (  3%) committed 

Chunk freelists:
   Non-Class:  50.00 KB
       Class:  0 bytes
        Both:  50.00 KB

MaxMetaspaceSize: 17179869184.00 GB
CompressedClassSpaceSize: 1.00 GB

CodeHeap 'non-profiled nmethods': size=120000Kb used=3357Kb max_used=3357Kb free=116642Kb
 bounds [0x000001a59a500000, 0x000001a59a850000, 0x000001a5a1a30000]
CodeHeap 'profiled nmethods': size=120000Kb used=12078Kb max_used=12078Kb free=107922Kb
 bounds [0x000001a592fd0000, 0x000001a593ba0000, 0x000001a59a500000]
CodeHeap 'non-nmethods': size=5760Kb used=1265Kb max_used=1316Kb free=4494Kb
 bounds [0x000001a592a30000, 0x000001a592ca0000, 0x000001a592fd0000]
 total_blobs=5967 nmethods=5429 adapters=450
 compilation: enabled
              stopped_count=0, restarted_count=0
 full_count=0

Compilation events (20 events):
Event: 50.258 Thread 0x000001a5adfea000 6237       3       java.util.TreeMap::getEntryUsingComparator (74 bytes)
Event: 50.258 Thread 0x000001a5adfea000 nmethod 6237 0x000001a593b95210 code [0x000001a593b953e0, 0x000001a593b957c8]
Event: 50.259 Thread 0x000001a5adfea000 6239       3       java.util.concurrent.ConcurrentHashMap::<init> (73 bytes)
Event: 50.260 Thread 0x000001a5adfea000 nmethod 6239 0x000001a593b95910 code [0x000001a593b95b20, 0x000001a593b960b8]
Event: 50.260 Thread 0x000001a5adfea000 6238   !   3       sun.net.www.protocol.jar.JarURLConnection$JarURLInputStream::close (51 bytes)
Event: 50.260 Thread 0x000001a5adfea000 nmethod 6238 0x000001a593b96290 code [0x000001a593b964a0, 0x000001a593b96c28]
Event: 50.264 Thread 0x000001a5adfea000 6240       1       org.apache.commons.io.filefilter.TrueFileFilter::accept (2 bytes)
Event: 50.264 Thread 0x000001a5adfea000 nmethod 6240 0x000001a59a847410 code [0x000001a59a8475a0, 0x000001a59a847678]
Event: 50.265 Thread 0x000001a5adfea000 6241 %     3       java.util.Properties::load0 @ 29 (249 bytes)
Event: 50.266 Thread 0x000001a5adfea000 nmethod 6241% 0x000001a593b96f10 code [0x000001a593b97160, 0x000001a593b97d08]
Event: 50.268 Thread 0x000001a5adfea000 6242       3       java.io.File::<init> (111 bytes)
Event: 50.269 Thread 0x000001a5adfea000 nmethod 6242 0x000001a593b98110 code [0x000001a593b983c0, 0x000001a593b98e98]
Event: 50.270 Thread 0x000001a5adfea000 6243       3       sun.security.x509.X509AttributeName::<init> (55 bytes)
Event: 50.271 Thread 0x000001a5adfea000 nmethod 6243 0x000001a593b99210 code [0x000001a593b99440, 0x000001a593b99c58]
Event: 50.271 Thread 0x000001a5adfea000 6246       2       java.util.Formatter$FormatSpecifier::print (238 bytes)
Event: 50.271 Thread 0x000001a5adfea000 nmethod 6246 0x000001a593b99f10 code [0x000001a593b9a140, 0x000001a593b9a568]
Event: 50.271 Thread 0x000001a5adfea000 6244       3       sun.security.x509.X509CertInfo::getX500Name (69 bytes)
Event: 50.272 Thread 0x000001a5adfea000 nmethod 6244 0x000001a593b9a790 code [0x000001a593b9a9a0, 0x000001a593b9ae28]
Event: 50.272 Thread 0x000001a5adfea000 6245       3       java.util.LinkedHashSet::<init> (9 bytes)
Event: 50.272 Thread 0x000001a5adfea000 nmethod 6245 0x000001a593b9b010 code [0x000001a593b9b200, 0x000001a593b9b648]

GC Heap History (20 events):
Event: 0.344 GC heap before
{Heap before GC invocations=0 (full 0):
 garbage-first heap   total 262144K, used 12288K [0x0000000700000000, 0x0000000800000000)
  region size 1024K, 13 young (13312K), 0 survivors (0K)
 Metaspace       used 245K, capacity 4480K, committed 4480K, reserved 1056768K
  class space    used 10K, capacity 384K, committed 384K, reserved 1048576K
}
Event: 0.348 GC heap after
{Heap after GC invocations=1 (full 0):
 garbage-first heap   total 262144K, used 639K [0x0000000700000000, 0x0000000800000000)
  region size 1024K, 1 young (1024K), 1 survivors (1024K)
 Metaspace       used 245K, capacity 4480K, committed 4480K, reserved 1056768K
  class space    used 10K, capacity 384K, committed 384K, reserved 1048576K
}
Event: 0.801 GC heap before
{Heap before GC invocations=1 (full 0):
 garbage-first heap   total 262144K, used 20095K [0x0000000700000000, 0x0000000800000000)
  region size 1024K, 20 young (20480K), 1 survivors (1024K)
 Metaspace       used 2181K, capacity 5172K, committed 5504K, reserved 1056768K
  class space    used 224K, capacity 519K, committed 640K, reserved 1048576K
}
Event: 0.806 GC heap after
{Heap after GC invocations=2 (full 0):
 garbage-first heap   total 262144K, used 6192K [0x0000000700000000, 0x0000000800000000)
  region size 1024K, 3 young (3072K), 3 survivors (3072K)
 Metaspace       used 2181K, capacity 5172K, committed 5504K, reserved 1056768K
  class space    used 224K, capacity 519K, committed 640K, reserved 1048576K
}
Event: 3.050 GC heap before
{Heap before GC invocations=2 (full 0):
 garbage-first heap   total 262144K, used 162864K [0x0000000700000000, 0x0000000800000000)
  region size 1024K, 153 young (156672K), 3 survivors (3072K)
 Metaspace       used 8610K, capacity 9617K, committed 9728K, reserved 1058816K
  class space    used 856K, capacity 1024K, committed 1024K, reserved 1048576K
}
Event: 3.073 GC heap after
{Heap after GC invocations=3 (full 0):
 garbage-first heap   total 262144K, used 32357K [0x0000000700000000, 0x0000000800000000)
  region size 1024K, 20 young (20480K), 20 survivors (20480K)
 Metaspace       used 8610K, capacity 9617K, committed 9728K, reserved 1058816K
  class space    used 856K, capacity 1024K, committed 1024K, reserved 1048576K
}
Event: 3.324 GC heap before
{Heap before GC invocations=3 (full 0):
 garbage-first heap   total 262144K, used 71269K [0x0000000700000000, 0x0000000800000000)
  region size 1024K, 58 young (59392K), 20 survivors (20480K)
 Metaspace       used 9015K, capacity 9917K, committed 10112K, reserved 1058816K
  class space    used 895K, capacity 1059K, committed 1152K, reserved 1048576K
}
Event: 3.342 GC heap after
{Heap after GC invocations=4 (full 0):
 garbage-first heap   total 262144K, used 33968K [0x0000000700000000, 0x0000000800000000)
  region size 1024K, 3 young (3072K), 3 survivors (3072K)
 Metaspace       used 9015K, capacity 9917K, committed 10112K, reserved 1058816K
  class space    used 895K, capacity 1059K, committed 1152K, reserved 1048576K
}
Event: 4.684 GC heap before
{Heap before GC invocations=4 (full 0):
 garbage-first heap   total 262144K, used 178352K [0x0000000700000000, 0x0000000800000000)
  region size 1024K, 143 young (146432K), 3 survivors (3072K)
 Metaspace       used 15517K, capacity 16044K, committed 16256K, reserved 1062912K
  class space    used 1716K, capacity 1908K, committed 1920K, reserved 1048576K
}
Event: 4.694 GC heap after
{Heap after GC invocations=5 (full 0):
 garbage-first heap   total 315392K, used 35866K [0x0000000700000000, 0x0000000800000000)
  region size 1024K, 5 young (5120K), 5 survivors (5120K)
 Metaspace       used 15517K, capacity 16044K, committed 16256K, reserved 1062912K
  class space    used 1716K, capacity 1908K, committed 1920K, reserved 1048576K
}
Event: 5.881 GC heap before
{Heap before GC invocations=5 (full 0):
 garbage-first heap   total 315392K, used 147482K [0x0000000700000000, 0x0000000800000000)
  region size 1024K, 111 young (113664K), 5 survivors (5120K)
 Metaspace       used 20668K, capacity 21201K, committed 21248K, reserved 1069056K
  class space    used 2325K, capacity 2551K, committed 2560K, reserved 1048576K
}
Event: 5.893 GC heap after
{Heap after GC invocations=6 (full 0):
 garbage-first heap   total 315392K, used 46578K [0x0000000700000000, 0x0000000800000000)
  region size 1024K, 11 young (11264K), 11 survivors (11264K)
 Metaspace       used 20668K, capacity 21201K, committed 21248K, reserved 1069056K
  class space    used 2325K, capacity 2551K, committed 2560K, reserved 1048576K
}
Event: 7.445 GC heap before
{Heap before GC invocations=7 (full 0):
 garbage-first heap   total 160768K, used 160242K [0x0000000700000000, 0x0000000800000000)
  region size 1024K, 122 young (124928K), 11 survivors (11264K)
 Metaspace       used 28094K, capacity 28913K, committed 29184K, reserved 1075200K
  class space    used 3189K, capacity 3493K, committed 3584K, reserved 1048576K
}
Event: 7.466 GC heap after
{Heap after GC invocations=8 (full 0):
 garbage-first heap   total 172032K, used 42769K [0x0000000700000000, 0x0000000800000000)
  region size 1024K, 11 young (11264K), 11 survivors (11264K)
 Metaspace       used 28094K, capacity 28913K, committed 29184K, reserved 1075200K
  class space    used 3189K, capacity 3493K, committed 3584K, reserved 1048576K
}
Event: 12.181 GC heap before
{Heap before GC invocations=8 (full 0):
 garbage-first heap   total 172032K, used 132881K [0x0000000700000000, 0x0000000800000000)
  region size 1024K, 100 young (102400K), 11 survivors (11264K)
 Metaspace       used 33872K, capacity 35003K, committed 35200K, reserved 1079296K
  class space    used 4001K, capacity 4440K, committed 4480K, reserved 1048576K
}
Event: 12.198 GC heap after
{Heap after GC invocations=9 (full 0):
 garbage-first heap   total 172032K, used 45228K [0x0000000700000000, 0x0000000800000000)
  region size 1024K, 10 young (10240K), 10 survivors (10240K)
 Metaspace       used 33872K, capacity 35003K, committed 35200K, reserved 1079296K
  class space    used 4001K, capacity 4440K, committed 4480K, reserved 1048576K
}
Event: 32.612 GC heap before
{Heap before GC invocations=9 (full 0):
 garbage-first heap   total 172032K, used 122028K [0x0000000700000000, 0x0000000800000000)
  region size 1024K, 86 young (88064K), 10 survivors (10240K)
 Metaspace       used 34686K, capacity 35790K, committed 35840K, reserved 1081344K
  class space    used 4003K, capacity 4441K, committed 4480K, reserved 1048576K
}
Event: 32.628 GC heap after
{Heap after GC invocations=10 (full 0):
 garbage-first heap   total 206848K, used 44963K [0x0000000700000000, 0x0000000800000000)
  region size 1024K, 7 young (7168K), 7 survivors (7168K)
 Metaspace       used 34686K, capacity 35790K, committed 35840K, reserved 1081344K
  class space    used 4003K, capacity 4441K, committed 4480K, reserved 1048576K
}
Event: 48.130 GC heap before
{Heap before GC invocations=11 (full 0):
 garbage-first heap   total 157696K, used 156579K [0x0000000700000000, 0x0000000800000000)
  region size 1024K, 116 young (118784K), 7 survivors (7168K)
 Metaspace       used 34882K, capacity 36026K, committed 36096K, reserved 1081344K
  class space    used 4025K, capacity 4462K, committed 4480K, reserved 1048576K
}
Event: 48.146 GC heap after
{Heap after GC invocations=12 (full 0):
 garbage-first heap   total 165888K, used 45561K [0x0000000700000000, 0x0000000800000000)
  region size 1024K, 8 young (8192K), 8 survivors (8192K)
 Metaspace       used 34882K, capacity 36026K, committed 36096K, reserved 1081344K
  class space    used 4025K, capacity 4462K, committed 4480K, reserved 1048576K
}

Deoptimization events (20 events):
Event: 49.339 Thread 0x000001a5afe52800 Uncommon trap: trap_request=0xffffffde fr.pc=0x000001a59a834de8 relative=0x0000000000000128
Event: 49.339 Thread 0x000001a5afe52800 Uncommon trap: reason=class_check action=maybe_recompile pc=0x000001a59a834de8 method=java.util.HashSet.remove(Ljava/lang/Object;)Z @ 5 c2
Event: 49.339 Thread 0x000001a5afe52800 DEOPT PACKING pc=0x000001a59a834de8 sp=0x00000022283fb990
Event: 49.339 Thread 0x000001a5afe52800 DEOPT UNPACKING pc=0x000001a592a7912f sp=0x00000022283fb918 mode 2
Event: 49.587 Thread 0x000001a5afe52800 Uncommon trap: trap_request=0xffffff45 fr.pc=0x000001a59a70bdfc relative=0x000000000000017c
Event: 49.587 Thread 0x000001a5afe52800 Uncommon trap: reason=unstable_if action=reinterpret pc=0x000001a59a70bdfc method=java.util.TreeMap.compare(Ljava/lang/Object;Ljava/lang/Object;)I @ 4 c2
Event: 49.587 Thread 0x000001a5afe52800 DEOPT PACKING pc=0x000001a59a70bdfc sp=0x00000022283fc4c0
Event: 49.588 Thread 0x000001a5afe52800 DEOPT UNPACKING pc=0x000001a592a7912f sp=0x00000022283fc490 mode 2
Event: 50.134 Thread 0x000001a5afe52800 Uncommon trap: trap_request=0xffffffde fr.pc=0x000001a59a834de8 relative=0x0000000000000128
Event: 50.134 Thread 0x000001a5afe52800 Uncommon trap: reason=class_check action=maybe_recompile pc=0x000001a59a834de8 method=java.util.HashSet.remove(Ljava/lang/Object;)Z @ 5 c2
Event: 50.134 Thread 0x000001a5afe52800 DEOPT PACKING pc=0x000001a59a834de8 sp=0x00000022283fb990
Event: 50.134 Thread 0x000001a5afe52800 DEOPT UNPACKING pc=0x000001a592a7912f sp=0x00000022283fb918 mode 2
Event: 50.277 Thread 0x000001a5b1bd8800 Uncommon trap: trap_request=0xffffff45 fr.pc=0x000001a59a790300 relative=0x0000000000000740
Event: 50.277 Thread 0x000001a5b1bd8800 Uncommon trap: reason=unstable_if action=reinterpret pc=0x000001a59a790300 method=java.lang.Integer.stringSize(I)I @ 3 c2
Event: 50.277 Thread 0x000001a5b1bd8800 DEOPT PACKING pc=0x000001a59a790300 sp=0x00000022296fefd0
Event: 50.277 Thread 0x000001a5b1bd8800 DEOPT UNPACKING pc=0x000001a592a7912f sp=0x00000022296feed8 mode 2
Event: 50.277 Thread 0x000001a5b1bd8800 Uncommon trap: trap_request=0xffffff45 fr.pc=0x000001a59a59f698 relative=0x0000000000000298
Event: 50.277 Thread 0x000001a5b1bd8800 Uncommon trap: reason=unstable_if action=reinterpret pc=0x000001a59a59f698 method=java.lang.Integer.getChars(II[B)I @ 4 c2
Event: 50.277 Thread 0x000001a5b1bd8800 DEOPT PACKING pc=0x000001a59a59f698 sp=0x00000022296fef30
Event: 50.277 Thread 0x000001a5b1bd8800 DEOPT UNPACKING pc=0x000001a592a7912f sp=0x00000022296feec0 mode 2

Classes unloaded (0 events):
No events

Classes redefined (0 events):
No events

Internal exceptions (20 events):
Event: 8.490 Thread 0x000001a5afe52800 Exception <a 'java/lang/NoSuchMethodError'{0x00000007079fed08}: 'double java.lang.invoke.DirectMethodHandle$Holder.invokeVirtual(java.lang.Object, java.lang.Object)'> (0x00000007079fed08) 
thrown [./open/src/hotspot/share/interpreter/linkResolver.cpp, line 766]
Event: 8.491 Thread 0x000001a5afe52800 Exception <a 'java/lang/NoSuchMethodError'{0x00000007078045e0}: 'float java.lang.invoke.DirectMethodHandle$Holder.invokeVirtual(java.lang.Object, java.lang.Object)'> (0x00000007078045e0) 
thrown [./open/src/hotspot/share/interpreter/linkResolver.cpp, line 766]
Event: 8.492 Thread 0x000001a5afe52800 Exception <a 'java/lang/NoSuchMethodError'{0x000000070780bf80}: 'long java.lang.invoke.DirectMethodHandle$Holder.invokeVirtual(java.lang.Object, java.lang.Object)'> (0x000000070780bf80) 
thrown [./open/src/hotspot/share/interpreter/linkResolver.cpp, line 766]
Event: 10.114 Thread 0x000001a5afe52800 Exception <a 'java/lang/NoSuchMethodError'{0x0000000705914480}: 'java.lang.Object java.lang.invoke.DirectMethodHandle$Holder.invokeSpecialIFC(java.lang.Object, java.lang.Object, java.lang.Object)'> (0x0000000705914480) 
thrown [./open/src/hotspot/share/interpreter/linkResolver.cpp, line 766]
Event: 10.684 Thread 0x000001a5afe52800 Exception <a 'java/lang/NullPointerException'{0x0000000705387838}> (0x0000000705387838) 
thrown [./open/src/hotspot/share/interpreter/linkResolver.cpp, line 1348]
Event: 10.726 Thread 0x000001a5afe52800 Exception <a 'java/lang/ClassNotFoundException'{0x0000000705207638}: sun/misc/SharedSecrets> (0x0000000705207638) 
thrown [./open/src/hotspot/share/classfile/systemDictionary.cpp, line 226]
Event: 11.568 Thread 0x000001a5afe52800 Exception <a 'java/lang/NullPointerException'{0x0000000704ad9810}> (0x0000000704ad9810) 
thrown [./open/src/hotspot/share/interpreter/linkResolver.cpp, line 1348]
Event: 12.136 Thread 0x000001a5afe52800 Exception <a 'java/lang/NullPointerException'{0x000000070454a288}> (0x000000070454a288) 
thrown [./open/src/hotspot/share/interpreter/linkResolver.cpp, line 1348]
Event: 15.036 Thread 0x000001a5ae29d000 Exception <a 'java/io/IOException'{0x000000070c40c9d0}: CreateProcess error=1455, The paging file is too small for this operation to complete> (0x000000070c40c9d0) 
thrown [./open/src/hotspot/share/prims/jni.cpp, line 620]
Event: 47.724 Thread 0x000001a5afe52800 Exception <a 'java/lang/reflect/InvocationTargetException'{0x0000000704db1f18}> (0x0000000704db1f18) 
thrown [./open/src/hotspot/share/runtime/reflection.cpp, line 1188]
Event: 48.248 Thread 0x000001a5afe52800 Exception <a 'java/net/SocketException'{0x00000007091f6718}: Socket is not connected: shutdown> (0x00000007091f6718) 
thrown [./open/src/hotspot/share/prims/jni.cpp, line 620]
Event: 48.255 Thread 0x000001a5afe52800 Implicit null exception at 0x000001a59a7c3e02 to 0x000001a59a7c4304
Event: 48.770 Thread 0x000001a5af42d800 Exception <a 'java/net/SocketException'{0x00000007090817f0}: Socket is not connected: shutdown> (0x00000007090817f0) 
thrown [./open/src/hotspot/share/prims/jni.cpp, line 620]
Event: 49.294 Thread 0x000001a5af42d800 Exception <a 'java/net/SocketException'{0x0000000709082ab0}: Socket is not connected: shutdown> (0x0000000709082ab0) 
thrown [./open/src/hotspot/share/prims/jni.cpp, line 620]
Event: 49.589 Thread 0x000001a5afe52800 Exception <a 'java/lang/reflect/InvocationTargetException'{0x0000000708d12be8}> (0x0000000708d12be8) 
thrown [./open/src/hotspot/share/runtime/reflection.cpp, line 1188]
Event: 49.605 Thread 0x000001a5afe52800 Exception <a 'java/net/SocketException'{0x0000000708c8cdb0}: Socket is not connected: shutdown> (0x0000000708c8cdb0) 
thrown [./open/src/hotspot/share/prims/jni.cpp, line 620]
Event: 50.111 Thread 0x000001a5af42d800 Exception <a 'java/net/SocketException'{0x0000000709090390}: Socket is not connected: shutdown> (0x0000000709090390) 
thrown [./open/src/hotspot/share/prims/jni.cpp, line 620]
Event: 50.243 Thread 0x000001a5afe52800 Exception <a 'java/lang/reflect/InvocationTargetException'{0x0000000708909ca0}> (0x0000000708909ca0) 
thrown [./open/src/hotspot/share/runtime/reflection.cpp, line 1188]
Event: 50.266 Thread 0x000001a5afe52800 Exception <a 'java/net/SocketException'{0x0000000708798fc8}: Socket is not connected: shutdown> (0x0000000708798fc8) 
thrown [./open/src/hotspot/share/prims/jni.cpp, line 620]
Event: 50.277 Thread 0x000001a5b1bd8800 Exception <a 'java/io/IOException'{0x00000007086058b8}: CreateProcess error=1455, The paging file is too small for this operation to complete> (0x00000007086058b8) 
thrown [./open/src/hotspot/share/prims/jni.cpp, line 620]

Events (20 events):
Event: 49.336 Executing VM operation: HandshakeOneThread done
Event: 49.610 Thread 0x000001a5b1bd7000 Thread added: 0x000001a5b1bd7000
Event: 49.610 Executing VM operation: HandshakeOneThread
Event: 49.610 Executing VM operation: HandshakeOneThread done
Event: 49.620 Thread 0x000001a5b1bdc000 Thread added: 0x000001a5b1bdc000
Event: 49.620 Thread 0x000001a5b1bd9800 Thread added: 0x000001a5b1bd9800
Event: 50.130 Executing VM operation: HandshakeOneThread
Event: 50.130 Executing VM operation: HandshakeOneThread done
Event: 50.130 Executing VM operation: HandshakeOneThread
Event: 50.130 Executing VM operation: HandshakeOneThread done
Event: 50.130 Executing VM operation: HandshakeOneThread
Event: 50.131 Executing VM operation: HandshakeOneThread done
Event: 50.131 Executing VM operation: HandshakeOneThread
Event: 50.131 Executing VM operation: HandshakeOneThread done
Event: 50.271 Thread 0x000001a5b1bd8800 Thread added: 0x000001a5b1bd8800
Event: 50.275 Executing VM operation: HandshakeOneThread
Event: 50.275 Executing VM operation: HandshakeOneThread done
Event: 50.277 Executing VM operation: HandshakeOneThread
Event: 50.278 Executing VM operation: HandshakeOneThread done
Event: 50.278 Thread 0x000001a5b1bd8800 Thread exited: 0x000001a5b1bd8800


Dynamic libraries:
0x00007ff624b50000 - 0x00007ff624b5f000 	C:\Program Files\Java\jdk-14.0.2\bin\java.exe
0x00007ffa05bf0000 - 0x00007ffa05de8000 	C:\WINDOWS\SYSTEM32\ntdll.dll
0x00007ff9d8b00000 - 0x00007ff9d8b74000 	C:\WINDOWS\System32\verifier.dll
0x00007ff9ddd90000 - 0x00007ff9dde84000 	C:\WINDOWS\SYSTEM32\PayloadRestrictions.dll
0x00007ffa03650000 - 0x00007ffa03750000 	C:\WINDOWS\System32\ucrtbase.dll
0x00007ffa037f0000 - 0x00007ffa03abe000 	C:\WINDOWS\System32\kernelbase.dll
0x00007ffa03fd0000 - 0x00007ffa0408d000 	C:\WINDOWS\System32\kernel32.dll
0x00007ff9f6fe0000 - 0x00007ff9f6ff8000 	C:\Program Files\Java\jdk-14.0.2\bin\jli.dll
0x00007ffa03e20000 - 0x00007ffa03ece000 	C:\WINDOWS\System32\ADVAPI32.dll
0x00007ffa04be0000 - 0x00007ffa04c7e000 	C:\WINDOWS\System32\msvcrt.dll
0x00007ffa04e30000 - 0x00007ffa04ecc000 	C:\WINDOWS\System32\sechost.dll
0x00007ffa05950000 - 0x00007ffa05a75000 	C:\WINDOWS\System32\RPCRT4.dll
0x00007ffa05740000 - 0x00007ffa058e0000 	C:\WINDOWS\System32\USER32.dll
0x00007ffa03570000 - 0x00007ffa03592000 	C:\WINDOWS\System32\win32u.dll
0x00007ffa05700000 - 0x00007ffa0572a000 	C:\WINDOWS\System32\GDI32.dll
0x00007ffa03b10000 - 0x00007ffa03c1b000 	C:\WINDOWS\System32\gdi32full.dll
0x00007ffa03750000 - 0x00007ffa037ed000 	C:\WINDOWS\System32\msvcp_win.dll
0x00007ff9f1200000 - 0x00007ff9f1215000 	C:\Program Files\Java\jdk-14.0.2\bin\VCRUNTIME140.dll
0x00007ff9edc30000 - 0x00007ff9edeca000 	C:\WINDOWS\WinSxS\amd64_microsoft.windows.common-controls_6595b64144ccf1df_6.0.19041.1110_none_60b5254171f9507e\COMCTL32.dll
0x00007ff9fc950000 - 0x00007ff9fc95a000 	C:\WINDOWS\SYSTEM32\VERSION.dll
0x00007ffa04090000 - 0x00007ffa040c0000 	C:\WINDOWS\System32\IMM32.DLL
0x00007ff9dd910000 - 0x00007ff9dd9ab000 	C:\Program Files\Java\jdk-14.0.2\bin\msvcp140.dll
0x00007ff9d1920000 - 0x00007ff9d243e000 	C:\Program Files\Java\jdk-14.0.2\bin\server\jvm.dll
0x00007ffa04480000 - 0x00007ffa04488000 	C:\WINDOWS\System32\PSAPI.DLL
0x00007ff9fc340000 - 0x00007ff9fc349000 	C:\WINDOWS\SYSTEM32\WSOCK32.dll
0x00007ffa05050000 - 0x00007ffa050bb000 	C:\WINDOWS\System32\WS2_32.dll
0x00007ff9f7f70000 - 0x00007ff9f7f97000 	C:\WINDOWS\SYSTEM32\WINMM.dll
0x00007ffa01230000 - 0x00007ffa01242000 	C:\WINDOWS\SYSTEM32\kernel.appcore.dll
0x00007ff9f6fa0000 - 0x00007ff9f6faa000 	C:\Program Files\Java\jdk-14.0.2\bin\jimage.dll
0x00007ff9f7fa0000 - 0x00007ff9f8184000 	C:\WINDOWS\SYSTEM32\DBGHELP.DLL
0x00007ff9f7f40000 - 0x00007ff9f7f6c000 	C:\WINDOWS\SYSTEM32\dbgcore.DLL
0x00007ffa034e0000 - 0x00007ffa03562000 	C:\WINDOWS\System32\bcryptPrimitives.dll
0x00007ff9eb310000 - 0x00007ff9eb335000 	C:\Program Files\Java\jdk-14.0.2\bin\java.dll
0x00007ff9f09b0000 - 0x00007ff9f09c6000 	C:\Program Files\Java\jdk-14.0.2\bin\zip.dll
0x00007ffa04490000 - 0x00007ffa04bd4000 	C:\WINDOWS\System32\SHELL32.dll
0x00007ffa01430000 - 0x00007ffa01bc4000 	C:\WINDOWS\SYSTEM32\windows.storage.dll
0x00007ffa04120000 - 0x00007ffa04474000 	C:\WINDOWS\System32\combase.dll
0x00007ffa02d00000 - 0x00007ffa02d30000 	C:\WINDOWS\SYSTEM32\Wldp.dll
0x00007ffa04ed0000 - 0x00007ffa04f7d000 	C:\WINDOWS\System32\SHCORE.dll
0x00007ffa040c0000 - 0x00007ffa04115000 	C:\WINDOWS\System32\shlwapi.dll
0x00007ffa03250000 - 0x00007ffa0326f000 	C:\WINDOWS\SYSTEM32\profapi.dll
0x00007ff9ef1b0000 - 0x00007ff9ef1c9000 	C:\Program Files\Java\jdk-14.0.2\bin\net.dll
0x00007ff9fcb40000 - 0x00007ff9fcc4a000 	C:\WINDOWS\SYSTEM32\WINHTTP.dll
0x00007ffa02a60000 - 0x00007ffa02aca000 	C:\WINDOWS\system32\mswsock.dll
0x00007ff9ea830000 - 0x00007ff9ea842000 	C:\Program Files\Java\jdk-14.0.2\bin\nio.dll
0x00007ff9ecf40000 - 0x00007ff9ecf49000 	C:\Program Files\Java\jdk-14.0.2\bin\management.dll
0x00007ff9ecde0000 - 0x00007ff9ecdeb000 	C:\Program Files\Java\jdk-14.0.2\bin\management_ext.dll
0x00007ff9f6e70000 - 0x00007ff9f6e80000 	C:\Program Files\Java\jdk-14.0.2\bin\verify.dll
0x00007ffa02c50000 - 0x00007ffa02c68000 	C:\WINDOWS\SYSTEM32\CRYPTSP.dll
0x00007ffa023e0000 - 0x00007ffa02414000 	C:\WINDOWS\system32\rsaenh.dll
0x00007ffa03c20000 - 0x00007ffa03c47000 	C:\WINDOWS\System32\bcrypt.dll
0x00007ffa031d0000 - 0x00007ffa031fe000 	C:\WINDOWS\SYSTEM32\USERENV.dll
0x00007ffa02c70000 - 0x00007ffa02c7c000 	C:\WINDOWS\SYSTEM32\CRYPTBASE.dll
0x00007ffa02750000 - 0x00007ffa0278b000 	C:\WINDOWS\SYSTEM32\IPHLPAPI.DLL
0x00007ffa058e0000 - 0x00007ffa058e8000 	C:\WINDOWS\System32\NSI.dll
0x00007ff9fe110000 - 0x00007ff9fe127000 	C:\WINDOWS\SYSTEM32\dhcpcsvc6.DLL
0x00007ff9fe0f0000 - 0x00007ff9fe10d000 	C:\WINDOWS\SYSTEM32\dhcpcsvc.DLL
0x00007ffa02790000 - 0x00007ffa0285a000 	C:\WINDOWS\SYSTEM32\DNSAPI.dll
0x00007ff9ea800000 - 0x00007ff9ea825000 	C:\Program Files\Java\jdk-14.0.2\bin\sunec.dll
0x00007ff9fdc80000 - 0x00007ff9fdc8a000 	C:\Windows\System32\rasadhlp.dll
0x00007ff9fdf70000 - 0x00007ff9fdff0000 	C:\WINDOWS\System32\fwpuclnt.dll
0x00007ff9ecc20000 - 0x00007ff9ecc2e000 	C:\Program Files\Java\jdk-14.0.2\bin\sunmscapi.dll
0x00007ffa03380000 - 0x00007ffa034d6000 	C:\WINDOWS\System32\CRYPT32.dll
0x00007ffa02d70000 - 0x00007ffa02d97000 	C:\WINDOWS\SYSTEM32\ncrypt.dll
0x00007ffa02d30000 - 0x00007ffa02d6b000 	C:\WINDOWS\SYSTEM32\NTASN1.dll
0x00007ff9fc740000 - 0x00007ff9fc757000 	C:\WINDOWS\system32\napinsp.dll
0x00007ff9fc760000 - 0x00007ff9fc77b000 	C:\WINDOWS\system32\pnrpnsp.dll
0x00007ff9fc780000 - 0x00007ff9fc795000 	C:\WINDOWS\system32\wshbth.dll
0x00007ff9fef40000 - 0x00007ff9fef5d000 	C:\WINDOWS\system32\NLAapi.dll
0x00007ff9fc930000 - 0x00007ff9fc942000 	C:\WINDOWS\System32\winrnr.dll

dbghelp: loaded successfully - version: 4.0.5 - missing functions: none
symbol engine: initialized successfully - sym options: 0x614 - pdb path: .;C:\Program Files\Java\jdk-14.0.2\bin;C:\WINDOWS\SYSTEM32;C:\WINDOWS\WinSxS\amd64_microsoft.windows.common-controls_6595b64144ccf1df_6.0.19041.1110_none_60b5254171f9507e;C:\Program Files\Java\jdk-14.0.2\bin\server

VM Arguments:
jvm_args: -Dfile.encoding=UTF-8 
java_command: C:\Users\vvaidya\AppData\Local\Temp\surefire4000489004995617477\surefirebooter13972109447881786335.jar C:\Users\vvaidya\AppData\Local\Temp\surefire4000489004995617477 2022-09-27T12-44-07_970-jvmRun1 surefire11250051877390387736tmp surefire_07505811545597179059tmp
java_class_path (initial): C:\Users\vvaidya\AppData\Local\Temp\surefire4000489004995617477\surefirebooter13972109447881786335.jar
Launcher Type: SUN_STANDARD

[Global flags]
     intx CICompilerCount                          = 3                                         {product} {ergonomic}
     uint ConcGCThreads                            = 1                                         {product} {ergonomic}
     uint G1ConcRefinementThreads                  = 4                                         {product} {ergonomic}
   size_t G1HeapRegionSize                         = 1048576                                   {product} {ergonomic}
    uintx GCDrainStackTargetSize                   = 64                                        {product} {ergonomic}
   size_t InitialHeapSize                          = 268435456                                 {product} {ergonomic}
   size_t MarkStackSize                            = 4194304                                   {product} {ergonomic}
   size_t MaxHeapSize                              = 4294967296                                {product} {ergonomic}
   size_t MaxNewSize                               = 2576351232                                {product} {ergonomic}
   size_t MinHeapDeltaBytes                        = 1048576                                   {product} {ergonomic}
   size_t MinHeapSize                              = 8388608                                   {product} {ergonomic}
    uintx NonNMethodCodeHeapSize                   = 5832780                                {pd product} {ergonomic}
    uintx NonProfiledCodeHeapSize                  = 122912730                              {pd product} {ergonomic}
    uintx ProfiledCodeHeapSize                     = 122912730                              {pd product} {ergonomic}
    uintx ReservedCodeCacheSize                    = 251658240                              {pd product} {ergonomic}
     bool SegmentedCodeCache                       = true                                      {product} {ergonomic}
   size_t SoftMaxHeapSize                          = 4294967296                             {manageable} {ergonomic}
     bool UseCompressedClassPointers               = true                                 {lp64_product} {ergonomic}
     bool UseCompressedOops                        = true                                 {lp64_product} {ergonomic}
     bool UseG1GC                                  = true                                      {product} {ergonomic}
     bool UseLargePagesIndividualAllocation        = false                                  {pd product} {ergonomic}

Logging:
Log output configuration:
 #0: stdout all=warning uptime,level,tags
 #1: stderr all=off uptime,level,tags

Environment Variables:
PATH=%JAVA_HOME%\bin;C:\WINDOWS\system32;C:\WINDOWS;C:\WINDOWS\System32\Wbem;C:\WINDOWS\System32\WindowsPowerShell\v1.0\;C:\WINDOWS\System32\OpenSSH\;%MAVEN_HOME%\bin;C:\Program Files\TortoiseSVN\bin;C:\Program Files\Git\cmd;C:\Users\vvaidya\AppData\Local\Microsoft\WindowsApps;C:\Program Files\Java\jdk-14.0.2\bin;C:\Program Files\Maven\apache-maven-3.8.4\bin;
USERNAME=vvaidya



---------------  S Y S T E M  ---------------

OS: Windows 10 , 64 bit Build 19041 (10.0.19041.1889)
OS uptime: 35 days 22:11 hours
VMWare virtualization detected

CPU:total 4 (initial active 4) (2 cores per cpu, 1 threads per core) family 6 model 79 stepping 0, cmov, cx8, fxsr, mmx, sse, sse2, sse3, ssse3, sse4.1, sse4.2, popcnt, avx, avx2, aes, clmul, erms, 3dnowpref, lzcnt, tsc, tscinvbit, bmi1, bmi2, adx, fma

Memory: 4k page, system-wide physical 16383M (6214M free)
TotalPageFile size 29110M (AvailPageFile size 2M)
current process WorkingSet (physical memory assigned to process): 308M, peak: 367M
current process commit charge ("private bytes"): 345M, peak: 466M

vm_info: Java HotSpot(TM) 64-Bit Server VM (14.0.2+12-46) for windows-amd64 JRE (14.0.2+12-46), built on Jul  9 2020 00:35:52 by "mach5one" with MS VC++ 15.9 (VS2017)

END.
