#
# There is insufficient memory for the Java Runtime Environment to continue.
# Native memory allocation (malloc) failed to allocate 73312 bytes for Chunk::new
# Possible reasons:
#   The system is out of physical RAM or swap space
#   The process is running with CompressedOops enabled, and the Java Heap may be blocking the growth of the native heap
# Possible solutions:
#   Reduce memory load on the system
#   Increase physical memory or swap space
#   Check if swap backing store is full
#   Decrease Java heap size (-Xmx/-Xms)
#   Decrease number of Java threads
#   Decrease Java thread stack sizes (-Xss)
#   Set larger code cache with -XX:ReservedCodeCacheSize=
#   JVM is running with Zero Based Compressed Oops mode in which the Java heap is
#     placed in the first 32GB address space. The Java Heap base address is the
#     maximum limit for the native heap growth. Please use -XX:HeapBaseMinAddress
#     to set the Java Heap base and to place the Java Heap above 32GB virtual address.
# This output file may be truncated or incomplete.
#
#  Out of Memory Error (./open/src/hotspot/share/memory/arena.cpp:195), pid=8516, tid=29720
#
# JRE version: Java(TM) SE Runtime Environment (14.0.2+12) (build 14.0.2+12-46)
# Java VM: Java HotSpot(TM) 64-Bit Server VM (14.0.2+12-46, mixed mode, sharing, tiered, compressed oops, g1 gc, windows-amd64)
# No core dump will be written. Minidumps are not enabled by default on client versions of Windows
#

---------------  S U M M A R Y ------------

Command Line: -Dfile.encoding=UTF-8 C:\Users\vvaidya\AppData\Local\Temp\surefire6499407735023473986\surefirebooter2244101471523372127.jar C:\Users\vvaidya\AppData\Local\Temp\surefire6499407735023473986 2022-10-02T18-26-22_633-jvmRun1 surefire14127537531338365072tmp surefire_02088246746010915180tmp

Host: Intel(R) Xeon(R) Silver 4116 CPU @ 2.10GHz, 4 cores, 15G,  Windows 10 , 64 bit Build 19041 (10.0.19041.1889)
Time: Sun Oct  2 18:26:42 2022 Mountain Daylight Time elapsed time: 19 seconds (0d 0h 0m 19s)

---------------  T H R E A D  ---------------

Current thread (0x000001c277b86800):  JavaThread "C2 CompilerThread0" daemon [_thread_in_native, id=29720, stack(0x0000009d2b200000,0x0000009d2b300000)]


Current CompileTask:
C2:  19274 4793   !   4       io.cucumber.messages.internal.com.google.protobuf.GeneratedMessageV3$FieldAccessorTable::ensureFieldAccessorsInitialized (471 bytes)

Stack: [0x0000009d2b200000,0x0000009d2b300000]
Native frames: (J=compiled Java code, j=interpreted, Vv=VM code, C=native code)
V  [jvm.dll+0x5f8a9a]
V  [jvm.dll+0x74247a]
V  [jvm.dll+0x743c2f]
V  [jvm.dll+0x744273]
V  [jvm.dll+0x20d288]
V  [jvm.dll+0xabb07]
V  [jvm.dll+0xac1fc]
V  [jvm.dll+0x50cfb5]
V  [jvm.dll+0x1ee036]
V  [jvm.dll+0x1e752d]
V  [jvm.dll+0x1e4f98]
V  [jvm.dll+0x1779cc]
V  [jvm.dll+0x1f4105]
V  [jvm.dll+0x1f22eb]
V  [jvm.dll+0x7070cd]
V  [jvm.dll+0x6ffeda]
V  [jvm.dll+0x5f78f6]
C  [ucrtbase.dll+0x21bb2]
C  [kernel32.dll+0x17034]
C  [ntdll.dll+0x52651]


---------------  P R O C E S S  ---------------

Threads class SMR info:
_java_thread_list=0x000001c27b7acc20, length=24, elements={
0x000001c2526e5800, 0x000001c277b61000, 0x000001c277b63000, 0x000001c277b7b800,
0x000001c277b7e800, 0x000001c277b81000, 0x000001c277b86800, 0x000001c277b88000,
0x000001c277b8d800, 0x000001c27854f000, 0x000001c278559800, 0x000001c2785c1000,
0x000001c278774800, 0x000001c27aca7800, 0x000001c278599800, 0x000001c279aeb000,
0x000001c27b7bd000, 0x000001c27b726800, 0x000001c278992800, 0x000001c27c509000,
0x000001c27c507800, 0x000001c27c50a000, 0x000001c27c505000, 0x000001c27c504000
}

Java Threads: ( => current thread )
  0x000001c2526e5800 JavaThread "main" [_thread_in_vm, id=28704, stack(0x0000009d2a600000,0x0000009d2a700000)]
  0x000001c277b61000 JavaThread "Reference Handler" daemon [_thread_blocked, id=11760, stack(0x0000009d2ad00000,0x0000009d2ae00000)]
  0x000001c277b63000 JavaThread "Finalizer" daemon [_thread_blocked, id=21056, stack(0x0000009d2ae00000,0x0000009d2af00000)]
  0x000001c277b7b800 JavaThread "Signal Dispatcher" daemon [_thread_blocked, id=25372, stack(0x0000009d2af00000,0x0000009d2b000000)]
  0x000001c277b7e800 JavaThread "Attach Listener" daemon [_thread_blocked, id=18704, stack(0x0000009d2b000000,0x0000009d2b100000)]
  0x000001c277b81000 JavaThread "Service Thread" daemon [_thread_blocked, id=15192, stack(0x0000009d2b100000,0x0000009d2b200000)]
=>0x000001c277b86800 JavaThread "C2 CompilerThread0" daemon [_thread_in_native, id=29720, stack(0x0000009d2b200000,0x0000009d2b300000)]
  0x000001c277b88000 JavaThread "C1 CompilerThread0" daemon [_thread_in_native, id=22880, stack(0x0000009d2b300000,0x0000009d2b400000)]
  0x000001c277b8d800 JavaThread "Sweeper thread" daemon [_thread_blocked, id=8496, stack(0x0000009d2b400000,0x0000009d2b500000)]
  0x000001c27854f000 JavaThread "Notification Thread" daemon [_thread_blocked, id=26848, stack(0x0000009d2b500000,0x0000009d2b600000)]
  0x000001c278559800 JavaThread "Common-Cleaner" daemon [_thread_blocked, id=26936, stack(0x0000009d2b700000,0x0000009d2b800000)]
  0x000001c2785c1000 JavaThread "surefire-forkedjvm-command-thread" daemon [_thread_in_native, id=19568, stack(0x0000009d2bc00000,0x0000009d2bd00000)]
  0x000001c278774800 JavaThread "surefire-forkedjvm-ping-30s" daemon [_thread_blocked, id=29840, stack(0x0000009d2bd00000,0x0000009d2be00000)]
  0x000001c27aca7800 JavaThread "AsyncAppender-Worker-ASYNC_CONSOLE" daemon [_thread_blocked, id=16648, stack(0x0000009d2bf00000,0x0000009d2c000000)]
  0x000001c278599800 JavaThread "pool-1-thread-1" daemon [_thread_blocked, id=21988, stack(0x0000009d2c000000,0x0000009d2c100000)]
  0x000001c279aeb000 JavaThread "Exec Default Executor" daemon [_thread_in_native, id=10536, stack(0x0000009d2c100000,0x0000009d2c200000)]
  0x000001c27b7bd000 JavaThread "UrlChecker-2" daemon [_thread_blocked, id=19444, stack(0x0000009d2c200000,0x0000009d2c300000)]
  0x000001c27b726800 JavaThread "Exec Stream Pumper" daemon [_thread_in_native, id=7352, stack(0x0000009d2c400000,0x0000009d2c500000)]
  0x000001c278992800 JavaThread "Exec Stream Pumper" daemon [_thread_in_native, id=21692, stack(0x0000009d2c500000,0x0000009d2c600000)]
  0x000001c27c509000 JavaThread "ForkJoinPool.commonPool-worker-3" daemon [_thread_blocked, id=22840, stack(0x0000009d2c700000,0x0000009d2c800000)]
  0x000001c27c507800 JavaThread "ForkJoinPool.commonPool-worker-5" daemon [_thread_blocked, id=20876, stack(0x0000009d2c800000,0x0000009d2c900000)]
  0x000001c27c50a000 JavaThread "ForkJoinPool.commonPool-worker-7" daemon [_thread_blocked, id=22776, stack(0x0000009d2c900000,0x0000009d2ca00000)]
  0x000001c27c505000 JavaThread "OkHttp ConnectionPool" daemon [_thread_blocked, id=16732, stack(0x0000009d2ca00000,0x0000009d2cb00000)]
  0x000001c27c504000 JavaThread "Okio Watchdog" daemon [_thread_blocked, id=23624, stack(0x0000009d2cb00000,0x0000009d2cc00000)]

Other Threads:
  0x000001c277b5f800 VMThread "VM Thread" [stack: 0x0000009d2ac00000,0x0000009d2ad00000] [id=2596]
  0x000001c278577800 WatcherThread [stack: 0x0000009d2b600000,0x0000009d2b700000] [id=19828]
  0x000001c25274b800 GCTaskThread "GC Thread#0" [stack: 0x0000009d2a700000,0x0000009d2a800000] [id=17872]
  0x000001c278570000 GCTaskThread "GC Thread#1" [stack: 0x0000009d2b800000,0x0000009d2b900000] [id=13716]
  0x000001c278570800 GCTaskThread "GC Thread#2" [stack: 0x0000009d2b900000,0x0000009d2ba00000] [id=23208]
  0x000001c278574800 GCTaskThread "GC Thread#3" [stack: 0x0000009d2ba00000,0x0000009d2bb00000] [id=26684]
  0x000001c25276e800 ConcurrentGCThread "G1 Main Marker" [stack: 0x0000009d2a800000,0x0000009d2a900000] [id=24664]
  0x000001c252770000 ConcurrentGCThread "G1 Conc#0" [stack: 0x0000009d2a900000,0x0000009d2aa00000] [id=24140]
  0x000001c277a4b000 ConcurrentGCThread "G1 Refine#0" [stack: 0x0000009d2aa00000,0x0000009d2ab00000] [id=30492]
  0x000001c27a312800 ConcurrentGCThread "G1 Refine#1" [stack: 0x0000009d2be00000,0x0000009d2bf00000] [id=25112]
  0x000001c277a4c000 ConcurrentGCThread "G1 Young RemSet Sampling" [stack: 0x0000009d2ab00000,0x0000009d2ac00000] [id=8248]

Threads with active compile tasks:
C2 CompilerThread0    19315 4793   !   4       io.cucumber.messages.internal.com.google.protobuf.GeneratedMessageV3$FieldAccessorTable::ensureFieldAccessorsInitialized (471 bytes)
C1 CompilerThread0    19315 4837       3       io.cucumber.gherkin.internal.com.eclipsesource.json.JsonParser::readStringInternal (76 bytes)

VM state:not at safepoint (normal execution)

VM Mutex/Monitor currently owned by a thread: None

Heap address: 0x0000000700000000, size: 4096 MB, Compressed Oops mode: Zero based, Oop shift amount: 3
Narrow klass base: 0x0000000800000000, Narrow klass shift: 3
Compressed class space size: 1073741824 Address: 0x0000000800b30000

Heap:
 garbage-first heap   total 184320K, used 139676K [0x0000000700000000, 0x0000000800000000)
  region size 1024K, 106 young (108544K), 13 survivors (13312K)
 Metaspace       used 34304K, capacity 35433K, committed 35584K, reserved 1081344K
  class space    used 4048K, capacity 4493K, committed 4608K, reserved 1048576K
Heap Regions: E=young(eden), S=young(survivor), O=old, HS=humongous(starts), HC=humongous(continues), CS=collection set, F=free, OA=open archive, CA=closed archive, TAMS=top-at-mark-start (previous, next)
|   0|0x0000000700000000, 0x0000000700100000, 0x0000000700100000|100%|HS|  |TAMS 0x0000000700100000, 0x0000000700000000| Complete 
|   1|0x0000000700100000, 0x0000000700200000, 0x0000000700200000|100%| O|  |TAMS 0x0000000700200000, 0x0000000700100000| Untracked 
|   2|0x0000000700200000, 0x0000000700300000, 0x0000000700300000|100%| O|  |TAMS 0x0000000700300000, 0x0000000700200000| Untracked 
|   3|0x0000000700300000, 0x0000000700400000, 0x0000000700400000|100%| O|  |TAMS 0x0000000700400000, 0x0000000700300000| Untracked 
|   4|0x0000000700400000, 0x0000000700500000, 0x0000000700500000|100%|HS|  |TAMS 0x0000000700500000, 0x0000000700400000| Complete 
|   5|0x0000000700500000, 0x0000000700600000, 0x0000000700600000|100%|HC|  |TAMS 0x0000000700600000, 0x0000000700500000| Complete 
|   6|0x0000000700600000, 0x0000000700700000, 0x0000000700700000|100%|HS|  |TAMS 0x0000000700700000, 0x0000000700600000| Complete 
|   7|0x0000000700700000, 0x0000000700800000, 0x0000000700800000|100%|HS|  |TAMS 0x0000000700800000, 0x0000000700700000| Complete 
|   8|0x0000000700800000, 0x0000000700900000, 0x0000000700900000|100%| O|  |TAMS 0x0000000700900000, 0x0000000700800000| Untracked 
|   9|0x0000000700900000, 0x0000000700a00000, 0x0000000700a00000|100%| O|  |TAMS 0x0000000700a00000, 0x0000000700900000| Untracked 
|  10|0x0000000700a00000, 0x0000000700b00000, 0x0000000700b00000|100%| O|  |TAMS 0x0000000700b00000, 0x0000000700a00000| Untracked 
|  11|0x0000000700b00000, 0x0000000700c00000, 0x0000000700c00000|100%| O|  |TAMS 0x0000000700c00000, 0x0000000700b00000| Untracked 
|  12|0x0000000700c00000, 0x0000000700d00000, 0x0000000700d00000|100%| O|  |TAMS 0x0000000700d00000, 0x0000000700c00000| Untracked 
|  13|0x0000000700d00000, 0x0000000700e00000, 0x0000000700e00000|100%| O|  |TAMS 0x0000000700e00000, 0x0000000700d00000| Untracked 
|  14|0x0000000700e00000, 0x0000000700f00000, 0x0000000700f00000|100%| O|  |TAMS 0x0000000700f00000, 0x0000000700e00000| Untracked 
|  15|0x0000000700f00000, 0x0000000701000000, 0x0000000701000000|100%| O|  |TAMS 0x0000000701000000, 0x0000000700f00000| Untracked 
|  16|0x0000000701000000, 0x0000000701100000, 0x0000000701100000|100%| O|  |TAMS 0x0000000701100000, 0x0000000701000000| Untracked 
|  17|0x0000000701100000, 0x0000000701200000, 0x0000000701200000|100%| O|  |TAMS 0x0000000701200000, 0x0000000701100000| Untracked 
|  18|0x0000000701200000, 0x0000000701300000, 0x0000000701300000|100%| O|  |TAMS 0x0000000701300000, 0x0000000701200000| Untracked 
|  19|0x0000000701300000, 0x0000000701400000, 0x0000000701400000|100%| O|  |TAMS 0x0000000701400000, 0x0000000701300000| Untracked 
|  20|0x0000000701400000, 0x0000000701500000, 0x0000000701500000|100%| O|  |TAMS 0x0000000701500000, 0x0000000701400000| Untracked 
|  21|0x0000000701500000, 0x0000000701600000, 0x0000000701600000|100%| O|  |TAMS 0x0000000701600000, 0x0000000701500000| Untracked 
|  22|0x0000000701600000, 0x0000000701700000, 0x0000000701700000|100%| O|  |TAMS 0x0000000701700000, 0x0000000701600000| Untracked 
|  23|0x0000000701700000, 0x0000000701800000, 0x0000000701800000|100%| O|  |TAMS 0x0000000701800000, 0x0000000701700000| Untracked 
|  24|0x0000000701800000, 0x0000000701900000, 0x0000000701900000|100%| O|  |TAMS 0x0000000701900000, 0x0000000701800000| Untracked 
|  25|0x0000000701900000, 0x0000000701a00000, 0x0000000701a00000|100%| O|  |TAMS 0x0000000701a00000, 0x0000000701900000| Untracked 
|  26|0x0000000701a00000, 0x0000000701b00000, 0x0000000701b00000|100%| O|  |TAMS 0x0000000701b00000, 0x0000000701a00000| Untracked 
|  27|0x0000000701b00000, 0x0000000701c00000, 0x0000000701c00000|100%| O|  |TAMS 0x0000000701c00000, 0x0000000701b00000| Untracked 
|  28|0x0000000701c00000, 0x0000000701d00000, 0x0000000701d00000|100%| O|  |TAMS 0x0000000701d00000, 0x0000000701c00000| Untracked 
|  29|0x0000000701d00000, 0x0000000701e00000, 0x0000000701e00000|100%| O|  |TAMS 0x0000000701e00000, 0x0000000701d00000| Untracked 
|  30|0x0000000701e00000, 0x0000000701f00000, 0x0000000701f00000|100%| O|  |TAMS 0x0000000701f00000, 0x0000000701e00000| Untracked 
|  31|0x0000000701f00000, 0x0000000701f67000, 0x0000000702000000| 40%| O|  |TAMS 0x0000000701f67000, 0x0000000701f00000| Untracked 
|  32|0x0000000702000000, 0x0000000702000000, 0x0000000702100000|  0%| F|  |TAMS 0x0000000702000000, 0x0000000702000000| Untracked 
|  33|0x0000000702100000, 0x0000000702100000, 0x0000000702200000|  0%| F|  |TAMS 0x0000000702100000, 0x0000000702100000| Untracked 
|  34|0x0000000702200000, 0x0000000702200000, 0x0000000702300000|  0%| F|  |TAMS 0x0000000702200000, 0x0000000702200000| Untracked 
|  35|0x0000000702300000, 0x0000000702300000, 0x0000000702400000|  0%| F|  |TAMS 0x0000000702300000, 0x0000000702300000| Untracked 
|  36|0x0000000702400000, 0x0000000702400000, 0x0000000702500000|  0%| F|  |TAMS 0x0000000702400000, 0x0000000702400000| Untracked 
|  37|0x0000000702500000, 0x0000000702500000, 0x0000000702600000|  0%| F|  |TAMS 0x0000000702500000, 0x0000000702500000| Untracked 
|  38|0x0000000702600000, 0x0000000702600000, 0x0000000702700000|  0%| F|  |TAMS 0x0000000702600000, 0x0000000702600000| Untracked 
|  39|0x0000000702700000, 0x0000000702700000, 0x0000000702800000|  0%| F|  |TAMS 0x0000000702700000, 0x0000000702700000| Untracked 
|  40|0x0000000702800000, 0x0000000702800000, 0x0000000702900000|  0%| F|  |TAMS 0x0000000702800000, 0x0000000702800000| Untracked 
|  41|0x0000000702900000, 0x0000000702900000, 0x0000000702a00000|  0%| F|  |TAMS 0x0000000702900000, 0x0000000702900000| Untracked 
|  42|0x0000000702a00000, 0x0000000702a00000, 0x0000000702b00000|  0%| F|  |TAMS 0x0000000702a00000, 0x0000000702a00000| Untracked 
|  43|0x0000000702b00000, 0x0000000702b00000, 0x0000000702c00000|  0%| F|  |TAMS 0x0000000702b00000, 0x0000000702b00000| Untracked 
|  44|0x0000000702c00000, 0x0000000702c00000, 0x0000000702d00000|  0%| F|  |TAMS 0x0000000702c00000, 0x0000000702c00000| Untracked 
|  45|0x0000000702d00000, 0x0000000702d00000, 0x0000000702e00000|  0%| F|  |TAMS 0x0000000702d00000, 0x0000000702d00000| Untracked 
|  46|0x0000000702e00000, 0x0000000702e00000, 0x0000000702f00000|  0%| F|  |TAMS 0x0000000702e00000, 0x0000000702e00000| Untracked 
|  47|0x0000000702f00000, 0x0000000702f00000, 0x0000000703000000|  0%| F|  |TAMS 0x0000000702f00000, 0x0000000702f00000| Untracked 
|  48|0x0000000703000000, 0x0000000703000000, 0x0000000703100000|  0%| F|  |TAMS 0x0000000703000000, 0x0000000703000000| Untracked 
|  49|0x0000000703100000, 0x0000000703100000, 0x0000000703200000|  0%| F|  |TAMS 0x0000000703100000, 0x0000000703100000| Untracked 
|  50|0x0000000703200000, 0x0000000703200000, 0x0000000703300000|  0%| F|  |TAMS 0x0000000703200000, 0x0000000703200000| Untracked 
|  51|0x0000000703300000, 0x0000000703300000, 0x0000000703400000|  0%| F|  |TAMS 0x0000000703300000, 0x0000000703300000| Untracked 
|  52|0x0000000703400000, 0x0000000703400000, 0x0000000703500000|  0%| F|  |TAMS 0x0000000703400000, 0x0000000703400000| Untracked 
|  53|0x0000000703500000, 0x0000000703500000, 0x0000000703600000|  0%| F|  |TAMS 0x0000000703500000, 0x0000000703500000| Untracked 
|  54|0x0000000703600000, 0x0000000703600000, 0x0000000703700000|  0%| F|  |TAMS 0x0000000703600000, 0x0000000703600000| Untracked 
|  55|0x0000000703700000, 0x0000000703700000, 0x0000000703800000|  0%| F|  |TAMS 0x0000000703700000, 0x0000000703700000| Untracked 
|  56|0x0000000703800000, 0x0000000703800000, 0x0000000703900000|  0%| F|  |TAMS 0x0000000703800000, 0x0000000703800000| Untracked 
|  57|0x0000000703900000, 0x0000000703900000, 0x0000000703a00000|  0%| F|  |TAMS 0x0000000703900000, 0x0000000703900000| Untracked 
|  58|0x0000000703a00000, 0x0000000703a00000, 0x0000000703b00000|  0%| F|  |TAMS 0x0000000703a00000, 0x0000000703a00000| Untracked 
|  59|0x0000000703b00000, 0x0000000703b00000, 0x0000000703c00000|  0%| F|  |TAMS 0x0000000703b00000, 0x0000000703b00000| Untracked 
|  60|0x0000000703c00000, 0x0000000703c00000, 0x0000000703d00000|  0%| F|  |TAMS 0x0000000703c00000, 0x0000000703c00000| Untracked 
|  61|0x0000000703d00000, 0x0000000703d00000, 0x0000000703e00000|  0%| F|  |TAMS 0x0000000703d00000, 0x0000000703d00000| Untracked 
|  62|0x0000000703e00000, 0x0000000703e00000, 0x0000000703f00000|  0%| F|  |TAMS 0x0000000703e00000, 0x0000000703e00000| Untracked 
|  63|0x0000000703f00000, 0x0000000703f00000, 0x0000000704000000|  0%| F|  |TAMS 0x0000000703f00000, 0x0000000703f00000| Untracked 
|  64|0x0000000704000000, 0x0000000704000000, 0x0000000704100000|  0%| F|  |TAMS 0x0000000704000000, 0x0000000704000000| Untracked 
|  65|0x0000000704100000, 0x0000000704100000, 0x0000000704200000|  0%| F|  |TAMS 0x0000000704100000, 0x0000000704100000| Untracked 
|  66|0x0000000704200000, 0x0000000704200000, 0x0000000704300000|  0%| F|  |TAMS 0x0000000704200000, 0x0000000704200000| Untracked 
|  67|0x0000000704300000, 0x0000000704300000, 0x0000000704400000|  0%| F|  |TAMS 0x0000000704300000, 0x0000000704300000| Untracked 
|  68|0x0000000704400000, 0x0000000704400000, 0x0000000704500000|  0%| F|  |TAMS 0x0000000704400000, 0x0000000704400000| Untracked 
|  69|0x0000000704500000, 0x0000000704500000, 0x0000000704600000|  0%| F|  |TAMS 0x0000000704500000, 0x0000000704500000| Untracked 
|  70|0x0000000704600000, 0x0000000704600000, 0x0000000704700000|  0%| F|  |TAMS 0x0000000704600000, 0x0000000704600000| Untracked 
|  71|0x0000000704700000, 0x0000000704700000, 0x0000000704800000|  0%| F|  |TAMS 0x0000000704700000, 0x0000000704700000| Untracked 
|  72|0x0000000704800000, 0x0000000704800000, 0x0000000704900000|  0%| F|  |TAMS 0x0000000704800000, 0x0000000704800000| Untracked 
|  73|0x0000000704900000, 0x0000000704900000, 0x0000000704a00000|  0%| F|  |TAMS 0x0000000704900000, 0x0000000704900000| Untracked 
|  74|0x0000000704a00000, 0x0000000704b00000, 0x0000000704b00000|100%| E|  |TAMS 0x0000000704a00000, 0x0000000704a00000| Complete 
|  75|0x0000000704b00000, 0x0000000704c00000, 0x0000000704c00000|100%| E|CS|TAMS 0x0000000704b00000, 0x0000000704b00000| Complete 
|  76|0x0000000704c00000, 0x0000000704d00000, 0x0000000704d00000|100%| E|CS|TAMS 0x0000000704c00000, 0x0000000704c00000| Complete 
|  77|0x0000000704d00000, 0x0000000704e00000, 0x0000000704e00000|100%| E|CS|TAMS 0x0000000704d00000, 0x0000000704d00000| Complete 
|  78|0x0000000704e00000, 0x0000000704f00000, 0x0000000704f00000|100%| E|CS|TAMS 0x0000000704e00000, 0x0000000704e00000| Complete 
|  79|0x0000000704f00000, 0x0000000705000000, 0x0000000705000000|100%| E|CS|TAMS 0x0000000704f00000, 0x0000000704f00000| Complete 
|  80|0x0000000705000000, 0x0000000705100000, 0x0000000705100000|100%| E|CS|TAMS 0x0000000705000000, 0x0000000705000000| Complete 
|  81|0x0000000705100000, 0x0000000705200000, 0x0000000705200000|100%| E|CS|TAMS 0x0000000705100000, 0x0000000705100000| Complete 
|  82|0x0000000705200000, 0x0000000705300000, 0x0000000705300000|100%| E|CS|TAMS 0x0000000705200000, 0x0000000705200000| Complete 
|  83|0x0000000705300000, 0x0000000705400000, 0x0000000705400000|100%| E|CS|TAMS 0x0000000705300000, 0x0000000705300000| Complete 
|  84|0x0000000705400000, 0x0000000705500000, 0x0000000705500000|100%| E|CS|TAMS 0x0000000705400000, 0x0000000705400000| Complete 
|  85|0x0000000705500000, 0x0000000705600000, 0x0000000705600000|100%| E|CS|TAMS 0x0000000705500000, 0x0000000705500000| Complete 
|  86|0x0000000705600000, 0x0000000705700000, 0x0000000705700000|100%| E|CS|TAMS 0x0000000705600000, 0x0000000705600000| Complete 
|  87|0x0000000705700000, 0x0000000705800000, 0x0000000705800000|100%| E|CS|TAMS 0x0000000705700000, 0x0000000705700000| Complete 
|  88|0x0000000705800000, 0x0000000705900000, 0x0000000705900000|100%| E|CS|TAMS 0x0000000705800000, 0x0000000705800000| Complete 
|  89|0x0000000705900000, 0x0000000705a00000, 0x0000000705a00000|100%| E|CS|TAMS 0x0000000705900000, 0x0000000705900000| Complete 
|  90|0x0000000705a00000, 0x0000000705b00000, 0x0000000705b00000|100%| E|CS|TAMS 0x0000000705a00000, 0x0000000705a00000| Complete 
|  91|0x0000000705b00000, 0x0000000705c00000, 0x0000000705c00000|100%| E|CS|TAMS 0x0000000705b00000, 0x0000000705b00000| Complete 
|  92|0x0000000705c00000, 0x0000000705d00000, 0x0000000705d00000|100%| E|CS|TAMS 0x0000000705c00000, 0x0000000705c00000| Complete 
|  93|0x0000000705d00000, 0x0000000705e00000, 0x0000000705e00000|100%| E|CS|TAMS 0x0000000705d00000, 0x0000000705d00000| Complete 
|  94|0x0000000705e00000, 0x0000000705f00000, 0x0000000705f00000|100%| E|CS|TAMS 0x0000000705e00000, 0x0000000705e00000| Complete 
|  95|0x0000000705f00000, 0x0000000706000000, 0x0000000706000000|100%| E|CS|TAMS 0x0000000705f00000, 0x0000000705f00000| Complete 
|  96|0x0000000706000000, 0x0000000706100000, 0x0000000706100000|100%| E|CS|TAMS 0x0000000706000000, 0x0000000706000000| Complete 
|  97|0x0000000706100000, 0x0000000706200000, 0x0000000706200000|100%| E|CS|TAMS 0x0000000706100000, 0x0000000706100000| Complete 
|  98|0x0000000706200000, 0x0000000706300000, 0x0000000706300000|100%| E|CS|TAMS 0x0000000706200000, 0x0000000706200000| Complete 
|  99|0x0000000706300000, 0x0000000706400000, 0x0000000706400000|100%| E|CS|TAMS 0x0000000706300000, 0x0000000706300000| Complete 
| 100|0x0000000706400000, 0x0000000706500000, 0x0000000706500000|100%| E|CS|TAMS 0x0000000706400000, 0x0000000706400000| Complete 
| 101|0x0000000706500000, 0x0000000706600000, 0x0000000706600000|100%| E|CS|TAMS 0x0000000706500000, 0x0000000706500000| Complete 
| 102|0x0000000706600000, 0x0000000706700000, 0x0000000706700000|100%| E|CS|TAMS 0x0000000706600000, 0x0000000706600000| Complete 
| 103|0x0000000706700000, 0x0000000706800000, 0x0000000706800000|100%| E|CS|TAMS 0x0000000706700000, 0x0000000706700000| Complete 
| 104|0x0000000706800000, 0x0000000706900000, 0x0000000706900000|100%| E|CS|TAMS 0x0000000706800000, 0x0000000706800000| Complete 
| 105|0x0000000706900000, 0x0000000706a00000, 0x0000000706a00000|100%| E|CS|TAMS 0x0000000706900000, 0x0000000706900000| Complete 
| 106|0x0000000706a00000, 0x0000000706b00000, 0x0000000706b00000|100%| E|CS|TAMS 0x0000000706a00000, 0x0000000706a00000| Complete 
| 107|0x0000000706b00000, 0x0000000706c00000, 0x0000000706c00000|100%| E|CS|TAMS 0x0000000706b00000, 0x0000000706b00000| Complete 
| 108|0x0000000706c00000, 0x0000000706d00000, 0x0000000706d00000|100%| E|CS|TAMS 0x0000000706c00000, 0x0000000706c00000| Complete 
| 109|0x0000000706d00000, 0x0000000706e00000, 0x0000000706e00000|100%| E|CS|TAMS 0x0000000706d00000, 0x0000000706d00000| Complete 
| 110|0x0000000706e00000, 0x0000000706f00000, 0x0000000706f00000|100%| E|CS|TAMS 0x0000000706e00000, 0x0000000706e00000| Complete 
| 111|0x0000000706f00000, 0x0000000707000000, 0x0000000707000000|100%| E|CS|TAMS 0x0000000706f00000, 0x0000000706f00000| Complete 
| 112|0x0000000707000000, 0x0000000707100000, 0x0000000707100000|100%| E|CS|TAMS 0x0000000707000000, 0x0000000707000000| Complete 
| 113|0x0000000707100000, 0x0000000707200000, 0x0000000707200000|100%| E|CS|TAMS 0x0000000707100000, 0x0000000707100000| Complete 
| 114|0x0000000707200000, 0x0000000707300000, 0x0000000707300000|100%| E|CS|TAMS 0x0000000707200000, 0x0000000707200000| Complete 
| 115|0x0000000707300000, 0x0000000707400000, 0x0000000707400000|100%| E|CS|TAMS 0x0000000707300000, 0x0000000707300000| Complete 
| 116|0x0000000707400000, 0x0000000707500000, 0x0000000707500000|100%| E|CS|TAMS 0x0000000707400000, 0x0000000707400000| Complete 
| 117|0x0000000707500000, 0x0000000707600000, 0x0000000707600000|100%| E|CS|TAMS 0x0000000707500000, 0x0000000707500000| Complete 
| 118|0x0000000707600000, 0x0000000707700000, 0x0000000707700000|100%| E|CS|TAMS 0x0000000707600000, 0x0000000707600000| Complete 
| 119|0x0000000707700000, 0x0000000707800000, 0x0000000707800000|100%| E|CS|TAMS 0x0000000707700000, 0x0000000707700000| Complete 
| 120|0x0000000707800000, 0x0000000707900000, 0x0000000707900000|100%| E|CS|TAMS 0x0000000707800000, 0x0000000707800000| Complete 
| 121|0x0000000707900000, 0x0000000707a00000, 0x0000000707a00000|100%| E|CS|TAMS 0x0000000707900000, 0x0000000707900000| Complete 
| 122|0x0000000707a00000, 0x0000000707b00000, 0x0000000707b00000|100%| E|CS|TAMS 0x0000000707a00000, 0x0000000707a00000| Complete 
| 123|0x0000000707b00000, 0x0000000707c00000, 0x0000000707c00000|100%| E|CS|TAMS 0x0000000707b00000, 0x0000000707b00000| Complete 
| 124|0x0000000707c00000, 0x0000000707d00000, 0x0000000707d00000|100%| E|CS|TAMS 0x0000000707c00000, 0x0000000707c00000| Complete 
| 125|0x0000000707d00000, 0x0000000707e00000, 0x0000000707e00000|100%| E|CS|TAMS 0x0000000707d00000, 0x0000000707d00000| Complete 
| 126|0x0000000707e00000, 0x0000000707f00000, 0x0000000707f00000|100%| E|CS|TAMS 0x0000000707e00000, 0x0000000707e00000| Complete 
| 127|0x0000000707f00000, 0x0000000708000000, 0x0000000708000000|100%| E|CS|TAMS 0x0000000707f00000, 0x0000000707f00000| Complete 
| 128|0x0000000708000000, 0x0000000708100000, 0x0000000708100000|100%| E|CS|TAMS 0x0000000708000000, 0x0000000708000000| Complete 
| 129|0x0000000708100000, 0x0000000708200000, 0x0000000708200000|100%| E|CS|TAMS 0x0000000708100000, 0x0000000708100000| Complete 
| 130|0x0000000708200000, 0x0000000708300000, 0x0000000708300000|100%| E|CS|TAMS 0x0000000708200000, 0x0000000708200000| Complete 
| 131|0x0000000708300000, 0x0000000708400000, 0x0000000708400000|100%| E|CS|TAMS 0x0000000708300000, 0x0000000708300000| Complete 
| 132|0x0000000708400000, 0x0000000708500000, 0x0000000708500000|100%| E|CS|TAMS 0x0000000708400000, 0x0000000708400000| Complete 
| 133|0x0000000708500000, 0x0000000708600000, 0x0000000708600000|100%| E|CS|TAMS 0x0000000708500000, 0x0000000708500000| Complete 
| 134|0x0000000708600000, 0x0000000708700000, 0x0000000708700000|100%| E|CS|TAMS 0x0000000708600000, 0x0000000708600000| Complete 
| 135|0x0000000708700000, 0x0000000708800000, 0x0000000708800000|100%| E|CS|TAMS 0x0000000708700000, 0x0000000708700000| Complete 
| 136|0x0000000708800000, 0x0000000708900000, 0x0000000708900000|100%| E|CS|TAMS 0x0000000708800000, 0x0000000708800000| Complete 
| 137|0x0000000708900000, 0x0000000708a00000, 0x0000000708a00000|100%| E|CS|TAMS 0x0000000708900000, 0x0000000708900000| Complete 
| 138|0x0000000708a00000, 0x0000000708b00000, 0x0000000708b00000|100%| E|CS|TAMS 0x0000000708a00000, 0x0000000708a00000| Complete 
| 139|0x0000000708b00000, 0x0000000708c00000, 0x0000000708c00000|100%| E|CS|TAMS 0x0000000708b00000, 0x0000000708b00000| Complete 
| 140|0x0000000708c00000, 0x0000000708d00000, 0x0000000708d00000|100%| E|CS|TAMS 0x0000000708c00000, 0x0000000708c00000| Complete 
| 141|0x0000000708d00000, 0x0000000708e00000, 0x0000000708e00000|100%| E|CS|TAMS 0x0000000708d00000, 0x0000000708d00000| Complete 
| 142|0x0000000708e00000, 0x0000000708f00000, 0x0000000708f00000|100%| E|CS|TAMS 0x0000000708e00000, 0x0000000708e00000| Complete 
| 143|0x0000000708f00000, 0x0000000709000000, 0x0000000709000000|100%| E|CS|TAMS 0x0000000708f00000, 0x0000000708f00000| Complete 
| 144|0x0000000709000000, 0x0000000709100000, 0x0000000709100000|100%| E|CS|TAMS 0x0000000709000000, 0x0000000709000000| Complete 
| 145|0x0000000709100000, 0x0000000709200000, 0x0000000709200000|100%| E|CS|TAMS 0x0000000709100000, 0x0000000709100000| Complete 
| 146|0x0000000709200000, 0x0000000709300000, 0x0000000709300000|100%| E|CS|TAMS 0x0000000709200000, 0x0000000709200000| Complete 
| 147|0x0000000709300000, 0x0000000709400000, 0x0000000709400000|100%| E|CS|TAMS 0x0000000709300000, 0x0000000709300000| Complete 
| 148|0x0000000709400000, 0x0000000709500000, 0x0000000709500000|100%| E|CS|TAMS 0x0000000709400000, 0x0000000709400000| Complete 
| 149|0x0000000709500000, 0x0000000709600000, 0x0000000709600000|100%| E|CS|TAMS 0x0000000709500000, 0x0000000709500000| Complete 
| 150|0x0000000709600000, 0x0000000709700000, 0x0000000709700000|100%| E|CS|TAMS 0x0000000709600000, 0x0000000709600000| Complete 
| 151|0x0000000709700000, 0x0000000709800000, 0x0000000709800000|100%| E|CS|TAMS 0x0000000709700000, 0x0000000709700000| Complete 
| 152|0x0000000709800000, 0x0000000709900000, 0x0000000709900000|100%| E|CS|TAMS 0x0000000709800000, 0x0000000709800000| Complete 
| 153|0x0000000709900000, 0x0000000709a00000, 0x0000000709a00000|100%| S|CS|TAMS 0x0000000709900000, 0x0000000709900000| Complete 
| 154|0x0000000709a00000, 0x0000000709b00000, 0x0000000709b00000|100%| S|CS|TAMS 0x0000000709a00000, 0x0000000709a00000| Complete 
| 155|0x0000000709b00000, 0x0000000709c00000, 0x0000000709c00000|100%| S|CS|TAMS 0x0000000709b00000, 0x0000000709b00000| Complete 
| 156|0x0000000709c00000, 0x0000000709d00000, 0x0000000709d00000|100%| S|CS|TAMS 0x0000000709c00000, 0x0000000709c00000| Complete 
| 157|0x0000000709d00000, 0x0000000709e00000, 0x0000000709e00000|100%| S|CS|TAMS 0x0000000709d00000, 0x0000000709d00000| Complete 
| 158|0x0000000709e00000, 0x0000000709f00000, 0x0000000709f00000|100%| S|CS|TAMS 0x0000000709e00000, 0x0000000709e00000| Complete 
| 159|0x0000000709f00000, 0x000000070a000000, 0x000000070a000000|100%| S|CS|TAMS 0x0000000709f00000, 0x0000000709f00000| Complete 
| 160|0x000000070a000000, 0x000000070a100000, 0x000000070a100000|100%| S|CS|TAMS 0x000000070a000000, 0x000000070a000000| Complete 
| 161|0x000000070a100000, 0x000000070a200000, 0x000000070a200000|100%| S|CS|TAMS 0x000000070a100000, 0x000000070a100000| Complete 
| 162|0x000000070a200000, 0x000000070a300000, 0x000000070a300000|100%| S|CS|TAMS 0x000000070a200000, 0x000000070a200000| Complete 
| 163|0x000000070a300000, 0x000000070a400000, 0x000000070a400000|100%| S|CS|TAMS 0x000000070a300000, 0x000000070a300000| Complete 
| 164|0x000000070a400000, 0x000000070a500000, 0x000000070a500000|100%| S|CS|TAMS 0x000000070a400000, 0x000000070a400000| Complete 
| 165|0x000000070a500000, 0x000000070a600000, 0x000000070a600000|100%| S|CS|TAMS 0x000000070a500000, 0x000000070a500000| Complete 
| 236|0x000000070ec00000, 0x000000070ed00000, 0x000000070ed00000|100%| E|CS|TAMS 0x000000070ec00000, 0x000000070ec00000| Complete 
| 237|0x000000070ed00000, 0x000000070ee00000, 0x000000070ee00000|100%| E|CS|TAMS 0x000000070ed00000, 0x000000070ed00000| Complete 
| 238|0x000000070ee00000, 0x000000070ef00000, 0x000000070ef00000|100%| E|CS|TAMS 0x000000070ee00000, 0x000000070ee00000| Complete 
| 239|0x000000070ef00000, 0x000000070f000000, 0x000000070f000000|100%| E|CS|TAMS 0x000000070ef00000, 0x000000070ef00000| Complete 
| 240|0x000000070f000000, 0x000000070f100000, 0x000000070f100000|100%| E|CS|TAMS 0x000000070f000000, 0x000000070f000000| Complete 
| 241|0x000000070f100000, 0x000000070f200000, 0x000000070f200000|100%| E|CS|TAMS 0x000000070f100000, 0x000000070f100000| Complete 
| 242|0x000000070f200000, 0x000000070f300000, 0x000000070f300000|100%| E|CS|TAMS 0x000000070f200000, 0x000000070f200000| Complete 
| 243|0x000000070f300000, 0x000000070f400000, 0x000000070f400000|100%| E|CS|TAMS 0x000000070f300000, 0x000000070f300000| Complete 
| 244|0x000000070f400000, 0x000000070f500000, 0x000000070f500000|100%| E|CS|TAMS 0x000000070f400000, 0x000000070f400000| Complete 
| 245|0x000000070f500000, 0x000000070f600000, 0x000000070f600000|100%| E|CS|TAMS 0x000000070f500000, 0x000000070f500000| Complete 
| 246|0x000000070f600000, 0x000000070f700000, 0x000000070f700000|100%| E|CS|TAMS 0x000000070f600000, 0x000000070f600000| Complete 
| 247|0x000000070f700000, 0x000000070f800000, 0x000000070f800000|100%| E|CS|TAMS 0x000000070f700000, 0x000000070f700000| Complete 
| 307|0x0000000713300000, 0x0000000713400000, 0x0000000713400000|100%| E|CS|TAMS 0x0000000713300000, 0x0000000713300000| Complete 
| 308|0x0000000713400000, 0x0000000713500000, 0x0000000713500000|100%| E|CS|TAMS 0x0000000713400000, 0x0000000713400000| Complete 

Card table byte_map: [0x000001c26c4c0000,0x000001c26ccc0000] _byte_map_base: 0x000001c268cc0000

Marking Bits (Prev, Next): (CMBitMap*) 0x000001c25274c538, (CMBitMap*) 0x000001c25274c4f8
 Prev Bits: [0x000001c2714c0000, 0x000001c2754c0000)
 Next Bits: [0x000001c26d4c0000, 0x000001c2714c0000)

Polling page: 0x000001c2527c0000

Metaspace:

Usage:
  Non-class:     30.21 MB capacity,    29.55 MB ( 98%) used,   553.24 KB (  2%) free+waste,   130.75 KB ( <1%) overhead. 
      Class:      4.39 MB capacity,     3.95 MB ( 90%) used,   382.08 KB (  9%) free+waste,    62.38 KB (  1%) overhead. 
       Both:     34.60 MB capacity,    33.50 MB ( 97%) used,   935.32 KB (  3%) free+waste,   193.13 KB ( <1%) overhead. 

Virtual space:
  Non-class space:       32.00 MB reserved,      30.25 MB ( 95%) committed 
      Class space:        1.00 GB reserved,       4.50 MB ( <1%) committed 
             Both:        1.03 GB reserved,      34.75 MB (  3%) committed 

Chunk freelists:
   Non-Class:  36.00 KB
       Class:  19.00 KB
        Both:  55.00 KB

MaxMetaspaceSize: 17179869184.00 GB
CompressedClassSpaceSize: 1.00 GB

CodeHeap 'non-profiled nmethods': size=120000Kb used=2458Kb max_used=2683Kb free=117541Kb
 bounds [0x000001c264170000, 0x000001c264410000, 0x000001c26b6a0000]
CodeHeap 'profiled nmethods': size=120000Kb used=8078Kb max_used=9233Kb free=111921Kb
 bounds [0x000001c25cc40000, 0x000001c25d550000, 0x000001c264170000]
CodeHeap 'non-nmethods': size=5760Kb used=1262Kb max_used=1307Kb free=4497Kb
 bounds [0x000001c25c6a0000, 0x000001c25c910000, 0x000001c25cc40000]
 total_blobs=4563 nmethods=4025 adapters=450
 compilation: enabled
              stopped_count=0, restarted_count=0
 full_count=0

Compilation events (20 events):
Event: 19.217 Thread 0x000001c277b88000 4822       3       io.cucumber.core.plugin.CanonicalEventOrder::compare (13 bytes)
Event: 19.217 Thread 0x000001c277b88000 nmethod 4822 0x000001c25cdf0110 code [0x000001c25cdf02c0, 0x000001c25cdf0648]
Event: 19.217 Thread 0x000001c277b88000 4823       3       io.cucumber.core.plugin.CanonicalEventOrder::compare (46 bytes)
Event: 19.218 Thread 0x000001c277b88000 nmethod 4823 0x000001c25ce39390 code [0x000001c25ce395a0, 0x000001c25ce39e88]
Event: 19.218 Thread 0x000001c277b88000 4821       3       java.lang.Integer::compare (20 bytes)
Event: 19.218 Thread 0x000001c277b88000 nmethod 4821 0x000001c25cd88710 code [0x000001c25cd888a0, 0x000001c25cd88a38]
Event: 19.218 Thread 0x000001c277b88000 4826       1       io.cucumber.plugin.event.TestCaseEvent::getTestCase (5 bytes)
Event: 19.218 Thread 0x000001c277b88000 nmethod 4826 0x000001c264220990 code [0x000001c264220b20, 0x000001c264220bf8]
Event: 19.218 Thread 0x000001c277b88000 4825       1       io.cucumber.core.gherkin.messages.GherkinMessagesPickle::getUri (5 bytes)
Event: 19.218 Thread 0x000001c277b88000 nmethod 4825 0x000001c264220490 code [0x000001c264220620, 0x000001c2642206f8]
Event: 19.218 Thread 0x000001c277b88000 4829       3       java.util.LinkedList$ListItr::checkForComodification (23 bytes)
Event: 19.218 Thread 0x000001c277b88000 nmethod 4829 0x000001c25cdef990 code [0x000001c25cdefb40, 0x000001c25cdefd88]
Event: 19.218 Thread 0x000001c277b88000 4830       3       java.util.LinkedList$ListItr::set (28 bytes)
Event: 19.219 Thread 0x000001c277b88000 nmethod 4830 0x000001c25ce38c10 code [0x000001c25ce38de0, 0x000001c25ce391f8]
Event: 19.219 Thread 0x000001c277b88000 4831       3       io.cucumber.core.eventbus.AbstractEventPublisher::send (138 bytes)
Event: 19.219 Thread 0x000001c277b88000 nmethod 4831 0x000001c25cc5cc10 code [0x000001c25cc5cee0, 0x000001c25cc5e238]
Event: 19.219 Thread 0x000001c277b88000 4827       1       io.cucumber.plugin.event.Location::getLine (5 bytes)
Event: 19.219 Thread 0x000001c277b88000 nmethod 4827 0x000001c264261210 code [0x000001c2642613a0, 0x000001c264261478]
Event: 19.219 Thread 0x000001c277b88000 4828       1       io.cucumber.plugin.event.TimeStampedEvent::getInstant (5 bytes)
Event: 19.220 Thread 0x000001c277b88000 nmethod 4828 0x000001c264260f10 code [0x000001c2642610a0, 0x000001c264261178]

GC Heap History (14 events):
Event: 0.341 GC heap before
{Heap before GC invocations=0 (full 0):
 garbage-first heap   total 262144K, used 12288K [0x0000000700000000, 0x0000000800000000)
  region size 1024K, 13 young (13312K), 0 survivors (0K)
 Metaspace       used 246K, capacity 4480K, committed 4480K, reserved 1056768K
  class space    used 10K, capacity 384K, committed 384K, reserved 1048576K
}
Event: 0.346 GC heap after
{Heap after GC invocations=1 (full 0):
 garbage-first heap   total 262144K, used 636K [0x0000000700000000, 0x0000000800000000)
  region size 1024K, 1 young (1024K), 1 survivors (1024K)
 Metaspace       used 246K, capacity 4480K, committed 4480K, reserved 1056768K
  class space    used 10K, capacity 384K, committed 384K, reserved 1048576K
}
Event: 0.818 GC heap before
{Heap before GC invocations=1 (full 0):
 garbage-first heap   total 262144K, used 20092K [0x0000000700000000, 0x0000000800000000)
  region size 1024K, 20 young (20480K), 1 survivors (1024K)
 Metaspace       used 2175K, capacity 5172K, committed 5504K, reserved 1056768K
  class space    used 224K, capacity 519K, committed 640K, reserved 1048576K
}
Event: 0.824 GC heap after
{Heap after GC invocations=2 (full 0):
 garbage-first heap   total 262144K, used 6230K [0x0000000700000000, 0x0000000800000000)
  region size 1024K, 3 young (3072K), 3 survivors (3072K)
 Metaspace       used 2175K, capacity 5172K, committed 5504K, reserved 1056768K
  class space    used 224K, capacity 519K, committed 640K, reserved 1048576K
}
Event: 3.217 GC heap before
{Heap before GC invocations=2 (full 0):
 garbage-first heap   total 262144K, used 162902K [0x0000000700000000, 0x0000000800000000)
  region size 1024K, 153 young (156672K), 3 survivors (3072K)
 Metaspace       used 8609K, capacity 9616K, committed 9728K, reserved 1058816K
  class space    used 856K, capacity 1024K, committed 1024K, reserved 1048576K
}
Event: 3.237 GC heap after
{Heap after GC invocations=3 (full 0):
 garbage-first heap   total 262144K, used 31998K [0x0000000700000000, 0x0000000800000000)
  region size 1024K, 20 young (20480K), 20 survivors (20480K)
 Metaspace       used 8609K, capacity 9616K, committed 9728K, reserved 1058816K
  class space    used 856K, capacity 1024K, committed 1024K, reserved 1048576K
}
Event: 4.199 GC heap before
{Heap before GC invocations=3 (full 0):
 garbage-first heap   total 262144K, used 138494K [0x0000000700000000, 0x0000000800000000)
  region size 1024K, 124 young (126976K), 20 survivors (20480K)
 Metaspace       used 12835K, capacity 13197K, committed 13440K, reserved 1060864K
  class space    used 1437K, capacity 1598K, committed 1664K, reserved 1048576K
}
Event: 4.227 GC heap after
{Heap after GC invocations=4 (full 0):
 garbage-first heap   total 262144K, used 36755K [0x0000000700000000, 0x0000000800000000)
  region size 1024K, 5 young (5120K), 5 survivors (5120K)
 Metaspace       used 12835K, capacity 13197K, committed 13440K, reserved 1060864K
  class space    used 1437K, capacity 1598K, committed 1664K, reserved 1048576K
}
Event: 5.106 GC heap before
{Heap before GC invocations=4 (full 0):
 garbage-first heap   total 262144K, used 179091K [0x0000000700000000, 0x0000000800000000)
  region size 1024K, 144 young (147456K), 5 survivors (5120K)
 Metaspace       used 15562K, capacity 16055K, committed 16256K, reserved 1062912K
  class space    used 1716K, capacity 1908K, committed 1920K, reserved 1048576K
}
Event: 5.116 GC heap after
{Heap after GC invocations=5 (full 0):
 garbage-first heap   total 316416K, used 37710K [0x0000000700000000, 0x0000000800000000)
  region size 1024K, 6 young (6144K), 6 survivors (6144K)
 Metaspace       used 15562K, capacity 16055K, committed 16256K, reserved 1062912K
  class space    used 1716K, capacity 1908K, committed 1920K, reserved 1048576K
}
Event: 6.201 GC heap before
{Heap before GC invocations=5 (full 0):
 garbage-first heap   total 316416K, used 103246K [0x0000000700000000, 0x0000000800000000)
  region size 1024K, 67 young (68608K), 6 survivors (6144K)
 Metaspace       used 20624K, capacity 21194K, committed 21248K, reserved 1069056K
  class space    used 2323K, capacity 2550K, committed 2560K, reserved 1048576K
}
Event: 6.215 GC heap after
{Heap after GC invocations=6 (full 0):
 garbage-first heap   total 316416K, used 48010K [0x0000000700000000, 0x0000000800000000)
  region size 1024K, 12 young (12288K), 12 survivors (12288K)
 Metaspace       used 20624K, capacity 21194K, committed 21248K, reserved 1069056K
  class space    used 2323K, capacity 2550K, committed 2560K, reserved 1048576K
}
Event: 8.007 GC heap before
{Heap before GC invocations=7 (full 0):
 garbage-first heap   total 171008K, used 169866K [0x0000000700000000, 0x0000000800000000)
  region size 1024K, 131 young (134144K), 12 survivors (12288K)
 Metaspace       used 28690K, capacity 29529K, committed 29824K, reserved 1075200K
  class space    used 3270K, capacity 3592K, committed 3712K, reserved 1048576K
}
Event: 8.032 GC heap after
{Heap after GC invocations=8 (full 0):
 garbage-first heap   total 184320K, used 45468K [0x0000000700000000, 0x0000000800000000)
  region size 1024K, 13 young (13312K), 13 survivors (13312K)
 Metaspace       used 28690K, capacity 29529K, committed 29824K, reserved 1075200K
  class space    used 3270K, capacity 3592K, committed 3712K, reserved 1048576K
}

Deoptimization events (20 events):
Event: 19.175 Thread 0x000001c278599800 Uncommon trap: trap_request=0xffffff45 fr.pc=0x000001c2643727b4 relative=0x0000000000000194
Event: 19.175 Thread 0x000001c278599800 Uncommon trap: reason=unstable_if action=reinterpret pc=0x000001c2643727b4 method=java.lang.String.equals(Ljava/lang/Object;)Z @ 33 c2
Event: 19.175 Thread 0x000001c278599800 DEOPT PACKING pc=0x000001c2643727b4 sp=0x0000009d2c0fd570
Event: 19.175 Thread 0x000001c278599800 DEOPT UNPACKING pc=0x000001c25c6e912f sp=0x0000009d2c0fd500 mode 2
Event: 19.175 Thread 0x000001c278599800 Uncommon trap: trap_request=0xffffff45 fr.pc=0x000001c26421c774 relative=0x0000000000000194
Event: 19.175 Thread 0x000001c278599800 Uncommon trap: reason=unstable_if action=reinterpret pc=0x000001c26421c774 method=java.lang.AbstractStringBuilder.appendChars(Ljava/lang/String;II)V @ 11 c2
Event: 19.175 Thread 0x000001c278599800 DEOPT PACKING pc=0x000001c26421c774 sp=0x0000009d2c0fd140
Event: 19.175 Thread 0x000001c278599800 DEOPT UNPACKING pc=0x000001c25c6e912f sp=0x0000009d2c0fd0f0 mode 2
Event: 19.179 Thread 0x000001c278599800 Uncommon trap: trap_request=0xffffff45 fr.pc=0x000001c2642e3b68 relative=0x0000000000000e88
Event: 19.179 Thread 0x000001c278599800 Uncommon trap: reason=unstable_if action=reinterpret pc=0x000001c2642e3b68 method=io.cucumber.messages.internal.com.google.gson.stream.JsonWriter.string(Ljava/lang/String;)V @ 57 c2
Event: 19.179 Thread 0x000001c278599800 DEOPT PACKING pc=0x000001c2642e3b68 sp=0x0000009d2c0fd250
Event: 19.179 Thread 0x000001c278599800 DEOPT UNPACKING pc=0x000001c25c6e912f sp=0x0000009d2c0fd228 mode 2
Event: 19.181 Thread 0x000001c278599800 DEOPT PACKING pc=0x000001c25d23521f sp=0x0000009d2c0fdb10
Event: 19.181 Thread 0x000001c278599800 DEOPT UNPACKING pc=0x000001c25c6e964e sp=0x0000009d2c0fd088 mode 0
Event: 19.181 Thread 0x000001c278599800 Uncommon trap: trap_request=0xffffff45 fr.pc=0x000001c2643256a4 relative=0x0000000000000464
Event: 19.181 Thread 0x000001c278599800 Uncommon trap: reason=unstable_if action=reinterpret pc=0x000001c2643256a4 method=sun.nio.cs.UTF_8$Encoder.encodeArrayLoop(Ljava/nio/CharBuffer;Ljava/nio/ByteBuffer;)Ljava/nio/charset/CoderResult; @ 87 c2
Event: 19.181 Thread 0x000001c278599800 DEOPT PACKING pc=0x000001c2643256a4 sp=0x0000009d2c0fdbe0
Event: 19.181 Thread 0x000001c278599800 DEOPT UNPACKING pc=0x000001c25c6e912f sp=0x0000009d2c0fdb88 mode 2
Event: 19.194 Thread 0x000001c278599800 DEOPT PACKING pc=0x000001c25cf9fe67 sp=0x0000009d2c0fd5a0
Event: 19.194 Thread 0x000001c278599800 DEOPT UNPACKING pc=0x000001c25c6e964e sp=0x0000009d2c0fcab8 mode 0

Classes unloaded (0 events):
No events

Classes redefined (0 events):
No events

Internal exceptions (20 events):
Event: 7.679 Thread 0x000001c278599800 Exception <a 'java/lang/NoSuchMethodError'{0x00000007036ecf68}: 'int java.lang.invoke.DirectMethodHandle$Holder.invokeStaticInit(java.lang.Object, java.lang.Object, java.lang.Object, java.lang.Object)'> (0x00000007036ecf68) 
thrown [./open/src/hotspot/share/interpreter/linkResolver.cpp, line 766]
Event: 7.680 Thread 0x000001c278599800 Exception <a 'java/lang/NoSuchMethodError'{0x00000007036f7818}: 'void java.lang.invoke.DirectMethodHandle$Holder.invokeStaticInit(java.lang.Object, java.lang.Object)'> (0x00000007036f7818) 
thrown [./open/src/hotspot/share/interpreter/linkResolver.cpp, line 766]
Event: 7.761 Thread 0x000001c278599800 Implicit null exception at 0x000001c26425f636 to 0x000001c26425f704
Event: 7.983 Thread 0x000001c278599800 Exception <a 'java/lang/NoSuchMethodError'{0x0000000702413280}: 'java.lang.Object java.lang.invoke.DirectMethodHandle$Holder.invokeVirtual(java.lang.Object, java.lang.Object, java.lang.Object)'> (0x0000000702413280) 
thrown [./open/src/hotspot/share/interpreter/linkResolver.cpp, line 766]
Event: 8.106 Thread 0x000001c278599800 Exception <a 'java/net/SocketException'{0x000000070f63df68}: Socket is not connected: shutdown> (0x000000070f63df68) 
thrown [./open/src/hotspot/share/prims/jni.cpp, line 620]
Event: 8.132 Thread 0x000001c278599800 Exception <a 'java/lang/NoSuchMethodError'{0x000000070f4a2fb0}: 'void java.lang.invoke.DirectMethodHandle$Holder.invokeVirtual(java.lang.Object, java.lang.Object, java.lang.Object, java.lang.Object)'> (0x000000070f4a2fb0) 
thrown [./open/src/hotspot/share/interpreter/linkResolver.cpp, line 766]
Event: 8.826 Thread 0x000001c27b7bd000 Exception <a 'java/net/SocketException'{0x0000000709202a50}: Socket is not connected: shutdown> (0x0000000709202a50) 
thrown [./open/src/hotspot/share/prims/jni.cpp, line 620]
Event: 9.347 Thread 0x000001c27b7bd000 Exception <a 'java/net/SocketException'{0x0000000709203de0}: Socket is not connected: shutdown> (0x0000000709203de0) 
thrown [./open/src/hotspot/share/prims/jni.cpp, line 620]
Event: 9.920 Thread 0x000001c278599800 Exception <a 'java/lang/NoSuchMethodError'{0x0000000708f13568}: 'java.lang.Object java.lang.invoke.DirectMethodHandle$Holder.invokeInterface(java.lang.Object, java.lang.Object, java.lang.Object)'> (0x0000000708f13568) 
thrown [./open/src/hotspot/share/interpreter/linkResolver.cpp, line 766]
Event: 9.920 Thread 0x000001c278599800 Exception <a 'java/lang/IncompatibleClassChangeError'{0x0000000708f16470}: Found class java.lang.Object, but interface was expected> (0x0000000708f16470) 
thrown [./open/src/hotspot/share/interpreter/linkResolver.cpp, line 832]
Event: 9.922 Thread 0x000001c278599800 Exception <a 'java/lang/NoSuchMethodError'{0x0000000708f22870}: 'java.lang.Object java.lang.invoke.DirectMethodHandle$Holder.invokeInterface(java.lang.Object, java.lang.Object, java.lang.Object, java.lang.Object)'> (0x0000000708f22870) 
thrown [./open/src/hotspot/share/interpreter/linkResolver.cpp, line 766]
Event: 9.961 Thread 0x000001c278599800 Exception <a 'java/lang/NoSuchMethodError'{0x0000000708c6e290}: 'double java.lang.invoke.DirectMethodHandle$Holder.invokeVirtual(java.lang.Object, java.lang.Object)'> (0x0000000708c6e290) 
thrown [./open/src/hotspot/share/interpreter/linkResolver.cpp, line 766]
Event: 9.962 Thread 0x000001c278599800 Exception <a 'java/lang/NoSuchMethodError'{0x0000000708c73698}: 'float java.lang.invoke.DirectMethodHandle$Holder.invokeVirtual(java.lang.Object, java.lang.Object)'> (0x0000000708c73698) 
thrown [./open/src/hotspot/share/interpreter/linkResolver.cpp, line 766]
Event: 9.962 Thread 0x000001c278599800 Exception <a 'java/lang/NoSuchMethodError'{0x0000000708c7b038}: 'long java.lang.invoke.DirectMethodHandle$Holder.invokeVirtual(java.lang.Object, java.lang.Object)'> (0x0000000708c7b038) 
thrown [./open/src/hotspot/share/interpreter/linkResolver.cpp, line 766]
Event: 11.649 Thread 0x000001c278599800 Exception <a 'java/lang/NoSuchMethodError'{0x0000000706ebb0a8}: 'java.lang.Object java.lang.invoke.DirectMethodHandle$Holder.invokeSpecialIFC(java.lang.Object, java.lang.Object, java.lang.Object)'> (0x0000000706ebb0a8) 
thrown [./open/src/hotspot/share/interpreter/linkResolver.cpp, line 766]
Event: 12.181 Thread 0x000001c278599800 Exception <a 'java/lang/NullPointerException'{0x000000070672c280}> (0x000000070672c280) 
thrown [./open/src/hotspot/share/interpreter/linkResolver.cpp, line 1348]
Event: 12.227 Thread 0x000001c278599800 Exception <a 'java/lang/ClassNotFoundException'{0x00000007067abf58}: sun/misc/SharedSecrets> (0x00000007067abf58) 
thrown [./open/src/hotspot/share/classfile/systemDictionary.cpp, line 226]
Event: 12.831 Thread 0x000001c278599800 Exception <a 'java/lang/NullPointerException'{0x0000000705e68738}> (0x0000000705e68738) 
thrown [./open/src/hotspot/share/interpreter/linkResolver.cpp, line 1348]
Event: 13.430 Thread 0x000001c278599800 Exception <a 'java/lang/NullPointerException'{0x0000000705aec9c0}> (0x0000000705aec9c0) 
thrown [./open/src/hotspot/share/interpreter/linkResolver.cpp, line 1348]
Event: 19.166 Thread 0x000001c278599800 Exception <a 'java/lang/reflect/InvocationTargetException'{0x00000007051d5be0}> (0x00000007051d5be0) 
thrown [./open/src/hotspot/share/runtime/reflection.cpp, line 1188]

Events (20 events):
Event: 12.311 Thread 0x000001c27d5b9800 Thread added: 0x000001c27d5b9800
Event: 12.497 Thread 0x000001c27d5b9800 Thread exited: 0x000001c27d5b9800
Event: 13.083 Loaded shared library C:\Program Files\Java\jdk-14.0.2\bin\java.dll
Event: 14.900 Executing VM operation: HandshakeOneThread
Event: 14.900 Executing VM operation: HandshakeOneThread done
Event: 14.900 Executing VM operation: HandshakeOneThread
Event: 14.900 Executing VM operation: HandshakeOneThread done
Event: 14.900 Executing VM operation: HandshakeOneThread
Event: 14.900 Executing VM operation: HandshakeOneThread done
Event: 14.900 Thread 0x000001c27c506800 Thread exited: 0x000001c27c506800
Event: 17.905 Executing VM operation: HandshakeOneThread
Event: 17.905 Executing VM operation: HandshakeOneThread done
Event: 17.906 loading class java/lang/Throwable$WrappedPrintWriter
Event: 17.906 loading class java/lang/Throwable$WrappedPrintWriter done
Event: 17.907 loading class java/lang/StackTraceElement$HashedModules
Event: 17.907 loading class java/lang/StackTraceElement$HashedModules done
Event: 19.174 loading class java/lang/Throwable$WrappedPrintStream
Event: 19.174 loading class java/lang/Throwable$WrappedPrintStream done
Event: 19.223 Executing VM operation: HandshakeAllThreads
Event: 19.223 Executing VM operation: HandshakeAllThreads done


Dynamic libraries:
0x00007ff7b7850000 - 0x00007ff7b785f000 	C:\Program Files\Java\jdk-14.0.2\bin\java.exe
0x00007ffa05bf0000 - 0x00007ffa05de8000 	C:\WINDOWS\SYSTEM32\ntdll.dll
0x00007ff9db510000 - 0x00007ff9db584000 	C:\WINDOWS\System32\verifier.dll
0x00007ff9df380000 - 0x00007ff9df474000 	C:\WINDOWS\SYSTEM32\PayloadRestrictions.dll
0x00007ffa03650000 - 0x00007ffa03750000 	C:\WINDOWS\System32\ucrtbase.dll
0x00007ffa037f0000 - 0x00007ffa03abe000 	C:\WINDOWS\System32\kernelbase.dll
0x00007ffa03fd0000 - 0x00007ffa0408d000 	C:\WINDOWS\System32\kernel32.dll
0x00007ff9f6f70000 - 0x00007ff9f6f88000 	C:\Program Files\Java\jdk-14.0.2\bin\jli.dll
0x00007ffa03e20000 - 0x00007ffa03ece000 	C:\WINDOWS\System32\ADVAPI32.dll
0x00007ffa04be0000 - 0x00007ffa04c7e000 	C:\WINDOWS\System32\msvcrt.dll
0x00007ffa04e30000 - 0x00007ffa04ecc000 	C:\WINDOWS\System32\sechost.dll
0x00007ffa05950000 - 0x00007ffa05a75000 	C:\WINDOWS\System32\RPCRT4.dll
0x00007ffa05740000 - 0x00007ffa058e0000 	C:\WINDOWS\System32\USER32.dll
0x00007ffa03570000 - 0x00007ffa03592000 	C:\WINDOWS\System32\win32u.dll
0x00007ffa05700000 - 0x00007ffa0572a000 	C:\WINDOWS\System32\GDI32.dll
0x00007ffa03b10000 - 0x00007ffa03c1b000 	C:\WINDOWS\System32\gdi32full.dll
0x00007ffa03750000 - 0x00007ffa037ed000 	C:\WINDOWS\System32\msvcp_win.dll
0x00007ff9f64d0000 - 0x00007ff9f64e5000 	C:\Program Files\Java\jdk-14.0.2\bin\VCRUNTIME140.dll
0x00007ff9edc30000 - 0x00007ff9edeca000 	C:\WINDOWS\WinSxS\amd64_microsoft.windows.common-controls_6595b64144ccf1df_6.0.19041.1110_none_60b5254171f9507e\COMCTL32.dll
0x00007ff9fc950000 - 0x00007ff9fc95a000 	C:\WINDOWS\SYSTEM32\VERSION.dll
0x00007ffa04090000 - 0x00007ffa040c0000 	C:\WINDOWS\System32\IMM32.DLL
0x00007ff9dfa10000 - 0x00007ff9dfaab000 	C:\Program Files\Java\jdk-14.0.2\bin\msvcp140.dll
0x00007ff9d2220000 - 0x00007ff9d2d3e000 	C:\Program Files\Java\jdk-14.0.2\bin\server\jvm.dll
0x00007ffa04480000 - 0x00007ffa04488000 	C:\WINDOWS\System32\PSAPI.DLL
0x00007ff9fc340000 - 0x00007ff9fc349000 	C:\WINDOWS\SYSTEM32\WSOCK32.dll
0x00007ffa05050000 - 0x00007ffa050bb000 	C:\WINDOWS\System32\WS2_32.dll
0x00007ff9f7f70000 - 0x00007ff9f7f97000 	C:\WINDOWS\SYSTEM32\WINMM.dll
0x00007ffa01230000 - 0x00007ffa01242000 	C:\WINDOWS\SYSTEM32\kernel.appcore.dll
0x00007ff9fe910000 - 0x00007ff9fe91a000 	C:\Program Files\Java\jdk-14.0.2\bin\jimage.dll
0x00007ff9f7fa0000 - 0x00007ff9f8184000 	C:\WINDOWS\SYSTEM32\DBGHELP.DLL
0x00007ff9f7f40000 - 0x00007ff9f7f6c000 	C:\WINDOWS\SYSTEM32\dbgcore.DLL
0x00007ffa034e0000 - 0x00007ffa03562000 	C:\WINDOWS\System32\bcryptPrimitives.dll
0x00007ff9f3670000 - 0x00007ff9f3695000 	C:\Program Files\Java\jdk-14.0.2\bin\java.dll
0x00007ff9ef1b0000 - 0x00007ff9ef1c6000 	C:\Program Files\Java\jdk-14.0.2\bin\zip.dll
0x00007ffa04490000 - 0x00007ffa04bd4000 	C:\WINDOWS\System32\SHELL32.dll
0x00007ffa01430000 - 0x00007ffa01bc4000 	C:\WINDOWS\SYSTEM32\windows.storage.dll
0x00007ffa04120000 - 0x00007ffa04474000 	C:\WINDOWS\System32\combase.dll
0x00007ffa02d00000 - 0x00007ffa02d30000 	C:\WINDOWS\SYSTEM32\Wldp.dll
0x00007ffa04ed0000 - 0x00007ffa04f7d000 	C:\WINDOWS\System32\SHCORE.dll
0x00007ffa040c0000 - 0x00007ffa04115000 	C:\WINDOWS\System32\shlwapi.dll
0x00007ffa03250000 - 0x00007ffa0326f000 	C:\WINDOWS\SYSTEM32\profapi.dll
0x00007ff9ed8b0000 - 0x00007ff9ed8c9000 	C:\Program Files\Java\jdk-14.0.2\bin\net.dll
0x00007ff9fcb40000 - 0x00007ff9fcc4a000 	C:\WINDOWS\SYSTEM32\WINHTTP.dll
0x00007ffa02a60000 - 0x00007ffa02aca000 	C:\WINDOWS\system32\mswsock.dll
0x00007ff9ed840000 - 0x00007ff9ed852000 	C:\Program Files\Java\jdk-14.0.2\bin\nio.dll
0x00007ff9f7b60000 - 0x00007ff9f7b69000 	C:\Program Files\Java\jdk-14.0.2\bin\management.dll
0x00007ff9f79a0000 - 0x00007ff9f79ab000 	C:\Program Files\Java\jdk-14.0.2\bin\management_ext.dll
0x00007ff9f8b60000 - 0x00007ff9f8b70000 	C:\Program Files\Java\jdk-14.0.2\bin\verify.dll
0x00007ffa02c50000 - 0x00007ffa02c68000 	C:\WINDOWS\SYSTEM32\CRYPTSP.dll
0x00007ffa023e0000 - 0x00007ffa02414000 	C:\WINDOWS\system32\rsaenh.dll
0x00007ffa03c20000 - 0x00007ffa03c47000 	C:\WINDOWS\System32\bcrypt.dll
0x00007ffa031d0000 - 0x00007ffa031fe000 	C:\WINDOWS\SYSTEM32\USERENV.dll
0x00007ffa02c70000 - 0x00007ffa02c7c000 	C:\WINDOWS\SYSTEM32\CRYPTBASE.dll
0x00007ffa02750000 - 0x00007ffa0278b000 	C:\WINDOWS\SYSTEM32\IPHLPAPI.DLL
0x00007ffa058e0000 - 0x00007ffa058e8000 	C:\WINDOWS\System32\NSI.dll
0x00007ff9fe110000 - 0x00007ff9fe127000 	C:\WINDOWS\SYSTEM32\dhcpcsvc6.DLL
0x00007ff9fe0f0000 - 0x00007ff9fe10d000 	C:\WINDOWS\SYSTEM32\dhcpcsvc.DLL
0x00007ffa02790000 - 0x00007ffa0285a000 	C:\WINDOWS\SYSTEM32\DNSAPI.dll
0x00007ff9fea50000 - 0x00007ff9fea5e000 	C:\Program Files\Java\jdk-14.0.2\bin\sunmscapi.dll
0x00007ffa03380000 - 0x00007ffa034d6000 	C:\WINDOWS\System32\CRYPT32.dll
0x00007ffa02d70000 - 0x00007ffa02d97000 	C:\WINDOWS\SYSTEM32\ncrypt.dll
0x00007ffa02d30000 - 0x00007ffa02d6b000 	C:\WINDOWS\SYSTEM32\NTASN1.dll
0x00007ff9fb7c0000 - 0x00007ff9fb7e5000 	C:\Program Files\Java\jdk-14.0.2\bin\sunec.dll
0x00007ff9fdc80000 - 0x00007ff9fdc8a000 	C:\Windows\System32\rasadhlp.dll
0x00007ff9fdf70000 - 0x00007ff9fdff0000 	C:\WINDOWS\System32\fwpuclnt.dll
0x00007ff9fc740000 - 0x00007ff9fc757000 	C:\WINDOWS\system32\napinsp.dll
0x00007ff9fc760000 - 0x00007ff9fc77b000 	C:\WINDOWS\system32\pnrpnsp.dll
0x00007ff9fc780000 - 0x00007ff9fc795000 	C:\WINDOWS\system32\wshbth.dll
0x00007ff9fef40000 - 0x00007ff9fef5d000 	C:\WINDOWS\system32\NLAapi.dll
0x00007ff9fc930000 - 0x00007ff9fc942000 	C:\WINDOWS\System32\winrnr.dll

dbghelp: loaded successfully - version: 4.0.5 - missing functions: none
symbol engine: initialized successfully - sym options: 0x614 - pdb path: .;C:\Program Files\Java\jdk-14.0.2\bin;C:\WINDOWS\SYSTEM32;C:\WINDOWS\WinSxS\amd64_microsoft.windows.common-controls_6595b64144ccf1df_6.0.19041.1110_none_60b5254171f9507e;C:\Program Files\Java\jdk-14.0.2\bin\server

VM Arguments:
jvm_args: -Dfile.encoding=UTF-8 
java_command: C:\Users\vvaidya\AppData\Local\Temp\surefire6499407735023473986\surefirebooter2244101471523372127.jar C:\Users\vvaidya\AppData\Local\Temp\surefire6499407735023473986 2022-10-02T18-26-22_633-jvmRun1 surefire14127537531338365072tmp surefire_02088246746010915180tmp
java_class_path (initial): C:\Users\vvaidya\AppData\Local\Temp\surefire6499407735023473986\surefirebooter2244101471523372127.jar
Launcher Type: SUN_STANDARD

[Global flags]
     intx CICompilerCount                          = 3                                         {product} {ergonomic}
     uint ConcGCThreads                            = 1                                         {product} {ergonomic}
     uint G1ConcRefinementThreads                  = 4                                         {product} {ergonomic}
   size_t G1HeapRegionSize                         = 1048576                                   {product} {ergonomic}
    uintx GCDrainStackTargetSize                   = 64                                        {product} {ergonomic}
   size_t InitialHeapSize                          = 268435456                                 {product} {ergonomic}
   size_t MarkStackSize                            = 4194304                                   {product} {ergonomic}
   size_t MaxHeapSize                              = 4294967296                                {product} {ergonomic}
   size_t MaxNewSize                               = 2576351232                                {product} {ergonomic}
   size_t MinHeapDeltaBytes                        = 1048576                                   {product} {ergonomic}
   size_t MinHeapSize                              = 8388608                                   {product} {ergonomic}
    uintx NonNMethodCodeHeapSize                   = 5832780                                {pd product} {ergonomic}
    uintx NonProfiledCodeHeapSize                  = 122912730                              {pd product} {ergonomic}
    uintx ProfiledCodeHeapSize                     = 122912730                              {pd product} {ergonomic}
    uintx ReservedCodeCacheSize                    = 251658240                              {pd product} {ergonomic}
     bool SegmentedCodeCache                       = true                                      {product} {ergonomic}
   size_t SoftMaxHeapSize                          = 4294967296                             {manageable} {ergonomic}
     bool UseCompressedClassPointers               = true                                 {lp64_product} {ergonomic}
     bool UseCompressedOops                        = true                                 {lp64_product} {ergonomic}
     bool UseG1GC                                  = true                                      {product} {ergonomic}
     bool UseLargePagesIndividualAllocation        = false                                  {pd product} {ergonomic}

Logging:
Log output configuration:
 #0: stdout all=warning uptime,level,tags
 #1: stderr all=off uptime,level,tags

Environment Variables:
PATH=%JAVA_HOME%\bin;C:\WINDOWS\system32;C:\WINDOWS;C:\WINDOWS\System32\Wbem;C:\WINDOWS\System32\WindowsPowerShell\v1.0\;C:\WINDOWS\System32\OpenSSH\;%MAVEN_HOME%\bin;C:\Program Files\TortoiseSVN\bin;C:\Program Files\Git\cmd;C:\Users\vvaidya\AppData\Local\Microsoft\WindowsApps;C:\Program Files\Java\jdk-14.0.2\bin;C:\Program Files\Maven\apache-maven-3.8.4\bin;
USERNAME=vvaidya



---------------  S Y S T E M  ---------------

OS: Windows 10 , 64 bit Build 19041 (10.0.19041.1889)
OS uptime: 41 days 3:53 hours
VMWare virtualization detected

CPU:total 4 (initial active 4) (2 cores per cpu, 1 threads per core) family 6 model 79 stepping 0, cmov, cx8, fxsr, mmx, sse, sse2, sse3, ssse3, sse4.1, sse4.2, popcnt, avx, avx2, aes, clmul, erms, 3dnowpref, lzcnt, tsc, tscinvbit, bmi1, bmi2, adx, fma

Memory: 4k page, system-wide physical 16383M (5760M free)
TotalPageFile size 29110M (AvailPageFile size 3M)
current process WorkingSet (physical memory assigned to process): 303M, peak: 369M
current process commit charge ("private bytes"): 351M, peak: 470M

vm_info: Java HotSpot(TM) 64-Bit Server VM (14.0.2+12-46) for windows-amd64 JRE (14.0.2+12-46), built on Jul  9 2020 00:35:52 by "mach5one" with MS VC++ 15.9 (VS2017)

END.
