#
# There is insufficient memory for the Java Runtime Environment to continue.
# Native memory allocation (malloc) failed to allocate 65552 bytes for Chunk::new
# Possible reasons:
#   The system is out of physical RAM or swap space
#   The process is running with CompressedOops enabled, and the Java Heap may be blocking the growth of the native heap
# Possible solutions:
#   Reduce memory load on the system
#   Increase physical memory or swap space
#   Check if swap backing store is full
#   Decrease Java heap size (-Xmx/-Xms)
#   Decrease number of Java threads
#   Decrease Java thread stack sizes (-Xss)
#   Set larger code cache with -XX:ReservedCodeCacheSize=
#   JVM is running with Zero Based Compressed Oops mode in which the Java heap is
#     placed in the first 32GB address space. The Java Heap base address is the
#     maximum limit for the native heap growth. Please use -XX:HeapBaseMinAddress
#     to set the Java Heap base and to place the Java Heap above 32GB virtual address.
# This output file may be truncated or incomplete.
#
#  Out of Memory Error (./open/src/hotspot/share/memory/arena.cpp:195), pid=14480, tid=16864
#
# JRE version: Java(TM) SE Runtime Environment (14.0.2+12) (build 14.0.2+12-46)
# Java VM: Java HotSpot(TM) 64-Bit Server VM (14.0.2+12-46, mixed mode, sharing, tiered, compressed oops, g1 gc, windows-amd64)
# No core dump will be written. Minidumps are not enabled by default on client versions of Windows
#

---------------  S U M M A R Y ------------

Command Line: -Dfile.encoding=UTF-8 C:\Users\vvaidya\AppData\Local\Temp\surefire12154852166256692935\surefirebooter9574632152445346308.jar C:\Users\vvaidya\AppData\Local\Temp\surefire12154852166256692935 2022-10-01T10-11-19_303-jvmRun1 surefire14844439499099267767tmp surefire_09281853605242761540tmp

Host: Intel(R) Xeon(R) Silver 4116 CPU @ 2.10GHz, 4 cores, 15G,  Windows 10 , 64 bit Build 19041 (10.0.19041.1889)
Time: Sat Oct  1 10:36:53 2022 Mountain Daylight Time elapsed time: 1533 seconds (0d 0h 25m 33s)

---------------  T H R E A D  ---------------

Current thread (0x0000023fc3898000):  JavaThread "C2 CompilerThread0" daemon [_thread_in_native, id=16864, stack(0x0000004d59500000,0x0000004d59600000)]


Current CompileTask:
C2:1533579 8800       4       org.yaml.snakeyaml.composer.Composer::composeSequenceNode (171 bytes)

Stack: [0x0000004d59500000,0x0000004d59600000]
Native frames: (J=compiled Java code, j=interpreted, Vv=VM code, C=native code)
V  [jvm.dll+0x5f8a9a]
V  [jvm.dll+0x74247a]
V  [jvm.dll+0x743c2f]
V  [jvm.dll+0x744273]
V  [jvm.dll+0x20d288]
V  [jvm.dll+0xabb07]
V  [jvm.dll+0xabc7d]
V  [jvm.dll+0x5d997b]
V  [jvm.dll+0x58c8b8]
V  [jvm.dll+0x1e5ca5]
V  [jvm.dll+0x1e50b8]
V  [jvm.dll+0x1779cc]
V  [jvm.dll+0x1f4105]
V  [jvm.dll+0x1f22eb]
V  [jvm.dll+0x7070cd]
V  [jvm.dll+0x6ffeda]
V  [jvm.dll+0x5f78f6]
C  [ucrtbase.dll+0x21bb2]
C  [kernel32.dll+0x17034]
C  [ntdll.dll+0x52651]


---------------  P R O C E S S  ---------------

Threads class SMR info:
_java_thread_list=0x0000023fc62e8700, length=126, elements={
0x0000023f9e3c8800, 0x0000023fc3871000, 0x0000023fc3873000, 0x0000023fc388b800,
0x0000023fc388e800, 0x0000023fc3893000, 0x0000023fc3898000, 0x0000023fc389a000,
0x0000023fc389d800, 0x0000023fc4265800, 0x0000023fc4270000, 0x0000023fc42da000,
0x0000023fc42a9800, 0x0000023fc443c000, 0x0000023fc7aad800, 0x0000023fc7b3a000,
0x0000023fc9754000, 0x0000023fc7e3a800, 0x0000023fc7e3b000, 0x0000023fc6402800,
0x0000023fc6403000, 0x0000023fc6404000, 0x0000023fc8160800, 0x0000023fc815f800,
0x0000023fc8161000, 0x0000023fc8162000, 0x0000023fc8163000, 0x0000023fc8164800,
0x0000023fc8163800, 0x0000023fc815e800, 0x0000023fc8165000, 0x0000023fc6404800,
0x0000023fc6d0d000, 0x0000023fc6d07800, 0x0000023fc6d09000, 0x0000023fc6d0a000,
0x0000023fc6d0a800, 0x0000023fc6d08000, 0x0000023fc6d0e000, 0x0000023fc6d11000,
0x0000023fc6d0f000, 0x0000023fc6d0c800, 0x0000023fc6d10800, 0x0000023fc6d0f800,
0x0000023fc6d0b800, 0x0000023fc6d12000, 0x0000023fc6d13000, 0x0000023fc6d13800,
0x0000023fc6d16000, 0x0000023fc6d14800, 0x0000023fc6d15800, 0x0000023fc6a26000,
0x0000023fc6a22000, 0x0000023fc6a27000, 0x0000023fc6a23000, 0x0000023fc6a25800,
0x0000023fc6a21000, 0x0000023fc6a29800, 0x0000023fc6a28800, 0x0000023fc6a23800,
0x0000023fc6a28000, 0x0000023fc6a2a000, 0x0000023fc6a24800, 0x0000023fc6a2d800,
0x0000023fc6a2b000, 0x0000023fc6a2f000, 0x0000023fc6a2c000, 0x0000023fc6a2c800,
0x0000023fc6a30000, 0x0000023fc6a2e800, 0x0000023fc432d000, 0x0000023fc432f800,
0x0000023fc432e800, 0x0000023fc4330000, 0x0000023fc432c000, 0x0000023fc4331000,
0x0000023fc432b800, 0x0000023fc4335000, 0x0000023fc4333800, 0x0000023fc4336000,
0x0000023fc4334800, 0x0000023fc4336800, 0x0000023fc4332000, 0x0000023fc4337800,
0x0000023fc4338800, 0x0000023fc4332800, 0x0000023fc4339000, 0x0000023fc433a000,
0x0000023fc812d800, 0x0000023fc812f800, 0x0000023fc812b800, 0x0000023fc8131000,
0x0000023fc812d000, 0x0000023fc8132000, 0x0000023fc812e800, 0x0000023fc8130000,
0x0000023fc812c000, 0x0000023fc8133800, 0x0000023fc8134800, 0x0000023fc8135000,
0x0000023fc8136000, 0x0000023fc8138800, 0x0000023fc8136800, 0x0000023fc8137800,
0x0000023fc8132800, 0x0000023fc8139000, 0x0000023fc813a000, 0x0000023fc5af0800,
0x0000023fc5af1800, 0x0000023fc5af4000, 0x0000023fc5af4800, 0x0000023fc5af5800,
0x0000023fc5af0000, 0x0000023fc5af8000, 0x0000023fc5af2800, 0x0000023fc5af3000,
0x0000023fc5af9800, 0x0000023fc5af6800, 0x0000023fc5afa800, 0x0000023fc5af9000,
0x0000023fc5afb800, 0x0000023fc5afc000, 0x0000023fc5afd000, 0x0000023fc5af7000,
0x0000023fc5afd800, 0x0000023fc5afe800
}

Java Threads: ( => current thread )
  0x0000023f9e3c8800 JavaThread "main" [_thread_blocked, id=4364, stack(0x0000004d58900000,0x0000004d58a00000)]
  0x0000023fc3871000 JavaThread "Reference Handler" daemon [_thread_blocked, id=22176, stack(0x0000004d59000000,0x0000004d59100000)]
  0x0000023fc3873000 JavaThread "Finalizer" daemon [_thread_blocked, id=22960, stack(0x0000004d59100000,0x0000004d59200000)]
  0x0000023fc388b800 JavaThread "Signal Dispatcher" daemon [_thread_blocked, id=3752, stack(0x0000004d59200000,0x0000004d59300000)]
  0x0000023fc388e800 JavaThread "Attach Listener" daemon [_thread_blocked, id=22472, stack(0x0000004d59300000,0x0000004d59400000)]
  0x0000023fc3893000 JavaThread "Service Thread" daemon [_thread_blocked, id=24940, stack(0x0000004d59400000,0x0000004d59500000)]
=>0x0000023fc3898000 JavaThread "C2 CompilerThread0" daemon [_thread_in_native, id=16864, stack(0x0000004d59500000,0x0000004d59600000)]
  0x0000023fc389a000 JavaThread "C1 CompilerThread0" daemon [_thread_blocked, id=24468, stack(0x0000004d59600000,0x0000004d59700000)]
  0x0000023fc389d800 JavaThread "Sweeper thread" daemon [_thread_blocked, id=20960, stack(0x0000004d59700000,0x0000004d59800000)]
  0x0000023fc4265800 JavaThread "Notification Thread" daemon [_thread_blocked, id=20088, stack(0x0000004d59800000,0x0000004d59900000)]
  0x0000023fc4270000 JavaThread "Common-Cleaner" daemon [_thread_blocked, id=20080, stack(0x0000004d59a00000,0x0000004d59b00000)]
  0x0000023fc42da000 JavaThread "surefire-forkedjvm-command-thread" daemon [_thread_in_native, id=1620, stack(0x0000004d59f00000,0x0000004d5a000000)]
  0x0000023fc42a9800 JavaThread "surefire-forkedjvm-ping-30s" daemon [_thread_in_native, id=3004, stack(0x0000004d5a000000,0x0000004d5a100000)]
  0x0000023fc443c000 JavaThread "AsyncAppender-Worker-ASYNC_CONSOLE" daemon [_thread_blocked, id=19800, stack(0x0000004d59e00000,0x0000004d59f00000)]
  0x0000023fc7aad800 JavaThread "pool-1-thread-1" daemon [_thread_in_vm, id=22164, stack(0x0000004d5a300000,0x0000004d5a400000)]
  0x0000023fc7b3a000 JavaThread "Exec Default Executor" daemon [_thread_in_native, id=24692, stack(0x0000004d5a400000,0x0000004d5a500000)]
  0x0000023fc9754000 JavaThread "UrlChecker-2" daemon [_thread_blocked, id=17616, stack(0x0000004d5a500000,0x0000004d5a600000)]
  0x0000023fc7e3a800 JavaThread "Exec Stream Pumper" daemon [_thread_in_native, id=18284, stack(0x0000004d5a700000,0x0000004d5a800000)]
  0x0000023fc7e3b000 JavaThread "Exec Stream Pumper" daemon [_thread_in_native, id=23172, stack(0x0000004d5a800000,0x0000004d5a900000)]
  0x0000023fc6402800 JavaThread "ForkJoinPool.commonPool-worker-3" daemon [_thread_blocked, id=13132, stack(0x0000004d5aa00000,0x0000004d5ab00000)]
  0x0000023fc6403000 JavaThread "ForkJoinPool.commonPool-worker-5" daemon [_thread_blocked, id=18896, stack(0x0000004d5ab00000,0x0000004d5ac00000)]
  0x0000023fc6404000 JavaThread "ForkJoinPool.commonPool-worker-7" daemon [_thread_blocked, id=24380, stack(0x0000004d5ac00000,0x0000004d5ad00000)]
  0x0000023fc8160800 JavaThread "OkHttp ConnectionPool" daemon [_thread_blocked, id=13884, stack(0x0000004d5ad00000,0x0000004d5ae00000)]
  0x0000023fc815f800 JavaThread "Okio Watchdog" daemon [_thread_blocked, id=3620, stack(0x0000004d5ae00000,0x0000004d5af00000)]
  0x0000023fc8161000 JavaThread "Exec Default Executor" daemon [_thread_in_native, id=132, stack(0x0000004d5b000000,0x0000004d5b100000)]
  0x0000023fc8162000 JavaThread "Exec Stream Pumper" daemon [_thread_in_native, id=1696, stack(0x0000004d5b100000,0x0000004d5b200000)]
  0x0000023fc8163000 JavaThread "Exec Stream Pumper" daemon [_thread_in_native, id=18800, stack(0x0000004d5b200000,0x0000004d5b300000)]
  0x0000023fc8164800 JavaThread "Exec Default Executor" daemon [_thread_in_native, id=13080, stack(0x0000004d5b300000,0x0000004d5b400000)]
  0x0000023fc8163800 JavaThread "Exec Stream Pumper" daemon [_thread_in_native, id=18312, stack(0x0000004d5b400000,0x0000004d5b500000)]
  0x0000023fc815e800 JavaThread "Exec Stream Pumper" daemon [_thread_in_native, id=12524, stack(0x0000004d5b500000,0x0000004d5b600000)]
  0x0000023fc8165000 JavaThread "Exec Default Executor" daemon [_thread_in_native, id=22748, stack(0x0000004d5a900000,0x0000004d5aa00000)]
  0x0000023fc6404800 JavaThread "Exec Stream Pumper" daemon [_thread_in_native, id=14540, stack(0x0000004d5af00000,0x0000004d5b000000)]
  0x0000023fc6d0d000 JavaThread "Exec Stream Pumper" daemon [_thread_in_native, id=11916, stack(0x0000004d5b600000,0x0000004d5b700000)]
  0x0000023fc6d07800 JavaThread "Exec Default Executor" daemon [_thread_in_native, id=23032, stack(0x0000004d5b800000,0x0000004d5b900000)]
  0x0000023fc6d09000 JavaThread "Exec Stream Pumper" daemon [_thread_in_native, id=17316, stack(0x0000004d5b900000,0x0000004d5ba00000)]
  0x0000023fc6d0a000 JavaThread "Exec Stream Pumper" daemon [_thread_in_native, id=26264, stack(0x0000004d5ba00000,0x0000004d5bb00000)]
  0x0000023fc6d0a800 JavaThread "Exec Default Executor" daemon [_thread_in_native, id=24544, stack(0x0000004d5bb00000,0x0000004d5bc00000)]
  0x0000023fc6d08000 JavaThread "Exec Stream Pumper" daemon [_thread_in_native, id=18460, stack(0x0000004d5bc00000,0x0000004d5bd00000)]
  0x0000023fc6d0e000 JavaThread "Exec Stream Pumper" daemon [_thread_in_native, id=17792, stack(0x0000004d5bd00000,0x0000004d5be00000)]
  0x0000023fc6d11000 JavaThread "Exec Default Executor" daemon [_thread_in_native, id=8936, stack(0x0000004d5b700000,0x0000004d5b800000)]
  0x0000023fc6d0f000 JavaThread "Exec Stream Pumper" daemon [_thread_in_native, id=18960, stack(0x0000004d5be00000,0x0000004d5bf00000)]
  0x0000023fc6d0c800 JavaThread "Exec Stream Pumper" daemon [_thread_in_native, id=5268, stack(0x0000004d5bf00000,0x0000004d5c000000)]
  0x0000023fc6d10800 JavaThread "Exec Default Executor" daemon [_thread_in_native, id=20820, stack(0x0000004d5c000000,0x0000004d5c100000)]
  0x0000023fc6d0f800 JavaThread "Exec Stream Pumper" daemon [_thread_in_native, id=20860, stack(0x0000004d5c100000,0x0000004d5c200000)]
  0x0000023fc6d0b800 JavaThread "Exec Stream Pumper" daemon [_thread_in_native, id=12968, stack(0x0000004d5c200000,0x0000004d5c300000)]
  0x0000023fc6d12000 JavaThread "Exec Default Executor" daemon [_thread_in_native, id=10740, stack(0x0000004d5c300000,0x0000004d5c400000)]
  0x0000023fc6d13000 JavaThread "Exec Stream Pumper" daemon [_thread_in_native, id=15668, stack(0x0000004d5c400000,0x0000004d5c500000)]
  0x0000023fc6d13800 JavaThread "Exec Stream Pumper" daemon [_thread_in_native, id=716, stack(0x0000004d5c500000,0x0000004d5c600000)]
  0x0000023fc6d16000 JavaThread "Exec Default Executor" daemon [_thread_in_native, id=25272, stack(0x0000004d5a200000,0x0000004d5a300000)]
  0x0000023fc6d14800 JavaThread "Exec Stream Pumper" daemon [_thread_in_native, id=19016, stack(0x0000004d5c600000,0x0000004d5c700000)]
  0x0000023fc6d15800 JavaThread "Exec Stream Pumper" daemon [_thread_in_native, id=9480, stack(0x0000004d5c700000,0x0000004d5c800000)]
  0x0000023fc6a26000 JavaThread "Exec Default Executor" daemon [_thread_in_native, id=6420, stack(0x0000004d5c900000,0x0000004d5ca00000)]
  0x0000023fc6a22000 JavaThread "Exec Stream Pumper" daemon [_thread_in_native, id=4376, stack(0x0000004d5ca00000,0x0000004d5cb00000)]
  0x0000023fc6a27000 JavaThread "Exec Stream Pumper" daemon [_thread_in_native, id=24384, stack(0x0000004d5cb00000,0x0000004d5cc00000)]
  0x0000023fc6a23000 JavaThread "Exec Default Executor" daemon [_thread_in_native, id=4948, stack(0x0000004d5c800000,0x0000004d5c900000)]
  0x0000023fc6a25800 JavaThread "Exec Stream Pumper" daemon [_thread_in_native, id=25680, stack(0x0000004d5cc00000,0x0000004d5cd00000)]
  0x0000023fc6a21000 JavaThread "Exec Stream Pumper" daemon [_thread_in_native, id=12952, stack(0x0000004d5cd00000,0x0000004d5ce00000)]
  0x0000023fc6a29800 JavaThread "Exec Default Executor" daemon [_thread_in_native, id=14292, stack(0x0000004d5ce00000,0x0000004d5cf00000)]
  0x0000023fc6a28800 JavaThread "Exec Stream Pumper" daemon [_thread_in_native, id=21932, stack(0x0000004d5cf00000,0x0000004d5d000000)]
  0x0000023fc6a23800 JavaThread "Exec Stream Pumper" daemon [_thread_in_native, id=6512, stack(0x0000004d5d000000,0x0000004d5d100000)]
  0x0000023fc6a28000 JavaThread "Exec Default Executor" daemon [_thread_in_native, id=14320, stack(0x0000004d5d100000,0x0000004d5d200000)]
  0x0000023fc6a2a000 JavaThread "Exec Stream Pumper" daemon [_thread_in_native, id=16780, stack(0x0000004d5d400000,0x0000004d5d500000)]
  0x0000023fc6a24800 JavaThread "Exec Stream Pumper" daemon [_thread_in_native, id=16304, stack(0x0000004d5d500000,0x0000004d5d600000)]
  0x0000023fc6a2d800 JavaThread "Exec Default Executor" daemon [_thread_in_native, id=12204, stack(0x0000004d5d200000,0x0000004d5d300000)]
  0x0000023fc6a2b000 JavaThread "Exec Stream Pumper" daemon [_thread_in_native, id=21332, stack(0x0000004d5d300000,0x0000004d5d400000)]
  0x0000023fc6a2f000 JavaThread "Exec Stream Pumper" daemon [_thread_in_native, id=10156, stack(0x0000004d5d600000,0x0000004d5d700000)]
  0x0000023fc6a2c000 JavaThread "Exec Default Executor" daemon [_thread_in_native, id=484, stack(0x0000004d5d700000,0x0000004d5d800000)]
  0x0000023fc6a2c800 JavaThread "Exec Stream Pumper" daemon [_thread_in_native, id=20496, stack(0x0000004d5d800000,0x0000004d5d900000)]
  0x0000023fc6a30000 JavaThread "Exec Stream Pumper" daemon [_thread_in_native, id=9268, stack(0x0000004d5d900000,0x0000004d5da00000)]
  0x0000023fc6a2e800 JavaThread "Exec Default Executor" daemon [_thread_in_native, id=20972, stack(0x0000004d5da00000,0x0000004d5db00000)]
  0x0000023fc432d000 JavaThread "Exec Stream Pumper" daemon [_thread_in_native, id=6200, stack(0x0000004d5db00000,0x0000004d5dc00000)]
  0x0000023fc432f800 JavaThread "Exec Stream Pumper" daemon [_thread_in_native, id=25076, stack(0x0000004d5dc00000,0x0000004d5dd00000)]
  0x0000023fc432e800 JavaThread "Exec Default Executor" daemon [_thread_in_native, id=26488, stack(0x0000004d5dd00000,0x0000004d5de00000)]
  0x0000023fc4330000 JavaThread "Exec Stream Pumper" daemon [_thread_in_native, id=25032, stack(0x0000004d5de00000,0x0000004d5df00000)]
  0x0000023fc432c000 JavaThread "Exec Stream Pumper" daemon [_thread_in_native, id=6664, stack(0x0000004d5df00000,0x0000004d5e000000)]
  0x0000023fc4331000 JavaThread "Exec Default Executor" daemon [_thread_in_native, id=22144, stack(0x0000004d5e000000,0x0000004d5e100000)]
  0x0000023fc432b800 JavaThread "Exec Stream Pumper" daemon [_thread_in_native, id=10508, stack(0x0000004d5e100000,0x0000004d5e200000)]
  0x0000023fc4335000 JavaThread "Exec Stream Pumper" daemon [_thread_in_native, id=500, stack(0x0000004d5e200000,0x0000004d5e300000)]
  0x0000023fc4333800 JavaThread "Exec Default Executor" daemon [_thread_in_native, id=13680, stack(0x0000004d5e300000,0x0000004d5e400000)]
  0x0000023fc4336000 JavaThread "Exec Stream Pumper" daemon [_thread_in_native, id=5608, stack(0x0000004d5e400000,0x0000004d5e500000)]
  0x0000023fc4334800 JavaThread "Exec Stream Pumper" daemon [_thread_in_native, id=24564, stack(0x0000004d5e500000,0x0000004d5e600000)]
  0x0000023fc4336800 JavaThread "Exec Default Executor" daemon [_thread_in_native, id=24872, stack(0x0000004d5e600000,0x0000004d5e700000)]
  0x0000023fc4332000 JavaThread "Exec Stream Pumper" daemon [_thread_in_native, id=7348, stack(0x0000004d5e700000,0x0000004d5e800000)]
  0x0000023fc4337800 JavaThread "Exec Stream Pumper" daemon [_thread_in_native, id=8820, stack(0x0000004d5e800000,0x0000004d5e900000)]
  0x0000023fc4338800 JavaThread "Exec Default Executor" daemon [_thread_in_native, id=4084, stack(0x0000004d5e900000,0x0000004d5ea00000)]
  0x0000023fc4332800 JavaThread "Exec Stream Pumper" daemon [_thread_in_native, id=22880, stack(0x0000004d5ea00000,0x0000004d5eb00000)]
  0x0000023fc4339000 JavaThread "Exec Stream Pumper" daemon [_thread_in_native, id=15720, stack(0x0000004d5eb00000,0x0000004d5ec00000)]
  0x0000023fc433a000 JavaThread "Exec Default Executor" daemon [_thread_in_native, id=7068, stack(0x0000004d5ec00000,0x0000004d5ed00000)]
  0x0000023fc812d800 JavaThread "Exec Stream Pumper" daemon [_thread_in_native, id=13816, stack(0x0000004d5ed00000,0x0000004d5ee00000)]
  0x0000023fc812f800 JavaThread "Exec Stream Pumper" daemon [_thread_in_native, id=10608, stack(0x0000004d5ee00000,0x0000004d5ef00000)]
  0x0000023fc812b800 JavaThread "Exec Default Executor" daemon [_thread_in_native, id=10064, stack(0x0000004d5ef00000,0x0000004d5f000000)]
  0x0000023fc8131000 JavaThread "Exec Stream Pumper" daemon [_thread_in_native, id=17064, stack(0x0000004d5f000000,0x0000004d5f100000)]
  0x0000023fc812d000 JavaThread "Exec Stream Pumper" daemon [_thread_in_native, id=18368, stack(0x0000004d5f100000,0x0000004d5f200000)]
  0x0000023fc8132000 JavaThread "Exec Default Executor" daemon [_thread_in_native, id=8468, stack(0x0000004d5f200000,0x0000004d5f300000)]
  0x0000023fc812e800 JavaThread "Exec Stream Pumper" daemon [_thread_in_native, id=13676, stack(0x0000004d5f300000,0x0000004d5f400000)]
  0x0000023fc8130000 JavaThread "Exec Stream Pumper" daemon [_thread_in_native, id=18604, stack(0x0000004d5f400000,0x0000004d5f500000)]
  0x0000023fc812c000 JavaThread "Exec Default Executor" daemon [_thread_in_native, id=20044, stack(0x0000004d5f500000,0x0000004d5f600000)]
  0x0000023fc8133800 JavaThread "Exec Stream Pumper" daemon [_thread_in_native, id=21440, stack(0x0000004d5f600000,0x0000004d5f700000)]
  0x0000023fc8134800 JavaThread "Exec Stream Pumper" daemon [_thread_in_native, id=21088, stack(0x0000004d5f700000,0x0000004d5f800000)]
  0x0000023fc8135000 JavaThread "Exec Default Executor" daemon [_thread_in_native, id=20324, stack(0x0000004d5f800000,0x0000004d5f900000)]
  0x0000023fc8136000 JavaThread "Exec Stream Pumper" daemon [_thread_in_native, id=12404, stack(0x0000004d5f900000,0x0000004d5fa00000)]
  0x0000023fc8138800 JavaThread "Exec Stream Pumper" daemon [_thread_in_native, id=14560, stack(0x0000004d5fa00000,0x0000004d5fb00000)]
  0x0000023fc8136800 JavaThread "Exec Default Executor" daemon [_thread_in_native, id=24556, stack(0x0000004d5fb00000,0x0000004d5fc00000)]
  0x0000023fc8137800 JavaThread "Exec Stream Pumper" daemon [_thread_in_native, id=12120, stack(0x0000004d5fc00000,0x0000004d5fd00000)]
  0x0000023fc8132800 JavaThread "Exec Stream Pumper" daemon [_thread_in_native, id=17860, stack(0x0000004d5fd00000,0x0000004d5fe00000)]
  0x0000023fc8139000 JavaThread "Exec Default Executor" daemon [_thread_in_native, id=6036, stack(0x0000004d60000000,0x0000004d60100000)]
  0x0000023fc813a000 JavaThread "Exec Stream Pumper" daemon [_thread_in_native, id=9512, stack(0x0000004d60100000,0x0000004d60200000)]
  0x0000023fc5af0800 JavaThread "Exec Stream Pumper" daemon [_thread_in_native, id=6440, stack(0x0000004d60200000,0x0000004d60300000)]
  0x0000023fc5af1800 JavaThread "Exec Default Executor" daemon [_thread_in_native, id=24376, stack(0x0000004d60300000,0x0000004d60400000)]
  0x0000023fc5af4000 JavaThread "Exec Stream Pumper" daemon [_thread_in_native, id=20884, stack(0x0000004d60400000,0x0000004d60500000)]
  0x0000023fc5af4800 JavaThread "Exec Stream Pumper" daemon [_thread_in_native, id=9576, stack(0x0000004d60500000,0x0000004d60600000)]
  0x0000023fc5af5800 JavaThread "Exec Default Executor" daemon [_thread_in_native, id=4748, stack(0x0000004d60600000,0x0000004d60700000)]
  0x0000023fc5af0000 JavaThread "Exec Stream Pumper" daemon [_thread_in_native, id=8240, stack(0x0000004d60700000,0x0000004d60800000)]
  0x0000023fc5af8000 JavaThread "Exec Stream Pumper" daemon [_thread_in_native, id=25692, stack(0x0000004d60800000,0x0000004d60900000)]
  0x0000023fc5af2800 JavaThread "Exec Default Executor" daemon [_thread_in_native, id=7604, stack(0x0000004d5ff00000,0x0000004d60000000)]
  0x0000023fc5af3000 JavaThread "Exec Stream Pumper" daemon [_thread_in_native, id=21356, stack(0x0000004d60900000,0x0000004d60a00000)]
  0x0000023fc5af9800 JavaThread "Exec Stream Pumper" daemon [_thread_in_native, id=17996, stack(0x0000004d60a00000,0x0000004d60b00000)]
  0x0000023fc5af6800 JavaThread "Exec Default Executor" daemon [_thread_in_native, id=20552, stack(0x0000004d5fe00000,0x0000004d5ff00000)]
  0x0000023fc5afa800 JavaThread "Exec Stream Pumper" daemon [_thread_in_native, id=2080, stack(0x0000004d60b00000,0x0000004d60c00000)]
  0x0000023fc5af9000 JavaThread "Exec Stream Pumper" daemon [_thread_in_native, id=17672, stack(0x0000004d60c00000,0x0000004d60d00000)]
  0x0000023fc5afb800 JavaThread "Exec Default Executor" daemon [_thread_in_native, id=23912, stack(0x0000004d60d00000,0x0000004d60e00000)]
  0x0000023fc5afc000 JavaThread "Exec Stream Pumper" daemon [_thread_in_native, id=16708, stack(0x0000004d60e00000,0x0000004d60f00000)]
  0x0000023fc5afd000 JavaThread "Exec Stream Pumper" daemon [_thread_in_native, id=2000, stack(0x0000004d60f00000,0x0000004d61000000)]
  0x0000023fc5af7000 JavaThread "Exec Default Executor" daemon [_thread_in_native, id=13004, stack(0x0000004d61000000,0x0000004d61100000)]
  0x0000023fc5afd800 JavaThread "Exec Stream Pumper" daemon [_thread_in_native, id=6376, stack(0x0000004d61100000,0x0000004d61200000)]
  0x0000023fc5afe800 JavaThread "Exec Stream Pumper" daemon [_thread_in_native, id=3068, stack(0x0000004d61200000,0x0000004d61300000)]

Other Threads:
  0x0000023fc3870000 VMThread "VM Thread" [stack: 0x0000004d58f00000,0x0000004d59000000] [id=10752]
  0x0000023fc4286000 WatcherThread [stack: 0x0000004d59900000,0x0000004d59a00000] [id=9244]
  0x0000023f9e42e800 GCTaskThread "GC Thread#0" [stack: 0x0000004d58a00000,0x0000004d58b00000] [id=22664]
  0x0000023fc427f800 GCTaskThread "GC Thread#1" [stack: 0x0000004d59b00000,0x0000004d59c00000] [id=6888]
  0x0000023fc4280000 GCTaskThread "GC Thread#2" [stack: 0x0000004d59c00000,0x0000004d59d00000] [id=19760]
  0x0000023fc4284000 GCTaskThread "GC Thread#3" [stack: 0x0000004d59d00000,0x0000004d59e00000] [id=23148]
  0x0000023f9e450800 ConcurrentGCThread "G1 Main Marker" [stack: 0x0000004d58b00000,0x0000004d58c00000] [id=24248]
  0x0000023f9e452000 ConcurrentGCThread "G1 Conc#0" [stack: 0x0000004d58c00000,0x0000004d58d00000] [id=25048]
  0x0000023fc375c800 ConcurrentGCThread "G1 Refine#0" [stack: 0x0000004d58d00000,0x0000004d58e00000] [id=21028]
  0x0000023fc5dbe800 ConcurrentGCThread "G1 Refine#1" [stack: 0x0000004d5a100000,0x0000004d5a200000] [id=10824]
  0x0000023fc375f800 ConcurrentGCThread "G1 Young RemSet Sampling" [stack: 0x0000004d58e00000,0x0000004d58f00000] [id=25612]

Threads with active compile tasks:
C2 CompilerThread0  1533647 8800       4       org.yaml.snakeyaml.composer.Composer::composeSequenceNode (171 bytes)

VM state:not at safepoint (normal execution)

VM Mutex/Monitor currently owned by a thread: None

Heap address: 0x0000000700000000, size: 4096 MB, Compressed Oops mode: Zero based, Oop shift amount: 3
Narrow klass base: 0x0000000800000000, Narrow klass shift: 3
Compressed class space size: 1073741824 Address: 0x0000000800b30000

Heap:
 garbage-first heap   total 163840K, used 61078K [0x0000000700000000, 0x0000000800000000)
  region size 1024K, 9 young (9216K), 3 survivors (3072K)
 Metaspace       used 37023K, capacity 38349K, committed 38528K, reserved 1083392K
  class space    used 4132K, capacity 4611K, committed 4736K, reserved 1048576K
Heap Regions: E=young(eden), S=young(survivor), O=old, HS=humongous(starts), HC=humongous(continues), CS=collection set, F=free, OA=open archive, CA=closed archive, TAMS=top-at-mark-start (previous, next)
|   0|0x0000000700000000, 0x0000000700100000, 0x0000000700100000|100%|HS|  |TAMS 0x0000000700100000, 0x0000000700000000| Complete 
|   1|0x0000000700100000, 0x0000000700200000, 0x0000000700200000|100%| O|  |TAMS 0x0000000700200000, 0x0000000700100000| Untracked 
|   2|0x0000000700200000, 0x0000000700300000, 0x0000000700300000|100%| O|  |TAMS 0x0000000700300000, 0x0000000700200000| Untracked 
|   3|0x0000000700300000, 0x0000000700400000, 0x0000000700400000|100%| O|  |TAMS 0x0000000700400000, 0x0000000700300000| Untracked 
|   4|0x0000000700400000, 0x0000000700500000, 0x0000000700500000|100%|HS|  |TAMS 0x0000000700500000, 0x0000000700400000| Complete 
|   5|0x0000000700500000, 0x0000000700600000, 0x0000000700600000|100%|HC|  |TAMS 0x0000000700600000, 0x0000000700500000| Complete 
|   6|0x0000000700600000, 0x0000000700700000, 0x0000000700700000|100%|HS|  |TAMS 0x0000000700700000, 0x0000000700600000| Complete 
|   7|0x0000000700700000, 0x0000000700800000, 0x0000000700800000|100%|HS|  |TAMS 0x0000000700800000, 0x0000000700700000| Complete 
|   8|0x0000000700800000, 0x0000000700900000, 0x0000000700900000|100%| O|  |TAMS 0x0000000700900000, 0x0000000700800000| Untracked 
|   9|0x0000000700900000, 0x0000000700a00000, 0x0000000700a00000|100%| O|  |TAMS 0x0000000700a00000, 0x0000000700900000| Untracked 
|  10|0x0000000700a00000, 0x0000000700b00000, 0x0000000700b00000|100%| O|  |TAMS 0x0000000700b00000, 0x0000000700a00000| Untracked 
|  11|0x0000000700b00000, 0x0000000700c00000, 0x0000000700c00000|100%| O|  |TAMS 0x0000000700c00000, 0x0000000700b00000| Untracked 
|  12|0x0000000700c00000, 0x0000000700d00000, 0x0000000700d00000|100%| O|  |TAMS 0x0000000700d00000, 0x0000000700c00000| Untracked 
|  13|0x0000000700d00000, 0x0000000700e00000, 0x0000000700e00000|100%| O|  |TAMS 0x0000000700e00000, 0x0000000700d00000| Untracked 
|  14|0x0000000700e00000, 0x0000000700f00000, 0x0000000700f00000|100%| O|  |TAMS 0x0000000700f00000, 0x0000000700e00000| Untracked 
|  15|0x0000000700f00000, 0x0000000701000000, 0x0000000701000000|100%| O|  |TAMS 0x0000000701000000, 0x0000000700f00000| Untracked 
|  16|0x0000000701000000, 0x0000000701100000, 0x0000000701100000|100%| O|  |TAMS 0x0000000701100000, 0x0000000701000000| Untracked 
|  17|0x0000000701100000, 0x0000000701200000, 0x0000000701200000|100%| O|  |TAMS 0x0000000701200000, 0x0000000701100000| Untracked 
|  18|0x0000000701200000, 0x0000000701300000, 0x0000000701300000|100%| O|  |TAMS 0x0000000701300000, 0x0000000701200000| Untracked 
|  19|0x0000000701300000, 0x0000000701400000, 0x0000000701400000|100%| O|  |TAMS 0x0000000701400000, 0x0000000701300000| Untracked 
|  20|0x0000000701400000, 0x0000000701500000, 0x0000000701500000|100%| O|  |TAMS 0x0000000701500000, 0x0000000701400000| Untracked 
|  21|0x0000000701500000, 0x0000000701600000, 0x0000000701600000|100%| O|  |TAMS 0x0000000701600000, 0x0000000701500000| Untracked 
|  22|0x0000000701600000, 0x0000000701700000, 0x0000000701700000|100%| O|  |TAMS 0x0000000701700000, 0x0000000701600000| Untracked 
|  23|0x0000000701700000, 0x0000000701800000, 0x0000000701800000|100%| O|  |TAMS 0x0000000701800000, 0x0000000701700000| Untracked 
|  24|0x0000000701800000, 0x0000000701900000, 0x0000000701900000|100%| O|  |TAMS 0x0000000701900000, 0x0000000701800000| Untracked 
|  25|0x0000000701900000, 0x0000000701a00000, 0x0000000701a00000|100%| O|  |TAMS 0x0000000701a00000, 0x0000000701900000| Untracked 
|  26|0x0000000701a00000, 0x0000000701b00000, 0x0000000701b00000|100%| O|  |TAMS 0x0000000701b00000, 0x0000000701a00000| Untracked 
|  27|0x0000000701b00000, 0x0000000701c00000, 0x0000000701c00000|100%| O|  |TAMS 0x0000000701c00000, 0x0000000701b00000| Untracked 
|  28|0x0000000701c00000, 0x0000000701d00000, 0x0000000701d00000|100%| O|  |TAMS 0x0000000701d00000, 0x0000000701c00000| Untracked 
|  29|0x0000000701d00000, 0x0000000701e00000, 0x0000000701e00000|100%| O|  |TAMS 0x0000000701e00000, 0x0000000701d00000| Untracked 
|  30|0x0000000701e00000, 0x0000000701f00000, 0x0000000701f00000|100%| O|  |TAMS 0x0000000701f00000, 0x0000000701e00000| Untracked 
|  31|0x0000000701f00000, 0x0000000701ff2200, 0x0000000702000000| 94%| O|  |TAMS 0x0000000701ff2200, 0x0000000701f00000| Untracked 
|  32|0x0000000702000000, 0x0000000702100000, 0x0000000702100000|100%| O|  |TAMS 0x0000000702100000, 0x0000000702000000| Untracked 
|  33|0x0000000702100000, 0x0000000702200000, 0x0000000702200000|100%| O|  |TAMS 0x0000000702200000, 0x0000000702100000| Untracked 
|  34|0x0000000702200000, 0x0000000702300000, 0x0000000702300000|100%| O|  |TAMS 0x0000000702300000, 0x0000000702200000| Untracked 
|  35|0x0000000702300000, 0x0000000702400000, 0x0000000702400000|100%| O|  |TAMS 0x0000000702400000, 0x0000000702300000| Untracked 
|  36|0x0000000702400000, 0x0000000702500000, 0x0000000702500000|100%| O|  |TAMS 0x0000000702500000, 0x0000000702400000| Untracked 
|  37|0x0000000702500000, 0x0000000702600000, 0x0000000702600000|100%| O|  |TAMS 0x0000000702500000, 0x0000000702500000| Untracked 
|  38|0x0000000702600000, 0x0000000702700000, 0x0000000702700000|100%| O|  |TAMS 0x0000000702600000, 0x0000000702600000| Untracked 
|  39|0x0000000702700000, 0x0000000702787200, 0x0000000702800000| 52%| O|  |TAMS 0x0000000702700000, 0x0000000702700000| Untracked 
|  40|0x0000000702800000, 0x0000000702900000, 0x0000000702900000|100%| O|  |TAMS 0x0000000702800000, 0x0000000702800000| Untracked 
|  41|0x0000000702900000, 0x0000000702a00000, 0x0000000702a00000|100%| O|  |TAMS 0x0000000702900000, 0x0000000702900000| Untracked 
|  42|0x0000000702a00000, 0x0000000702b00000, 0x0000000702b00000|100%| O|  |TAMS 0x0000000702a00000, 0x0000000702a00000| Untracked 
|  43|0x0000000702b00000, 0x0000000702c00000, 0x0000000702c00000|100%| O|  |TAMS 0x0000000702b00000, 0x0000000702b00000| Untracked 
|  44|0x0000000702c00000, 0x0000000702d00000, 0x0000000702d00000|100%| O|  |TAMS 0x0000000702c00000, 0x0000000702c00000| Untracked 
|  45|0x0000000702d00000, 0x0000000702e00000, 0x0000000702e00000|100%| O|  |TAMS 0x0000000702d00000, 0x0000000702d00000| Untracked 
|  46|0x0000000702e00000, 0x0000000702f00000, 0x0000000702f00000|100%| O|  |TAMS 0x0000000702e00000, 0x0000000702e00000| Untracked 
|  47|0x0000000702f00000, 0x0000000703000000, 0x0000000703000000|100%| O|  |TAMS 0x0000000702f00000, 0x0000000702f00000| Untracked 
|  48|0x0000000703000000, 0x0000000703100000, 0x0000000703100000|100%| O|  |TAMS 0x0000000703000000, 0x0000000703000000| Untracked 
|  49|0x0000000703100000, 0x0000000703200000, 0x0000000703200000|100%| O|  |TAMS 0x0000000703100000, 0x0000000703100000| Untracked 
|  50|0x0000000703200000, 0x0000000703300000, 0x0000000703300000|100%| O|  |TAMS 0x0000000703200000, 0x0000000703200000| Untracked 
|  51|0x0000000703300000, 0x0000000703400000, 0x0000000703400000|100%| O|  |TAMS 0x0000000703300000, 0x0000000703300000| Untracked 
|  52|0x0000000703400000, 0x000000070342c400, 0x0000000703500000| 17%| O|  |TAMS 0x0000000703400000, 0x0000000703400000| Untracked 
|  53|0x0000000703500000, 0x0000000703500000, 0x0000000703600000|  0%| F|  |TAMS 0x0000000703500000, 0x0000000703500000| Untracked 
|  54|0x0000000703600000, 0x0000000703600000, 0x0000000703700000|  0%| F|  |TAMS 0x0000000703600000, 0x0000000703600000| Untracked 
|  55|0x0000000703700000, 0x0000000703700000, 0x0000000703800000|  0%| F|  |TAMS 0x0000000703700000, 0x0000000703700000| Untracked 
|  56|0x0000000703800000, 0x0000000703800000, 0x0000000703900000|  0%| F|  |TAMS 0x0000000703800000, 0x0000000703800000| Untracked 
|  57|0x0000000703900000, 0x0000000703900000, 0x0000000703a00000|  0%| F|  |TAMS 0x0000000703900000, 0x0000000703900000| Untracked 
|  58|0x0000000703a00000, 0x0000000703a00000, 0x0000000703b00000|  0%| F|  |TAMS 0x0000000703a00000, 0x0000000703a00000| Untracked 
|  59|0x0000000703b00000, 0x0000000703b00000, 0x0000000703c00000|  0%| F|  |TAMS 0x0000000703b00000, 0x0000000703b00000| Untracked 
|  60|0x0000000703c00000, 0x0000000703c00000, 0x0000000703d00000|  0%| F|  |TAMS 0x0000000703c00000, 0x0000000703c00000| Untracked 
|  61|0x0000000703d00000, 0x0000000703d00000, 0x0000000703e00000|  0%| F|  |TAMS 0x0000000703d00000, 0x0000000703d00000| Untracked 
|  62|0x0000000703e00000, 0x0000000703e00000, 0x0000000703f00000|  0%| F|  |TAMS 0x0000000703e00000, 0x0000000703e00000| Untracked 
|  63|0x0000000703f00000, 0x0000000703f00000, 0x0000000704000000|  0%| F|  |TAMS 0x0000000703f00000, 0x0000000703f00000| Untracked 
|  64|0x0000000704000000, 0x0000000704000000, 0x0000000704100000|  0%| F|  |TAMS 0x0000000704000000, 0x0000000704000000| Untracked 
|  65|0x0000000704100000, 0x0000000704100000, 0x0000000704200000|  0%| F|  |TAMS 0x0000000704100000, 0x0000000704100000| Untracked 
|  66|0x0000000704200000, 0x0000000704200000, 0x0000000704300000|  0%| F|  |TAMS 0x0000000704200000, 0x0000000704200000| Untracked 
|  67|0x0000000704300000, 0x0000000704300000, 0x0000000704400000|  0%| F|  |TAMS 0x0000000704300000, 0x0000000704300000| Untracked 
|  68|0x0000000704400000, 0x0000000704400000, 0x0000000704500000|  0%| F|  |TAMS 0x0000000704400000, 0x0000000704400000| Untracked 
|  69|0x0000000704500000, 0x0000000704500000, 0x0000000704600000|  0%| F|  |TAMS 0x0000000704500000, 0x0000000704500000| Untracked 
|  70|0x0000000704600000, 0x0000000704600000, 0x0000000704700000|  0%| F|  |TAMS 0x0000000704600000, 0x0000000704600000| Untracked 
|  71|0x0000000704700000, 0x0000000704700000, 0x0000000704800000|  0%| F|  |TAMS 0x0000000704700000, 0x0000000704700000| Untracked 
|  72|0x0000000704800000, 0x0000000704800000, 0x0000000704900000|  0%| F|  |TAMS 0x0000000704800000, 0x0000000704800000| Untracked 
|  73|0x0000000704900000, 0x0000000704900000, 0x0000000704a00000|  0%| F|  |TAMS 0x0000000704900000, 0x0000000704900000| Untracked 
|  74|0x0000000704a00000, 0x0000000704b00000, 0x0000000704b00000|100%| S|CS|TAMS 0x0000000704a00000, 0x0000000704a00000| Complete 
|  75|0x0000000704b00000, 0x0000000704c00000, 0x0000000704c00000|100%| S|CS|TAMS 0x0000000704b00000, 0x0000000704b00000| Complete 
|  76|0x0000000704c00000, 0x0000000704d00000, 0x0000000704d00000|100%| S|CS|TAMS 0x0000000704c00000, 0x0000000704c00000| Complete 
|  77|0x0000000704d00000, 0x0000000704d00000, 0x0000000704e00000|  0%| F|  |TAMS 0x0000000704d00000, 0x0000000704d00000| Untracked 
|  78|0x0000000704e00000, 0x0000000704e00000, 0x0000000704f00000|  0%| F|  |TAMS 0x0000000704e00000, 0x0000000704e00000| Untracked 
|  79|0x0000000704f00000, 0x0000000704f00000, 0x0000000705000000|  0%| F|  |TAMS 0x0000000704f00000, 0x0000000704f00000| Untracked 
|  80|0x0000000705000000, 0x0000000705000000, 0x0000000705100000|  0%| F|  |TAMS 0x0000000705000000, 0x0000000705000000| Untracked 
|  81|0x0000000705100000, 0x0000000705100000, 0x0000000705200000|  0%| F|  |TAMS 0x0000000705100000, 0x0000000705100000| Untracked 
|  82|0x0000000705200000, 0x0000000705200000, 0x0000000705300000|  0%| F|  |TAMS 0x0000000705200000, 0x0000000705200000| Untracked 
|  83|0x0000000705300000, 0x0000000705300000, 0x0000000705400000|  0%| F|  |TAMS 0x0000000705300000, 0x0000000705300000| Untracked 
|  84|0x0000000705400000, 0x0000000705400000, 0x0000000705500000|  0%| F|  |TAMS 0x0000000705400000, 0x0000000705400000| Untracked 
|  85|0x0000000705500000, 0x0000000705500000, 0x0000000705600000|  0%| F|  |TAMS 0x0000000705500000, 0x0000000705500000| Untracked 
|  86|0x0000000705600000, 0x0000000705600000, 0x0000000705700000|  0%| F|  |TAMS 0x0000000705600000, 0x0000000705600000| Untracked 
|  87|0x0000000705700000, 0x0000000705700000, 0x0000000705800000|  0%| F|  |TAMS 0x0000000705700000, 0x0000000705700000| Untracked 
|  88|0x0000000705800000, 0x0000000705800000, 0x0000000705900000|  0%| F|  |TAMS 0x0000000705800000, 0x0000000705800000| Untracked 
|  89|0x0000000705900000, 0x0000000705900000, 0x0000000705a00000|  0%| F|  |TAMS 0x0000000705900000, 0x0000000705900000| Untracked 
|  90|0x0000000705a00000, 0x0000000705a00000, 0x0000000705b00000|  0%| F|  |TAMS 0x0000000705a00000, 0x0000000705a00000| Untracked 
|  91|0x0000000705b00000, 0x0000000705b00000, 0x0000000705c00000|  0%| F|  |TAMS 0x0000000705b00000, 0x0000000705b00000| Untracked 
|  92|0x0000000705c00000, 0x0000000705c00000, 0x0000000705d00000|  0%| F|  |TAMS 0x0000000705c00000, 0x0000000705c00000| Untracked 
|  93|0x0000000705d00000, 0x0000000705d00000, 0x0000000705e00000|  0%| F|  |TAMS 0x0000000705d00000, 0x0000000705d00000| Untracked 
|  94|0x0000000705e00000, 0x0000000705e00000, 0x0000000705f00000|  0%| F|  |TAMS 0x0000000705e00000, 0x0000000705e00000| Untracked 
|  95|0x0000000705f00000, 0x0000000705f00000, 0x0000000706000000|  0%| F|  |TAMS 0x0000000705f00000, 0x0000000705f00000| Untracked 
|  96|0x0000000706000000, 0x0000000706000000, 0x0000000706100000|  0%| F|  |TAMS 0x0000000706000000, 0x0000000706000000| Untracked 
|  97|0x0000000706100000, 0x0000000706100000, 0x0000000706200000|  0%| F|  |TAMS 0x0000000706100000, 0x0000000706100000| Untracked 
|  98|0x0000000706200000, 0x0000000706200000, 0x0000000706300000|  0%| F|  |TAMS 0x0000000706200000, 0x0000000706200000| Untracked 
|  99|0x0000000706300000, 0x0000000706300000, 0x0000000706400000|  0%| F|  |TAMS 0x0000000706300000, 0x0000000706300000| Untracked 
| 100|0x0000000706400000, 0x0000000706400000, 0x0000000706500000|  0%| F|  |TAMS 0x0000000706400000, 0x0000000706400000| Untracked 
| 101|0x0000000706500000, 0x0000000706500000, 0x0000000706600000|  0%| F|  |TAMS 0x0000000706500000, 0x0000000706500000| Untracked 
| 102|0x0000000706600000, 0x0000000706600000, 0x0000000706700000|  0%| F|  |TAMS 0x0000000706600000, 0x0000000706600000| Untracked 
| 103|0x0000000706700000, 0x0000000706700000, 0x0000000706800000|  0%| F|  |TAMS 0x0000000706700000, 0x0000000706700000| Untracked 
| 104|0x0000000706800000, 0x0000000706800000, 0x0000000706900000|  0%| F|  |TAMS 0x0000000706800000, 0x0000000706800000| Untracked 
| 105|0x0000000706900000, 0x0000000706900000, 0x0000000706a00000|  0%| F|  |TAMS 0x0000000706900000, 0x0000000706900000| Untracked 
| 106|0x0000000706a00000, 0x0000000706a00000, 0x0000000706b00000|  0%| F|  |TAMS 0x0000000706a00000, 0x0000000706a00000| Untracked 
| 107|0x0000000706b00000, 0x0000000706b00000, 0x0000000706c00000|  0%| F|  |TAMS 0x0000000706b00000, 0x0000000706b00000| Untracked 
| 108|0x0000000706c00000, 0x0000000706c00000, 0x0000000706d00000|  0%| F|  |TAMS 0x0000000706c00000, 0x0000000706c00000| Untracked 
| 109|0x0000000706d00000, 0x0000000706d00000, 0x0000000706e00000|  0%| F|  |TAMS 0x0000000706d00000, 0x0000000706d00000| Untracked 
| 110|0x0000000706e00000, 0x0000000706e00000, 0x0000000706f00000|  0%| F|  |TAMS 0x0000000706e00000, 0x0000000706e00000| Untracked 
| 111|0x0000000706f00000, 0x0000000706f00000, 0x0000000707000000|  0%| F|  |TAMS 0x0000000706f00000, 0x0000000706f00000| Untracked 
| 112|0x0000000707000000, 0x0000000707000000, 0x0000000707100000|  0%| F|  |TAMS 0x0000000707000000, 0x0000000707000000| Untracked 
| 113|0x0000000707100000, 0x0000000707100000, 0x0000000707200000|  0%| F|  |TAMS 0x0000000707100000, 0x0000000707100000| Untracked 
| 114|0x0000000707200000, 0x0000000707200000, 0x0000000707300000|  0%| F|  |TAMS 0x0000000707200000, 0x0000000707200000| Untracked 
| 115|0x0000000707300000, 0x0000000707300000, 0x0000000707400000|  0%| F|  |TAMS 0x0000000707300000, 0x0000000707300000| Untracked 
| 116|0x0000000707400000, 0x0000000707400000, 0x0000000707500000|  0%| F|  |TAMS 0x0000000707400000, 0x0000000707400000| Untracked 
| 117|0x0000000707500000, 0x0000000707500000, 0x0000000707600000|  0%| F|  |TAMS 0x0000000707500000, 0x0000000707500000| Untracked 
| 118|0x0000000707600000, 0x0000000707600000, 0x0000000707700000|  0%| F|  |TAMS 0x0000000707600000, 0x0000000707600000| Untracked 
| 119|0x0000000707700000, 0x0000000707700000, 0x0000000707800000|  0%| F|  |TAMS 0x0000000707700000, 0x0000000707700000| Untracked 
| 120|0x0000000707800000, 0x0000000707800000, 0x0000000707900000|  0%| F|  |TAMS 0x0000000707800000, 0x0000000707800000| Untracked 
| 121|0x0000000707900000, 0x0000000707900000, 0x0000000707a00000|  0%| F|  |TAMS 0x0000000707900000, 0x0000000707900000| Untracked 
| 122|0x0000000707a00000, 0x0000000707a00000, 0x0000000707b00000|  0%| F|  |TAMS 0x0000000707a00000, 0x0000000707a00000| Untracked 
| 123|0x0000000707b00000, 0x0000000707b00000, 0x0000000707c00000|  0%| F|  |TAMS 0x0000000707b00000, 0x0000000707b00000| Untracked 
| 124|0x0000000707c00000, 0x0000000707c00000, 0x0000000707d00000|  0%| F|  |TAMS 0x0000000707c00000, 0x0000000707c00000| Untracked 
| 125|0x0000000707d00000, 0x0000000707d00000, 0x0000000707e00000|  0%| F|  |TAMS 0x0000000707d00000, 0x0000000707d00000| Untracked 
| 126|0x0000000707e00000, 0x0000000707e00000, 0x0000000707f00000|  0%| F|  |TAMS 0x0000000707e00000, 0x0000000707e00000| Untracked 
| 127|0x0000000707f00000, 0x0000000707f00000, 0x0000000708000000|  0%| F|  |TAMS 0x0000000707f00000, 0x0000000707f00000| Untracked 
| 128|0x0000000708000000, 0x0000000708000000, 0x0000000708100000|  0%| F|  |TAMS 0x0000000708000000, 0x0000000708000000| Untracked 
| 129|0x0000000708100000, 0x0000000708100000, 0x0000000708200000|  0%| F|  |TAMS 0x0000000708100000, 0x0000000708100000| Untracked 
| 130|0x0000000708200000, 0x0000000708200000, 0x0000000708300000|  0%| F|  |TAMS 0x0000000708200000, 0x0000000708200000| Untracked 
| 131|0x0000000708300000, 0x0000000708300000, 0x0000000708400000|  0%| F|  |TAMS 0x0000000708300000, 0x0000000708300000| Untracked 
| 132|0x0000000708400000, 0x0000000708400000, 0x0000000708500000|  0%| F|  |TAMS 0x0000000708400000, 0x0000000708400000| Untracked 
| 133|0x0000000708500000, 0x0000000708500000, 0x0000000708600000|  0%| F|  |TAMS 0x0000000708500000, 0x0000000708500000| Untracked 
| 134|0x0000000708600000, 0x0000000708600000, 0x0000000708700000|  0%| F|  |TAMS 0x0000000708600000, 0x0000000708600000| Untracked 
| 135|0x0000000708700000, 0x0000000708700000, 0x0000000708800000|  0%| F|  |TAMS 0x0000000708700000, 0x0000000708700000| Untracked 
| 136|0x0000000708800000, 0x0000000708800000, 0x0000000708900000|  0%| F|  |TAMS 0x0000000708800000, 0x0000000708800000| Untracked 
| 137|0x0000000708900000, 0x0000000708900000, 0x0000000708a00000|  0%| F|  |TAMS 0x0000000708900000, 0x0000000708900000| Untracked 
| 138|0x0000000708a00000, 0x0000000708a00000, 0x0000000708b00000|  0%| F|  |TAMS 0x0000000708a00000, 0x0000000708a00000| Untracked 
| 139|0x0000000708b00000, 0x0000000708b00000, 0x0000000708c00000|  0%| F|  |TAMS 0x0000000708b00000, 0x0000000708b00000| Untracked 
| 140|0x0000000708c00000, 0x0000000708c00000, 0x0000000708d00000|  0%| F|  |TAMS 0x0000000708c00000, 0x0000000708c00000| Untracked 
| 141|0x0000000708d00000, 0x0000000708d00000, 0x0000000708e00000|  0%| F|  |TAMS 0x0000000708d00000, 0x0000000708d00000| Untracked 
| 142|0x0000000708e00000, 0x0000000708e00000, 0x0000000708f00000|  0%| F|  |TAMS 0x0000000708e00000, 0x0000000708e00000| Untracked 
| 143|0x0000000708f00000, 0x0000000708f00000, 0x0000000709000000|  0%| F|  |TAMS 0x0000000708f00000, 0x0000000708f00000| Untracked 
| 144|0x0000000709000000, 0x0000000709000000, 0x0000000709100000|  0%| F|  |TAMS 0x0000000709000000, 0x0000000709000000| Untracked 
| 145|0x0000000709100000, 0x0000000709100000, 0x0000000709200000|  0%| F|  |TAMS 0x0000000709100000, 0x0000000709100000| Untracked 
| 146|0x0000000709200000, 0x0000000709200000, 0x0000000709300000|  0%| F|  |TAMS 0x0000000709200000, 0x0000000709200000| Untracked 
| 147|0x0000000709300000, 0x0000000709300000, 0x0000000709400000|  0%| F|  |TAMS 0x0000000709300000, 0x0000000709300000| Untracked 
| 148|0x0000000709400000, 0x0000000709400000, 0x0000000709500000|  0%| F|  |TAMS 0x0000000709400000, 0x0000000709400000| Untracked 
| 149|0x0000000709500000, 0x0000000709500000, 0x0000000709600000|  0%| F|  |TAMS 0x0000000709500000, 0x0000000709500000| Untracked 
| 150|0x0000000709600000, 0x0000000709600000, 0x0000000709700000|  0%| F|  |TAMS 0x0000000709600000, 0x0000000709600000| Untracked 
| 151|0x0000000709700000, 0x0000000709700000, 0x0000000709800000|  0%| F|  |TAMS 0x0000000709700000, 0x0000000709700000| Untracked 
| 152|0x0000000709800000, 0x0000000709800000, 0x0000000709900000|  0%| F|  |TAMS 0x0000000709800000, 0x0000000709800000| Untracked 
| 153|0x0000000709900000, 0x0000000709a00000, 0x0000000709a00000|100%| E|  |TAMS 0x0000000709900000, 0x0000000709900000| Complete 
| 154|0x0000000709a00000, 0x0000000709b00000, 0x0000000709b00000|100%| E|CS|TAMS 0x0000000709a00000, 0x0000000709a00000| Complete 
| 155|0x0000000709b00000, 0x0000000709c00000, 0x0000000709c00000|100%| E|CS|TAMS 0x0000000709b00000, 0x0000000709b00000| Complete 
| 156|0x0000000709c00000, 0x0000000709d00000, 0x0000000709d00000|100%| E|CS|TAMS 0x0000000709c00000, 0x0000000709c00000| Complete 
| 157|0x0000000709d00000, 0x0000000709e00000, 0x0000000709e00000|100%| E|CS|TAMS 0x0000000709d00000, 0x0000000709d00000| Complete 
| 158|0x0000000709e00000, 0x0000000709f00000, 0x0000000709f00000|100%| E|CS|TAMS 0x0000000709e00000, 0x0000000709e00000| Complete 
| 307|0x0000000713300000, 0x0000000713400000, 0x0000000713400000|100%| E|CS|TAMS 0x0000000713300000, 0x0000000713300000| Complete 

Card table byte_map: [0x0000023fb81d0000,0x0000023fb89d0000] _byte_map_base: 0x0000023fb49d0000

Marking Bits (Prev, Next): (CMBitMap*) 0x0000023f9e42f608, (CMBitMap*) 0x0000023f9e42f648
 Prev Bits: [0x0000023fb91d0000, 0x0000023fbd1d0000)
 Next Bits: [0x0000023fbd1d0000, 0x0000023fc11d0000)

Polling page: 0x0000023f9e4a0000

Metaspace:

Usage:
  Non-class:     32.95 MB capacity,    32.12 MB ( 97%) used,   692.84 KB (  2%) free+waste,   154.31 KB ( <1%) overhead. 
      Class:      4.50 MB capacity,     4.04 MB ( 90%) used,   410.65 KB (  9%) free+waste,    67.81 KB (  1%) overhead. 
       Both:     37.45 MB capacity,    36.16 MB ( 97%) used,     1.08 MB (  3%) free+waste,   222.13 KB ( <1%) overhead. 

Virtual space:
  Non-class space:       34.00 MB reserved,      33.00 MB ( 97%) committed 
      Class space:        1.00 GB reserved,       4.63 MB ( <1%) committed 
             Both:        1.03 GB reserved,      37.63 MB (  4%) committed 

Chunk freelists:
   Non-Class:  54.00 KB
       Class:  0 bytes
        Both:  54.00 KB

MaxMetaspaceSize: 17179869184.00 GB
CompressedClassSpaceSize: 1.00 GB

CodeHeap 'non-profiled nmethods': size=120000Kb used=6828Kb max_used=6828Kb free=113171Kb
 bounds [0x0000023fafe70000, 0x0000023fb0520000, 0x0000023fb73a0000]
CodeHeap 'profiled nmethods': size=120000Kb used=15303Kb max_used=15303Kb free=104696Kb
 bounds [0x0000023fa8940000, 0x0000023fa9840000, 0x0000023fafe70000]
CodeHeap 'non-nmethods': size=5760Kb used=1264Kb max_used=1319Kb free=4495Kb
 bounds [0x0000023fa83a0000, 0x0000023fa8610000, 0x0000023fa8940000]
 total_blobs=7772 nmethods=7231 adapters=453
 compilation: enabled
              stopped_count=0, restarted_count=0
 full_count=0

Compilation events (20 events):
Event: 1523.769 Thread 0x0000023fc389a000 8790       3       java.io.PrintWriter::println (5 bytes)
Event: 1523.770 Thread 0x0000023fc389a000 nmethod 8790 0x0000023fa9830510 code [0x0000023fa98306c0, 0x0000023fa9830808]
Event: 1523.778 Thread 0x0000023fc389a000 8793       3       java.util.zip.ZipFile$ZipFileInflaterInputStream::available (44 bytes)
Event: 1523.779 Thread 0x0000023fc389a000 nmethod 8793 0x0000023fa9830890 code [0x0000023fa9830a60, 0x0000023fa9831028]
Event: 1523.779 Thread 0x0000023fc389a000 8794   !   3       java.util.zip.Inflater::getBytesWritten (23 bytes)
Event: 1523.780 Thread 0x0000023fc389a000 nmethod 8794 0x0000023fa9831210 code [0x0000023fa98313c0, 0x0000023fa98316e8]
Event: 1523.780 Thread 0x0000023fc3898000 nmethod 8789 0x0000023fb050f190 code [0x0000023fb050f3c0, 0x0000023fb050ff68]
Event: 1523.780 Thread 0x0000023fc3898000 8792       4       io.cucumber.core.stepexpression.ArgumentMatcher::argumentsFrom (128 bytes)
Event: 1524.259 Thread 0x0000023fc3898000 nmethod 8792 0x0000023fb0510390 code [0x0000023fb0510f00, 0x0000023fb0518028]
Event: 1524.260 Thread 0x0000023fc3898000 8795       4       org.yaml.snakeyaml.events.SequenceStartEvent::is (13 bytes)
Event: 1524.260 Thread 0x0000023fc3898000 nmethod 8795 0x0000023fafe7b490 code [0x0000023fafe7b600, 0x0000023fafe7b698]
Event: 1525.025 Thread 0x0000023fc389a000 8796   !   3       java.util.ImmutableCollections$ListItr::next (34 bytes)
Event: 1525.025 Thread 0x0000023fc389a000 nmethod 8796 0x0000023fa9831810 code [0x0000023fa98319c0, 0x0000023fa9831cd8]
Event: 1533.498 Thread 0x0000023fc3898000 8797       4       java.lang.StringUTF16::compress (59 bytes)
Event: 1533.505 Thread 0x0000023fc3898000 nmethod 8797 0x0000023fb02ef490 code [0x0000023fb02ef660, 0x0000023fb02efa18]
Event: 1533.505 Thread 0x0000023fc3898000 8798       4       java.lang.StringUTF16::inflate (42 bytes)
Event: 1533.511 Thread 0x0000023fc3898000 nmethod 8798 0x0000023fb00a2210 code [0x0000023fb00a23e0, 0x0000023fb00a27b8]
Event: 1533.526 Thread 0x0000023fc3898000 8799       4       org.yaml.snakeyaml.TypeDescription::<init> (44 bytes)
Event: 1533.536 Thread 0x0000023fc3898000 nmethod 8799 0x0000023faff28490 code [0x0000023faff28620, 0x0000023faff28c38]
Event: 1533.550 Thread 0x0000023fc3898000 8800       4       org.yaml.snakeyaml.composer.Composer::composeSequenceNode (171 bytes)

GC Heap History (20 events):
Event: 1336.811 GC heap before
{Heap before GC invocations=88 (full 0):
 garbage-first heap   total 163840K, used 142726K [0x0000000700000000, 0x0000000800000000)
  region size 1024K, 89 young (91136K), 3 survivors (3072K)
 Metaspace       used 36970K, capacity 38217K, committed 38528K, reserved 1083392K
  class space    used 4132K, capacity 4611K, committed 4736K, reserved 1048576K
}
Event: 1336.816 GC heap after
{Heap after GC invocations=89 (full 0):
 garbage-first heap   total 163840K, used 54540K [0x0000000700000000, 0x0000000800000000)
  region size 1024K, 3 young (3072K), 3 survivors (3072K)
 Metaspace       used 36970K, capacity 38217K, committed 38528K, reserved 1083392K
  class space    used 4132K, capacity 4611K, committed 4736K, reserved 1048576K
}
Event: 1350.765 GC heap before
{Heap before GC invocations=89 (full 0):
 garbage-first heap   total 163840K, used 142604K [0x0000000700000000, 0x0000000800000000)
  region size 1024K, 89 young (91136K), 3 survivors (3072K)
 Metaspace       used 36970K, capacity 38217K, committed 38528K, reserved 1083392K
  class space    used 4132K, capacity 4611K, committed 4736K, reserved 1048576K
}
Event: 1350.771 GC heap after
{Heap after GC invocations=90 (full 0):
 garbage-first heap   total 163840K, used 54752K [0x0000000700000000, 0x0000000800000000)
  region size 1024K, 3 young (3072K), 3 survivors (3072K)
 Metaspace       used 36970K, capacity 38217K, committed 38528K, reserved 1083392K
  class space    used 4132K, capacity 4611K, committed 4736K, reserved 1048576K
}
Event: 1367.509 GC heap before
{Heap before GC invocations=90 (full 0):
 garbage-first heap   total 163840K, used 142816K [0x0000000700000000, 0x0000000800000000)
  region size 1024K, 89 young (91136K), 3 survivors (3072K)
 Metaspace       used 36985K, capacity 38281K, committed 38528K, reserved 1083392K
  class space    used 4132K, capacity 4611K, committed 4736K, reserved 1048576K
}
Event: 1367.515 GC heap after
{Heap after GC invocations=91 (full 0):
 garbage-first heap   total 163840K, used 54885K [0x0000000700000000, 0x0000000800000000)
  region size 1024K, 3 young (3072K), 3 survivors (3072K)
 Metaspace       used 36985K, capacity 38281K, committed 38528K, reserved 1083392K
  class space    used 4132K, capacity 4611K, committed 4736K, reserved 1048576K
}
Event: 1380.576 GC heap before
{Heap before GC invocations=91 (full 0):
 garbage-first heap   total 163840K, used 141925K [0x0000000700000000, 0x0000000800000000)
  region size 1024K, 89 young (91136K), 3 survivors (3072K)
 Metaspace       used 36985K, capacity 38282K, committed 38528K, reserved 1083392K
  class space    used 4132K, capacity 4611K, committed 4736K, reserved 1048576K
}
Event: 1380.581 GC heap after
{Heap after GC invocations=92 (full 0):
 garbage-first heap   total 163840K, used 54748K [0x0000000700000000, 0x0000000800000000)
  region size 1024K, 3 young (3072K), 3 survivors (3072K)
 Metaspace       used 36985K, capacity 38282K, committed 38528K, reserved 1083392K
  class space    used 4132K, capacity 4611K, committed 4736K, reserved 1048576K
}
Event: 1406.297 GC heap before
{Heap before GC invocations=92 (full 0):
 garbage-first heap   total 163840K, used 142812K [0x0000000700000000, 0x0000000800000000)
  region size 1024K, 89 young (91136K), 3 survivors (3072K)
 Metaspace       used 36994K, capacity 38282K, committed 38528K, reserved 1083392K
  class space    used 4132K, capacity 4611K, committed 4736K, reserved 1048576K
}
Event: 1406.303 GC heap after
{Heap after GC invocations=93 (full 0):
 garbage-first heap   total 163840K, used 54929K [0x0000000700000000, 0x0000000800000000)
  region size 1024K, 3 young (3072K), 3 survivors (3072K)
 Metaspace       used 36994K, capacity 38282K, committed 38528K, reserved 1083392K
  class space    used 4132K, capacity 4611K, committed 4736K, reserved 1048576K
}
Event: 1418.189 GC heap before
{Heap before GC invocations=93 (full 0):
 garbage-first heap   total 163840K, used 141969K [0x0000000700000000, 0x0000000800000000)
  region size 1024K, 89 young (91136K), 3 survivors (3072K)
 Metaspace       used 36997K, capacity 38283K, committed 38528K, reserved 1083392K
  class space    used 4132K, capacity 4611K, committed 4736K, reserved 1048576K
}
Event: 1418.195 GC heap after
{Heap after GC invocations=94 (full 0):
 garbage-first heap   total 163840K, used 55079K [0x0000000700000000, 0x0000000800000000)
  region size 1024K, 3 young (3072K), 3 survivors (3072K)
 Metaspace       used 36997K, capacity 38283K, committed 38528K, reserved 1083392K
  class space    used 4132K, capacity 4611K, committed 4736K, reserved 1048576K
}
Event: 1438.554 GC heap before
{Heap before GC invocations=94 (full 0):
 garbage-first heap   total 163840K, used 143143K [0x0000000700000000, 0x0000000800000000)
  region size 1024K, 89 young (91136K), 3 survivors (3072K)
 Metaspace       used 37005K, capacity 38284K, committed 38528K, reserved 1083392K
  class space    used 4132K, capacity 4611K, committed 4736K, reserved 1048576K
}
Event: 1438.559 GC heap after
{Heap after GC invocations=95 (full 0):
 garbage-first heap   total 163840K, used 55041K [0x0000000700000000, 0x0000000800000000)
  region size 1024K, 3 young (3072K), 3 survivors (3072K)
 Metaspace       used 37005K, capacity 38284K, committed 38528K, reserved 1083392K
  class space    used 4132K, capacity 4611K, committed 4736K, reserved 1048576K
}
Event: 1469.879 GC heap before
{Heap before GC invocations=95 (full 0):
 garbage-first heap   total 163840K, used 143105K [0x0000000700000000, 0x0000000800000000)
  region size 1024K, 89 young (91136K), 3 survivors (3072K)
 Metaspace       used 37012K, capacity 38349K, committed 38528K, reserved 1083392K
  class space    used 4132K, capacity 4611K, committed 4736K, reserved 1048576K
}
Event: 1469.887 GC heap after
{Heap after GC invocations=96 (full 0):
 garbage-first heap   total 163840K, used 55163K [0x0000000700000000, 0x0000000800000000)
  region size 1024K, 3 young (3072K), 3 survivors (3072K)
 Metaspace       used 37012K, capacity 38349K, committed 38528K, reserved 1083392K
  class space    used 4132K, capacity 4611K, committed 4736K, reserved 1048576K
}
Event: 1488.062 GC heap before
{Heap before GC invocations=96 (full 0):
 garbage-first heap   total 163840K, used 142203K [0x0000000700000000, 0x0000000800000000)
  region size 1024K, 89 young (91136K), 3 survivors (3072K)
 Metaspace       used 37012K, capacity 38349K, committed 38528K, reserved 1083392K
  class space    used 4132K, capacity 4611K, committed 4736K, reserved 1048576K
}
Event: 1488.068 GC heap after
{Heap after GC invocations=97 (full 0):
 garbage-first heap   total 163840K, used 55320K [0x0000000700000000, 0x0000000800000000)
  region size 1024K, 3 young (3072K), 3 survivors (3072K)
 Metaspace       used 37012K, capacity 38349K, committed 38528K, reserved 1083392K
  class space    used 4132K, capacity 4611K, committed 4736K, reserved 1048576K
}
Event: 1523.806 GC heap before
{Heap before GC invocations=97 (full 0):
 garbage-first heap   total 163840K, used 143384K [0x0000000700000000, 0x0000000800000000)
  region size 1024K, 89 young (91136K), 3 survivors (3072K)
 Metaspace       used 37022K, capacity 38349K, committed 38528K, reserved 1083392K
  class space    used 4132K, capacity 4611K, committed 4736K, reserved 1048576K
}
Event: 1523.814 GC heap after
{Heap after GC invocations=98 (full 0):
 garbage-first heap   total 163840K, used 56405K [0x0000000700000000, 0x0000000800000000)
  region size 1024K, 4 young (4096K), 4 survivors (4096K)
 Metaspace       used 37022K, capacity 38349K, committed 38528K, reserved 1083392K
  class space    used 4132K, capacity 4611K, committed 4736K, reserved 1048576K
}

Deoptimization events (20 events):
Event: 1116.218 Thread 0x0000023fc7aad800 DEOPT PACKING pc=0x0000023fa9396ab1 sp=0x0000004d5a3fde70
Event: 1116.218 Thread 0x0000023fc7aad800 DEOPT UNPACKING pc=0x0000023fa83e964e sp=0x0000004d5a3fd3c0 mode 0
Event: 1116.297 Thread 0x0000023fc7aad800 DEOPT PACKING pc=0x0000023fa9106853 sp=0x0000004d5a3fe030
Event: 1116.297 Thread 0x0000023fc7aad800 DEOPT UNPACKING pc=0x0000023fa83e964e sp=0x0000004d5a3fd530 mode 0
Event: 1156.562 Thread 0x0000023fc7aad800 DEOPT PACKING pc=0x0000023fa8d1115a sp=0x0000004d5a3fdbe0
Event: 1156.562 Thread 0x0000023fc7aad800 DEOPT UNPACKING pc=0x0000023fa83e964e sp=0x0000004d5a3fd178 mode 0
Event: 1282.692 Thread 0x0000023fc7aad800 DEOPT PACKING pc=0x0000023fa8f1ac3c sp=0x0000004d5a3fde70
Event: 1282.692 Thread 0x0000023fc7aad800 DEOPT UNPACKING pc=0x0000023fa83e964e sp=0x0000004d5a3fd3c0 mode 0
Event: 1363.451 Thread 0x0000023fc7aad800 DEOPT PACKING pc=0x0000023fa9106853 sp=0x0000004d5a3fe030
Event: 1363.451 Thread 0x0000023fc7aad800 DEOPT UNPACKING pc=0x0000023fa83e964e sp=0x0000004d5a3fd530 mode 0
Event: 1363.475 Thread 0x0000023fc7aad800 DEOPT PACKING pc=0x0000023fa8d1115a sp=0x0000004d5a3fdbe0
Event: 1363.475 Thread 0x0000023fc7aad800 DEOPT UNPACKING pc=0x0000023fa83e964e sp=0x0000004d5a3fd178 mode 0
Event: 1372.313 Thread 0x0000023fc42a9800 DEOPT PACKING pc=0x0000023fa95d8114 sp=0x0000004d5a0fe850
Event: 1372.313 Thread 0x0000023fc42a9800 DEOPT UNPACKING pc=0x0000023fa83e964e sp=0x0000004d5a0fdd30 mode 0
Event: 1533.496 Thread 0x0000023fc7aad800 Uncommon trap: trap_request=0xffffff45 fr.pc=0x0000023fb0427be8 relative=0x0000000000003e08
Event: 1533.496 Thread 0x0000023fc7aad800 Uncommon trap: reason=unstable_if action=reinterpret pc=0x0000023fb0427be8 method=org.openqa.selenium.remote.http.W3CHttpResponseCodec.decode(Lorg/openqa/selenium/remote/http/HttpResponse;)Lorg/openqa/selenium/remote/Response; @ 238 c2
Event: 1533.496 Thread 0x0000023fc7aad800 DEOPT PACKING pc=0x0000023fb0427be8 sp=0x0000004d5a3fde50
Event: 1533.497 Thread 0x0000023fc7aad800 DEOPT UNPACKING pc=0x0000023fa83e912f sp=0x0000004d5a3fde00 mode 2
Event: 1533.550 Thread 0x0000023fc7aad800 DEOPT PACKING pc=0x0000023fa8f1ac3c sp=0x0000004d5a3fde70
Event: 1533.550 Thread 0x0000023fc7aad800 DEOPT UNPACKING pc=0x0000023fa83e964e sp=0x0000004d5a3fd3c0 mode 0

Classes unloaded (0 events):
No events

Classes redefined (0 events):
No events

Internal exceptions (20 events):
Event: 1496.484 Thread 0x0000023fc7aad800 Implicit null exception at 0x0000023fa97b6025 to 0x0000023fa97b71d6
Event: 1496.484 Thread 0x0000023fc7aad800 Exception <a 'java/lang/NullPointerException'{0x00000007075aa090}> (0x00000007075aa090) 
thrown [./open/src/hotspot/share/runtime/sharedRuntime.cpp, line 584]
Event: 1496.645 Thread 0x0000023fc7aad800 Implicit null exception at 0x0000023fa97b6025 to 0x0000023fa97b71d6
Event: 1496.645 Thread 0x0000023fc7aad800 Exception <a 'java/lang/NullPointerException'{0x0000000707139300}> (0x0000000707139300) 
thrown [./open/src/hotspot/share/runtime/sharedRuntime.cpp, line 584]
Event: 1504.377 Thread 0x0000023fc7aad800 Implicit null exception at 0x0000023fa97b6025 to 0x0000023fa97b71d6
Event: 1504.377 Thread 0x0000023fc7aad800 Exception <a 'java/lang/NullPointerException'{0x0000000706adeca0}> (0x0000000706adeca0) 
thrown [./open/src/hotspot/share/runtime/sharedRuntime.cpp, line 584]
Event: 1504.573 Thread 0x0000023fc7aad800 Implicit null exception at 0x0000023fa97b6025 to 0x0000023fa97b71d6
Event: 1504.573 Thread 0x0000023fc7aad800 Exception <a 'java/lang/NullPointerException'{0x0000000706697400}> (0x0000000706697400) 
thrown [./open/src/hotspot/share/runtime/sharedRuntime.cpp, line 584]
Event: 1513.094 Thread 0x0000023fc7aad800 Implicit null exception at 0x0000023fa97b6025 to 0x0000023fa97b71d6
Event: 1513.094 Thread 0x0000023fc7aad800 Exception <a 'java/lang/NullPointerException'{0x0000000705e7f188}> (0x0000000705e7f188) 
thrown [./open/src/hotspot/share/runtime/sharedRuntime.cpp, line 584]
Event: 1513.365 Thread 0x0000023fc7aad800 Implicit null exception at 0x0000023fa97b6025 to 0x0000023fa97b71d6
Event: 1513.365 Thread 0x0000023fc7aad800 Exception <a 'java/lang/NullPointerException'{0x0000000705a7ba50}> (0x0000000705a7ba50) 
thrown [./open/src/hotspot/share/runtime/sharedRuntime.cpp, line 584]
Event: 1523.935 Thread 0x0000023fc7aad800 Exception <a 'java/net/SocketException'{0x000000070836c3a0}: Socket is not connected: shutdown> (0x000000070836c3a0) 
thrown [./open/src/hotspot/share/prims/jni.cpp, line 620]
Event: 1524.447 Thread 0x0000023fc9754000 Exception <a 'java/net/SocketException'{0x0000000708389950}: Socket is not connected: shutdown> (0x0000000708389950) 
thrown [./open/src/hotspot/share/prims/jni.cpp, line 620]
Event: 1526.886 Thread 0x0000023fc7aad800 Implicit null exception at 0x0000023fa97b6025 to 0x0000023fa97b71d6
Event: 1526.886 Thread 0x0000023fc7aad800 Exception <a 'java/lang/NullPointerException'{0x00000007081ea178}> (0x00000007081ea178) 
thrown [./open/src/hotspot/share/runtime/sharedRuntime.cpp, line 584]
Event: 1527.423 Thread 0x0000023fc7aad800 Implicit null exception at 0x0000023fa97b6025 to 0x0000023fa97b71d6
Event: 1527.423 Thread 0x0000023fc7aad800 Exception <a 'java/lang/NullPointerException'{0x0000000707c43db8}> (0x0000000707c43db8) 
thrown [./open/src/hotspot/share/runtime/sharedRuntime.cpp, line 584]
Event: 1527.984 Thread 0x0000023fc7aad800 Implicit null exception at 0x0000023fa97b6025 to 0x0000023fa97b71d6
Event: 1527.984 Thread 0x0000023fc7aad800 Exception <a 'java/lang/NullPointerException'{0x00000007078adce0}> (0x00000007078adce0) 
thrown [./open/src/hotspot/share/runtime/sharedRuntime.cpp, line 584]

Events (20 events):
Event: 1525.033 Executing VM operation: HandshakeOneThread done
Event: 1525.034 Executing VM operation: HandshakeOneThread
Event: 1525.034 Executing VM operation: HandshakeOneThread done
Event: 1525.034 Executing VM operation: HandshakeOneThread
Event: 1525.035 Executing VM operation: HandshakeOneThread done
Event: 1525.035 Executing VM operation: HandshakeOneThread
Event: 1525.035 Executing VM operation: HandshakeOneThread done
Event: 1525.035 Executing VM operation: HandshakeOneThread
Event: 1525.035 Executing VM operation: HandshakeOneThread done
Event: 1526.385 Executing VM operation: HandshakeOneThread
Event: 1526.385 Executing VM operation: HandshakeOneThread done
Event: 1526.385 Executing VM operation: HandshakeOneThread
Event: 1526.385 Executing VM operation: HandshakeOneThread done
Event: 1526.385 Executing VM operation: HandshakeOneThread
Event: 1526.385 Executing VM operation: HandshakeOneThread done
Event: 1530.032 Executing VM operation: HandshakeOneThread
Event: 1530.032 Executing VM operation: HandshakeOneThread done
Event: 1530.032 Executing VM operation: HandshakeOneThread
Event: 1530.032 Executing VM operation: HandshakeOneThread done
Event: 1530.032 Thread 0x0000023fc7d55000 Thread exited: 0x0000023fc7d55000


Dynamic libraries:
0x00007ff6bd260000 - 0x00007ff6bd26f000 	C:\Program Files\Java\jdk-14.0.2\bin\java.exe
0x00007ffa05bf0000 - 0x00007ffa05de8000 	C:\WINDOWS\SYSTEM32\ntdll.dll
0x00007ff9f5310000 - 0x00007ff9f5384000 	C:\WINDOWS\System32\verifier.dll
0x00007ff9da3c0000 - 0x00007ff9da4b4000 	C:\WINDOWS\SYSTEM32\PayloadRestrictions.dll
0x00007ffa03650000 - 0x00007ffa03750000 	C:\WINDOWS\System32\ucrtbase.dll
0x00007ffa037f0000 - 0x00007ffa03abe000 	C:\WINDOWS\System32\kernelbase.dll
0x00007ffa03fd0000 - 0x00007ffa0408d000 	C:\WINDOWS\System32\kernel32.dll
0x00007ff9f8c30000 - 0x00007ff9f8c48000 	C:\Program Files\Java\jdk-14.0.2\bin\jli.dll
0x00007ffa03e20000 - 0x00007ffa03ece000 	C:\WINDOWS\System32\ADVAPI32.dll
0x00007ffa04be0000 - 0x00007ffa04c7e000 	C:\WINDOWS\System32\msvcrt.dll
0x00007ffa04e30000 - 0x00007ffa04ecc000 	C:\WINDOWS\System32\sechost.dll
0x00007ffa05950000 - 0x00007ffa05a75000 	C:\WINDOWS\System32\RPCRT4.dll
0x00007ffa05740000 - 0x00007ffa058e0000 	C:\WINDOWS\System32\USER32.dll
0x00007ffa03570000 - 0x00007ffa03592000 	C:\WINDOWS\System32\win32u.dll
0x00007ffa05700000 - 0x00007ffa0572a000 	C:\WINDOWS\System32\GDI32.dll
0x00007ffa03b10000 - 0x00007ffa03c1b000 	C:\WINDOWS\System32\gdi32full.dll
0x00007ffa03750000 - 0x00007ffa037ed000 	C:\WINDOWS\System32\msvcp_win.dll
0x00007ff9f8c10000 - 0x00007ff9f8c25000 	C:\Program Files\Java\jdk-14.0.2\bin\VCRUNTIME140.dll
0x00007ff9edc30000 - 0x00007ff9edeca000 	C:\WINDOWS\WinSxS\amd64_microsoft.windows.common-controls_6595b64144ccf1df_6.0.19041.1110_none_60b5254171f9507e\COMCTL32.dll
0x00007ff9fc950000 - 0x00007ff9fc95a000 	C:\WINDOWS\SYSTEM32\VERSION.dll
0x00007ffa04090000 - 0x00007ffa040c0000 	C:\WINDOWS\System32\IMM32.DLL
0x00007ff9dd6e0000 - 0x00007ff9dd77b000 	C:\Program Files\Java\jdk-14.0.2\bin\msvcp140.dll
0x00007ff9c21b0000 - 0x00007ff9c2cce000 	C:\Program Files\Java\jdk-14.0.2\bin\server\jvm.dll
0x00007ffa04480000 - 0x00007ffa04488000 	C:\WINDOWS\System32\PSAPI.DLL
0x00007ff9fc340000 - 0x00007ff9fc349000 	C:\WINDOWS\SYSTEM32\WSOCK32.dll
0x00007ffa05050000 - 0x00007ffa050bb000 	C:\WINDOWS\System32\WS2_32.dll
0x00007ff9f7f70000 - 0x00007ff9f7f97000 	C:\WINDOWS\SYSTEM32\WINMM.dll
0x00007ffa01230000 - 0x00007ffa01242000 	C:\WINDOWS\SYSTEM32\kernel.appcore.dll
0x00007ff9f9040000 - 0x00007ff9f904a000 	C:\Program Files\Java\jdk-14.0.2\bin\jimage.dll
0x00007ff9f7fa0000 - 0x00007ff9f8184000 	C:\WINDOWS\SYSTEM32\DBGHELP.DLL
0x00007ff9f7f40000 - 0x00007ff9f7f6c000 	C:\WINDOWS\SYSTEM32\dbgcore.DLL
0x00007ffa034e0000 - 0x00007ffa03562000 	C:\WINDOWS\System32\bcryptPrimitives.dll
0x00007ff9eda30000 - 0x00007ff9eda55000 	C:\Program Files\Java\jdk-14.0.2\bin\java.dll
0x00007ff9f7c90000 - 0x00007ff9f7ca6000 	C:\Program Files\Java\jdk-14.0.2\bin\zip.dll
0x00007ffa04490000 - 0x00007ffa04bd4000 	C:\WINDOWS\System32\SHELL32.dll
0x00007ffa01430000 - 0x00007ffa01bc4000 	C:\WINDOWS\SYSTEM32\windows.storage.dll
0x00007ffa04120000 - 0x00007ffa04474000 	C:\WINDOWS\System32\combase.dll
0x00007ffa02d00000 - 0x00007ffa02d30000 	C:\WINDOWS\SYSTEM32\Wldp.dll
0x00007ffa04ed0000 - 0x00007ffa04f7d000 	C:\WINDOWS\System32\SHCORE.dll
0x00007ffa040c0000 - 0x00007ffa04115000 	C:\WINDOWS\System32\shlwapi.dll
0x00007ffa03250000 - 0x00007ffa0326f000 	C:\WINDOWS\SYSTEM32\profapi.dll
0x00007ff9f6ad0000 - 0x00007ff9f6ae9000 	C:\Program Files\Java\jdk-14.0.2\bin\net.dll
0x00007ff9fcb40000 - 0x00007ff9fcc4a000 	C:\WINDOWS\SYSTEM32\WINHTTP.dll
0x00007ffa02a60000 - 0x00007ffa02aca000 	C:\WINDOWS\system32\mswsock.dll
0x00007ff9eda10000 - 0x00007ff9eda22000 	C:\Program Files\Java\jdk-14.0.2\bin\nio.dll
0x00007ff9f6770000 - 0x00007ff9f6779000 	C:\Program Files\Java\jdk-14.0.2\bin\management.dll
0x00007ff9f64c0000 - 0x00007ff9f64cb000 	C:\Program Files\Java\jdk-14.0.2\bin\management_ext.dll
0x00007ff9f7b60000 - 0x00007ff9f7b70000 	C:\Program Files\Java\jdk-14.0.2\bin\verify.dll
0x00007ffa02c50000 - 0x00007ffa02c68000 	C:\WINDOWS\SYSTEM32\CRYPTSP.dll
0x00007ffa023e0000 - 0x00007ffa02414000 	C:\WINDOWS\system32\rsaenh.dll
0x00007ffa03c20000 - 0x00007ffa03c47000 	C:\WINDOWS\System32\bcrypt.dll
0x00007ffa031d0000 - 0x00007ffa031fe000 	C:\WINDOWS\SYSTEM32\USERENV.dll
0x00007ffa02c70000 - 0x00007ffa02c7c000 	C:\WINDOWS\SYSTEM32\CRYPTBASE.dll
0x00007ffa02750000 - 0x00007ffa0278b000 	C:\WINDOWS\SYSTEM32\IPHLPAPI.DLL
0x00007ffa058e0000 - 0x00007ffa058e8000 	C:\WINDOWS\System32\NSI.dll
0x00007ff9fe110000 - 0x00007ff9fe127000 	C:\WINDOWS\SYSTEM32\dhcpcsvc6.DLL
0x00007ff9fe0f0000 - 0x00007ff9fe10d000 	C:\WINDOWS\SYSTEM32\dhcpcsvc.DLL
0x00007ffa02790000 - 0x00007ffa0285a000 	C:\WINDOWS\SYSTEM32\DNSAPI.dll
0x00007ff9e9450000 - 0x00007ff9e9475000 	C:\Program Files\Java\jdk-14.0.2\bin\sunec.dll
0x00007ff9fdc80000 - 0x00007ff9fdc8a000 	C:\Windows\System32\rasadhlp.dll
0x00007ff9fdf70000 - 0x00007ff9fdff0000 	C:\WINDOWS\System32\fwpuclnt.dll
0x00007ff9f5f50000 - 0x00007ff9f5f5e000 	C:\Program Files\Java\jdk-14.0.2\bin\sunmscapi.dll
0x00007ffa03380000 - 0x00007ffa034d6000 	C:\WINDOWS\System32\CRYPT32.dll
0x00007ffa02d70000 - 0x00007ffa02d97000 	C:\WINDOWS\SYSTEM32\ncrypt.dll
0x00007ffa02d30000 - 0x00007ffa02d6b000 	C:\WINDOWS\SYSTEM32\NTASN1.dll
0x00007ff9fc740000 - 0x00007ff9fc757000 	C:\WINDOWS\system32\napinsp.dll
0x00007ff9fc760000 - 0x00007ff9fc77b000 	C:\WINDOWS\system32\pnrpnsp.dll
0x00007ff9fc780000 - 0x00007ff9fc795000 	C:\WINDOWS\system32\wshbth.dll
0x00007ff9fef40000 - 0x00007ff9fef5d000 	C:\WINDOWS\system32\NLAapi.dll
0x00007ff9fc930000 - 0x00007ff9fc942000 	C:\WINDOWS\System32\winrnr.dll

dbghelp: loaded successfully - version: 4.0.5 - missing functions: none
symbol engine: initialized successfully - sym options: 0x614 - pdb path: .;C:\Program Files\Java\jdk-14.0.2\bin;C:\WINDOWS\SYSTEM32;C:\WINDOWS\WinSxS\amd64_microsoft.windows.common-controls_6595b64144ccf1df_6.0.19041.1110_none_60b5254171f9507e;C:\Program Files\Java\jdk-14.0.2\bin\server

VM Arguments:
jvm_args: -Dfile.encoding=UTF-8 
java_command: C:\Users\vvaidya\AppData\Local\Temp\surefire12154852166256692935\surefirebooter9574632152445346308.jar C:\Users\vvaidya\AppData\Local\Temp\surefire12154852166256692935 2022-10-01T10-11-19_303-jvmRun1 surefire14844439499099267767tmp surefire_09281853605242761540tmp
java_class_path (initial): C:\Users\vvaidya\AppData\Local\Temp\surefire12154852166256692935\surefirebooter9574632152445346308.jar
Launcher Type: SUN_STANDARD

[Global flags]
     intx CICompilerCount                          = 3                                         {product} {ergonomic}
     uint ConcGCThreads                            = 1                                         {product} {ergonomic}
     uint G1ConcRefinementThreads                  = 4                                         {product} {ergonomic}
   size_t G1HeapRegionSize                         = 1048576                                   {product} {ergonomic}
    uintx GCDrainStackTargetSize                   = 64                                        {product} {ergonomic}
   size_t InitialHeapSize                          = 268435456                                 {product} {ergonomic}
   size_t MarkStackSize                            = 4194304                                   {product} {ergonomic}
   size_t MaxHeapSize                              = 4294967296                                {product} {ergonomic}
   size_t MaxNewSize                               = 2576351232                                {product} {ergonomic}
   size_t MinHeapDeltaBytes                        = 1048576                                   {product} {ergonomic}
   size_t MinHeapSize                              = 8388608                                   {product} {ergonomic}
    uintx NonNMethodCodeHeapSize                   = 5832780                                {pd product} {ergonomic}
    uintx NonProfiledCodeHeapSize                  = 122912730                              {pd product} {ergonomic}
    uintx ProfiledCodeHeapSize                     = 122912730                              {pd product} {ergonomic}
    uintx ReservedCodeCacheSize                    = 251658240                              {pd product} {ergonomic}
     bool SegmentedCodeCache                       = true                                      {product} {ergonomic}
   size_t SoftMaxHeapSize                          = 4294967296                             {manageable} {ergonomic}
     bool UseCompressedClassPointers               = true                                 {lp64_product} {ergonomic}
     bool UseCompressedOops                        = true                                 {lp64_product} {ergonomic}
     bool UseG1GC                                  = true                                      {product} {ergonomic}
     bool UseLargePagesIndividualAllocation        = false                                  {pd product} {ergonomic}

Logging:
Log output configuration:
 #0: stdout all=warning uptime,level,tags
 #1: stderr all=off uptime,level,tags

Environment Variables:
PATH=%JAVA_HOME%\bin;C:\WINDOWS\system32;C:\WINDOWS;C:\WINDOWS\System32\Wbem;C:\WINDOWS\System32\WindowsPowerShell\v1.0\;C:\WINDOWS\System32\OpenSSH\;%MAVEN_HOME%\bin;C:\Program Files\TortoiseSVN\bin;C:\Program Files\Git\cmd;C:\Users\vvaidya\AppData\Local\Microsoft\WindowsApps;C:\Program Files\Java\jdk-14.0.2\bin;C:\Program Files\Maven\apache-maven-3.8.4\bin;
USERNAME=vvaidya



---------------  S Y S T E M  ---------------

OS: Windows 10 , 64 bit Build 19041 (10.0.19041.1889)
OS uptime: 39 days 20:03 hours
VMWare virtualization detected

CPU:total 4 (initial active 4) (2 cores per cpu, 1 threads per core) family 6 model 79 stepping 0, cmov, cx8, fxsr, mmx, sse, sse2, sse3, ssse3, sse4.1, sse4.2, popcnt, avx, avx2, aes, clmul, erms, 3dnowpref, lzcnt, tsc, tscinvbit, bmi1, bmi2, adx, fma

Memory: 4k page, system-wide physical 16383M (6658M free)
TotalPageFile size 29110M (AvailPageFile size 122M)
current process WorkingSet (physical memory assigned to process): 304M, peak: 370M
current process commit charge ("private bytes"): 344M, peak: 468M

vm_info: Java HotSpot(TM) 64-Bit Server VM (14.0.2+12-46) for windows-amd64 JRE (14.0.2+12-46), built on Jul  9 2020 00:35:52 by "mach5one" with MS VC++ 15.9 (VS2017)

END.
